<!DOCTYPE HTML PUBLIC "-//W3C//DTD HTML 4.01//EN">
<html><head><title>buildd.debian.org: log of samtools_0.1.12a-1/alpha received Fri Dec  3 09:30:16 2010</title><link rel="stylesheet" type="text/css" href="pkg.css"></head>
<body><a href="build.cgi">Search</a> &gt;&gt; <a href="pkg.cgi?pkg=samtools">samtools</a> (<a href="http://bugs.debian.org/src:samtools">Bugs</a>/<a href="http://packages.qa.debian.org/samtools">PTS</a>/<a href="http://packages.debian.org/samtools">Packages</a>) &gt;&gt; <a href="build.cgi?pkg=samtools;ver=0.1.12a-1">0.1.12a-1</a> &gt;&gt; <a href="build.cgi?pkg=samtools;ver=0.1.12a-1;arch=alpha">alpha</a> &gt;&gt; Fri Dec  3 09:30:16 2010<pre>
sbuild (Debian sbuild) 0.60.0 (23 Feb 2010) on goedel.debian.org

╔══════════════════════════════════════════════════════════════════════════════╗
║ samtools 0.1.12a-1 (alpha)                                 03 Dec 2010 09:21 ║
╚══════════════════════════════════════════════════════════════════════════════╝

Package: samtools
Version: 0.1.12a-1
Architecture: alpha
Chroot Build Dir: /var/lib/schroot/mount/sid-alpha-sbuild-8c0a09a0-0453-4a03-9ecf-2d62cbdb7eda/build/buildd-samtools_0.1.12a-1-alpha-NKtcft
Start Time: 20101203-0921
Get:1 http://ftp.de.debian.org sid Release.gpg [835 B]
Ign http://ftp.de.debian.org/debian/ sid/contrib Translation-en
Ign http://ftp.de.debian.org/debian/ sid/main Translation-en
Get:2 http://ftp.de.debian.org sid Release [104 kB]
Get:3 http://incoming.debian.org sid Release.gpg [835 B]
Ign http://incoming.debian.org/debian/ sid/contrib Translation-en
Ign http://incoming.debian.org/debian/ sid/main Translation-en
Get:4 http://ftp.de.debian.org sid/main alpha Packages/DiffIndex [2038 B]
Get:5 http://incoming.debian.org  Release.gpg [835 B]
Ign http://incoming.debian.org/buildd-unstable/  Translation-en
Get:6 http://incoming.debian.org sid Release [104 kB]
Hit http://ftp.de.debian.org sid/contrib alpha Packages/DiffIndex
Get:7 http://ftp.de.debian.org sid/main alpha 2010-12-01-1412.04.pdiff [499 B]
Get:8 http://incoming.debian.org  Release [1604 B]
Get:9 http://ftp.de.debian.org sid/main alpha 2010-12-01-1412.04.pdiff [499 B]
Get:10 http://ftp.de.debian.org sid/main alpha 2010-12-01-1412.04.pdiff [499 B]
Get:11 http://incoming.debian.org sid/main Sources/DiffIndex [2038 B]
Hit http://incoming.debian.org sid/contrib Sources/DiffIndex
Get:12 http://incoming.debian.org sid/main alpha Packages/DiffIndex [2038 B]
Hit http://incoming.debian.org sid/contrib alpha Packages/DiffIndex
Get:13 http://incoming.debian.org  Sources [8014 B]
Get:14 http://incoming.debian.org  Packages [169 kB]
Get:15 http://incoming.debian.org sid/main 2010-12-03-0208.36.pdiff [3044 B]
Get:16 http://incoming.debian.org sid/main alpha 2010-12-03-0208.36.pdiff [10.1 kB]
Get:17 http://incoming.debian.org sid/main 2010-12-03-0208.36.pdiff [3044 B]
Get:18 http://incoming.debian.org sid/main alpha 2010-12-03-0208.36.pdiff [10.1 kB]
Get:19 http://incoming.debian.org sid/main 2010-12-03-0208.36.pdiff [3044 B]
Get:20 http://ftp.de.debian.org sid/main alpha 2010-12-01-2014.11.pdiff [1392 B]
Get:21 http://ftp.de.debian.org sid/main alpha 2010-12-01-2014.11.pdiff [1392 B]
Get:22 http://incoming.debian.org sid/main alpha 2010-12-03-0208.36.pdiff [10.1 kB]
Get:23 http://incoming.debian.org sid/main 2010-12-03-0810.19.pdiff [666 B]
Get:24 http://incoming.debian.org sid/main 2010-12-03-0810.19.pdiff [666 B]
Get:25 http://ftp.de.debian.org sid/main alpha 2010-12-01-2014.11.pdiff [1392 B]
Get:26 http://incoming.debian.org sid/main alpha 2010-12-03-0810.19.pdiff [798 B]
Get:27 http://incoming.debian.org sid/main alpha 2010-12-03-0810.19.pdiff [798 B]
Get:28 http://incoming.debian.org sid/main 2010-12-03-0810.19.pdiff [666 B]
Get:29 http://ftp.de.debian.org sid/main alpha 2010-12-02-0209.58.pdiff [1681 B]
Get:30 http://ftp.de.debian.org sid/main alpha 2010-12-02-0209.58.pdiff [1681 B]
Get:31 http://incoming.debian.org sid/main alpha 2010-12-03-0810.19.pdiff [798 B]
Get:32 http://ftp.de.debian.org sid/main alpha 2010-12-02-0209.58.pdiff [1681 B]
Get:33 http://ftp.de.debian.org sid/main alpha 2010-12-02-0815.49.pdiff [225 B]
Get:34 http://ftp.de.debian.org sid/main alpha 2010-12-02-0815.49.pdiff [225 B]
Get:35 http://ftp.de.debian.org sid/main alpha 2010-12-02-0815.49.pdiff [225 B]
Get:36 http://ftp.de.debian.org sid/main alpha 2010-12-02-1418.14.pdiff [26.1 kB]
Get:37 http://ftp.de.debian.org sid/main alpha 2010-12-02-1418.14.pdiff [26.1 kB]
Get:38 http://ftp.de.debian.org sid/main alpha 2010-12-02-1418.14.pdiff [26.1 kB]
Get:39 http://ftp.de.debian.org sid/main alpha 2010-12-02-2015.37.pdiff [35.1 kB]
Get:40 http://ftp.de.debian.org sid/main alpha 2010-12-02-2015.37.pdiff [35.1 kB]
Get:41 http://ftp.de.debian.org sid/main alpha 2010-12-02-2015.37.pdiff [35.1 kB]
Get:42 http://ftp.de.debian.org sid/main alpha 2010-12-03-0208.36.pdiff [10.1 kB]
Get:43 http://ftp.de.debian.org sid/main alpha 2010-12-03-0208.36.pdiff [10.1 kB]
Get:44 http://ftp.de.debian.org sid/main alpha 2010-12-03-0208.36.pdiff [10.1 kB]
Get:45 http://ftp.de.debian.org sid/main alpha 2010-12-03-0810.19.pdiff [798 B]
Get:46 http://ftp.de.debian.org sid/main alpha 2010-12-03-0810.19.pdiff [798 B]
Get:47 http://ftp.de.debian.org sid/main alpha 2010-12-03-0810.19.pdiff [798 B]
Fetched 485 kB in 42s (11.5 kB/s)
Reading package lists...

┌──────────────────────────────────────────────────────────────────────────────┐
│ Fetch source files                                                           │
└──────────────────────────────────────────────────────────────────────────────┘


Check APT
─────────

Checking available source versions...

Download source files with APT
──────────────────────────────

Reading package lists...
Building dependency tree...
Reading state information...
NOTICE: &#39;samtools&#39; packaging is maintained in the &#39;Git&#39; version control system at:
git://git.debian.org/debian-med/samtools.git
Need to get 364 kB of source archives.
Get:1 http://incoming.debian.org/buildd-unstable/  samtools 0.1.12a-1 (dsc) [1946 B]
Get:2 http://incoming.debian.org/buildd-unstable/  samtools 0.1.12a-1 (tar) [356 kB]
Get:3 http://incoming.debian.org/buildd-unstable/  samtools 0.1.12a-1 (diff) [6337 B]
Fetched 364 kB in 1s (334 kB/s)
Download complete and in download only mode

Check arch
──────────

** Using build dependencies supplied by package:
Build-Depends: debhelper (&gt;= 8), cdbs, libncurses5-dev, zlib1g-dev

┌──────────────────────────────────────────────────────────────────────────────┐
│ Install build dependencies (internal resolver)                               │
└──────────────────────────────────────────────────────────────────────────────┘

Checking for already installed source dependencies...
debhelper: already installed (8.0.0 &gt;= 8 is satisfied)
cdbs: missing
libncurses5-dev: missing
zlib1g-dev: missing
Checking for source dependency conflicts...
Installing positive dependencies: cdbs libncurses5-dev zlib1g-dev
Reading package lists...
Building dependency tree...
Reading state information...
Suggested packages:
  devscripts doc-base
Recommended packages:
  autotools-dev
The following NEW packages will be installed:
  cdbs libncurses5-dev zlib1g-dev
debconf: delaying package configuration, since apt-utils is not installed
0 upgraded, 3 newly installed, 0 to remove and 46 not upgraded.
Need to get 0 B/3121 kB of archives.
After this operation, 9556 kB of additional disk space will be used.
Selecting previously deselected package cdbs.
(Reading database ... 13765 files and directories currently installed.)
Unpacking cdbs (from .../archives/cdbs_0.4.89_all.deb) ...
Selecting previously deselected package libncurses5-dev.
Unpacking libncurses5-dev (from .../libncurses5-dev_5.7+20100313-4_alpha.deb) ...
Selecting previously deselected package zlib1g-dev.
Unpacking zlib1g-dev (from .../zlib1g-dev_1%3a1.2.3.4.dfsg-3_alpha.deb) ...
Processing triggers for man-db ...
Setting up cdbs (0.4.89) ...
Setting up libncurses5-dev (5.7+20100313-4) ...
Setting up zlib1g-dev (1:1.2.3.4.dfsg-3) ...
Removing negative dependencies: 
Checking correctness of source dependencies...
Kernel: Linux 2.6.26-2-alpha-generic alpha (alpha)
Toolchain package versions: libc6.1-dev_2.11.2-7 dpkg-dev_1.15.8.4 linux-libc-dev_2.6.32-27 gcc-4.4_4.4.5-10 g++-4.4_4.4.5-10 binutils_2.20.1-15 libstdc++6-4.4-dev_4.4.5-10 libstdc++6_4.4.5-10
Package versions: apt_0.8.8 asciidoc_8.5.2-1 base-files_5.9 base-passwd_3.5.22 bash_4.1-3 binutils_2.20.1-15 binutils-dev_2.20.1-15 bsdmainutils_8.0.13 bsdutils_1:2.17.2-3.1 build-essential_11.5 bzip2_1.0.5-6 cdbs_0.4.89 coreutils_8.5-1 cpio_2.11-4 cpp_4:4.4.5-1 cpp-4.3_4.3.5-3 cpp-4.4_4.4.5-10 dash_0.5.5.1-7 debconf_1.5.35 debconf-i18n_1.5.35 debfoster_2.7-1.1 debhelper_8.0.0 debian-archive-keyring_2009.01.31 debianutils_3.4 diffutils_1:3.0-1 docbook-xml_4.5-7 docbook-xsl_1.75.2+dfsg-5 dpkg_1.15.8.4 dpkg-dev_1.15.8.4 e2fslibs_1.41.12-2 e2fsprogs_1.41.12-2 fakeroot_1.14.4-1 file_5.04-5 findutils_4.4.2-1 g++_4:4.4.4-2 g++-4.4_4.4.5-10 gcc_4:4.4.5-1 gcc-4.3_4.3.5-3 gcc-4.3-base_4.3.5-3 gcc-4.4_4.4.5-10 gcc-4.4-base_4.4.5-10 gettext_0.18.1.1-2 gettext-base_0.18.1.1-2 gnupg_1.4.10-4 gpgv_1.4.10-4 grep_2.6.3-3 groff-base_1.20.1-10 gzip_1.3.12-9 hostname_3.04 html2text_1.3.2a-15 initscripts_2.88dsf-11 insserv_1.14.0-2 intltool-debian_0.35.0+20060710.1 libacl1_2.2.49-4 libattr1_1:2.4.44-2 libblkid1_2.17.2-3.3 libbz2-1.0_1.0.5-6 libc-bin_2.11.2-7 libc-dev-bin_2.11.2-7 libc6.1_2.11.2-7 libc6.1-dev_2.11.2-7 libcomerr2_1.41.12-2 libcroco3_0.6.2-1 libdb4.7_4.7.25-9 libdb4.8_4.8.30-3 libdpkg-perl_1.15.8.4 libelf-dev_0.148-1 libelf1_0.148-1 libexpat1_2.0.1-7 libgc1c2_1:6.8-1.2 libgcc1_1:4.4.5-10 libgcrypt11_1.4.5-2 libgdbm3_1.8.3-9 libglib2.0-0_2.24.2-1 libgmp3c2_2:4.3.2+dfsg-1 libgomp1_4.4.5-10 libgpg-error0_1.6-1 liblocale-gettext-perl_1.05-6 liblzma2_5.0.0-2 libmagic1_5.04-5 libmpfr4_3.0.0-2 libncurses5_5.7+20100313-4 libncurses5-dev_5.7+20100313-4 libncursesw5_5.7+20100313-4 libpam-modules_1.1.1-3 libpam-runtime_1.1.1-3 libpam0g_1.1.1-6.1 libpcre3_8.02-1.1 libreadline6_6.1-3 libselinux1_2.0.96-1 libsepol1_2.0.41-1 libsqlite3-0_3.7.3-1 libss2_1.41.12-2 libssl0.9.8_0.9.8o-3 libstdc++6_4.4.5-10 libstdc++6-4.4-dev_4.4.5-10 libtext-charwidth-perl_0.04-6 libtext-iconv-perl_1.7-2 libtext-wrapi18n-perl_0.06-7 libtimedate-perl_1.2000-1 libunistring0_0.9.3-3 libusb-0.1-4_2:0.1.12-16 libuuid1_2.17.2-3.3 libxml2_2.7.8.dfsg-1 libxml2-utils_2.7.7.dfsg-4 libxslt1.1_1.1.26-6 linux-libc-dev_2.6.32-27 login_1:4.1.4.2-1 lsb-base_3.2-23.1 make_3.81-8 man-db_2.5.7-4 mawk_1.3.3-15 mime-support_3.48-1 module-init-tools_3.12-1 mount_2.17.2-3.1 ncurses-base_5.7+20100313-2 ncurses-bin_5.7+20100313-4 passwd_1:4.1.4.2-1 patch_2.6-2 perl_5.10.1-16 perl-base_5.10.1-16 perl-modules_5.10.1-16 po-debconf_1.0.16 python_2.6.6-3+squeeze2 python-minimal_2.6.6-3+squeeze2 python2.6_2.6.6-7 python2.6-minimal_2.6.6-7 readline-common_6.1-3 sed_4.2.1-7 sensible-utils_0.0.4 sgml-base_1.26+nmu1 sgml-data_2.0.4 sudo_1.7.2p7-1 sysv-rc_2.88dsf-11 sysvinit_2.88dsf-11 sysvinit-utils_2.88dsf-11 tar_1.23-2.1 tzdata_2010o-1 util-linux_2.17.2-3.1 xml-core_0.13 xmlto_0.0.23-2 xsltproc_1.1.26-6 xz-utils_4.999.9beta+20100713-1 zlib1g_1:1.2.3.4.dfsg-3 zlib1g-dev_1:1.2.3.4.dfsg-3

┌──────────────────────────────────────────────────────────────────────────────┐
│ Build                                                                        │
└──────────────────────────────────────────────────────────────────────────────┘


Unpack source
─────────────

dpkg-source: warning: -sn is not a valid option for Dpkg::Source::Package::V3::quilt
gpgv: keyblock resource `/home/buildd/.gnupg/trustedkeys.gpg&#39;: file open error
gpgv: Signature made Fri Dec  3 06:37:23 2010 UTC using RSA key ID 2295D502
gpgv: Can&#39;t check signature: public key not found
dpkg-source: warning: failed to verify signature on ./samtools_0.1.12a-1.dsc
dpkg-source: info: extracting samtools in samtools-0.1.12a
dpkg-source: info: unpacking samtools_0.1.12a.orig.tar.bz2
dpkg-source: info: unpacking samtools_0.1.12a-1.debian.tar.gz

Check disc space
────────────────


dpkg-buildpackage
─────────────────

dpkg-buildpackage: export CFLAGS from dpkg-buildflags (origin: vendor): -g -O2
dpkg-buildpackage: export CPPFLAGS from dpkg-buildflags (origin: vendor): 
dpkg-buildpackage: export CXXFLAGS from dpkg-buildflags (origin: vendor): -g -O2
dpkg-buildpackage: export FFLAGS from dpkg-buildflags (origin: vendor): -g -O2
dpkg-buildpackage: export LDFLAGS from dpkg-buildflags (origin: vendor): 
dpkg-buildpackage: source package samtools
dpkg-buildpackage: source version 0.1.12a-1
 dpkg-source --before-build samtools-0.1.12a
dpkg-buildpackage: host architecture alpha
 /usr/bin/fakeroot debian/rules clean
test -x debian/rules
dh_testroot
rm -f debian/stamp-makefile-build debian/stamp-makefile-install
/usr/bin/make  -C . CFLAGS=&quot;-g -O2 -g -Wall -O2 -fPIC&quot; CXXFLAGS=&quot;-g -O2 -g -Wall -O2&quot; CPPFLAGS=&quot;&quot; LDFLAGS=&quot;&quot;  -k clean
make[1]: Entering directory `/build/buildd-samtools_0.1.12a-1-alpha-NKtcft/samtools-0.1.12a&#39;
make[2]: Entering directory `/build/buildd-samtools_0.1.12a-1-alpha-NKtcft/samtools-0.1.12a&#39;
rm -fr gmon.out *.o a.out *.exe *.dSYM razip bgzip samtools *~ *.a *.so.* *.so *.dylib
make[2]: Leaving directory `/build/buildd-samtools_0.1.12a-1-alpha-NKtcft/samtools-0.1.12a&#39;
make[2]: Entering directory `/build/buildd-samtools_0.1.12a-1-alpha-NKtcft/samtools-0.1.12a/bcftools&#39;
rm -fr gmon.out *.o a.out *.dSYM bcftools *~ *.a bcf.aux bcf.log bcf.pdf *.class libbcf.*.dylib libbcf.so*
make[2]: Leaving directory `/build/buildd-samtools_0.1.12a-1-alpha-NKtcft/samtools-0.1.12a/bcftools&#39;
make[2]: Entering directory `/build/buildd-samtools_0.1.12a-1-alpha-NKtcft/samtools-0.1.12a/misc&#39;
rm -fr gmon.out *.o a.out *.exe *.dSYM md5sum-lite md5fa maq2sam-short maq2sam-long wgsim *~ *.a
make[2]: Leaving directory `/build/buildd-samtools_0.1.12a-1-alpha-NKtcft/samtools-0.1.12a/misc&#39;
make[1]: Leaving directory `/build/buildd-samtools_0.1.12a-1-alpha-NKtcft/samtools-0.1.12a&#39;
rm -f debian/stamp-makefile-check
dh_clean 
 debian/rules build
rm -f examples/calDepth examples/ex1.bam examples/ex1.bam.bai examples/ex1.fa.fai examples/ex1.glf examples/ex1.glfview.gz examples/ex1.pileup.gz examples/ex1a.bam examples/ex1b.bam examples/ex1f-rmduppe.bam examples/ex1f-rmdupse.bam examples/ex1f.bam examples/ex1f.rg examples/ex1.bcf
test -x debian/rules
mkdir -p &quot;.&quot;
/usr/share/cdbs/1/rules/buildcore.mk:104: WARNING:  DEB_DH_BUILDDEB_ARGS is a deprecated variable
/usr/bin/make  -C . CFLAGS=&quot;-g -O2 -g -Wall -O2 -fPIC&quot; CXXFLAGS=&quot;-g -O2 -g -Wall -O2&quot; CPPFLAGS=&quot;&quot; LDFLAGS=&quot;&quot;  all all-recur razip lib
make[1]: Entering directory `/build/buildd-samtools_0.1.12a-1-alpha-NKtcft/samtools-0.1.12a&#39;
make[2]: Entering directory `/build/buildd-samtools_0.1.12a-1-alpha-NKtcft/samtools-0.1.12a&#39;
gcc -c -g -O2 -g -Wall -O2 -fPIC -D_FILE_OFFSET_BITS=64 -D_USE_KNETFILE -D_CURSES_LIB=1 -I. bgzf.c -o bgzf.o
gcc -c -g -O2 -g -Wall -O2 -fPIC -D_FILE_OFFSET_BITS=64 -D_USE_KNETFILE -D_CURSES_LIB=1 -I. kstring.c -o kstring.o
gcc -c -g -O2 -g -Wall -O2 -fPIC -D_FILE_OFFSET_BITS=64 -D_USE_KNETFILE -D_CURSES_LIB=1 -I. bam_aux.c -o bam_aux.o
gcc -c -g -O2 -g -Wall -O2 -fPIC -D_FILE_OFFSET_BITS=64 -D_USE_KNETFILE -D_CURSES_LIB=1 -I. bam.c -o bam.o
gcc -c -g -O2 -g -Wall -O2 -fPIC -D_FILE_OFFSET_BITS=64 -D_USE_KNETFILE -D_CURSES_LIB=1 -I. bam_import.c -o bam_import.o
gcc -c -g -O2 -g -Wall -O2 -fPIC -D_FILE_OFFSET_BITS=64 -D_USE_KNETFILE -D_CURSES_LIB=1 -I. sam.c -o sam.o
gcc -c -g -O2 -g -Wall -O2 -fPIC -D_FILE_OFFSET_BITS=64 -D_USE_KNETFILE -D_CURSES_LIB=1 -I. bam_index.c -o bam_index.o
gcc -c -g -O2 -g -Wall -O2 -fPIC -D_FILE_OFFSET_BITS=64 -D_USE_KNETFILE -D_CURSES_LIB=1 -I. bam_pileup.c -o bam_pileup.o
gcc -c -g -O2 -g -Wall -O2 -fPIC -D_FILE_OFFSET_BITS=64 -D_USE_KNETFILE -D_CURSES_LIB=1 -I. bam_lpileup.c -o bam_lpileup.o
gcc -c -g -O2 -g -Wall -O2 -fPIC -D_FILE_OFFSET_BITS=64 -D_USE_KNETFILE -D_CURSES_LIB=1 -I. bam_md.c -o bam_md.o
gcc -c -g -O2 -g -Wall -O2 -fPIC -D_FILE_OFFSET_BITS=64 -D_USE_KNETFILE -D_CURSES_LIB=1 -I. glf.c -o glf.o
gcc -c -g -O2 -g -Wall -O2 -fPIC -D_FILE_OFFSET_BITS=64 -D_USE_KNETFILE -D_CURSES_LIB=1 -I. razf.c -o razf.o
gcc -c -g -O2 -g -Wall -O2 -fPIC -D_FILE_OFFSET_BITS=64 -D_USE_KNETFILE -D_CURSES_LIB=1 -I. faidx.c -o faidx.o
gcc -c -g -O2 -g -Wall -O2 -fPIC -D_FILE_OFFSET_BITS=64 -D_USE_KNETFILE -D_CURSES_LIB=1 -I. knetfile.c -o knetfile.o
gcc -c -g -O2 -g -Wall -O2 -fPIC -D_FILE_OFFSET_BITS=64 -D_USE_KNETFILE -D_CURSES_LIB=1 -I. bam_sort.c -o bam_sort.o
gcc -c -g -O2 -g -Wall -O2 -fPIC -D_FILE_OFFSET_BITS=64 -D_USE_KNETFILE -D_CURSES_LIB=1 -I. sam_header.c -o sam_header.o
gcc -c -g -O2 -g -Wall -O2 -fPIC -D_FILE_OFFSET_BITS=64 -D_USE_KNETFILE -D_CURSES_LIB=1 -I. bam_reheader.c -o bam_reheader.o
gcc -c -g -O2 -g -Wall -O2 -fPIC -D_FILE_OFFSET_BITS=64 -D_USE_KNETFILE -D_CURSES_LIB=1 -I. kprobaln.c -o kprobaln.o
ar -cru libbam.a bgzf.o kstring.o bam_aux.o bam.o bam_import.o sam.o bam_index.o bam_pileup.o bam_lpileup.o bam_md.o glf.o razf.o faidx.o knetfile.o bam_sort.o sam_header.o bam_reheader.o kprobaln.o
make[2]: Leaving directory `/build/buildd-samtools_0.1.12a-1-alpha-NKtcft/samtools-0.1.12a&#39;
make[2]: Entering directory `/build/buildd-samtools_0.1.12a-1-alpha-NKtcft/samtools-0.1.12a/bcftools&#39;
gcc -c -g -O2 -g -Wall -O2 -fPIC -D_FILE_OFFSET_BITS=64 -D_USE_KNETFILE -D_CURSES_LIB=1 -I.. -I. bcf.c -o bcf.o
gcc -c -g -O2 -g -Wall -O2 -fPIC -D_FILE_OFFSET_BITS=64 -D_USE_KNETFILE -D_CURSES_LIB=1 -I.. -I. vcf.c -o vcf.o
gcc -c -g -O2 -g -Wall -O2 -fPIC -D_FILE_OFFSET_BITS=64 -D_USE_KNETFILE -D_CURSES_LIB=1 -I.. -I. bcfutils.c -o bcfutils.o
gcc -c -g -O2 -g -Wall -O2 -fPIC -D_FILE_OFFSET_BITS=64 -D_USE_KNETFILE -D_CURSES_LIB=1 -I.. -I. prob1.c -o prob1.o
gcc -c -g -O2 -g -Wall -O2 -fPIC -D_FILE_OFFSET_BITS=64 -D_USE_KNETFILE -D_CURSES_LIB=1 -I.. -I. ld.c -o ld.o
gcc -c -g -O2 -g -Wall -O2 -fPIC -D_FILE_OFFSET_BITS=64 -D_USE_KNETFILE -D_CURSES_LIB=1 -I.. -I. kfunc.c -o kfunc.o
gcc -c -g -O2 -g -Wall -O2 -fPIC -D_FILE_OFFSET_BITS=64 -D_USE_KNETFILE -D_CURSES_LIB=1 -I.. -I. index.c -o index.o
gcc -c -g -O2 -g -Wall -O2 -fPIC -D_FILE_OFFSET_BITS=64 -D_USE_KNETFILE -D_CURSES_LIB=1 -I.. -I. fet.c -o fet.o
gcc -c -g -O2 -g -Wall -O2 -fPIC -D_FILE_OFFSET_BITS=64 -D_USE_KNETFILE -D_CURSES_LIB=1 -I.. -I. bcf2qcall.c -o bcf2qcall.o
ar -cru libbcf.a bcf.o vcf.o bcfutils.o prob1.o ld.o kfunc.o index.o fet.o bcf2qcall.o
make[2]: Leaving directory `/build/buildd-samtools_0.1.12a-1-alpha-NKtcft/samtools-0.1.12a/bcftools&#39;
make[2]: Entering directory `/build/buildd-samtools_0.1.12a-1-alpha-NKtcft/samtools-0.1.12a/misc&#39;
make[2]: Nothing to be done for `lib&#39;.
make[2]: Leaving directory `/build/buildd-samtools_0.1.12a-1-alpha-NKtcft/samtools-0.1.12a/misc&#39;
gcc -c -g -O2 -g -Wall -O2 -fPIC -D_FILE_OFFSET_BITS=64 -D_USE_KNETFILE -D_CURSES_LIB=1 -I. bam_tview.c -o bam_tview.o
gcc -c -g -O2 -g -Wall -O2 -fPIC -D_FILE_OFFSET_BITS=64 -D_USE_KNETFILE -D_CURSES_LIB=1 -I. bam_maqcns.c -o bam_maqcns.o
gcc -c -g -O2 -g -Wall -O2 -fPIC -D_FILE_OFFSET_BITS=64 -D_USE_KNETFILE -D_CURSES_LIB=1 -I. bam_plcmd.c -o bam_plcmd.o
gcc -c -g -O2 -g -Wall -O2 -fPIC -D_FILE_OFFSET_BITS=64 -D_USE_KNETFILE -D_CURSES_LIB=1 -I. sam_view.c -o sam_view.o
gcc -c -g -O2 -g -Wall -O2 -fPIC -D_FILE_OFFSET_BITS=64 -D_USE_KNETFILE -D_CURSES_LIB=1 -I. bam_rmdup.c -o bam_rmdup.o
gcc -c -g -O2 -g -Wall -O2 -fPIC -D_FILE_OFFSET_BITS=64 -D_USE_KNETFILE -D_CURSES_LIB=1 -I. bam_rmdupse.c -o bam_rmdupse.o
gcc -c -g -O2 -g -Wall -O2 -fPIC -D_FILE_OFFSET_BITS=64 -D_USE_KNETFILE -D_CURSES_LIB=1 -I. bam_mate.c -o bam_mate.o
gcc -c -g -O2 -g -Wall -O2 -fPIC -D_FILE_OFFSET_BITS=64 -D_USE_KNETFILE -D_CURSES_LIB=1 -I. bam_stat.c -o bam_stat.o
gcc -c -g -O2 -g -Wall -O2 -fPIC -D_FILE_OFFSET_BITS=64 -D_USE_KNETFILE -D_CURSES_LIB=1 -I. bam_color.c -o bam_color.o
gcc -c -g -O2 -g -Wall -O2 -fPIC -D_FILE_OFFSET_BITS=64 -D_USE_KNETFILE -D_CURSES_LIB=1 -I. bamtk.c -o bamtk.o
gcc -c -g -O2 -g -Wall -O2 -fPIC -D_FILE_OFFSET_BITS=64 -D_USE_KNETFILE -D_CURSES_LIB=1 -I. kaln.c -o kaln.o
gcc -c -g -O2 -g -Wall -O2 -fPIC -D_FILE_OFFSET_BITS=64 -D_USE_KNETFILE -D_CURSES_LIB=1 -I. bam2bcf.c -o bam2bcf.o
gcc -c -g -O2 -g -Wall -O2 -fPIC -D_FILE_OFFSET_BITS=64 -D_USE_KNETFILE -D_CURSES_LIB=1 -I. bam2bcf_indel.c -o bam2bcf_indel.o
gcc -c -g -O2 -g -Wall -O2 -fPIC -D_FILE_OFFSET_BITS=64 -D_USE_KNETFILE -D_CURSES_LIB=1 -I. errmod.c -o errmod.o
gcc -c -g -O2 -g -Wall -O2 -fPIC -D_FILE_OFFSET_BITS=64 -D_USE_KNETFILE -D_CURSES_LIB=1 -I. sample.c -o sample.o
gcc -g -O2 -g -Wall -O2 -fPIC -o samtools bam_tview.o bam_maqcns.o bam_plcmd.o sam_view.o bam_rmdup.o bam_rmdupse.o bam_mate.o bam_stat.o bam_color.o bamtk.o kaln.o bam2bcf.o bam2bcf_indel.o errmod.o sample.o libbam.a -lm  -lcurses  -lz -Lbcftools -lbcf
make[2]: Entering directory `/build/buildd-samtools_0.1.12a-1-alpha-NKtcft/samtools-0.1.12a&#39;
make[3]: Entering directory `/build/buildd-samtools_0.1.12a-1-alpha-NKtcft/samtools-0.1.12a&#39;
make[3]: Nothing to be done for `lib&#39;.
make[3]: Leaving directory `/build/buildd-samtools_0.1.12a-1-alpha-NKtcft/samtools-0.1.12a&#39;
make[3]: Entering directory `/build/buildd-samtools_0.1.12a-1-alpha-NKtcft/samtools-0.1.12a/bcftools&#39;
make[3]: Nothing to be done for `lib&#39;.
make[3]: Leaving directory `/build/buildd-samtools_0.1.12a-1-alpha-NKtcft/samtools-0.1.12a/bcftools&#39;
make[3]: Entering directory `/build/buildd-samtools_0.1.12a-1-alpha-NKtcft/samtools-0.1.12a/misc&#39;
make[3]: Nothing to be done for `lib&#39;.
make[3]: Leaving directory `/build/buildd-samtools_0.1.12a-1-alpha-NKtcft/samtools-0.1.12a/misc&#39;
gcc -g -O2 -g -Wall -O2 -fPIC -o samtools bam_tview.o bam_maqcns.o bam_plcmd.o sam_view.o bam_rmdup.o bam_rmdupse.o bam_mate.o bam_stat.o bam_color.o bamtk.o kaln.o bam2bcf.o bam2bcf_indel.o errmod.o sample.o libbam.a -lm  -lcurses  -lz -Lbcftools -lbcf
make[2]: Leaving directory `/build/buildd-samtools_0.1.12a-1-alpha-NKtcft/samtools-0.1.12a&#39;
make[2]: Entering directory `/build/buildd-samtools_0.1.12a-1-alpha-NKtcft/samtools-0.1.12a/bcftools&#39;
gcc -c -g -O2 -g -Wall -O2 -fPIC -D_FILE_OFFSET_BITS=64 -D_USE_KNETFILE -D_CURSES_LIB=1 -I.. -I. call1.c -o call1.o
gcc -c -g -O2 -g -Wall -O2 -fPIC -D_FILE_OFFSET_BITS=64 -D_USE_KNETFILE -D_CURSES_LIB=1 -I.. -I. main.c -o main.o
gcc -g -O2 -g -Wall -O2 -fPIC -o bcftools call1.o main.o ../kstring.o ../bgzf.o ../knetfile.o -lm  -lz -L. -lbcf
make[2]: Leaving directory `/build/buildd-samtools_0.1.12a-1-alpha-NKtcft/samtools-0.1.12a/bcftools&#39;
make[2]: Entering directory `/build/buildd-samtools_0.1.12a-1-alpha-NKtcft/samtools-0.1.12a/misc&#39;
gcc -c -g -O2 -g -Wall -O2 -fPIC -DMD5SUM_MAIN -o md5sum-lite.o md5.c
gcc -g -O2 -g -Wall -O2 -fPIC -o md5sum-lite md5sum-lite.o
gcc -c -g -O2 -g -Wall -O2 -fPIC -D_FILE_OFFSET_BITS=64 -D_USE_KNETFILE -D_CURSES_LIB=1 -I. md5.c -o md5.o
gcc -g -O2 -g -Wall -O2 -fPIC -c -I.. -o md5fa.o md5fa.c
gcc -g -O2 -g -Wall -O2 -fPIC -o md5fa md5.o md5fa.o -lz
gcc -g -O2 -g -Wall -O2 -fPIC -o maq2sam-short maq2sam.c -lz
gcc -g -O2 -g -Wall -O2 -fPIC -DMAQ_LONGREADS -o maq2sam-long maq2sam.c -lz
gcc -c -g -O2 -g -Wall -O2 -fPIC -D_FILE_OFFSET_BITS=64 -D_USE_KNETFILE -D_CURSES_LIB=1 -I. wgsim.c -o wgsim.o
gcc -g -O2 -g -Wall -O2 -fPIC -o wgsim wgsim.o -lm
make[2]: Leaving directory `/build/buildd-samtools_0.1.12a-1-alpha-NKtcft/samtools-0.1.12a/misc&#39;
gcc -c -g -O2 -g -Wall -O2 -fPIC -D_FILE_OFFSET_BITS=64 -D_USE_KNETFILE -D_CURSES_LIB=1 -I. razip.c -o razip.o
gcc -g -O2 -g -Wall -O2 -fPIC -o razip razf.o razip.o knetfile.o -lz
make[1]: Nothing to be done for `lib&#39;.
make[1]: Leaving directory `/build/buildd-samtools_0.1.12a-1-alpha-NKtcft/samtools-0.1.12a&#39;
touch debian/stamp-makefile-build
/usr/bin/make  -C . CFLAGS=&quot;-g -O2 -g -Wall -O2 -fPIC&quot; CXXFLAGS=&quot;-g -O2 -g -Wall -O2&quot; CPPFLAGS=&quot;&quot; LDFLAGS=&quot;&quot;  -C examples all
make[1]: Entering directory `/build/buildd-samtools_0.1.12a-1-alpha-NKtcft/samtools-0.1.12a/examples&#39;
../samtools faidx ex1.fa
../samtools import ex1.fa.fai ex1.sam.gz ex1.bam
[sam_header_read2] 2 sequences loaded.
../samtools pileup -gf ex1.fa ex1.bam &gt; ex1.glf
../samtools pileup -cf ex1.fa ex1.bam | gzip &gt; ex1.pileup.gz
../samtools index ex1.bam
../samtools view -h ex1.bam | awk &#39;BEGIN{FS=OFS=&quot;\t&quot;}{if(/^@/)print;else{$1=$1&quot;a&quot;;print}}&#39; | ../samtools view -bS - &gt; ex1a.bam
[samopen] SAM header is present: 2 sequences.
../samtools view -h ex1.bam | awk &#39;BEGIN{FS=OFS=&quot;\t&quot;}{if(/^@/)print;else{$1=$1&quot;b&quot;;print}}&#39; | ../samtools view -bS - &gt; ex1b.bam
[samopen] SAM header is present: 2 sequences.
(echo &quot;@RG	ID:ex1	LB:ex1	SM:ex1&quot;; echo &quot;@RG	ID:ex1a	LB:ex1	SM:ex1&quot;; echo &quot;@RG	ID:ex1b	LB:ex1b	SM:ex1b&quot;) &gt; ex1f.rg
../samtools merge -rh ex1f.rg ex1f.bam ex1.bam ex1a.bam ex1b.bam
[bam_rmdup_core] processing reference seq1...
../samtools rmdup ex1f.bam ex1f-rmduppe.bam
[bam_rmdup_core] processing reference seq2...
[bam_rmdup_core] 1572 / 3144 = 0.5000 in library &#39;ex1&#39;
[bam_rmdup_core] 0 / 1572 = 0.0000 in library &#39;ex1b&#39;
../samtools rmdup -S ex1f.bam ex1f-rmdupse.bam
[bam_rmdupse_core] 4666 / 6542 = 0.7132 in library &#39;ex1&#39;
[bam_rmdupse_core] 1395 / 3271 = 0.4265 in library &#39;ex1b&#39;
../samtools glfview ex1.glf | gzip &gt; ex1.glfview.gz
[mpileup] 1 samples in 1 input files
../samtools mpileup -gf ex1.fa ex1.bam &gt; ex1.bcf
&lt;mpileup&gt; Set max per-sample depth to 8000
gcc -g -Wall -O2 -I.. calDepth.c -o calDepth -lm -lz -L.. -lbam

# You can now launch the viewer with: &#39;samtools tview ex1.bam ex1.fa&#39;

make[1]: Leaving directory `/build/buildd-samtools_0.1.12a-1-alpha-NKtcft/samtools-0.1.12a/examples&#39;
 /usr/bin/fakeroot debian/rules binary-arch
touch debian/stamp-makefile-check
test -x debian/rules
dh_testroot
dh_prep 
dh_installdirs -A 
mkdir -p &quot;.&quot;
/usr/share/cdbs/1/rules/buildcore.mk:104: WARNING:  DEB_DH_BUILDDEB_ARGS is a deprecated variable
DEB_MAKE_INSTALL_TARGET unset, skipping default makefile.mk common-install target
Adding cdbs dependencies to debian/samtools.substvars
dh_installdirs -psamtools 
Adding cdbs dependencies to debian/libbam-dev.substvars
dh_installdirs -plibbam-dev 
dh_installdocs -psamtools ./NEWS ./AUTHORS 
dh_installexamples -psamtools 
dh_installman -psamtools  
dh_installinfo -psamtools  
dh_installmenu -psamtools 
dh_installcron -psamtools 
dh_installinit -psamtools  
dh_installdebconf -psamtools 
dh_installemacsen -psamtools   
dh_installcatalogs -psamtools 
dh_installpam -psamtools 
dh_installlogrotate -psamtools 
dh_installlogcheck -psamtools 
dh_installchangelogs -psamtools  ./ChangeLog 
dh_installudev -psamtools 
dh_lintian -psamtools 
dh_install -psamtools  
dh_link -psamtools  
dh_installmime -psamtools 
install -m 644 bcftools/README /build/buildd-samtools_0.1.12a-1-alpha-NKtcft/samtools-0.1.12a/debian/samtools/usr/share/doc/samtools/README.bcftools
ln -s samtools.1.gz /build/buildd-samtools_0.1.12a-1-alpha-NKtcft/samtools-0.1.12a/debian/samtools/usr/share/man/man1/bcftools.1.gz
dh_installdocs -plibbam-dev ./NEWS ./AUTHORS 
dh_installexamples -plibbam-dev 
dh_installman -plibbam-dev  
dh_installinfo -plibbam-dev  
dh_installmenu -plibbam-dev 
dh_installcron -plibbam-dev 
dh_installinit -plibbam-dev  
dh_installdebconf -plibbam-dev 
dh_installemacsen -plibbam-dev   
dh_installcatalogs -plibbam-dev 
dh_installpam -plibbam-dev 
dh_installlogrotate -plibbam-dev 
dh_installlogcheck -plibbam-dev 
dh_installchangelogs -plibbam-dev  ./ChangeLog 
dh_installudev -plibbam-dev 
dh_lintian -plibbam-dev 
dh_install -plibbam-dev  
dh_link -plibbam-dev  
dh_installmime -plibbam-dev 
dh_strip -psamtools  
dh_compress -psamtools  
dh_fixperms -psamtools  
dh_makeshlibs -psamtools  
sed -i &#39;s|^#!/software/bin/python|#!/usr/bin/python|&#39; /build/buildd-samtools_0.1.12a-1-alpha-NKtcft/samtools-0.1.12a/debian/samtools/usr/share/samtools/varfilter.py
dh_strip -plibbam-dev  
dh_compress -plibbam-dev  
dh_fixperms -plibbam-dev  
dh_makeshlibs -plibbam-dev  
dh_installdeb -psamtools 
dh_perl -psamtools 
dh_shlibdeps -psamtools    
dh_installdeb -plibbam-dev 
dh_perl -plibbam-dev 
dh_shlibdeps -plibbam-dev    
dh_gencontrol -psamtools  
dpkg-gencontrol: warning: package samtools: unused substitution variable ${perl:Depends}
dh_md5sums -psamtools 
dh_builddeb -psamtools -- -Z=bzip2
dpkg-deb: building package `samtools&#39; in `../samtools_0.1.12a-1_alpha.deb&#39;.
dh_gencontrol -plibbam-dev  
dpkg-gencontrol: warning: Depends field of package libbam-dev: unknown substitution variable ${shlibs:Depends}
dh_md5sums -plibbam-dev 
dh_builddeb -plibbam-dev -- -Z=bzip2
dpkg-deb: building package `libbam-dev&#39; in `../libbam-dev_0.1.12a-1_alpha.deb&#39;.
dpkg-genchanges -B
dpkg-genchanges: arch-specific upload - not including arch-independent packages
dpkg-genchanges: binary-only upload - not including any source code
 dpkg-source --after-build samtools-0.1.12a
dpkg-buildpackage: binary only upload (no source included)
────────────────────────────────────────────────────────────────────────────────
Build finished at 20101203-0930

samtools_0.1.12a-1_alpha.changes:
Format: 1.8
Date: Fri, 03 Dec 2010 13:32:21 +0900
Source: samtools
Binary: samtools libbam-dev
Architecture: alpha
Version: 0.1.12a-1
Distribution: unstable
Urgency: low
Maintainer: Debian Build Daemon &lt;buildd_alpha-goedel@buildd...&gt;
Changed-By: Charles Plessy &lt;plessy@debian...&gt;
Description: 
 libbam-dev - manipulates nucleotide sequence alignments in BAM or SAM format
 samtools   - processing sequence alignments in SAM and BAM formats
Changes: 
 samtools (0.1.12a-1) unstable; urgency=low
 .
   * New upstream release.
   * Use bzip2 compression for the binary packages (debian/rules).
   * Incremented debhelper compatibility level to 8, in case ‘--‘ is not
     available in earlier versions (debian/compat, debian/control).
Checksums-Sha1: 
 e386da50ad8f4b31c12c471a3ee2e92af0868f6e 596686 samtools_0.1.12a-1_alpha.deb
 ca438ab8033960703fc2010cf168bd0df1e89bb5 187896 libbam-dev_0.1.12a-1_alpha.deb
Checksums-Sha256: 
 9694d7c3e75170dc00a9743e3ff2a74586c122ab77940d4552d855d03c312297 596686 samtools_0.1.12a-1_alpha.deb
 d75f2196ea5c327e83095b580dc38f8572e307b757dbd80f85cd1bae91f1d259 187896 libbam-dev_0.1.12a-1_alpha.deb
Files: 
 ccd175cc94346c4fca39c74db4373826 596686 science optional samtools_0.1.12a-1_alpha.deb
 844a3e6973cc5cb3b9a1a2ba51319355 187896 libdevel optional libbam-dev_0.1.12a-1_alpha.deb

┌──────────────────────────────────────────────────────────────────────────────┐
│ Package contents                                                             │
└──────────────────────────────────────────────────────────────────────────────┘


samtools_0.1.12a-1_alpha.deb
────────────────────────────

 new debian package, version 2.0.
 size 596686 bytes: control archive= 1796 bytes.
     795 bytes,    16 lines      control              
    2517 bytes,    38 lines      md5sums              
 Package: samtools
 Version: 0.1.12a-1
 Architecture: alpha
 Maintainer: Debian Med Packaging Team &lt;debian-med-packaging@lists...&gt;
 Installed-Size: 1132
 Depends: libc6.1 (&gt;= 2.7), libncurses5 (&gt;= 5.7+20100313), zlib1g (&gt;= 1:1.2.3.3.dfsg)
 Suggests: python
 Section: science
 Priority: optional
 Homepage: http://samtools.sourceforge.net
 Description: processing sequence alignments in SAM and BAM formats
  Samtools is a set of utilities that manipulate nucleotide sequence alignments
  in the binary BAM format. It imports from and exports to the ascii SAM
  (Sequence Alignment/Map) format, does sorting, merging and indexing, and allows
  to retrieve reads in any regions swiftly. It is designed to work on a stream,
  and is able to open a BAM (not SAM) file on a remote FTP or HTTP server.

drwxr-xr-x root/root         0 2010-12-03 09:29 ./
drwxr-xr-x root/root         0 2010-12-03 09:29 ./usr/
drwxr-xr-x root/root         0 2010-12-03 09:29 ./usr/share/
drwxr-xr-x root/root         0 2010-12-03 09:29 ./usr/share/doc/
drwxr-xr-x root/root         0 2010-12-03 09:29 ./usr/share/doc/samtools/
-rw-r--r-- root/root       916 2010-11-17 04:16 ./usr/share/doc/samtools/AUTHORS
-rw-r--r-- root/root       592 2010-12-03 05:06 ./usr/share/doc/samtools/reference
-rw-r--r-- root/root      1031 2010-12-03 05:06 ./usr/share/doc/samtools/README.Debian
-rw-r--r-- root/root      4927 2010-12-03 05:06 ./usr/share/doc/samtools/copyright
drwxr-xr-x root/root         0 2010-12-03 09:29 ./usr/share/doc/samtools/examples/
-rw-r--r-- root/root      3225 2010-11-17 04:16 ./usr/share/doc/samtools/examples/ex1.fa
-rw-r--r-- root/root    114565 2010-11-17 04:16 ./usr/share/doc/samtools/examples/ex1.sam.gz
-rw-r--r-- root/root       886 2010-11-17 04:16 ./usr/share/doc/samtools/examples/00README.txt
-rw-r--r-- root/root        98 2010-11-17 04:16 ./usr/share/doc/samtools/examples/toy.fa
-rw-r--r-- root/root       764 2010-11-17 04:16 ./usr/share/doc/samtools/examples/toy.sam
-rw-r--r-- root/root    126609 2010-12-03 09:24 ./usr/share/doc/samtools/examples/ex1.bam.gz
-rw-r--r-- root/root     30752 2010-11-22 03:17 ./usr/share/doc/samtools/changelog.gz
-rw-r--r-- root/root      1966 2010-12-03 09:29 ./usr/share/doc/samtools/README.bcftools
-rw-r--r-- root/root      6692 2010-12-02 21:16 ./usr/share/doc/samtools/NEWS.gz
-rw-r--r-- root/root      1128 2010-12-03 05:07 ./usr/share/doc/samtools/changelog.Debian.gz
drwxr-xr-x root/root         0 2010-12-03 09:29 ./usr/share/man/
drwxr-xr-x root/root         0 2010-12-03 09:29 ./usr/share/man/man1/
-rw-r--r-- root/root       430 2010-12-03 09:29 ./usr/share/man/man1/razip.1.gz
-rw-r--r-- root/root      7546 2010-12-03 09:29 ./usr/share/man/man1/samtools.1.gz
drwxr-xr-x root/root         0 2010-12-03 09:29 ./usr/share/samtools/
-rwxr-xr-x root/root      3224 2010-11-17 04:16 ./usr/share/samtools/bcf-fix.pl
-rwxr-xr-x root/root     12567 2010-12-02 16:41 ./usr/share/samtools/vcfutils.pl
-rwxr-xr-x root/root      2415 2010-11-17 04:16 ./usr/share/samtools/blast2sam.pl
-rwxr-xr-x root/root      2112 2010-11-17 04:16 ./usr/share/samtools/bowtie2sam.pl
-rwxr-xr-x root/root     15255 2010-11-17 04:16 ./usr/share/samtools/export2sam.pl
-rwxr-xr-x root/root      4996 2010-11-17 04:16 ./usr/share/samtools/interpolate_sam.pl
-rwxr-xr-x root/root      5989 2010-11-17 04:16 ./usr/share/samtools/novo2sam.pl
-rwxr-xr-x root/root      2022 2010-11-17 04:16 ./usr/share/samtools/psl2sam.pl
-rwxr-xr-x root/root      7881 2010-11-17 04:16 ./usr/share/samtools/sam2vcf.pl
-rwxr-xr-x root/root     14299 2010-11-17 04:16 ./usr/share/samtools/samtools.pl
-rwxr-xr-x root/root      2696 2010-11-17 04:16 ./usr/share/samtools/soap2sam.pl
-rwxr-xr-x root/root      2729 2010-11-17 04:16 ./usr/share/samtools/wgsim_eval.pl
-rwxr-xr-x root/root      2397 2010-11-17 04:16 ./usr/share/samtools/zoom2sam.pl
-rwxr-xr-x root/root      5778 2010-12-03 09:29 ./usr/share/samtools/varfilter.py
drwxr-xr-x root/root         0 2010-12-03 09:29 ./usr/bin/
-rwxr-xr-x root/root    111048 2010-12-03 09:29 ./usr/bin/bcftools
-rwxr-xr-x root/root     31568 2010-12-03 09:29 ./usr/bin/razip
-rwxr-xr-x root/root    410632 2010-12-03 09:29 ./usr/bin/samtools
drwxr-xr-x root/root         0 2010-12-03 09:29 ./usr/lib/
drwxr-xr-x root/root         0 2010-12-03 09:29 ./usr/lib/samtools/
-rwxr-xr-x root/root     22296 2010-12-03 09:29 ./usr/lib/samtools/wgsim
-rwxr-xr-x root/root      9728 2010-12-03 09:29 ./usr/lib/samtools/maq2sam-long
-rwxr-xr-x root/root      9728 2010-12-03 09:29 ./usr/lib/samtools/maq2sam-short
-rwxr-xr-x root/root     15320 2010-12-03 09:29 ./usr/lib/samtools/md5fa
-rwxr-xr-x root/root     11136 2010-12-03 09:29 ./usr/lib/samtools/md5sum-lite
lrwxrwxrwx root/root         0 2010-12-03 09:29 ./usr/share/man/man1/bcftools.1.gz -&gt; samtools.1.gz


libbam-dev_0.1.12a-1_alpha.deb
──────────────────────────────

 new debian package, version 2.0.
 size 187896 bytes: control archive= 895 bytes.
     675 bytes,    15 lines      control              
     618 bytes,    10 lines      md5sums              
 Package: libbam-dev
 Source: samtools
 Version: 0.1.12a-1
 Architecture: alpha
 Maintainer: Debian Med Packaging Team &lt;debian-med-packaging@lists...&gt;
 Installed-Size: 616
 Section: libdevel
 Priority: optional
 Homepage: http://samtools.sourceforge.net
 Description: manipulates nucleotide sequence alignments in BAM or SAM format
  The BAM library provides I/O and various operations on manipulating nucleotide
  sequence alignments in the BAM (Binary Alignment/Mapping) or SAM (Sequence
  Alignment/Map) format. It now supports importing from or exporting to SAM,
  sorting, merging, generating pileup, and quickly retrieval of reads overlapped
  with a specified region.

drwxr-xr-x root/root         0 2010-12-03 09:29 ./
drwxr-xr-x root/root         0 2010-12-03 09:29 ./usr/
drwxr-xr-x root/root         0 2010-12-03 09:29 ./usr/share/
drwxr-xr-x root/root         0 2010-12-03 09:29 ./usr/share/doc/
drwxr-xr-x root/root         0 2010-12-03 09:29 ./usr/share/doc/libbam-dev/
-rw-r--r-- root/root       916 2010-11-17 04:16 ./usr/share/doc/libbam-dev/AUTHORS
-rw-r--r-- root/root      4927 2010-12-03 05:06 ./usr/share/doc/libbam-dev/copyright
-rw-r--r-- root/root     30752 2010-11-22 03:17 ./usr/share/doc/libbam-dev/changelog.gz
-rw-r--r-- root/root      6692 2010-12-02 21:16 ./usr/share/doc/libbam-dev/NEWS.gz
-rw-r--r-- root/root      1128 2010-12-03 05:07 ./usr/share/doc/libbam-dev/changelog.Debian.gz
drwxr-xr-x root/root         0 2010-12-03 09:29 ./usr/lib/
-rw-r--r-- root/root    475670 2010-12-03 09:29 ./usr/lib/libbam.a
drwxr-xr-x root/root         0 2010-12-03 09:29 ./usr/include/
-rw-r--r-- root/root     24124 2010-11-17 04:16 ./usr/include/bam.h
-rw-r--r-- root/root      4599 2010-11-17 04:16 ./usr/include/bgzf.h
-rw-r--r-- root/root     16522 2010-11-17 04:16 ./usr/include/khash.h
-rw-r--r-- root/root      3188 2010-11-17 04:16 ./usr/include/faidx.h


┌──────────────────────────────────────────────────────────────────────────────┐
│ Finished                                                                     │
└──────────────────────────────────────────────────────────────────────────────┘

Built successfully
────────────────────────────────────────────────────────────────────────────────
Purging /var/lib/schroot/mount/sid-alpha-sbuild-8c0a09a0-0453-4a03-9ecf-2d62cbdb7eda/build/buildd-samtools_0.1.12a-1-alpha-NKtcft
(Reading database ... 14898 files and directories currently installed.)
Removing libncurses5-dev ...
Removing cdbs ...
Removing zlib1g-dev ...
Processing triggers for man-db ...
────────────────────────────────────────────────────────────────────────────────
Finished at 20101203-0930
Build needed 00:08:29, 11404k disc space

</pre><address><a href="http://trac.cyberhqz.com/wanna-peruse/">wanna-peruse 2.0</a></address></body></html>
