From buildd@arm-arm-02.debian.org Thu Sep 25 05:29:23 2014
Return-path: <buildd@arm-arm-02.debian.org>
Received: from muffat.debian.org ([2607:f8f0:610:4000:6564:a62:ce0c:1392])
 from C=NA, ST=NA, L=Ankh Morpork, O=Debian SMTP, OU=Debian SMTP CA,
 CN=muffat.debian.org, EMAIL=hostmaster@muffat.debian.org (verified)
 by wuiet.debian.org with esmtps (TLS1.2:DHE_RSA_AES_128_CBC_SHA1:128)
 (Exim 4.80) (envelope-from <buildd@arm-arm-02.debian.org>)
 id 1XX1cI-0004X5-PQ
 for logs@buildd.debian.org; Thu, 25 Sep 2014 05:29:22 +0000
Received: from alwyn.islands.arm.com ([217.140.96.59]
 helo=arm-arm-02.debian.org)
 from C=NA, ST=NA, L=Ankh Morpork, O=Debian SMTP, OU=Debian SMTP CA,
 CN=arm-arm-02.debian.org, EMAIL=hostmaster@arm-arm-02.debian.org (verified)
 by muffat.debian.org with esmtps (TLS1.2:DHE_RSA_AES_128_CBC_SHA1:128)
 (Exim 4.80) (envelope-from <buildd@arm-arm-02.debian.org>)
 id 1XX1cF-0005Go-4K
 for logs@buildd.debian.org; Thu, 25 Sep 2014 05:29:20 +0000
Received: from buildd by arm-arm-02.debian.org with local (Exim 4.80)
 (envelope-from <buildd@arm-arm-02.debian.org>)
 id 1XX1cA-0004Rk-Hr; Thu, 25 Sep 2014 05:29:14 +0000
Content-Transfer-Encoding: binary
MIME-Version: 1.0
X-Mailer: MIME::Lite 3.028 (F2.82; B3.13; Q3.13)
Date: Thu, 25 Sep 2014 05:29:14 +0000
From: buildd on arm-arm-02 <buildd@arm-arm-02.debian.org>
To: buildd-porters@arm-arm-02.debian.org,
	logs@buildd.debian.org
Subject: Log for attempted build of samtools_1.1-1 on arm64 (dist=sid)
Key-Id: 9EA3BEB5
Message-Id: <E1XX1cA-0004Rk-Hr@arm-arm-02.debian.org>
Delivered-To: logs@buildd.debian.org

sbuild (Debian sbuild) 0.64.0 (17 May 2013) on arm-arm-02.debian.org

╔══════════════════════════════════════════════════════════════════════════════╗
║ samtools 1.1-1 (arm64)                                     25 Sep 2014 00:25 ║
╚══════════════════════════════════════════════════════════════════════════════╝

Package: samtools
Version: 1.1-1
Source Version: 1.1-1
Distribution: sid
Machine Architecture: armhf
Host Architecture: arm64
Build Architecture: arm64

I: NOTICE: Log filtering will replace 'build/samtools-AekwtD/samtools-1.1' with '«PKGBUILDDIR»'
I: NOTICE: Log filtering will replace 'build/samtools-AekwtD' with '«BUILDDIR»'
I: NOTICE: Log filtering will replace 'var/lib/schroot/mount/sid-arm64-sbuild-871154a1-ba07-424d-b1df-148f48b013a7' with '«CHROOT»'

┌──────────────────────────────────────────────────────────────────────────────┐
│ Update chroot                                                                │
└──────────────────────────────────────────────────────────────────────────────┘

Get:1 http://ftp.debian.org unstable InRelease [233 kB]
Get:2 http://ftp.uk.debian.org unstable InRelease [233 kB]
Get:3 http://incoming.debian.org buildd-unstable InRelease [110 kB]
Get:4 http://ftp.debian.org unstable/main Sources [7548 kB]
Get:5 http://ftp.uk.debian.org unstable/main Sources [7548 kB]
Get:6 http://incoming.debian.org buildd-unstable/main Sources [358 kB]
Get:7 http://incoming.debian.org buildd-unstable/contrib Sources [1136 B]
Get:8 http://incoming.debian.org buildd-unstable/non-free Sources [1664 B]
Get:9 http://incoming.debian.org buildd-unstable/main arm64 Packages [332 kB]
Get:10 http://incoming.debian.org buildd-unstable/contrib arm64 Packages [844 B]
Get:11 http://ftp.debian.org unstable/contrib Sources [57.1 kB]
Get:12 http://ftp.debian.org unstable/non-free Sources [107 kB]
Get:13 http://ftp.debian.org unstable/main arm64 Packages [5808 kB]
Get:14 http://ftp.debian.org unstable/contrib arm64 Packages [28.4 kB]
Get:15 http://ftp.uk.debian.org unstable/contrib Sources [57.1 kB]
Get:16 http://ftp.uk.debian.org unstable/non-free Sources [107 kB]
Get:17 http://ftp.uk.debian.org unstable/main arm64 Packages [5808 kB]
Get:18 http://ftp.uk.debian.org unstable/contrib arm64 Packages [28.4 kB]
Fetched 28.4 MB in 39s (711 kB/s)
Reading package lists...

┌──────────────────────────────────────────────────────────────────────────────┐
│ Fetch source files                                                           │
└──────────────────────────────────────────────────────────────────────────────┘


Check APT
─────────

Checking available source versions...

Download source files with APT
──────────────────────────────

Reading package lists...
Building dependency tree...
Reading state information...
NOTICE: 'samtools' packaging is maintained in the 'Git' version control system at:
git://anonscm.debian.org/debian-med/samtools.git
Need to get 4333 kB of source archives.
Get:1 http://incoming.debian.org/debian-buildd/ buildd-unstable/main samtools 1.1-1 (dsc) [2104 B]
Get:2 http://incoming.debian.org/debian-buildd/ buildd-unstable/main samtools 1.1-1 (tar) [4321 kB]
Get:3 http://incoming.debian.org/debian-buildd/ buildd-unstable/main samtools 1.1-1 (diff) [10.2 kB]
Fetched 4333 kB in 2s (1724 kB/s)
Download complete and in download only mode

Check arch
──────────

Merged Build-Depends: build-essential, fakeroot
Filtered Build-Depends: build-essential, fakeroot
dpkg-deb: building package `sbuild-build-depends-core-dummy' in `/«BUILDDIR»/resolver-0BR0BW/apt_archive/sbuild-build-depends-core-dummy.deb'.
OK
Reading package lists...

┌──────────────────────────────────────────────────────────────────────────────┐
│ Install core build dependencies (apt-based resolver)                         │
└──────────────────────────────────────────────────────────────────────────────┘

Installing build dependencies
Reading package lists...
Building dependency tree...
Reading state information...
The following NEW packages will be installed:
  sbuild-build-depends-core-dummy
debconf: delaying package configuration, since apt-utils is not installed
0 upgraded, 1 newly installed, 0 to remove and 3 not upgraded.
Need to get 0 B/820 B of archives.
After this operation, 0 B of additional disk space will be used.
Selecting previously unselected package sbuild-build-depends-core-dummy.
(Reading database ... 11543 files and directories currently installed.)
Preparing to unpack .../sbuild-build-depends-core-dummy.deb ...
Unpacking sbuild-build-depends-core-dummy (0.invalid.0) ...
Setting up sbuild-build-depends-core-dummy (0.invalid.0) ...
Merged Build-Depends: base-files, base-passwd, bash, bsdutils, coreutils, dash, debianutils, diffutils, dpkg, e2fsprogs, findutils, grep, gzip, hostname, init, libc-bin, login, mount, ncurses-base, ncurses-bin, perl-base, sed, sysvinit-utils, tar, util-linux, libc6-dev | libc-dev, gcc (>= 4:4.9.1), g++ (>= 4:4.9.1), make, dpkg-dev (>= 1.17.11), debhelper (>= 9), bash-completion, libncurses5-dev, libhts-dev (>= 1.0), zlib1g-dev, tabix (>= 1.0)
Filtered Build-Depends: base-files, base-passwd, bash, bsdutils, coreutils, dash, debianutils, diffutils, dpkg, e2fsprogs, findutils, grep, gzip, hostname, init, libc-bin, login, mount, ncurses-base, ncurses-bin, perl-base, sed, sysvinit-utils, tar, util-linux, libc6-dev, gcc (>= 4:4.9.1), g++ (>= 4:4.9.1), make, dpkg-dev (>= 1.17.11), debhelper (>= 9), bash-completion, libncurses5-dev, libhts-dev (>= 1.0), zlib1g-dev, tabix (>= 1.0)
dpkg-deb: building package `sbuild-build-depends-samtools-dummy' in `/«BUILDDIR»/resolver-aJizjS/apt_archive/sbuild-build-depends-samtools-dummy.deb'.
OK
Reading package lists...

┌──────────────────────────────────────────────────────────────────────────────┐
│ Install samtools build dependencies (apt-based resolver)                     │
└──────────────────────────────────────────────────────────────────────────────┘

Installing build dependencies
Reading package lists...
Building dependency tree...
Reading state information...
The following extra packages will be installed:
  bash-completion bsdmainutils debhelper file gettext gettext-base groff-base
  intltool-debian libasprintf0c2 libcroco3 libffi6 libglib2.0-0 libhts-dev
  libhts1 libmagic1 libncurses5-dev libpipeline1 libtinfo-dev libunistring0
  libxml2 man-db po-debconf tabix zlib1g-dev
Suggested packages:
  wamerican wordlist whois vacation dh-make gettext-doc groff ncurses-doc less
  www-browser libmail-box-perl
Recommended packages:
  curl wget lynx-cur autopoint libasprintf-dev libgettextpo-dev
  libglib2.0-data shared-mime-info xdg-user-dirs xml-core
  libmail-sendmail-perl
The following NEW packages will be installed:
  bash-completion bsdmainutils debhelper file gettext gettext-base groff-base
  intltool-debian libasprintf0c2 libcroco3 libffi6 libglib2.0-0 libhts-dev
  libhts1 libmagic1 libncurses5-dev libpipeline1 libtinfo-dev libunistring0
  libxml2 man-db po-debconf sbuild-build-depends-samtools-dummy tabix
  zlib1g-dev
0 upgraded, 25 newly installed, 0 to remove and 3 not upgraded.
Need to get 9547 kB/9548 kB of archives.
After this operation, 29.2 MB of additional disk space will be used.
Get:1 http://ftp.uk.debian.org/debian/ unstable/main libpipeline1 arm64 1.3.1-1 [23.6 kB]
Get:2 http://ftp.uk.debian.org/debian/ unstable/main groff-base arm64 1.22.2-8 [1141 kB]
Get:3 http://ftp.uk.debian.org/debian/ unstable/main bsdmainutils arm64 9.0.5+b3 [178 kB]
Get:4 http://ftp.uk.debian.org/debian/ unstable/main man-db arm64 2.7.0.1-1 [973 kB]
Get:5 http://ftp.uk.debian.org/debian/ unstable/main bash-completion all 1:2.1-4 [182 kB]
Get:6 http://ftp.uk.debian.org/debian/ unstable/main libasprintf0c2 arm64 0.19.2-2+b1 [30.9 kB]
Get:7 http://ftp.uk.debian.org/debian/ unstable/main libmagic1 arm64 1:5.19-2 [231 kB]
Get:8 http://ftp.uk.debian.org/debian/ unstable/main libxml2 arm64 2.9.1+dfsg1-4+b2 [692 kB]
Get:9 http://ftp.uk.debian.org/debian/ unstable/main libffi6 arm64 3.1-2+b2 [18.9 kB]
Get:10 http://ftp.uk.debian.org/debian/ unstable/main libglib2.0-0 arm64 2.42.0-1 [2295 kB]
Get:11 http://ftp.uk.debian.org/debian/ unstable/main libcroco3 arm64 0.6.8-3 [119 kB]
Get:12 http://ftp.uk.debian.org/debian/ unstable/main libhts1 arm64 1.1-1 [171 kB]
Get:13 http://ftp.uk.debian.org/debian/ unstable/main libunistring0 arm64 0.9.3-5.2+b2 [257 kB]
Get:14 http://ftp.uk.debian.org/debian/ unstable/main file arm64 1:5.19-2 [58.2 kB]
Get:15 http://ftp.uk.debian.org/debian/ unstable/main gettext-base arm64 0.19.2-2+b1 [118 kB]
Get:16 http://ftp.uk.debian.org/debian/ unstable/main gettext arm64 0.19.2-2+b1 [1175 kB]
Get:17 http://ftp.uk.debian.org/debian/ unstable/main intltool-debian all 0.35.0+20060710.1 [30.8 kB]
Get:18 http://ftp.uk.debian.org/debian/ unstable/main po-debconf all 1.0.16+nmu3 [220 kB]
Get:19 http://ftp.uk.debian.org/debian/ unstable/main debhelper all 9.20140817 [814 kB]
Get:20 http://ftp.uk.debian.org/debian/ unstable/main libhts-dev arm64 1.1-1 [225 kB]
Get:21 http://ftp.uk.debian.org/debian/ unstable/main libtinfo-dev arm64 5.9+20140913-1+b1 [71.7 kB]
Get:22 http://ftp.uk.debian.org/debian/ unstable/main libncurses5-dev arm64 5.9+20140913-1+b1 [163 kB]
Get:23 http://ftp.uk.debian.org/debian/ unstable/main tabix arm64 1.1-1 [160 kB]
Get:24 http://ftp.uk.debian.org/debian/ unstable/main zlib1g-dev arm64 1:1.2.8.dfsg-2 [200 kB]
debconf: delaying package configuration, since apt-utils is not installed
Fetched 9547 kB in 44s (216 kB/s)
Selecting previously unselected package libpipeline1:arm64.
(Reading database ... 11543 files and directories currently installed.)
Preparing to unpack .../libpipeline1_1.3.1-1_arm64.deb ...
Unpacking libpipeline1:arm64 (1.3.1-1) ...
Selecting previously unselected package groff-base.
Preparing to unpack .../groff-base_1.22.2-8_arm64.deb ...
Unpacking groff-base (1.22.2-8) ...
Selecting previously unselected package bsdmainutils.
Preparing to unpack .../bsdmainutils_9.0.5+b3_arm64.deb ...
Unpacking bsdmainutils (9.0.5+b3) ...
Selecting previously unselected package man-db.
Preparing to unpack .../man-db_2.7.0.1-1_arm64.deb ...
Unpacking man-db (2.7.0.1-1) ...
Selecting previously unselected package bash-completion.
Preparing to unpack .../bash-completion_1%3a2.1-4_all.deb ...
Unpacking bash-completion (1:2.1-4) ...
Selecting previously unselected package libasprintf0c2:arm64.
Preparing to unpack .../libasprintf0c2_0.19.2-2+b1_arm64.deb ...
Unpacking libasprintf0c2:arm64 (0.19.2-2+b1) ...
Selecting previously unselected package libmagic1:arm64.
Preparing to unpack .../libmagic1_1%3a5.19-2_arm64.deb ...
Unpacking libmagic1:arm64 (1:5.19-2) ...
Selecting previously unselected package libxml2:arm64.
Preparing to unpack .../libxml2_2.9.1+dfsg1-4+b2_arm64.deb ...
Unpacking libxml2:arm64 (2.9.1+dfsg1-4+b2) ...
Selecting previously unselected package libffi6:arm64.
Preparing to unpack .../libffi6_3.1-2+b2_arm64.deb ...
Unpacking libffi6:arm64 (3.1-2+b2) ...
Selecting previously unselected package libglib2.0-0:arm64.
Preparing to unpack .../libglib2.0-0_2.42.0-1_arm64.deb ...
Unpacking libglib2.0-0:arm64 (2.42.0-1) ...
Selecting previously unselected package libcroco3:arm64.
Preparing to unpack .../libcroco3_0.6.8-3_arm64.deb ...
Unpacking libcroco3:arm64 (0.6.8-3) ...
Selecting previously unselected package libhts1:arm64.
Preparing to unpack .../libhts1_1.1-1_arm64.deb ...
Unpacking libhts1:arm64 (1.1-1) ...
Selecting previously unselected package libunistring0:arm64.
Preparing to unpack .../libunistring0_0.9.3-5.2+b2_arm64.deb ...
Unpacking libunistring0:arm64 (0.9.3-5.2+b2) ...
Selecting previously unselected package file.
Preparing to unpack .../file_1%3a5.19-2_arm64.deb ...
Unpacking file (1:5.19-2) ...
Selecting previously unselected package gettext-base.
Preparing to unpack .../gettext-base_0.19.2-2+b1_arm64.deb ...
Unpacking gettext-base (0.19.2-2+b1) ...
Selecting previously unselected package gettext.
Preparing to unpack .../gettext_0.19.2-2+b1_arm64.deb ...
Unpacking gettext (0.19.2-2+b1) ...
Selecting previously unselected package intltool-debian.
Preparing to unpack .../intltool-debian_0.35.0+20060710.1_all.deb ...
Unpacking intltool-debian (0.35.0+20060710.1) ...
Selecting previously unselected package po-debconf.
Preparing to unpack .../po-debconf_1.0.16+nmu3_all.deb ...
Unpacking po-debconf (1.0.16+nmu3) ...
Selecting previously unselected package debhelper.
Preparing to unpack .../debhelper_9.20140817_all.deb ...
Unpacking debhelper (9.20140817) ...
Selecting previously unselected package libhts-dev:arm64.
Preparing to unpack .../libhts-dev_1.1-1_arm64.deb ...
Unpacking libhts-dev:arm64 (1.1-1) ...
Selecting previously unselected package libtinfo-dev:arm64.
Preparing to unpack .../libtinfo-dev_5.9+20140913-1+b1_arm64.deb ...
Unpacking libtinfo-dev:arm64 (5.9+20140913-1+b1) ...
Selecting previously unselected package libncurses5-dev:arm64.
Preparing to unpack .../libncurses5-dev_5.9+20140913-1+b1_arm64.deb ...
Unpacking libncurses5-dev:arm64 (5.9+20140913-1+b1) ...
Selecting previously unselected package tabix.
Preparing to unpack .../archives/tabix_1.1-1_arm64.deb ...
Unpacking tabix (1.1-1) ...
Selecting previously unselected package zlib1g-dev:arm64.
Preparing to unpack .../zlib1g-dev_1%3a1.2.8.dfsg-2_arm64.deb ...
Unpacking zlib1g-dev:arm64 (1:1.2.8.dfsg-2) ...
Selecting previously unselected package sbuild-build-depends-samtools-dummy.
Preparing to unpack .../sbuild-build-depends-samtools-dummy.deb ...
Unpacking sbuild-build-depends-samtools-dummy (0.invalid.0) ...
Setting up libpipeline1:arm64 (1.3.1-1) ...
Setting up groff-base (1.22.2-8) ...
Setting up bsdmainutils (9.0.5+b3) ...
update-alternatives: using /usr/bin/bsd-write to provide /usr/bin/write (write) in auto mode
update-alternatives: using /usr/bin/bsd-from to provide /usr/bin/from (from) in auto mode
Setting up man-db (2.7.0.1-1) ...
Not building database; man-db/auto-update is not 'true'.
Setting up bash-completion (1:2.1-4) ...
Setting up libasprintf0c2:arm64 (0.19.2-2+b1) ...
Setting up libmagic1:arm64 (1:5.19-2) ...
Setting up libxml2:arm64 (2.9.1+dfsg1-4+b2) ...
Setting up libffi6:arm64 (3.1-2+b2) ...
Setting up libglib2.0-0:arm64 (2.42.0-1) ...
No schema files found: doing nothing.
Setting up libcroco3:arm64 (0.6.8-3) ...
Setting up libhts1:arm64 (1.1-1) ...
Setting up libunistring0:arm64 (0.9.3-5.2+b2) ...
Setting up file (1:5.19-2) ...
Setting up gettext-base (0.19.2-2+b1) ...
Setting up gettext (0.19.2-2+b1) ...
Setting up intltool-debian (0.35.0+20060710.1) ...
Setting up po-debconf (1.0.16+nmu3) ...
Setting up debhelper (9.20140817) ...
Setting up libhts-dev:arm64 (1.1-1) ...
Setting up libtinfo-dev:arm64 (5.9+20140913-1+b1) ...
Setting up libncurses5-dev:arm64 (5.9+20140913-1+b1) ...
Setting up tabix (1.1-1) ...
Setting up zlib1g-dev:arm64 (1:1.2.8.dfsg-2) ...
Setting up sbuild-build-depends-samtools-dummy (0.invalid.0) ...
Processing triggers for libc-bin (2.19-11) ...

┌──────────────────────────────────────────────────────────────────────────────┐
│ Build environment                                                            │
└──────────────────────────────────────────────────────────────────────────────┘

Kernel: Linux 3.16.0 armhf (aarch64)
Toolchain package versions: binutils_2.24.51.20140918-1 dpkg-dev_1.17.13 g++-4.9_4.9.1-15 gcc-4.9_4.9.1-15 libc6-dev_2.19-11 libstdc++-4.9-dev_4.9.1-15 libstdc++6_4.9.1-15 linux-libc-dev_3.16.3-2
Package versions: acl_2.2.52-2 adduser_3.113+nmu3 apt_1.0.9.1 base-files_7.5+b2 base-passwd_3.5.36 bash_4.3-9 bash-completion_1:2.1-4 binutils_2.24.51.20140918-1 bsdmainutils_9.0.5+b3 bsdutils_1:2.20.1-5.8+b2 build-essential_11.7 bzip2_1.0.6-7+b2 coreutils_8.23-2 cpp_4:4.9.1-4 cpp-4.9_4.9.1-15 dash_0.5.7-4+b2 debconf_1.5.53 debfoster_2.7-2 debhelper_9.20140817 debian-archive-keyring_2014.1 debianutils_4.4+b2 diffutils_1:3.3-1+b2 dmsetup_2:1.02.90-1 dpkg_1.17.13 dpkg-dev_1.17.13 e2fslibs_1.42.12-1 e2fsprogs_1.42.12-1 fakeroot_1.20.1-1.1 file_1:5.19-2 findutils_4.4.2-9+b2 g++_4:4.9.1-4 g++-4.9_4.9.1-15 gcc_4:4.9.1-4 gcc-4.9_4.9.1-15 gcc-4.9-base_4.9.1-15 gettext_0.19.2-2+b1 gettext-base_0.19.2-2+b1 gnupg_1.4.18-4 gpgv_1.4.18-4 grep_2.20-3 groff-base_1.22.2-8 gzip_1.6-3+b2 hostname_3.15+b2 init_1.21 initscripts_2.88dsf-53.4 insserv_1.14.0-5+b2 intltool-debian_0.35.0+20060710.1 libacl1_2.2.52-2 libapt-pkg4.12_1.0.9.1 libasprintf0c2_0.19.2-2+b1 libatomic1_4.9.1-15 libattr1_1:2.4.47-2 libaudit-common_1:2.4-1 libaudit1_1:2.4-1 libblkid1_2.20.1-5.8+b2 libbz2-1.0_1.0.6-7+b2 libc-bin_2.19-11 libc-dev-bin_2.19-11 libc6_2.19-11 libc6-dev_2.19-11 libcap2_1:2.24-5 libcap2-bin_1:2.24-5 libcloog-isl4_0.18.2-1+b2 libcomerr2_1.42.12-1 libcroco3_0.6.8-3 libcryptsetup4_2:1.6.6-1 libdb5.3_5.3.28-6+b2 libdebconfclient0_0.192 libdevmapper1.02.1_2:1.02.90-1 libdpkg-perl_1.17.13 libfakeroot_1.20.1-1.1 libffi6_3.1-2+b2 libgc1c2_1:7.2d-6.3 libgcc-4.9-dev_4.9.1-15 libgcc1_1:4.9.1-15 libgcrypt11_1.5.4-3 libgcrypt20_1.6.2-3 libgdbm3_1.8.3-13+b2 libglib2.0-0_2.42.0-1 libgmp10_2:6.0.0+dfsg-6 libgomp1_4.9.1-15 libgpg-error0_1.16-1 libhts-dev_1.1-1 libhts1_1.1-1 libisl10_0.12.2-2+b2 libitm1_4.9.1-15 libkmod2_18-2 liblzma5_5.1.1alpha+20120614-2+b2 libmagic1_1:5.19-2 libmount1_2.20.1-5.8+b2 libmpc3_1.0.2-1+b2 libmpfr4_3.1.2-1+b2 libncurses5_5.9+20140913-1+b1 libncurses5-dev_5.9+20140913-1+b1 libncursesw5_5.9+20140913-1+b1 libpam-modules_1.1.8-3.1 libpam-modules-bin_1.1.8-3.1 libpam-runtime_1.1.8-3.1 libpam0g_1.1.8-3.1 libpcre3_1:8.35-3+b2 libpipeline1_1.3.1-1 libprocps3_1:3.3.9-7+b2 libreadline6_6.3-8+b2 libselinux1_2.3-2 libsemanage-common_2.3-1 libsemanage1_2.3-1+b2 libsepol1_2.3-2 libslang2_2.3.0-1 libss2_1.42.12-1 libstdc++-4.9-dev_4.9.1-15 libstdc++6_4.9.1-15 libsystemd0_215-4 libtimedate-perl_2.3000-2 libtinfo-dev_5.9+20140913-1+b1 libtinfo5_5.9+20140913-1+b1 libudev1_215-4 libunistring0_0.9.3-5.2+b2 libusb-0.1-4_2:0.1.12-24+b2 libustr-1.0-1_1.0.4-3+b2 libuuid1_2.20.1-5.8+b2 libxml2_2.9.1+dfsg1-4+b2 linux-libc-dev_3.16.3-2 login_1:4.2-2+b1 lsb-base_4.1+Debian13 make_4.0-8+b2 man-db_2.7.0.1-1 mawk_1.3.3-17+b2 mount_2.20.1-5.8+b2 multiarch-support_2.19-11 ncurses-base_5.9+20140913-1 ncurses-bin_5.9+20140913-1+b1 passwd_1:4.2-2+b1 patch_2.7.1-6 perl_5.20.1-1 perl-base_5.20.1-1 perl-modules_5.20.1-1 po-debconf_1.0.16+nmu3 procps_1:3.3.9-7+b2 readline-common_6.3-8 sbuild-build-depends-core-dummy_0.invalid.0 sbuild-build-depends-samtools-dummy_0.invalid.0 sed_4.2.2-4+b2 sensible-utils_0.0.9 startpar_0.59-3+b2 sudo_1.8.10p3-1 systemd_215-4 systemd-sysv_215-4 sysv-rc_2.88dsf-53.4 sysvinit-utils_2.88dsf-53.4 tabix_1.1-1 tar_1.27.1-2+b2 tzdata_2014g-1 udev_215-4 util-linux_2.20.1-5.8+b2 xz-utils_5.1.1alpha+20120614-2+b2 zlib1g_1:1.2.8.dfsg-2 zlib1g-dev_1:1.2.8.dfsg-2

┌──────────────────────────────────────────────────────────────────────────────┐
│ Build                                                                        │
└──────────────────────────────────────────────────────────────────────────────┘


Unpack source
─────────────

gpgv: keyblock resource `/sbuild-nonexistent/.gnupg/trustedkeys.gpg': file open error
gpgv: Signature made Thu Sep 25 00:09:33 2014 UTC using RSA key ID 2295D502
gpgv: Can't check signature: public key not found
dpkg-source: warning: failed to verify signature on ./samtools_1.1-1.dsc
dpkg-source: info: extracting samtools in samtools-1.1
dpkg-source: info: unpacking samtools_1.1.orig.tar.gz
dpkg-source: info: unpacking samtools_1.1-1.debian.tar.xz
dpkg-source: info: applying fix_coverage_cap.patch
dpkg-source: info: applying fix_segfault_with_small_ref.patch
dpkg-source: info: applying dynamic-build.patch
dpkg-source: info: applying debian-changes

Check disc space
────────────────

Sufficient free space for build

User Environment
────────────────

DEB_BUILD_OPTIONS=parallel=6
HOME=/sbuild-nonexistent
LOGNAME=buildd
PATH=/usr/local/sbin:/usr/local/bin:/usr/sbin:/usr/bin:/sbin:/bin:/usr/games
SCHROOT_ALIAS_NAME=sid-arm64-sbuild
SCHROOT_CHROOT_NAME=sid-arm64-sbuild
SCHROOT_COMMAND=env
SCHROOT_GID=1009
SCHROOT_GROUP=buildd
SCHROOT_SESSION_ID=sid-arm64-sbuild-871154a1-ba07-424d-b1df-148f48b013a7
SCHROOT_UID=2952
SCHROOT_USER=buildd
SHELL=/bin/sh
USER=buildd

dpkg-buildpackage
─────────────────

dpkg-buildpackage: source package samtools
dpkg-buildpackage: source version 1.1-1
dpkg-buildpackage: source distribution unstable
 dpkg-source --before-build samtools-1.1
dpkg-buildpackage: host architecture arm64
dpkg-source: info: using options from samtools-1.1/debian/source/options: --single-debian-patch
 fakeroot debian/rules clean
dh clean --parallel
   dh_testdir -O--parallel
   dh_auto_clean -O--parallel
	make -j6 distclean
make[1]: Entering directory '/«PKGBUILDDIR»'
rm -f test/*.new test/*.tmp test/*/*.new test/*/*.tmp
cd test/mpileup && rm -f FAIL-*.out* PASS-*.out* anomalous.[bc]*am indels.[bc]*am mpileup.*.[cs]*am mpileup.*.crai overlap50.[bc]*am expected/1.out
rm -f *.o misc/*.o test/*.o test/*/*.o version.h
rm -f samtools libbam.a misc/ace2sam misc/maq2sam-long misc/maq2sam-short misc/md5fa misc/md5sum-lite misc/wgsim test/merge/test_bam_translate test/merge/test_pretty_header test/merge/test_rtrans_build test/merge/test_trans_tbl_init test/split/test_count_rg test/split/test_expand_format_string test/split/test_filter_header_rg test/split/test_parse_args test/vcf-miniview
rm -f TAGS
make[1]: Leaving directory '/«PKGBUILDDIR»'
   dh_clean -O--parallel
	rm -f debian/samtools.substvars
	rm -f debian/samtools.*.debhelper
	rm -rf debian/samtools/
	rm -f debian/samtools-test.substvars
	rm -f debian/samtools-test.*.debhelper
	rm -rf debian/samtools-test/
	rm -f debian/*.debhelper.log
	rm -f debian/files
	find .  \( \( -type f -a \
	        \( -name '#*#' -o -name '.*~' -o -name '*~' -o -name DEADJOE \
		 -o -name '*.orig' -o -name '*.rej' -o -name '*.bak' \
		 -o -name '.*.orig' -o -name .*.rej -o -name '.SUMS' \
		 -o -name TAGS -o \( -path '*/.deps/*' -a -name '*.P' \) \
		\) -exec rm -f {} + \) -o \
		\( -type d -a -name autom4te.cache -prune -exec rm -rf {} + \) \)
	rm -f *-stamp
 debian/rules build-arch
dh build-arch --parallel
   dh_testdir -a -O--parallel
   dh_auto_configure -a -O--parallel
   debian/rules override_dh_auto_build
make[1]: Entering directory '/«PKGBUILDDIR»'
dh_auto_build -- \
  HTSDIR="/usr/include" \
  HTSLIB=/usr/lib/aarch64-linux-gnu/libhts.a \
  CFLAGS="$(dpkg-buildflags --get CFLAGS)" \
  CPPFLAGS="\$(DFLAGS) \$(INCLUDES) $(dpkg-buildflags --get CPPFLAGS)" \
  LDFLAGS="$(dpkg-buildflags --get LDFLAGS)" \
  LDLIBS="-lhts"
	make -j6 HTSDIR=/usr/include HTSLIB=/usr/lib/aarch64-linux-gnu/libhts.a "CFLAGS=-g -O2 -fstack-protector-strong -Wformat -Werror=format-security" "CPPFLAGS=\$(DFLAGS) \$(INCLUDES) -D_FORTIFY_SOURCE=2" LDFLAGS=-Wl,-z,relro LDLIBS=-lhts
make[2]: Entering directory '/«PKGBUILDDIR»'
gcc -g -O2 -fstack-protector-strong -Wformat -Werror=format-security -D_FILE_OFFSET_BITS=64 -D_LARGEFILE64_SOURCE -D_CURSES_LIB=1 -I. -I/usr/include -D_FORTIFY_SOURCE=2 -c -o bam_index.o bam_index.c
gcc -g -O2 -fstack-protector-strong -Wformat -Werror=format-security -D_FILE_OFFSET_BITS=64 -D_LARGEFILE64_SOURCE -D_CURSES_LIB=1 -I. -I/usr/include -D_FORTIFY_SOURCE=2 -c -o bam_plcmd.o bam_plcmd.c
gcc -g -O2 -fstack-protector-strong -Wformat -Werror=format-security -D_FILE_OFFSET_BITS=64 -D_LARGEFILE64_SOURCE -D_CURSES_LIB=1 -I. -I/usr/include -D_FORTIFY_SOURCE=2 -c -o sam_view.o sam_view.c
gcc -g -O2 -fstack-protector-strong -Wformat -Werror=format-security -D_FILE_OFFSET_BITS=64 -D_LARGEFILE64_SOURCE -D_CURSES_LIB=1 -I. -I/usr/include -D_FORTIFY_SOURCE=2 -c -o bam_cat.o bam_cat.c
gcc -g -O2 -fstack-protector-strong -Wformat -Werror=format-security -D_FILE_OFFSET_BITS=64 -D_LARGEFILE64_SOURCE -D_CURSES_LIB=1 -I. -I/usr/include -D_FORTIFY_SOURCE=2 -c -o bam_md.o bam_md.c
gcc -g -O2 -fstack-protector-strong -Wformat -Werror=format-security -D_FILE_OFFSET_BITS=64 -D_LARGEFILE64_SOURCE -D_CURSES_LIB=1 -I. -I/usr/include -D_FORTIFY_SOURCE=2 -c -o bam_reheader.o bam_reheader.c
gcc -g -O2 -fstack-protector-strong -Wformat -Werror=format-security -D_FILE_OFFSET_BITS=64 -D_LARGEFILE64_SOURCE -D_CURSES_LIB=1 -I. -I/usr/include -D_FORTIFY_SOURCE=2 -c -o bam_sort.o bam_sort.c
gcc -g -O2 -fstack-protector-strong -Wformat -Werror=format-security -D_FILE_OFFSET_BITS=64 -D_LARGEFILE64_SOURCE -D_CURSES_LIB=1 -I. -I/usr/include -D_FORTIFY_SOURCE=2 -c -o bedidx.o bedidx.c
gcc -g -O2 -fstack-protector-strong -Wformat -Werror=format-security -D_FILE_OFFSET_BITS=64 -D_LARGEFILE64_SOURCE -D_CURSES_LIB=1 -I. -I/usr/include -D_FORTIFY_SOURCE=2 -c -o kprobaln.o kprobaln.c
gcc -g -O2 -fstack-protector-strong -Wformat -Werror=format-security -D_FILE_OFFSET_BITS=64 -D_LARGEFILE64_SOURCE -D_CURSES_LIB=1 -I. -I/usr/include -D_FORTIFY_SOURCE=2 -c -o bam_rmdup.o bam_rmdup.c
gcc -g -O2 -fstack-protector-strong -Wformat -Werror=format-security -D_FILE_OFFSET_BITS=64 -D_LARGEFILE64_SOURCE -D_CURSES_LIB=1 -I. -I/usr/include -D_FORTIFY_SOURCE=2 -c -o bam_rmdupse.o bam_rmdupse.c
gcc -g -O2 -fstack-protector-strong -Wformat -Werror=format-security -D_FILE_OFFSET_BITS=64 -D_LARGEFILE64_SOURCE -D_CURSES_LIB=1 -I. -I/usr/include -D_FORTIFY_SOURCE=2 -c -o bam_mate.o bam_mate.c
gcc -g -O2 -fstack-protector-strong -Wformat -Werror=format-security -D_FILE_OFFSET_BITS=64 -D_LARGEFILE64_SOURCE -D_CURSES_LIB=1 -I. -I/usr/include -D_FORTIFY_SOURCE=2 -c -o bam_stat.o bam_stat.c
gcc -g -O2 -fstack-protector-strong -Wformat -Werror=format-security -D_FILE_OFFSET_BITS=64 -D_LARGEFILE64_SOURCE -D_CURSES_LIB=1 -I. -I/usr/include -D_FORTIFY_SOURCE=2 -c -o bam_color.o bam_color.c
echo '#define SAMTOOLS_VERSION "1.1"' > version.h
gcc -g -O2 -fstack-protector-strong -Wformat -Werror=format-security -D_FILE_OFFSET_BITS=64 -D_LARGEFILE64_SOURCE -D_CURSES_LIB=1 -I. -I/usr/include -D_FORTIFY_SOURCE=2 -c -o kaln.o kaln.c
gcc -g -O2 -fstack-protector-strong -Wformat -Werror=format-security -D_FILE_OFFSET_BITS=64 -D_LARGEFILE64_SOURCE -D_CURSES_LIB=1 -I. -I/usr/include -D_FORTIFY_SOURCE=2 -c -o bam2bcf.o bam2bcf.c
gcc -g -O2 -fstack-protector-strong -Wformat -Werror=format-security -D_FILE_OFFSET_BITS=64 -D_LARGEFILE64_SOURCE -D_CURSES_LIB=1 -I. -I/usr/include -D_FORTIFY_SOURCE=2 -c -o bam2bcf_indel.o bam2bcf_indel.c
gcc -g -O2 -fstack-protector-strong -Wformat -Werror=format-security -D_FILE_OFFSET_BITS=64 -D_LARGEFILE64_SOURCE -D_CURSES_LIB=1 -I. -I/usr/include -D_FORTIFY_SOURCE=2 -c -o errmod.o errmod.c
gcc -g -O2 -fstack-protector-strong -Wformat -Werror=format-security -D_FILE_OFFSET_BITS=64 -D_LARGEFILE64_SOURCE -D_CURSES_LIB=1 -I. -I/usr/include -D_FORTIFY_SOURCE=2 -c -o sample.o sample.c
gcc -g -O2 -fstack-protector-strong -Wformat -Werror=format-security -D_FILE_OFFSET_BITS=64 -D_LARGEFILE64_SOURCE -D_CURSES_LIB=1 -I. -I/usr/include -D_FORTIFY_SOURCE=2 -c -o cut_target.o cut_target.c
gcc -g -O2 -fstack-protector-strong -Wformat -Werror=format-security -D_FILE_OFFSET_BITS=64 -D_LARGEFILE64_SOURCE -D_CURSES_LIB=1 -I. -I/usr/include -D_FORTIFY_SOURCE=2 -c -o phase.o phase.c
gcc -g -O2 -fstack-protector-strong -Wformat -Werror=format-security -D_FILE_OFFSET_BITS=64 -D_LARGEFILE64_SOURCE -D_CURSES_LIB=1 -I. -I/usr/include -D_FORTIFY_SOURCE=2 -c -o bam2depth.o bam2depth.c
gcc -g -O2 -fstack-protector-strong -Wformat -Werror=format-security -D_FILE_OFFSET_BITS=64 -D_LARGEFILE64_SOURCE -D_CURSES_LIB=1 -I. -I/usr/include -D_FORTIFY_SOURCE=2 -c -o padding.o padding.c
gcc -g -O2 -fstack-protector-strong -Wformat -Werror=format-security -D_FILE_OFFSET_BITS=64 -D_LARGEFILE64_SOURCE -D_CURSES_LIB=1 -I. -I/usr/include -D_FORTIFY_SOURCE=2 -c -o bedcov.o bedcov.c
gcc -g -O2 -fstack-protector-strong -Wformat -Werror=format-security -D_FILE_OFFSET_BITS=64 -D_LARGEFILE64_SOURCE -D_CURSES_LIB=1 -I. -I/usr/include -D_FORTIFY_SOURCE=2 -c -o bamshuf.o bamshuf.c
gcc -g -O2 -fstack-protector-strong -Wformat -Werror=format-security -D_FILE_OFFSET_BITS=64 -D_LARGEFILE64_SOURCE -D_CURSES_LIB=1 -I. -I/usr/include -D_FORTIFY_SOURCE=2 -c -o faidx.o faidx.c
gcc -g -O2 -fstack-protector-strong -Wformat -Werror=format-security -D_FILE_OFFSET_BITS=64 -D_LARGEFILE64_SOURCE -D_CURSES_LIB=1 -I. -I/usr/include -D_FORTIFY_SOURCE=2 -c -o stats.o stats.c
gcc -g -O2 -fstack-protector-strong -Wformat -Werror=format-security -D_FILE_OFFSET_BITS=64 -D_LARGEFILE64_SOURCE -D_CURSES_LIB=1 -I. -I/usr/include -D_FORTIFY_SOURCE=2 -c -o stats_isize.o stats_isize.c
gcc -g -O2 -fstack-protector-strong -Wformat -Werror=format-security -D_FILE_OFFSET_BITS=64 -D_LARGEFILE64_SOURCE -D_CURSES_LIB=1 -I. -I/usr/include -D_FORTIFY_SOURCE=2 -c -o bam_flags.o bam_flags.c
gcc -g -O2 -fstack-protector-strong -Wformat -Werror=format-security -D_FILE_OFFSET_BITS=64 -D_LARGEFILE64_SOURCE -D_CURSES_LIB=1 -I. -I/usr/include -D_FORTIFY_SOURCE=2 -c -o bam_split.o bam_split.c
gcc -g -O2 -fstack-protector-strong -Wformat -Werror=format-security -D_FILE_OFFSET_BITS=64 -D_LARGEFILE64_SOURCE -D_CURSES_LIB=1 -I. -I/usr/include -D_FORTIFY_SOURCE=2 -c -o bam_tview.o bam_tview.c
gcc -g -O2 -fstack-protector-strong -Wformat -Werror=format-security -D_FILE_OFFSET_BITS=64 -D_LARGEFILE64_SOURCE -D_CURSES_LIB=1 -I. -I/usr/include -D_FORTIFY_SOURCE=2 -c -o bam_tview_curses.o bam_tview_curses.c
gcc -g -O2 -fstack-protector-strong -Wformat -Werror=format-security -D_FILE_OFFSET_BITS=64 -D_LARGEFILE64_SOURCE -D_CURSES_LIB=1 -I. -I/usr/include -D_FORTIFY_SOURCE=2 -c -o bam_tview_html.o bam_tview_html.c
gcc -g -O2 -fstack-protector-strong -Wformat -Werror=format-security -D_FILE_OFFSET_BITS=64 -D_LARGEFILE64_SOURCE -D_CURSES_LIB=1 -I. -I/usr/include -D_FORTIFY_SOURCE=2 -c -o bam_lpileup.o bam_lpileup.c
gcc -g -O2 -fstack-protector-strong -Wformat -Werror=format-security -D_FILE_OFFSET_BITS=64 -D_LARGEFILE64_SOURCE -D_CURSES_LIB=1 -I. -I/usr/include -D_FORTIFY_SOURCE=2 -c -o bam_aux.o bam_aux.c
gcc -g -O2 -fstack-protector-strong -Wformat -Werror=format-security -D_FILE_OFFSET_BITS=64 -D_LARGEFILE64_SOURCE -D_CURSES_LIB=1 -I. -I/usr/include -D_FORTIFY_SOURCE=2 -c -o bam.o bam.c
gcc -g -O2 -fstack-protector-strong -Wformat -Werror=format-security -D_FILE_OFFSET_BITS=64 -D_LARGEFILE64_SOURCE -D_CURSES_LIB=1 -I. -I/usr/include -D_FORTIFY_SOURCE=2 -c -o bam_import.o bam_import.c
gcc -g -O2 -fstack-protector-strong -Wformat -Werror=format-security -D_FILE_OFFSET_BITS=64 -D_LARGEFILE64_SOURCE -D_CURSES_LIB=1 -I. -I/usr/include -D_FORTIFY_SOURCE=2 -c -o sam.o sam.c
gcc -g -O2 -fstack-protector-strong -Wformat -Werror=format-security -D_FILE_OFFSET_BITS=64 -D_LARGEFILE64_SOURCE -D_CURSES_LIB=1 -I. -I/usr/include -D_FORTIFY_SOURCE=2 -c -o sam_header.o sam_header.c
gcc -g -O2 -fstack-protector-strong -Wformat -Werror=format-security -D_FILE_OFFSET_BITS=64 -D_LARGEFILE64_SOURCE -D_CURSES_LIB=1 -I. -I/usr/include -D_FORTIFY_SOURCE=2 -c -o bam_plbuf.o bam_plbuf.c
gcc -g -O2 -fstack-protector-strong -Wformat -Werror=format-security -D_FILE_OFFSET_BITS=64 -D_LARGEFILE64_SOURCE -D_CURSES_LIB=1 -I. -I/usr/include -D_FORTIFY_SOURCE=2 -c -o misc/ace2sam.o misc/ace2sam.c
gcc -g -O2 -fstack-protector-strong -Wformat -Werror=format-security -D_FILE_OFFSET_BITS=64 -D_LARGEFILE64_SOURCE -D_CURSES_LIB=1 -I. -I/usr/include -D_FORTIFY_SOURCE=2 -DMAQ_LONGREADS -c -o misc/maq2sam-long.o misc/maq2sam.c
gcc -g -O2 -fstack-protector-strong -Wformat -Werror=format-security -D_FILE_OFFSET_BITS=64 -D_LARGEFILE64_SOURCE -D_CURSES_LIB=1 -I. -I/usr/include -D_FORTIFY_SOURCE=2 -c -o misc/maq2sam-short.o misc/maq2sam.c
gcc -g -O2 -fstack-protector-strong -Wformat -Werror=format-security -D_FILE_OFFSET_BITS=64 -D_LARGEFILE64_SOURCE -D_CURSES_LIB=1 -I. -I/usr/include -D_FORTIFY_SOURCE=2 -c -o misc/md5fa.o misc/md5fa.c
gcc -g -O2 -fstack-protector-strong -Wformat -Werror=format-security -D_FILE_OFFSET_BITS=64 -D_LARGEFILE64_SOURCE -D_CURSES_LIB=1 -I. -I/usr/include -D_FORTIFY_SOURCE=2 -c -o misc/md5.o misc/md5.c
gcc -g -O2 -fstack-protector-strong -Wformat -Werror=format-security -D_FILE_OFFSET_BITS=64 -D_LARGEFILE64_SOURCE -D_CURSES_LIB=1 -I. -I/usr/include -D_FORTIFY_SOURCE=2 -DMD5SUM_MAIN -c -o misc/md5sum-lite.o misc/md5.c
gcc -g -O2 -fstack-protector-strong -Wformat -Werror=format-security -D_FILE_OFFSET_BITS=64 -D_LARGEFILE64_SOURCE -D_CURSES_LIB=1 -I. -I/usr/include -D_FORTIFY_SOURCE=2 -c -o misc/wgsim.o misc/wgsim.c
gcc -g -O2 -fstack-protector-strong -Wformat -Werror=format-security -D_FILE_OFFSET_BITS=64 -D_LARGEFILE64_SOURCE -D_CURSES_LIB=1 -I. -I/usr/include -D_FORTIFY_SOURCE=2 -c -o test/merge/test_bam_translate.o test/merge/test_bam_translate.c
gcc -g -O2 -fstack-protector-strong -Wformat -Werror=format-security -D_FILE_OFFSET_BITS=64 -D_LARGEFILE64_SOURCE -D_CURSES_LIB=1 -I. -I/usr/include -D_FORTIFY_SOURCE=2 -c -o test/test.o test/test.c
gcc -g -O2 -fstack-protector-strong -Wformat -Werror=format-security -D_FILE_OFFSET_BITS=64 -D_LARGEFILE64_SOURCE -D_CURSES_LIB=1 -I. -I/usr/include -D_FORTIFY_SOURCE=2 -c -o test/merge/test_pretty_header.o test/merge/test_pretty_header.c
gcc -g -O2 -fstack-protector-strong -Wformat -Werror=format-security -D_FILE_OFFSET_BITS=64 -D_LARGEFILE64_SOURCE -D_CURSES_LIB=1 -I. -I/usr/include -D_FORTIFY_SOURCE=2 -c -o test/merge/test_rtrans_build.o test/merge/test_rtrans_build.c
gcc -g -O2 -fstack-protector-strong -Wformat -Werror=format-security -D_FILE_OFFSET_BITS=64 -D_LARGEFILE64_SOURCE -D_CURSES_LIB=1 -I. -I/usr/include -D_FORTIFY_SOURCE=2 -c -o test/merge/test_trans_tbl_init.o test/merge/test_trans_tbl_init.c
gcc -g -O2 -fstack-protector-strong -Wformat -Werror=format-security -D_FILE_OFFSET_BITS=64 -D_LARGEFILE64_SOURCE -D_CURSES_LIB=1 -I. -I/usr/include -D_FORTIFY_SOURCE=2 -c -o test/split/test_count_rg.o test/split/test_count_rg.c
gcc -g -O2 -fstack-protector-strong -Wformat -Werror=format-security -D_FILE_OFFSET_BITS=64 -D_LARGEFILE64_SOURCE -D_CURSES_LIB=1 -I. -I/usr/include -D_FORTIFY_SOURCE=2 -c -o test/split/test_expand_format_string.o test/split/test_expand_format_string.c
gcc -g -O2 -fstack-protector-strong -Wformat -Werror=format-security -D_FILE_OFFSET_BITS=64 -D_LARGEFILE64_SOURCE -D_CURSES_LIB=1 -I. -I/usr/include -D_FORTIFY_SOURCE=2 -c -o test/split/test_filter_header_rg.o test/split/test_filter_header_rg.c
gcc -g -O2 -fstack-protector-strong -Wformat -Werror=format-security -D_FILE_OFFSET_BITS=64 -D_LARGEFILE64_SOURCE -D_CURSES_LIB=1 -I. -I/usr/include -D_FORTIFY_SOURCE=2 -c -o test/split/test_parse_args.o test/split/test_parse_args.c
gcc -g -O2 -fstack-protector-strong -Wformat -Werror=format-security -D_FILE_OFFSET_BITS=64 -D_LARGEFILE64_SOURCE -D_CURSES_LIB=1 -I. -I/usr/include -D_FORTIFY_SOURCE=2 -c -o test/vcf-miniview.o test/vcf-miniview.c
gcc -g -O2 -fstack-protector-strong -Wformat -Werror=format-security -D_FILE_OFFSET_BITS=64 -D_LARGEFILE64_SOURCE -D_CURSES_LIB=1 -I. -I/usr/include -D_FORTIFY_SOURCE=2 -c -o bamtk.o bamtk.c
ar -csru libbam.a bam_aux.o bam.o bam_import.o sam.o sam_header.o bam_plbuf.o
gcc -Wl,-z,relro -o misc/ace2sam misc/ace2sam.o -lhts -lz
gcc -Wl,-z,relro -o misc/maq2sam-long misc/maq2sam-long.o -lhts -lz
gcc -Wl,-z,relro -o misc/maq2sam-short misc/maq2sam-short.o -lhts -lz
gcc -Wl,-z,relro -o misc/md5fa misc/md5fa.o misc/md5.o -lhts -lz
gcc -Wl,-z,relro -o misc/md5sum-lite misc/md5sum-lite.o -lhts
gcc -Wl,-z,relro -o misc/wgsim misc/wgsim.o -lhts -lm -lz
gcc -pthread -Wl,-z,relro -o test/split/test_count_rg test/split/test_count_rg.o test/test.o /usr/lib/aarch64-linux-gnu/libhts.a -lhts -lz
gcc -pthread -Wl,-z,relro -o test/split/test_expand_format_string test/split/test_expand_format_string.o test/test.o /usr/lib/aarch64-linux-gnu/libhts.a -lhts -lz
gcc -pthread -Wl,-z,relro -o test/split/test_filter_header_rg test/split/test_filter_header_rg.o test/test.o /usr/lib/aarch64-linux-gnu/libhts.a -lhts -lz
gcc -pthread -Wl,-z,relro -o test/vcf-miniview test/vcf-miniview.o /usr/lib/aarch64-linux-gnu/libhts.a -lhts -lz
gcc -pthread -Wl,-z,relro -o samtools bam_index.o bam_plcmd.o sam_view.o bam_cat.o bam_md.o bam_reheader.o bam_sort.o bedidx.o kprobaln.o bam_rmdup.o bam_rmdupse.o bam_mate.o bam_stat.o bam_color.o bamtk.o kaln.o bam2bcf.o bam2bcf_indel.o errmod.o sample.o cut_target.o phase.o bam2depth.o padding.o bedcov.o bamshuf.o faidx.o stats.o stats_isize.o bam_flags.o bam_split.o bam_tview.o bam_tview_curses.o bam_tview_html.o bam_lpileup.o libbam.a /usr/lib/aarch64-linux-gnu/libhts.a -lhts -lcurses  -lm -lz
gcc -pthread -Wl,-z,relro -o test/split/test_parse_args test/split/test_parse_args.o test/test.o /usr/lib/aarch64-linux-gnu/libhts.a -lhts -lz
gcc -pthread -Wl,-z,relro -o test/merge/test_trans_tbl_init test/merge/test_trans_tbl_init.o /usr/lib/aarch64-linux-gnu/libhts.a -lhts -lz
gcc -pthread -Wl,-z,relro -o test/merge/test_rtrans_build test/merge/test_rtrans_build.o /usr/lib/aarch64-linux-gnu/libhts.a -lhts -lz
gcc -pthread -Wl,-z,relro -o test/merge/test_pretty_header test/merge/test_pretty_header.o /usr/lib/aarch64-linux-gnu/libhts.a -lhts -lz
gcc -pthread -Wl,-z,relro -o test/merge/test_bam_translate test/merge/test_bam_translate.o test/test.o /usr/lib/aarch64-linux-gnu/libhts.a -lhts -lz
make[2]: Leaving directory '/«PKGBUILDDIR»'
make[1]: Leaving directory '/«PKGBUILDDIR»'
   debian/rules override_dh_auto_test
make[1]: Entering directory '/«PKGBUILDDIR»'
dh_auto_test -- \
  HTSDIR="/usr/include" \
  HTSLIB=/usr/lib/aarch64-linux-gnu/libhts.a \
  BGZIP=/usr/bin/bgzip
	make -j6 test HTSDIR=/usr/include HTSLIB=/usr/lib/aarch64-linux-gnu/libhts.a BGZIP=/usr/bin/bgzip
make[2]: Entering directory '/«PKGBUILDDIR»'
REF_PATH=: test/test.pl --exec bgzip=/usr/bin/bgzip
/usr/bin/bgzip -c -b 65272 -s 5 /tmp/PMW4HD3gTH/bgzip.dat.gz
.. ok

/usr/bin/bgzip -c -b 979200 -s 6 /tmp/PMW4HD3gTH/bgzip.dat.gz
.. ok

/usr/bin/bgzip -c -b 652804 -s 6 /tmp/PMW4HD3gTH/bgzip.dat.gz
.. ok

Signal caught, cleaning and exiting...
make[1]: *** [override_dh_auto_test] Terminated
make[2]: *** wait: No child processes.  Stop.
make[2]: *** Waiting for unfinished jobs....
make[2]: *** wait: No child processes.  Stop.
E: Caught signal ‘Terminated’: terminating immediately
make: *** [build-arch] Terminated
debian/rules:18: recipe for target 'override_dh_auto_test' failed
debian/rules:6: recipe for target 'build-arch' failed
The command failed [15]: /«PKGBUILDDIR»/samtools faidx /tmp/PMW4HD3gTH/faidx.fa
out:
err:
 at test/test.pl line 67.
	main::error("The command failed [15]: /«PKGBUILDDIR»/"..., "out:\x{a}", "err:\x{a}") called at test/test.pl line 138
	main::cmd("/«PKGBUILDDIR»/samtools faidx /tmp/PMW4H"...) called at test/test.pl line 390
	main::test_faidx(HASH(0x13b5fec8)) called at test/test.pl line 36
Build killed with signal TERM after 300 minutes of inactivity
────────────────────────────────────────────────────────────────────────────────
Build finished at 20140925-0529

Finished
────────

E: Build failure (dpkg-buildpackage died)

┌──────────────────────────────────────────────────────────────────────────────┐
│ Cleanup                                                                      │
└──────────────────────────────────────────────────────────────────────────────┘

Purging /«BUILDDIR»
Not cleaning session: cloned chroot in use

┌──────────────────────────────────────────────────────────────────────────────┐
│ Summary                                                                      │
└──────────────────────────────────────────────────────────────────────────────┘

Build Architecture: arm64
Build-Space: 23848
Build-Time: 18043
Distribution: sid
Fail-Stage: build
Host Architecture: arm64
Install-Time: 93
Job: samtools_1.1-1
Machine Architecture: armhf
Package: samtools
Package-Time: 18199
Source-Version: 1.1-1
Space: 23848
Status: attempted
Version: 1.1-1
────────────────────────────────────────────────────────────────────────────────
Finished at 20140925-0529
Build needed 05:03:19, 23848k disc space
