From buildd@antheil.debian.org Tue Apr 12 12:14:05 2011
Return-path: <buildd@antheil.debian.org>
Received: from merikanto.debian.org ([2001:858:2:2:216:35ff:fec4:a49a])
	from C=NA, ST=NA, L=Ankh Morpork, O=Debian SMTP, OU=Debian SMTP CA,
	CN=merikanto.debian.org,
	EMAIL=hostmaster@merikanto.debian.org (verified)
	by grieg.debian.org with esmtps (TLS1.0:RSA_AES_256_CBC_SHA1:32)
	(Exim 4.69) (envelope-from <buildd@antheil.debian.org>)
	id 1Q9cTt-0005mO-0T
	for logs@buildd.debian.org; Tue, 12 Apr 2011 12:14:05 +0000
Received: from antheil.islands.arm.com ([217.140.96.60]
	helo=antheil.debian.org)
	from C=NA, ST=NA, L=Ankh Morpork, O=Debian SMTP, OU=Debian SMTP CA,
	CN=antheil.debian.org, EMAIL=hostmaster@antheil.debian.org (verified)
	by merikanto.debian.org with esmtps (TLS1.0:RSA_AES_256_CBC_SHA1:32)
	(Exim 4.72) (envelope-from <buildd@antheil.debian.org>)
	id 1Q9cTm-0007Ul-0Z
	for logs@buildd.debian.org; Tue, 12 Apr 2011 12:13:58 +0000
Received: from buildd by antheil.debian.org with local (Exim 4.69)
	(envelope-from <buildd@antheil.debian.org>)
	id 1Q9cTk-0004Tf-HY; Tue, 12 Apr 2011 12:13:56 +0000
From: buildd on antheil <buildd@antheil.debian.org>
To: buildd-porters@antheil.debian.org,logs@buildd.debian.org
Subject: Log for attempted build of samtools_0.1.15-1 on armel (dist=sid)
Content-Type: text/plain; charset=UTF-8
Content-Transfer-Encoding: 8bit
Message-Id: <E1Q9cTk-0004Tf-HY@antheil.debian.org>
Date: Tue, 12 Apr 2011 12:13:56 +0000
Delivered-To: logs@buildd.debian.org

sbuild (Debian sbuild) 0.61.0 (23 Feb 2011) on antheil.debian.org

╔══════════════════════════════════════════════════════════════════════════════╗
║ samtools 0.1.15-1 (armel)                                  12 Apr 2011 12:05 ║
╚══════════════════════════════════════════════════════════════════════════════╝

Package: samtools
Version: 0.1.15-1
Source Version: 0.1.15-1
Architecture: armel
Get:1 http://ftp.uk.debian.org unstable InRelease [151 kB]
Get:2 http://incoming.debian.org unstable InRelease [151 kB]
Get:3 http://ftp.uk.debian.org unstable/main Sources [5265 kB]
Ign http://incoming.debian.org  InRelease
Get:4 http://incoming.debian.org  Release.gpg [836 B]
Get:5 http://incoming.debian.org unstable/main Sources [5265 kB]
Get:6 http://ftp.uk.debian.org unstable/contrib Sources [48.2 kB]
Get:7 http://ftp.uk.debian.org unstable/non-free Sources [97.4 kB]
Get:8 http://ftp.uk.debian.org unstable/main armel Packages [6998 kB]
Get:9 http://incoming.debian.org unstable/contrib Sources [48.2 kB]
Get:10 http://incoming.debian.org unstable/non-free Sources [97.4 kB]
Get:11 http://incoming.debian.org unstable/main armel Packages [6998 kB]
Get:12 http://ftp.uk.debian.org unstable/contrib armel Packages [52.2 kB]
Ign http://ftp.uk.debian.org unstable/contrib TranslationIndex
Get:13 http://ftp.uk.debian.org unstable/main TranslationIndex [2264 B]
Ign http://ftp.uk.debian.org unstable/contrib Translation-en
Get:14 http://incoming.debian.org unstable/contrib armel Packages [52.2 kB]
Ign http://incoming.debian.org unstable/contrib TranslationIndex
Get:15 http://incoming.debian.org unstable/main TranslationIndex [2264 B]
Get:16 http://incoming.debian.org  Release [1604 B]
Get:17 http://incoming.debian.org  Sources [49.7 kB]
Get:18 http://incoming.debian.org  Packages [772 kB]
Ign http://incoming.debian.org unstable/contrib Translation-en
Ign http://incoming.debian.org  Translation-en
Fetched 26.1 MB in 57s (450 kB/s)
Reading package lists...

┌──────────────────────────────────────────────────────────────────────────────┐
│ Fetch source files                                                           │
└──────────────────────────────────────────────────────────────────────────────┘


Check APT
─────────

Checking available source versions...

Download source files with APT
──────────────────────────────

Reading package lists...
Building dependency tree...
Reading state information...
NOTICE: 'samtools' packaging is maintained in the 'Git' version control system at:
git://git.debian.org/debian-med/samtools.git
Need to get 383 kB of source archives.
Get:1 http://incoming.debian.org/buildd-unstable/  samtools 0.1.15-1 (dsc) [1939 B]
Get:2 http://incoming.debian.org/buildd-unstable/  samtools 0.1.15-1 (tar) [374 kB]
Get:3 http://incoming.debian.org/buildd-unstable/  samtools 0.1.15-1 (diff) [7005 B]
Fetched 383 kB in 1s (373 kB/s)
Download complete and in download only mode

Check arch
──────────


┌──────────────────────────────────────────────────────────────────────────────┐
│ Install core build dependencies (internal resolver)                          │
└──────────────────────────────────────────────────────────────────────────────┘

Build-Depends: build-essential, fakeroot
Checking for already installed dependencies...
build-essential: already installed (11.5)
fakeroot: already installed (1.15.1-1)
Checking for dependency conflicts...
Installing positive dependencies: 
Reading package lists...
Building dependency tree...
Reading state information...
0 upgraded, 0 newly installed, 0 to remove and 16 not upgraded.
Removing negative dependencies: 
Reading package lists...
Building dependency tree...
Reading state information...
0 upgraded, 0 newly installed, 0 to remove and 16 not upgraded.
Checking correctness of dependencies...

┌──────────────────────────────────────────────────────────────────────────────┐
│ Install samtools build dependencies (internal resolver)                      │
└──────────────────────────────────────────────────────────────────────────────┘

Build-Depends: base-files, base-passwd, bash, coreutils, dash, debianutils, diffutils, dpkg, e2fsprogs, findutils, grep, gzip, hostname, ncurses-base, ncurses-bin, perl-base, sed, login, sysvinit-utils, sysvinit, tar, bsdutils, mount, util-linux, libc6-dev | libc-dev, gcc (>= 4:4.4.3), g++ (>= 4:4.4.3), make, dpkg-dev (>= 1.13.5), debhelper (>= 8), cdbs, libncurses5-dev, zlib1g-dev
Checking for already installed dependencies...
base-files: already installed (6.1)
base-passwd: already installed (3.5.22)
bash: already installed (4.1-3)
coreutils: already installed (8.5-1)
dash: already installed (0.5.5.1-7.4)
debianutils: already installed (3.4.4)
diffutils: already installed (1:3.0-1)
dpkg: already installed (1.16.0)
e2fsprogs: already installed (1.41.12-2)
findutils: already installed (4.4.2-1+b1)
grep: already installed (2.6.3-3)
gzip: already installed (1.3.12-9)
hostname: already installed (3.06)
ncurses-base: already installed (5.8+20110307-1)
ncurses-bin: already installed (5.8+20110307-1)
perl-base: already installed (5.10.1-19)
sed: already installed (4.2.1-9)
login: already installed (1:4.1.4.2+svn3283-3)
sysvinit-utils: already installed (2.88dsf-13.1)
sysvinit: already installed (2.88dsf-13.1)
tar: already installed (1.25-3)
bsdutils: already installed (1:2.17.2-9.1)
mount: already installed (2.17.2-9.1)
util-linux: already installed (2.17.2-9.1)
libc6-dev: already installed (2.11.2-13)
gcc: already installed (4:4.5.2-5 >= 4:4.4.3 is satisfied)
g++: already installed (4:4.5.2-5 >= 4:4.4.3 is satisfied)
make: already installed (3.81-8)
dpkg-dev: already installed (1.16.0 >= 1.13.5 is satisfied)
debhelper: missing
Using default version 8.1.3
cdbs: missing
libncurses5-dev: missing
zlib1g-dev: missing
Checking for dependency conflicts...
Installing positive dependencies: debhelper cdbs libncurses5-dev zlib1g-dev
Reading package lists...
Building dependency tree...
Reading state information...
The following extra packages will be installed:
  bsdmainutils file gettext gettext-base groff-base html2text intltool-debian
  libcroco3 libglib2.0-0 libmagic1 libncurses5 libpcre3 libpipeline1
  libunistring0 libxml2 man-db ncurses-bin po-debconf
Suggested packages:
  wamerican wordlist whois vacation devscripts doc-base dh-make gettext-doc
  groff ncurses-doc less www-browser libmail-box-perl
Recommended packages:
  autotools-dev curl wget lynx-cur autopoint libglib2.0-data shared-mime-info
  libgpm2 xml-core libmail-sendmail-perl
The following NEW packages will be installed:
  bsdmainutils cdbs debhelper file gettext gettext-base groff-base html2text
  intltool-debian libcroco3 libglib2.0-0 libmagic1 libncurses5-dev libpcre3
  libpipeline1 libunistring0 libxml2 man-db po-debconf zlib1g-dev
The following packages will be upgraded:
  libncurses5 ncurses-bin
2 upgraded, 20 newly installed, 0 to remove and 14 not upgraded.
Need to get 11.3 MB of archives.
After this operation, 29.7 MB of additional disk space will be used.
Get:1 http://ftp.uk.debian.org/debian/ unstable/main ncurses-bin armel 5.9-1 [328 kB]
Get:2 http://ftp.uk.debian.org/debian/ unstable/main libncurses5 armel 5.9-1 [357 kB]
Get:3 http://ftp.uk.debian.org/debian/ unstable/main bsdmainutils armel 8.2.2 [205 kB]
Get:4 http://ftp.uk.debian.org/debian/ unstable/main groff-base armel 1.21-5 [1077 kB]
Get:5 http://ftp.uk.debian.org/debian/ unstable/main libpipeline1 armel 1.2.0-1 [33.8 kB]
Get:6 http://ftp.uk.debian.org/debian/ unstable/main man-db armel 2.6.0.1-1 [983 kB]
Get:7 http://ftp.uk.debian.org/debian/ unstable/main libmagic1 armel 5.04-5 [237 kB]
Get:8 http://ftp.uk.debian.org/debian/ unstable/main file armel 5.04-5 [49.4 kB]
Get:9 http://ftp.uk.debian.org/debian/ unstable/main gettext-base armel 0.18.1.1-3 [129 kB]
Get:10 http://ftp.uk.debian.org/debian/ unstable/main libpcre3 armel 8.12-3 [258 kB]
Get:11 http://ftp.uk.debian.org/debian/ unstable/main libxml2 armel 2.7.8.dfsg-2 [816 kB]
Get:12 http://ftp.uk.debian.org/debian/ unstable/main html2text armel 1.3.2a-15 [97.0 kB]
Get:13 http://ftp.uk.debian.org/debian/ unstable/main libglib2.0-0 armel 2.28.4-1 [1531 kB]
Get:14 http://ftp.uk.debian.org/debian/ unstable/main libcroco3 armel 0.6.2-1 [113 kB]
Get:15 http://ftp.uk.debian.org/debian/ unstable/main libunistring0 armel 0.9.3-3 [410 kB]
Get:16 http://ftp.uk.debian.org/debian/ unstable/main gettext armel 0.18.1.1-3 [1981 kB]
Get:17 http://ftp.uk.debian.org/debian/ unstable/main intltool-debian armel 0.35.0+20060710.1 [30.8 kB]
Get:18 http://ftp.uk.debian.org/debian/ unstable/main po-debconf armel 1.0.16+nmu1 [223 kB]
Get:19 http://ftp.uk.debian.org/debian/ unstable/main debhelper armel 8.1.3 [554 kB]
Get:20 http://ftp.uk.debian.org/debian/ unstable/main cdbs armel 0.4.92 [1268 kB]
Get:21 http://ftp.uk.debian.org/debian/ unstable/main libncurses5-dev armel 5.9-1 [474 kB]
Get:22 http://ftp.uk.debian.org/debian/ unstable/main zlib1g-dev armel 1:1.2.3.4.dfsg-3 [190 kB]
debconf: delaying package configuration, since apt-utils is not installed
Fetched 11.3 MB in 3s (2987 kB/s)
(Reading database ... 10102 files and directories currently installed.)
Preparing to replace ncurses-bin 5.8+20110307-1 (using .../ncurses-bin_5.9-1_armel.deb) ...
Unpacking replacement ncurses-bin ...
Setting up ncurses-bin (5.9-1) ...
(Reading database ... 10102 files and directories currently installed.)
Preparing to replace libncurses5 5.8+20110307-1 (using .../libncurses5_5.9-1_armel.deb) ...
Unpacking replacement libncurses5 ...
Setting up libncurses5 (5.9-1) ...
Selecting previously deselected package bsdmainutils.
(Reading database ... 10102 files and directories currently installed.)
Unpacking bsdmainutils (from .../bsdmainutils_8.2.2_armel.deb) ...
Selecting previously deselected package groff-base.
Unpacking groff-base (from .../groff-base_1.21-5_armel.deb) ...
Selecting previously deselected package libpipeline1.
Unpacking libpipeline1 (from .../libpipeline1_1.2.0-1_armel.deb) ...
Selecting previously deselected package man-db.
Unpacking man-db (from .../man-db_2.6.0.1-1_armel.deb) ...
Selecting previously deselected package libmagic1.
Unpacking libmagic1 (from .../libmagic1_5.04-5_armel.deb) ...
Selecting previously deselected package file.
Unpacking file (from .../archives/file_5.04-5_armel.deb) ...
Selecting previously deselected package gettext-base.
Unpacking gettext-base (from .../gettext-base_0.18.1.1-3_armel.deb) ...
Selecting previously deselected package libpcre3.
Unpacking libpcre3 (from .../libpcre3_8.12-3_armel.deb) ...
Selecting previously deselected package libxml2.
Unpacking libxml2 (from .../libxml2_2.7.8.dfsg-2_armel.deb) ...
Selecting previously deselected package html2text.
Unpacking html2text (from .../html2text_1.3.2a-15_armel.deb) ...
Selecting previously deselected package libglib2.0-0.
Unpacking libglib2.0-0 (from .../libglib2.0-0_2.28.4-1_armel.deb) ...
Selecting previously deselected package libcroco3.
Unpacking libcroco3 (from .../libcroco3_0.6.2-1_armel.deb) ...
Selecting previously deselected package libunistring0.
Unpacking libunistring0 (from .../libunistring0_0.9.3-3_armel.deb) ...
Selecting previously deselected package gettext.
Unpacking gettext (from .../gettext_0.18.1.1-3_armel.deb) ...
Selecting previously deselected package intltool-debian.
Unpacking intltool-debian (from .../intltool-debian_0.35.0+20060710.1_armel.deb) ...
Selecting previously deselected package po-debconf.
Unpacking po-debconf (from .../po-debconf_1.0.16+nmu1_armel.deb) ...
Selecting previously deselected package debhelper.
Unpacking debhelper (from .../debhelper_8.1.3_armel.deb) ...
Selecting previously deselected package cdbs.
Unpacking cdbs (from .../archives/cdbs_0.4.92_armel.deb) ...
Selecting previously deselected package libncurses5-dev.
Unpacking libncurses5-dev (from .../libncurses5-dev_5.9-1_armel.deb) ...
Selecting previously deselected package zlib1g-dev.
Unpacking zlib1g-dev (from .../zlib1g-dev_1%3a1.2.3.4.dfsg-3_armel.deb) ...
Setting up bsdmainutils (8.2.2) ...
update-alternatives: using /usr/bin/bsd-write to provide /usr/bin/write (write) in auto mode.
update-alternatives: using /usr/bin/bsd-from to provide /usr/bin/from (from) in auto mode.
Setting up groff-base (1.21-5) ...
Setting up libpipeline1 (1.2.0-1) ...
Setting up man-db (2.6.0.1-1) ...
Building database of manual pages ...
Setting up libmagic1 (5.04-5) ...
Setting up file (5.04-5) ...
Setting up gettext-base (0.18.1.1-3) ...
Setting up libpcre3 (8.12-3) ...
Setting up libxml2 (2.7.8.dfsg-2) ...
Setting up html2text (1.3.2a-15) ...
Setting up libglib2.0-0 (2.28.4-1) ...
No schema files found: doing nothing.
Setting up libcroco3 (0.6.2-1) ...
Setting up libunistring0 (0.9.3-3) ...
Setting up gettext (0.18.1.1-3) ...
Setting up intltool-debian (0.35.0+20060710.1) ...
Setting up po-debconf (1.0.16+nmu1) ...
Setting up debhelper (8.1.3) ...
Setting up cdbs (0.4.92) ...
Setting up libncurses5-dev (5.9-1) ...
Setting up zlib1g-dev (1:1.2.3.4.dfsg-3) ...
Removing negative dependencies: 
Reading package lists...
Building dependency tree...
Reading state information...
0 upgraded, 0 newly installed, 0 to remove and 14 not upgraded.
Checking correctness of dependencies...
Kernel: Linux 2.6.32 armel (armv5tel)
Toolchain package versions: binutils_2.21.0.20110327-2 dpkg-dev_1.16.0 g++-4.5_4.5.2-8 gcc-4.5_4.5.2-8 libc6-dev_2.11.2-13 libstdc++6_4.6.0-1 libstdc++6-4.5-dev_4.5.2-8 linux-libc-dev_2.6.38-1
Package versions: apt_0.8.13.1 base-files_6.1 base-passwd_3.5.22 bash_4.1-3 binutils_2.21.0.20110327-2 bsdmainutils_8.2.2 bsdutils_1:2.17.2-9.1 build-essential_11.5 bzip2_1.0.5-6 cdbs_0.4.92 coreutils_8.5-1 cpp_4:4.5.2-5 cpp-4.5_4.5.2-8 dash_0.5.5.1-7.4 debconf_1.5.38 debconf-english_1.5.38 debfoster_2.7-1.1 debhelper_8.1.3 debian-archive-keyring_2010.08.28 debianutils_3.4.4 diffutils_1:3.0-1 dpkg_1.16.0 dpkg-dev_1.16.0 e2fslibs_1.41.12-2 e2fsprogs_1.41.12-2 fakeroot_1.15.1-1 file_5.04-5 findutils_4.4.2-1+b1 g++_4:4.5.2-5 g++-4.5_4.5.2-8 gcc_4:4.5.2-5 gcc-4.4-base_4.4.5-15 gcc-4.5_4.5.2-8 gcc-4.5-base_4.5.2-8 gcc-4.6-base_4.6.0-1 gettext_0.18.1.1-3 gettext-base_0.18.1.1-3 gnupg_1.4.11-3 gpgv_1.4.11-3 grep_2.6.3-3 groff-base_1.21-5 gzip_1.3.12-9 hostname_3.06 html2text_1.3.2a-15 initscripts_2.88dsf-13.1 insserv_1.14.0-2.1 intltool-debian_0.35.0+20060710.1 libacl1_2.2.49-4 libattr1_1:2.4.44-2 libblkid1_2.17.2-9.1 libbz2-1.0_1.0.5-6 libc-bin_2.11.2-13 libc-dev-bin_2.11.2-13 libc6_2.11.2-13 libc6-dev_2.11.2-13 libcloog-ppl0_0.15.9-3 libcomerr2_1.41.12-2 libcroco3_0.6.2-1 libdb4.7_4.7.25-12 libdb4.8_4.8.30-5 libdpkg-perl_1.16.0 libelfg0_0.8.13-1 libgc1c2_1:7.1-7 libgcc1_1:4.6.0-1 libgdbm3_1.8.3-9 libglib2.0-0_2.28.4-1 libgmp10_2:5.0.1+dfsg-7 libgmpxx4ldbl_2:5.0.1+dfsg-7 libgomp1_4.6.0-1 liblocale-gettext-perl_1.05-6 liblzma2_5.0.0-2 libmagic1_5.04-5 libmpc2_0.9-2 libmpfr4_3.0.0-9 libncurses5_5.9-1 libncurses5-dev_5.9-1 libpam-modules_1.1.2-2 libpam-runtime_1.1.2-2 libpam0g_1.1.2-2 libpcre3_8.12-3 libpipeline1_1.2.0-1 libppl-c4_0.11.2-3 libppl9_0.11.2-3 libpwl5_0.11.2-3 libreadline6_6.1-3 libselinux1_2.0.98-1 libsepol1_2.0.42-1 libslang2_2.2.2-4 libss2_1.41.12-2 libstdc++6_4.6.0-1 libstdc++6-4.5-dev_4.5.2-8 libtext-charwidth-perl_0.04-6 libtext-iconv-perl_1.7-2 libtext-wrapi18n-perl_0.06-7 libtimedate-perl_1.2000-1 libunistring0_0.9.3-3 libusb-0.1-4_2:0.1.12-17 libuuid1_2.17.2-9.1 libxml2_2.7.8.dfsg-2 linux-libc-dev_2.6.38-1 login_1:4.1.4.2+svn3283-3 lsb-base_3.2-27 make_3.81-8 man-db_2.6.0.1-1 mawk_1.3.3-15 mount_2.17.2-9.1 ncurses-base_5.8+20110307-1 ncurses-bin_5.9-1 passwd_1:4.1.4.2+svn3283-3 patch_2.6.1-1 perl_5.10.1-19 perl-base_5.10.1-19 perl-modules_5.10.1-19 po-debconf_1.0.16+nmu1 readline-common_6.1-3 sed_4.2.1-9 sensible-utils_0.0.6 sudo_1.7.4p6-1 sysv-rc_2.88dsf-13.1 sysvinit_2.88dsf-13.1 sysvinit-utils_2.88dsf-13.1 tar_1.25-3 tzdata_2011e-1 util-linux_2.17.2-9.1 xz-utils_5.0.0-2 zlib1g_1:1.2.3.4.dfsg-3 zlib1g-dev_1:1.2.3.4.dfsg-3

┌──────────────────────────────────────────────────────────────────────────────┐
│ Build                                                                        │
└──────────────────────────────────────────────────────────────────────────────┘


Unpack source
─────────────

Use of uninitialized value $ENV{"HOME"} in concatenation (.) or string at /usr/share/perl5/Dpkg/Source/Package.pm line 258.
gpgv: keyblock resource `/home/buildd/.gnupg/trustedkeys.gpg': file open error
gpgv: Signature made Tue Apr 12 10:56:49 2011 UTC using RSA key ID 2295D502
gpgv: Can't check signature: public key not found
dpkg-source: warning: failed to verify signature on ./samtools_0.1.15-1.dsc
dpkg-source: info: extracting samtools in samtools-0.1.15
dpkg-source: info: unpacking samtools_0.1.15.orig.tar.bz2
dpkg-source: info: unpacking samtools_0.1.15-1.debian.tar.gz

Check disc space
────────────────


dpkg-buildpackage
─────────────────

Use of uninitialized value $ENV{"HOME"} in concatenation (.) or string at /usr/share/perl5/Dpkg/BuildFlags.pm line 109.
dpkg-buildpackage: export CFLAGS from dpkg-buildflags (origin: vendor): -g -O2
dpkg-buildpackage: export CPPFLAGS from dpkg-buildflags (origin: vendor): 
dpkg-buildpackage: export CXXFLAGS from dpkg-buildflags (origin: vendor): -g -O2
dpkg-buildpackage: export FFLAGS from dpkg-buildflags (origin: vendor): -g -O2
dpkg-buildpackage: export LDFLAGS from dpkg-buildflags (origin: vendor): 
dpkg-buildpackage: source package samtools
dpkg-buildpackage: source version 0.1.15-1
 dpkg-source --before-build samtools-0.1.15
dpkg-buildpackage: host architecture armel
 fakeroot debian/rules clean
Use of uninitialized value $ENV{"HOME"} in concatenation (.) or string at /usr/share/perl5/Dpkg/BuildFlags.pm line 109.
Use of uninitialized value $ENV{"HOME"} in concatenation (.) or string at /usr/share/perl5/Dpkg/BuildFlags.pm line 109.
Use of uninitialized value $ENV{"HOME"} in concatenation (.) or string at /usr/share/perl5/Dpkg/BuildFlags.pm line 109.
Use of uninitialized value $ENV{"HOME"} in concatenation (.) or string at /usr/share/perl5/Dpkg/BuildFlags.pm line 109.
test -x debian/rules
dh_testroot
rm -f debian/stamp-makefile-build debian/stamp-makefile-install
/usr/bin/make  -C . CFLAGS="-g -O2 -g -O2 -fPIC" CXXFLAGS="-g -O2 -g -O2" CPPFLAGS="" LDFLAGS=""  -k clean
make[1]: Entering directory `/build/buildd-samtools_0.1.15-1-armel-QMGIbq/samtools-0.1.15'
make[2]: Entering directory `/build/buildd-samtools_0.1.15-1-armel-QMGIbq/samtools-0.1.15'
rm -fr gmon.out *.o a.out *.exe *.dSYM razip bgzip samtools *~ *.a *.so.* *.so *.dylib
make[2]: Leaving directory `/build/buildd-samtools_0.1.15-1-armel-QMGIbq/samtools-0.1.15'
make[2]: Entering directory `/build/buildd-samtools_0.1.15-1-armel-QMGIbq/samtools-0.1.15/bcftools'
rm -fr gmon.out *.o a.out *.dSYM bcftools *~ *.a bcf.aux bcf.log bcf.pdf *.class libbcf.*.dylib libbcf.so*
make[2]: Leaving directory `/build/buildd-samtools_0.1.15-1-armel-QMGIbq/samtools-0.1.15/bcftools'
make[2]: Entering directory `/build/buildd-samtools_0.1.15-1-armel-QMGIbq/samtools-0.1.15/misc'
rm -fr gmon.out *.o a.out *.exe *.dSYM md5sum-lite md5fa maq2sam-short maq2sam-long wgsim *~ *.a
make[2]: Leaving directory `/build/buildd-samtools_0.1.15-1-armel-QMGIbq/samtools-0.1.15/misc'
make[1]: Leaving directory `/build/buildd-samtools_0.1.15-1-armel-QMGIbq/samtools-0.1.15'
rm -f debian/stamp-makefile-check
dh_clean 
rm -f examples/calDepth examples/ex1.bam examples/ex1.bam.bai examples/ex1.fa.fai examples/ex1.glf examples/ex1.glfview.gz examples/ex1.pileup.gz examples/ex1a.bam examples/ex1b.bam examples/ex1f-rmduppe.bam examples/ex1f-rmdupse.bam examples/ex1f.bam examples/ex1f.rg examples/ex1.bcf
 debian/rules build
Use of uninitialized value $ENV{"HOME"} in concatenation (.) or string at /usr/share/perl5/Dpkg/BuildFlags.pm line 109.
Use of uninitialized value $ENV{"HOME"} in concatenation (.) or string at /usr/share/perl5/Dpkg/BuildFlags.pm line 109.
Use of uninitialized value $ENV{"HOME"} in concatenation (.) or string at /usr/share/perl5/Dpkg/BuildFlags.pm line 109.
Use of uninitialized value $ENV{"HOME"} in concatenation (.) or string at /usr/share/perl5/Dpkg/BuildFlags.pm line 109.
test -x debian/rules
mkdir -p "."
/usr/share/cdbs/1/rules/buildcore.mk:109: WARNING:  DEB_DH_BUILDDEB_ARGS is a deprecated variable
/usr/bin/make  -C . CFLAGS="-g -O2 -g -O2 -fPIC" CXXFLAGS="-g -O2 -g -O2" CPPFLAGS="" LDFLAGS=""  all all-recur razip lib
make[1]: Entering directory `/build/buildd-samtools_0.1.15-1-armel-QMGIbq/samtools-0.1.15'
make[2]: Entering directory `/build/buildd-samtools_0.1.15-1-armel-QMGIbq/samtools-0.1.15'
gcc -c -g -O2 -g -O2 -fPIC -D_FILE_OFFSET_BITS=64 -D_LARGEFILE64_SOURCE -D_USE_KNETFILE -D_CURSES_LIB=1 -I. bgzf.c -o bgzf.o
gcc -c -g -O2 -g -O2 -fPIC -D_FILE_OFFSET_BITS=64 -D_LARGEFILE64_SOURCE -D_USE_KNETFILE -D_CURSES_LIB=1 -I. kstring.c -o kstring.o
gcc -c -g -O2 -g -O2 -fPIC -D_FILE_OFFSET_BITS=64 -D_LARGEFILE64_SOURCE -D_USE_KNETFILE -D_CURSES_LIB=1 -I. bam_aux.c -o bam_aux.o
gcc -c -g -O2 -g -O2 -fPIC -D_FILE_OFFSET_BITS=64 -D_LARGEFILE64_SOURCE -D_USE_KNETFILE -D_CURSES_LIB=1 -I. bam.c -o bam.o
gcc -c -g -O2 -g -O2 -fPIC -D_FILE_OFFSET_BITS=64 -D_LARGEFILE64_SOURCE -D_USE_KNETFILE -D_CURSES_LIB=1 -I. bam_import.c -o bam_import.o
gcc -c -g -O2 -g -O2 -fPIC -D_FILE_OFFSET_BITS=64 -D_LARGEFILE64_SOURCE -D_USE_KNETFILE -D_CURSES_LIB=1 -I. sam.c -o sam.o
gcc -c -g -O2 -g -O2 -fPIC -D_FILE_OFFSET_BITS=64 -D_LARGEFILE64_SOURCE -D_USE_KNETFILE -D_CURSES_LIB=1 -I. bam_index.c -o bam_index.o
gcc -c -g -O2 -g -O2 -fPIC -D_FILE_OFFSET_BITS=64 -D_LARGEFILE64_SOURCE -D_USE_KNETFILE -D_CURSES_LIB=1 -I. bam_pileup.c -o bam_pileup.o
gcc -c -g -O2 -g -O2 -fPIC -D_FILE_OFFSET_BITS=64 -D_LARGEFILE64_SOURCE -D_USE_KNETFILE -D_CURSES_LIB=1 -I. bam_lpileup.c -o bam_lpileup.o
gcc -c -g -O2 -g -O2 -fPIC -D_FILE_OFFSET_BITS=64 -D_LARGEFILE64_SOURCE -D_USE_KNETFILE -D_CURSES_LIB=1 -I. bam_md.c -o bam_md.o
gcc -c -g -O2 -g -O2 -fPIC -D_FILE_OFFSET_BITS=64 -D_LARGEFILE64_SOURCE -D_USE_KNETFILE -D_CURSES_LIB=1 -I. glf.c -o glf.o
gcc -c -g -O2 -g -O2 -fPIC -D_FILE_OFFSET_BITS=64 -D_LARGEFILE64_SOURCE -D_USE_KNETFILE -D_CURSES_LIB=1 -I. razf.c -o razf.o
gcc -c -g -O2 -g -O2 -fPIC -D_FILE_OFFSET_BITS=64 -D_LARGEFILE64_SOURCE -D_USE_KNETFILE -D_CURSES_LIB=1 -I. faidx.c -o faidx.o
gcc -c -g -O2 -g -O2 -fPIC -D_FILE_OFFSET_BITS=64 -D_LARGEFILE64_SOURCE -D_USE_KNETFILE -D_CURSES_LIB=1 -I. bedidx.c -o bedidx.o
gcc -c -g -O2 -g -O2 -fPIC -D_FILE_OFFSET_BITS=64 -D_LARGEFILE64_SOURCE -D_USE_KNETFILE -D_CURSES_LIB=1 -I. knetfile.c -o knetfile.o
gcc -c -g -O2 -g -O2 -fPIC -D_FILE_OFFSET_BITS=64 -D_LARGEFILE64_SOURCE -D_USE_KNETFILE -D_CURSES_LIB=1 -I. bam_sort.c -o bam_sort.o
gcc -c -g -O2 -g -O2 -fPIC -D_FILE_OFFSET_BITS=64 -D_LARGEFILE64_SOURCE -D_USE_KNETFILE -D_CURSES_LIB=1 -I. sam_header.c -o sam_header.o
gcc -c -g -O2 -g -O2 -fPIC -D_FILE_OFFSET_BITS=64 -D_LARGEFILE64_SOURCE -D_USE_KNETFILE -D_CURSES_LIB=1 -I. bam_reheader.c -o bam_reheader.o
gcc -c -g -O2 -g -O2 -fPIC -D_FILE_OFFSET_BITS=64 -D_LARGEFILE64_SOURCE -D_USE_KNETFILE -D_CURSES_LIB=1 -I. kprobaln.c -o kprobaln.o
gcc -c -g -O2 -g -O2 -fPIC -D_FILE_OFFSET_BITS=64 -D_LARGEFILE64_SOURCE -D_USE_KNETFILE -D_CURSES_LIB=1 -I. bam_cat.c -o bam_cat.o
ar -cru libbam.a bgzf.o kstring.o bam_aux.o bam.o bam_import.o sam.o bam_index.o bam_pileup.o bam_lpileup.o bam_md.o glf.o razf.o faidx.o bedidx.o knetfile.o bam_sort.o sam_header.o bam_reheader.o kprobaln.o bam_cat.o
make[2]: Leaving directory `/build/buildd-samtools_0.1.15-1-armel-QMGIbq/samtools-0.1.15'
make[2]: Entering directory `/build/buildd-samtools_0.1.15-1-armel-QMGIbq/samtools-0.1.15/bcftools'
gcc -c -g -O2 -g -O2 -fPIC -D_FILE_OFFSET_BITS=64 -D_LARGEFILE64_SOURCE -D_USE_KNETFILE -D_CURSES_LIB=1 -I.. -I. bcf.c -o bcf.o
gcc -c -g -O2 -g -O2 -fPIC -D_FILE_OFFSET_BITS=64 -D_LARGEFILE64_SOURCE -D_USE_KNETFILE -D_CURSES_LIB=1 -I.. -I. vcf.c -o vcf.o
gcc -c -g -O2 -g -O2 -fPIC -D_FILE_OFFSET_BITS=64 -D_LARGEFILE64_SOURCE -D_USE_KNETFILE -D_CURSES_LIB=1 -I.. -I. bcfutils.c -o bcfutils.o
gcc -c -g -O2 -g -O2 -fPIC -D_FILE_OFFSET_BITS=64 -D_LARGEFILE64_SOURCE -D_USE_KNETFILE -D_CURSES_LIB=1 -I.. -I. prob1.c -o prob1.o
gcc -c -g -O2 -g -O2 -fPIC -D_FILE_OFFSET_BITS=64 -D_LARGEFILE64_SOURCE -D_USE_KNETFILE -D_CURSES_LIB=1 -I.. -I. ld.c -o ld.o
gcc -c -g -O2 -g -O2 -fPIC -D_FILE_OFFSET_BITS=64 -D_LARGEFILE64_SOURCE -D_USE_KNETFILE -D_CURSES_LIB=1 -I.. -I. kfunc.c -o kfunc.o
gcc -c -g -O2 -g -O2 -fPIC -D_FILE_OFFSET_BITS=64 -D_LARGEFILE64_SOURCE -D_USE_KNETFILE -D_CURSES_LIB=1 -I.. -I. index.c -o index.o
gcc -c -g -O2 -g -O2 -fPIC -D_FILE_OFFSET_BITS=64 -D_LARGEFILE64_SOURCE -D_USE_KNETFILE -D_CURSES_LIB=1 -I.. -I. fet.c -o fet.o
gcc -c -g -O2 -g -O2 -fPIC -D_FILE_OFFSET_BITS=64 -D_LARGEFILE64_SOURCE -D_USE_KNETFILE -D_CURSES_LIB=1 -I.. -I. bcf2qcall.c -o bcf2qcall.o
ar -cru libbcf.a bcf.o vcf.o bcfutils.o prob1.o ld.o kfunc.o index.o fet.o bcf2qcall.o
make[2]: Leaving directory `/build/buildd-samtools_0.1.15-1-armel-QMGIbq/samtools-0.1.15/bcftools'
make[2]: Entering directory `/build/buildd-samtools_0.1.15-1-armel-QMGIbq/samtools-0.1.15/misc'
make[2]: Nothing to be done for `lib'.
make[2]: Leaving directory `/build/buildd-samtools_0.1.15-1-armel-QMGIbq/samtools-0.1.15/misc'
gcc -c -g -O2 -g -O2 -fPIC -D_FILE_OFFSET_BITS=64 -D_LARGEFILE64_SOURCE -D_USE_KNETFILE -D_CURSES_LIB=1 -I. bam_tview.c -o bam_tview.o
gcc -c -g -O2 -g -O2 -fPIC -D_FILE_OFFSET_BITS=64 -D_LARGEFILE64_SOURCE -D_USE_KNETFILE -D_CURSES_LIB=1 -I. bam_maqcns.c -o bam_maqcns.o
gcc -c -g -O2 -g -O2 -fPIC -D_FILE_OFFSET_BITS=64 -D_LARGEFILE64_SOURCE -D_USE_KNETFILE -D_CURSES_LIB=1 -I. bam_plcmd.c -o bam_plcmd.o
gcc -c -g -O2 -g -O2 -fPIC -D_FILE_OFFSET_BITS=64 -D_LARGEFILE64_SOURCE -D_USE_KNETFILE -D_CURSES_LIB=1 -I. sam_view.c -o sam_view.o
gcc -c -g -O2 -g -O2 -fPIC -D_FILE_OFFSET_BITS=64 -D_LARGEFILE64_SOURCE -D_USE_KNETFILE -D_CURSES_LIB=1 -I. bam_rmdup.c -o bam_rmdup.o
gcc -c -g -O2 -g -O2 -fPIC -D_FILE_OFFSET_BITS=64 -D_LARGEFILE64_SOURCE -D_USE_KNETFILE -D_CURSES_LIB=1 -I. bam_rmdupse.c -o bam_rmdupse.o
gcc -c -g -O2 -g -O2 -fPIC -D_FILE_OFFSET_BITS=64 -D_LARGEFILE64_SOURCE -D_USE_KNETFILE -D_CURSES_LIB=1 -I. bam_mate.c -o bam_mate.o
gcc -c -g -O2 -g -O2 -fPIC -D_FILE_OFFSET_BITS=64 -D_LARGEFILE64_SOURCE -D_USE_KNETFILE -D_CURSES_LIB=1 -I. bam_stat.c -o bam_stat.o
gcc -c -g -O2 -g -O2 -fPIC -D_FILE_OFFSET_BITS=64 -D_LARGEFILE64_SOURCE -D_USE_KNETFILE -D_CURSES_LIB=1 -I. bam_color.c -o bam_color.o
gcc -c -g -O2 -g -O2 -fPIC -D_FILE_OFFSET_BITS=64 -D_LARGEFILE64_SOURCE -D_USE_KNETFILE -D_CURSES_LIB=1 -I. bamtk.c -o bamtk.o
gcc -c -g -O2 -g -O2 -fPIC -D_FILE_OFFSET_BITS=64 -D_LARGEFILE64_SOURCE -D_USE_KNETFILE -D_CURSES_LIB=1 -I. kaln.c -o kaln.o
gcc -c -g -O2 -g -O2 -fPIC -D_FILE_OFFSET_BITS=64 -D_LARGEFILE64_SOURCE -D_USE_KNETFILE -D_CURSES_LIB=1 -I. bam2bcf.c -o bam2bcf.o
gcc -c -g -O2 -g -O2 -fPIC -D_FILE_OFFSET_BITS=64 -D_LARGEFILE64_SOURCE -D_USE_KNETFILE -D_CURSES_LIB=1 -I. bam2bcf_indel.c -o bam2bcf_indel.o
gcc -c -g -O2 -g -O2 -fPIC -D_FILE_OFFSET_BITS=64 -D_LARGEFILE64_SOURCE -D_USE_KNETFILE -D_CURSES_LIB=1 -I. errmod.c -o errmod.o
gcc -c -g -O2 -g -O2 -fPIC -D_FILE_OFFSET_BITS=64 -D_LARGEFILE64_SOURCE -D_USE_KNETFILE -D_CURSES_LIB=1 -I. sample.c -o sample.o
gcc -c -g -O2 -g -O2 -fPIC -D_FILE_OFFSET_BITS=64 -D_LARGEFILE64_SOURCE -D_USE_KNETFILE -D_CURSES_LIB=1 -I. cut_target.c -o cut_target.o
gcc -c -g -O2 -g -O2 -fPIC -D_FILE_OFFSET_BITS=64 -D_LARGEFILE64_SOURCE -D_USE_KNETFILE -D_CURSES_LIB=1 -I. phase.c -o phase.o
gcc -c -g -O2 -g -O2 -fPIC -D_FILE_OFFSET_BITS=64 -D_LARGEFILE64_SOURCE -D_USE_KNETFILE -D_CURSES_LIB=1 -I. bam2depth.c -o bam2depth.o
gcc -g -O2 -g -O2 -fPIC -o samtools bam_tview.o bam_maqcns.o bam_plcmd.o sam_view.o bam_rmdup.o bam_rmdupse.o bam_mate.o bam_stat.o bam_color.o bamtk.o kaln.o bam2bcf.o bam2bcf_indel.o errmod.o sample.o cut_target.o phase.o bam2depth.o -Lbcftools  libbam.a -lbcf -lcurses  -lm -lz
make[2]: Entering directory `/build/buildd-samtools_0.1.15-1-armel-QMGIbq/samtools-0.1.15'
make[3]: Entering directory `/build/buildd-samtools_0.1.15-1-armel-QMGIbq/samtools-0.1.15'
make[3]: Nothing to be done for `lib'.
make[3]: Leaving directory `/build/buildd-samtools_0.1.15-1-armel-QMGIbq/samtools-0.1.15'
make[3]: Entering directory `/build/buildd-samtools_0.1.15-1-armel-QMGIbq/samtools-0.1.15/bcftools'
make[3]: Nothing to be done for `lib'.
make[3]: Leaving directory `/build/buildd-samtools_0.1.15-1-armel-QMGIbq/samtools-0.1.15/bcftools'
make[3]: Entering directory `/build/buildd-samtools_0.1.15-1-armel-QMGIbq/samtools-0.1.15/misc'
make[3]: Nothing to be done for `lib'.
make[3]: Leaving directory `/build/buildd-samtools_0.1.15-1-armel-QMGIbq/samtools-0.1.15/misc'
gcc -g -O2 -g -O2 -fPIC -o samtools bam_tview.o bam_maqcns.o bam_plcmd.o sam_view.o bam_rmdup.o bam_rmdupse.o bam_mate.o bam_stat.o bam_color.o bamtk.o kaln.o bam2bcf.o bam2bcf_indel.o errmod.o sample.o cut_target.o phase.o bam2depth.o -Lbcftools  libbam.a -lbcf -lcurses  -lm -lz
make[2]: Leaving directory `/build/buildd-samtools_0.1.15-1-armel-QMGIbq/samtools-0.1.15'
make[2]: Entering directory `/build/buildd-samtools_0.1.15-1-armel-QMGIbq/samtools-0.1.15/bcftools'
gcc -c -g -O2 -g -O2 -fPIC -D_FILE_OFFSET_BITS=64 -D_LARGEFILE64_SOURCE -D_USE_KNETFILE -D_CURSES_LIB=1 -I.. -I. call1.c -o call1.o
gcc -c -g -O2 -g -O2 -fPIC -D_FILE_OFFSET_BITS=64 -D_LARGEFILE64_SOURCE -D_USE_KNETFILE -D_CURSES_LIB=1 -I.. -I. main.c -o main.o
gcc -g -O2 -g -O2 -fPIC -o bcftools call1.o main.o ../kstring.o ../bgzf.o ../knetfile.o ../bedidx.o -L.  -lbcf -lm -lz
make[2]: Leaving directory `/build/buildd-samtools_0.1.15-1-armel-QMGIbq/samtools-0.1.15/bcftools'
make[2]: Entering directory `/build/buildd-samtools_0.1.15-1-armel-QMGIbq/samtools-0.1.15/misc'
gcc -c -g -O2 -g -O2 -fPIC -DMD5SUM_MAIN -o md5sum-lite.o md5.c
gcc -g -O2 -g -O2 -fPIC -o md5sum-lite md5sum-lite.o
gcc -c -g -O2 -g -O2 -fPIC -D_FILE_OFFSET_BITS=64 -D_LARGEFILE64_SOURCE -D_USE_KNETFILE -D_CURSES_LIB=1 -I. md5.c -o md5.o
gcc -g -O2 -g -O2 -fPIC -c -I.. -o md5fa.o md5fa.c
gcc -g -O2 -g -O2 -fPIC -o md5fa md5.o md5fa.o -lz
gcc -g -O2 -g -O2 -fPIC -o maq2sam-short maq2sam.c -lz
gcc -g -O2 -g -O2 -fPIC -DMAQ_LONGREADS -o maq2sam-long maq2sam.c -lz
gcc -c -g -O2 -g -O2 -fPIC -D_FILE_OFFSET_BITS=64 -D_LARGEFILE64_SOURCE -D_USE_KNETFILE -D_CURSES_LIB=1 -I. wgsim.c -o wgsim.o
gcc -g -O2 -g -O2 -fPIC -o wgsim wgsim.o -lm
make[2]: Leaving directory `/build/buildd-samtools_0.1.15-1-armel-QMGIbq/samtools-0.1.15/misc'
gcc -c -g -O2 -g -O2 -fPIC -D_FILE_OFFSET_BITS=64 -D_LARGEFILE64_SOURCE -D_USE_KNETFILE -D_CURSES_LIB=1 -I. razip.c -o razip.o
gcc -g -O2 -g -O2 -fPIC -o razip razf.o razip.o knetfile.o -lz
make[1]: Nothing to be done for `lib'.
make[1]: Leaving directory `/build/buildd-samtools_0.1.15-1-armel-QMGIbq/samtools-0.1.15'
touch debian/stamp-makefile-build
/usr/bin/make  -C . CFLAGS="-g -O2 -g -O2 -fPIC" CXXFLAGS="-g -O2 -g -O2" CPPFLAGS="" LDFLAGS=""  -C examples all
make[1]: Entering directory `/build/buildd-samtools_0.1.15-1-armel-QMGIbq/samtools-0.1.15/examples'
../samtools faidx ex1.fa
../samtools import ex1.fa.fai ex1.sam.gz ex1.bam
[sam_header_read2] 2 sequences loaded.
Parse error at line 2: CIGAR and sequence length are inconsistent
make[1]: *** [ex1.bam] Aborted
make[1]: *** Deleting file `ex1.bam'
make[1]: Leaving directory `/build/buildd-samtools_0.1.15-1-armel-QMGIbq/samtools-0.1.15/examples'
make: *** [debian/stamp-makefile-check] Error 2
dpkg-buildpackage: error: debian/rules build gave error exit status 2
────────────────────────────────────────────────────────────────────────────────
Build finished at 20110412-1213
FAILED [dpkg-buildpackage died]
────────────────────────────────────────────────────────────────────────────────
Purging /var/lib/schroot/mount/sid-armel-sbuild-677e6a3f-1a1c-435d-b1ac-727b84d7df3a/build/buildd-samtools_0.1.15-1-armel-QMGIbq
Not cleaning session: cloned chroot in use

┌──────────────────────────────────────────────────────────────────────────────┐
│ Summary                                                                      │
└──────────────────────────────────────────────────────────────────────────────┘

Architecture: armel
Build-Space: 6084
Build-Time: 295
Distribution: sid
Fail-Stage: build
Install-Time: 92
Job: samtools_0.1.15-1
Package: samtools
Package-Time: 479
Source-Version: 0.1.15-1
Space: 6084
Status: attempted
Version: 0.1.15-1
────────────────────────────────────────────────────────────────────────────────
Finished at 20110412-1213
Build needed 00:07:59, 6084k disc space

