From buildd@hasse.debian.org Sun Dec 23 05:02:50 2012
Return-path: <buildd@hasse.debian.org>
Received: from merikanto.debian.org ([2001:858:2:2:216:35ff:fec4:a49a])
	from C=NA, ST=NA, L=Ankh Morpork, O=Debian SMTP, OU=Debian SMTP CA,
	CN=merikanto.debian.org,
	EMAIL=hostmaster@merikanto.debian.org (verified)
	by grieg.debian.org with esmtps (TLS1.0:RSA_AES_256_CBC_SHA1:32)
	(Exim 4.72) (envelope-from <buildd@hasse.debian.org>)
	id 1Tmdi6-0008Kt-9D
	for logs@buildd.debian.org; Sun, 23 Dec 2012 05:02:50 +0000
Received: from [217.140.96.68] (helo=hasse.debian.org)
	from C=NA, ST=NA, L=Ankh Morpork, O=Debian SMTP, OU=Debian SMTP CA,
	CN=hasse.debian.org, EMAIL=hostmaster@hasse.debian.org (verified)
	by merikanto.debian.org with esmtps
	(TLS1.0:DHE_RSA_AES_128_CBC_SHA1:16) (Exim 4.72)
	(envelope-from <buildd@hasse.debian.org>) id 1Tmdi5-0008Is-6X
	for logs@buildd.debian.org; Sun, 23 Dec 2012 05:02:49 +0000
Received: from buildd by hasse.debian.org with local (Exim 4.80)
	(envelope-from <buildd@hasse.debian.org>)
	id 1Tmdhz-0000jb-Pj; Sun, 23 Dec 2012 05:02:43 +0000
From: buildd on hasse <buildd@hasse.debian.org>
To: logs@buildd.debian.org,buildd-porters@hasse.debian.org
Subject: Log for successful build of samtools_0.1.18-4 on armhf (dist=sid)
Content-Type: text/plain; charset=UTF-8
Content-Transfer-Encoding: 8bit
Message-Id: <E1Tmdhz-0000jb-Pj@hasse.debian.org>
Date: Sun, 23 Dec 2012 05:02:43 +0000
Delivered-To: logs@buildd.debian.org

sbuild (Debian sbuild) 0.61.0 (23 Feb 2011) on hasse.debian.org

╔══════════════════════════════════════════════════════════════════════════════╗
║ samtools 0.1.18-4 (armhf)                                  23 Dec 2012 04:53 ║
╚══════════════════════════════════════════════════════════════════════════════╝

Package: samtools
Version: 0.1.18-4
Source Version: 0.1.18-4
Architecture: armhf
Get:1 http://ftp.uk.debian.org unstable InRelease [227 kB]
Get:2 http://incoming.debian.org unstable InRelease [227 kB]
Get:3 http://ftp.uk.debian.org unstable/main Sources [6458 kB]
Ign http://incoming.debian.org  InRelease
Get:4 http://incoming.debian.org  Release.gpg [836 B]
Get:5 http://incoming.debian.org unstable/main Sources [6458 kB]
Get:6 http://ftp.uk.debian.org unstable/contrib Sources [53.0 kB]
Get:7 http://ftp.uk.debian.org unstable/non-free Sources [101 kB]
Get:8 http://ftp.uk.debian.org unstable/main armhf Packages [6061 kB]
Get:9 http://incoming.debian.org unstable/contrib Sources [53.0 kB]
Get:10 http://incoming.debian.org unstable/non-free Sources [101 kB]
Get:11 http://incoming.debian.org unstable/main armhf Packages [6061 kB]
Get:12 http://ftp.uk.debian.org unstable/contrib armhf Packages [35.8 kB]
Get:13 http://incoming.debian.org unstable/contrib armhf Packages [35.8 kB]
Get:14 http://incoming.debian.org  Release [1141 B]
Get:15 http://incoming.debian.org  Sources [14.0 kB]
Get:16 http://incoming.debian.org  Packages [118 kB]
Fetched 26.0 MB in 1min 27s (297 kB/s)
Reading package lists...

┌──────────────────────────────────────────────────────────────────────────────┐
│ Fetch source files                                                           │
└──────────────────────────────────────────────────────────────────────────────┘


Check APT
─────────

Checking available source versions...

Download source files with APT
──────────────────────────────

Reading package lists...
Building dependency tree...
Reading state information...
NOTICE: 'samtools' packaging is maintained in the 'Git' version control system at:
git://git.debian.org/debian-med/samtools.git
Need to get 391 kB of source archives.
Get:1 http://incoming.debian.org/buildd-unstable/  samtools 0.1.18-4 (dsc) [1446 B]
Get:2 http://incoming.debian.org/buildd-unstable/  samtools 0.1.18-4 (tar) [379 kB]
Get:3 http://incoming.debian.org/buildd-unstable/  samtools 0.1.18-4 (diff) [9920 B]
Fetched 391 kB in 1s (286 kB/s)
Download complete and in download only mode

Check arch
──────────


┌──────────────────────────────────────────────────────────────────────────────┐
│ Install core build dependencies (internal resolver)                          │
└──────────────────────────────────────────────────────────────────────────────┘

Build-Depends: build-essential, fakeroot
Checking for already installed dependencies...
build-essential: already installed (11.5+b1)
fakeroot: already installed (1.18.4-2)
Checking for dependency conflicts...
Installing positive dependencies: 
Reading package lists...
Building dependency tree...
Reading state information...
0 upgraded, 0 newly installed, 0 to remove and 40 not upgraded.
Removing negative dependencies: 
Reading package lists...
Building dependency tree...
Reading state information...
0 upgraded, 0 newly installed, 0 to remove and 40 not upgraded.
Checking correctness of dependencies...

┌──────────────────────────────────────────────────────────────────────────────┐
│ Install samtools build dependencies (internal resolver)                      │
└──────────────────────────────────────────────────────────────────────────────┘

Build-Depends: libc6-dev | libc-dev, gcc (>= 4:4.4.3), g++ (>= 4:4.4.3), make, dpkg-dev (>= 1.13.5), debhelper (>= 9), bash-completion, cdbs, quilt, libncurses5-dev, zlib1g-dev
Checking for already installed dependencies...
libc6-dev: already installed (2.13-36)
gcc: already installed (4:4.6.3-8 >= 4:4.4.3 is satisfied)
g++: already installed (4:4.6.3-8 >= 4:4.4.3 is satisfied)
make: already installed (3.81-8.2)
dpkg-dev: already installed (1.16.9 >= 1.13.5 is satisfied)
debhelper: missing
Using default version 9.20120909
bash-completion: missing
cdbs: missing
quilt: missing
libncurses5-dev: missing
zlib1g-dev: missing
Checking for dependency conflicts...
Installing positive dependencies: debhelper bash-completion cdbs quilt libncurses5-dev zlib1g-dev
Reading package lists...
Building dependency tree...
Reading state information...
The following extra packages will be installed:
  bsdmainutils diffstat file gettext gettext-base groff-base html2text
  intltool-debian libasprintf-dev libasprintf0c2 libcroco3 libffi5
  libgettextpo-dev libgettextpo0 libglib2.0-0 libmagic1 libpcre3 libpipeline1
  libtinfo-dev libunistring0 libxml2 man-db po-debconf
Suggested packages:
  wamerican wordlist whois vacation devscripts dh-make gettext-doc groff
  ncurses-doc less www-browser libmail-box-perl procmail graphviz default-mta
  mail-transport-agent
Recommended packages:
  autotools-dev curl wget lynx-cur autopoint libglib2.0-data shared-mime-info
  xml-core libmail-sendmail-perl
The following NEW packages will be installed:
  bash-completion bsdmainutils cdbs debhelper diffstat file gettext
  gettext-base groff-base html2text intltool-debian libasprintf-dev
  libasprintf0c2 libcroco3 libffi5 libgettextpo-dev libgettextpo0 libglib2.0-0
  libmagic1 libncurses5-dev libpcre3 libpipeline1 libtinfo-dev libunistring0
  libxml2 man-db po-debconf quilt zlib1g-dev
0 upgraded, 29 newly installed, 0 to remove and 40 not upgraded.
Need to get 10.0 MB of archives.
After this operation, 26.2 MB of additional disk space will be used.
Get:1 http://ftp.uk.debian.org/debian/ unstable/main libpipeline1 armhf 1.2.2-1 [33.7 kB]
Get:2 http://ftp.uk.debian.org/debian/ unstable/main groff-base armhf 1.21-9 [1031 kB]
Get:3 http://ftp.uk.debian.org/debian/ unstable/main bsdmainutils armhf 9.0.3 [204 kB]
Get:4 http://ftp.uk.debian.org/debian/ unstable/main man-db armhf 2.6.3-3 [870 kB]
Get:5 http://ftp.uk.debian.org/debian/ unstable/main bash-completion all 1:2.0-1 [193 kB]
Get:6 http://ftp.uk.debian.org/debian/ unstable/main libasprintf0c2 armhf 0.18.1.1-10 [26.8 kB]
Get:7 http://ftp.uk.debian.org/debian/ unstable/main libmagic1 armhf 5.11-2 [199 kB]
Get:8 http://ftp.uk.debian.org/debian/ unstable/main libpcre3 armhf 1:8.31-1 [246 kB]
Get:9 http://ftp.uk.debian.org/debian/ unstable/main libxml2 armhf 2.8.0+dfsg1-7 [786 kB]
Get:10 http://ftp.uk.debian.org/debian/ unstable/main libffi5 armhf 3.0.10-3+b1 [22.3 kB]
Get:11 http://ftp.uk.debian.org/debian/ unstable/main libglib2.0-0 armhf 2.33.12+really2.32.4-3 [1708 kB]
Get:12 http://ftp.uk.debian.org/debian/ unstable/main libcroco3 armhf 0.6.6-2 [120 kB]
Get:13 http://ftp.uk.debian.org/debian/ unstable/main libunistring0 armhf 0.9.3-5+b1 [404 kB]
Get:14 http://ftp.uk.debian.org/debian/ unstable/main libgettextpo0 armhf 0.18.1.1-10 [123 kB]
Get:15 http://ftp.uk.debian.org/debian/ unstable/main file armhf 5.11-2 [51.5 kB]
Get:16 http://ftp.uk.debian.org/debian/ unstable/main gettext-base armhf 0.18.1.1-10 [129 kB]
Get:17 http://ftp.uk.debian.org/debian/ unstable/main cdbs all 0.4.119 [80.4 kB]
Get:18 http://ftp.uk.debian.org/debian/ unstable/main html2text armhf 1.3.2a-15+b1 [94.6 kB]
Get:19 http://ftp.uk.debian.org/debian/ unstable/main libasprintf-dev armhf 0.18.1.1-10 [27.1 kB]
Get:20 http://ftp.uk.debian.org/debian/ unstable/main libgettextpo-dev armhf 0.18.1.1-10 [143 kB]
Get:21 http://ftp.uk.debian.org/debian/ unstable/main gettext armhf 0.18.1.1-10 [1706 kB]
Get:22 http://ftp.uk.debian.org/debian/ unstable/main intltool-debian all 0.35.0+20060710.1 [30.8 kB]
Get:23 http://ftp.uk.debian.org/debian/ unstable/main po-debconf all 1.0.16+nmu2 [224 kB]
Get:24 http://ftp.uk.debian.org/debian/ unstable/main debhelper all 9.20120909 [705 kB]
Get:25 http://ftp.uk.debian.org/debian/ unstable/main diffstat armhf 1.55-3 [27.5 kB]
Get:26 http://ftp.uk.debian.org/debian/ unstable/main libtinfo-dev armhf 5.9-10 [83.9 kB]
Get:27 http://ftp.uk.debian.org/debian/ unstable/main libncurses5-dev armhf 5.9-10 [194 kB]
Get:28 http://ftp.uk.debian.org/debian/ unstable/main quilt all 0.60-2 [377 kB]
Get:29 http://ftp.uk.debian.org/debian/ unstable/main zlib1g-dev armhf 1:1.2.7.dfsg-13 [209 kB]
debconf: delaying package configuration, since apt-utils is not installed
Fetched 10.0 MB in 4s (2408 kB/s)
Selecting previously unselected package libpipeline1:armhf.
(Reading database ... 12862 files and directories currently installed.)
Unpacking libpipeline1:armhf (from .../libpipeline1_1.2.2-1_armhf.deb) ...
Selecting previously unselected package groff-base.
Unpacking groff-base (from .../groff-base_1.21-9_armhf.deb) ...
Selecting previously unselected package bsdmainutils.
Unpacking bsdmainutils (from .../bsdmainutils_9.0.3_armhf.deb) ...
Selecting previously unselected package man-db.
Unpacking man-db (from .../man-db_2.6.3-3_armhf.deb) ...
Selecting previously unselected package bash-completion.
Unpacking bash-completion (from .../bash-completion_1%3a2.0-1_all.deb) ...
Selecting previously unselected package libasprintf0c2:armhf.
Unpacking libasprintf0c2:armhf (from .../libasprintf0c2_0.18.1.1-10_armhf.deb) ...
Selecting previously unselected package libmagic1:armhf.
Unpacking libmagic1:armhf (from .../libmagic1_5.11-2_armhf.deb) ...
Selecting previously unselected package libpcre3:armhf.
Unpacking libpcre3:armhf (from .../libpcre3_1%3a8.31-1_armhf.deb) ...
Selecting previously unselected package libxml2:armhf.
Unpacking libxml2:armhf (from .../libxml2_2.8.0+dfsg1-7_armhf.deb) ...
Selecting previously unselected package libffi5:armhf.
Unpacking libffi5:armhf (from .../libffi5_3.0.10-3+b1_armhf.deb) ...
Selecting previously unselected package libglib2.0-0:armhf.
Unpacking libglib2.0-0:armhf (from .../libglib2.0-0_2.33.12+really2.32.4-3_armhf.deb) ...
Selecting previously unselected package libcroco3:armhf.
Unpacking libcroco3:armhf (from .../libcroco3_0.6.6-2_armhf.deb) ...
Selecting previously unselected package libunistring0:armhf.
Unpacking libunistring0:armhf (from .../libunistring0_0.9.3-5+b1_armhf.deb) ...
Selecting previously unselected package libgettextpo0:armhf.
Unpacking libgettextpo0:armhf (from .../libgettextpo0_0.18.1.1-10_armhf.deb) ...
Selecting previously unselected package file.
Unpacking file (from .../archives/file_5.11-2_armhf.deb) ...
Selecting previously unselected package gettext-base.
Unpacking gettext-base (from .../gettext-base_0.18.1.1-10_armhf.deb) ...
Selecting previously unselected package cdbs.
Unpacking cdbs (from .../archives/cdbs_0.4.119_all.deb) ...
Selecting previously unselected package html2text.
Unpacking html2text (from .../html2text_1.3.2a-15+b1_armhf.deb) ...
Selecting previously unselected package libasprintf-dev:armhf.
Unpacking libasprintf-dev:armhf (from .../libasprintf-dev_0.18.1.1-10_armhf.deb) ...
Selecting previously unselected package libgettextpo-dev:armhf.
Unpacking libgettextpo-dev:armhf (from .../libgettextpo-dev_0.18.1.1-10_armhf.deb) ...
Selecting previously unselected package gettext.
Unpacking gettext (from .../gettext_0.18.1.1-10_armhf.deb) ...
Selecting previously unselected package intltool-debian.
Unpacking intltool-debian (from .../intltool-debian_0.35.0+20060710.1_all.deb) ...
Selecting previously unselected package po-debconf.
Unpacking po-debconf (from .../po-debconf_1.0.16+nmu2_all.deb) ...
Selecting previously unselected package debhelper.
Unpacking debhelper (from .../debhelper_9.20120909_all.deb) ...
Selecting previously unselected package diffstat.
Unpacking diffstat (from .../diffstat_1.55-3_armhf.deb) ...
Selecting previously unselected package libtinfo-dev:armhf.
Unpacking libtinfo-dev:armhf (from .../libtinfo-dev_5.9-10_armhf.deb) ...
Selecting previously unselected package libncurses5-dev.
Unpacking libncurses5-dev (from .../libncurses5-dev_5.9-10_armhf.deb) ...
Selecting previously unselected package quilt.
Unpacking quilt (from .../archives/quilt_0.60-2_all.deb) ...
Selecting previously unselected package zlib1g-dev:armhf.
Unpacking zlib1g-dev:armhf (from .../zlib1g-dev_1%3a1.2.7.dfsg-13_armhf.deb) ...
Setting up libpipeline1:armhf (1.2.2-1) ...
Setting up groff-base (1.21-9) ...
Setting up bsdmainutils (9.0.3) ...
update-alternatives: using /usr/bin/bsd-write to provide /usr/bin/write (write) in auto mode
update-alternatives: using /usr/bin/bsd-from to provide /usr/bin/from (from) in auto mode
Setting up man-db (2.6.3-3) ...
Building database of manual pages ...
Setting up bash-completion (1:2.0-1) ...
Setting up libasprintf0c2:armhf (0.18.1.1-10) ...
Setting up libmagic1:armhf (5.11-2) ...
Setting up libpcre3:armhf (1:8.31-1) ...
Setting up libxml2:armhf (2.8.0+dfsg1-7) ...
Setting up libffi5:armhf (3.0.10-3+b1) ...
Setting up libglib2.0-0:armhf (2.33.12+really2.32.4-3) ...
No schema files found: doing nothing.
Setting up libcroco3:armhf (0.6.6-2) ...
Setting up libunistring0:armhf (0.9.3-5+b1) ...
Setting up libgettextpo0:armhf (0.18.1.1-10) ...
Setting up file (5.11-2) ...
Setting up gettext-base (0.18.1.1-10) ...
Setting up cdbs (0.4.119) ...
Setting up html2text (1.3.2a-15+b1) ...
Setting up libasprintf-dev:armhf (0.18.1.1-10) ...
Setting up libgettextpo-dev:armhf (0.18.1.1-10) ...
Setting up gettext (0.18.1.1-10) ...
Setting up intltool-debian (0.35.0+20060710.1) ...
Setting up po-debconf (1.0.16+nmu2) ...
Setting up debhelper (9.20120909) ...
Setting up diffstat (1.55-3) ...
Setting up libtinfo-dev:armhf (5.9-10) ...
Setting up libncurses5-dev (5.9-10) ...
Setting up quilt (0.60-2) ...
Setting up zlib1g-dev:armhf (1:1.2.7.dfsg-13) ...
Removing negative dependencies: 
Reading package lists...
Building dependency tree...
Reading state information...
0 upgraded, 0 newly installed, 0 to remove and 40 not upgraded.
Checking correctness of dependencies...
Kernel: Linux 3.2.0-4-mx5 armhf (armv7l)
Toolchain package versions: binutils_2.22-7.1 dpkg-dev_1.16.9 g++-4.6_4.6.3-12 gcc-4.6_4.6.3-12 libc6-dev_2.13-36 libstdc++6_4.7.2-4 libstdc++6-4.6-dev_4.6.3-12 linux-libc-dev_3.2.32-1
Package versions: apt_0.9.7.6 base-files_6.12 base-passwd_3.5.26 bash_4.2-5 bash-completion_1:2.0-1 binutils_2.22-7.1 bsdmainutils_9.0.3 bsdutils_1:2.20.1-5.2 build-essential_11.5+b1 bzip2_1.0.6-4 cdbs_0.4.119 coreutils_8.13-3.3 cpp_4:4.6.3-8 cpp-4.6_4.6.3-12 dash_0.5.7-3 debconf_1.5.46 debfoster_2.7-1.2 debhelper_9.20120909 debian-archive-keyring_2012.4 debian-ports-archive-keyring_2012.01.08 debianutils_4.3.4 diffstat_1.55-3 diffutils_1:3.2-7 dpkg_1.16.9 dpkg-dev_1.16.9 e2fslibs_1.42.5-1 e2fsprogs_1.42.5-1 fakeroot_1.18.4-2 file_5.11-2 findutils_4.4.2-5 g++_4:4.6.3-8 g++-4.6_4.6.3-12 gcc_4:4.6.3-8 gcc-4.5-base_4.5.4-1 gcc-4.6_4.6.3-12 gcc-4.6-base_4.6.3-12 gcc-4.7-base_4.7.2-4 gettext_0.18.1.1-10 gettext-base_0.18.1.1-10 gnupg_1.4.12-6 gpgv_1.4.12-6 grep_2.12-2 groff-base_1.21-9 gzip_1.5-1.1 hostname_3.11 html2text_1.3.2a-15+b1 initscripts_2.88dsf-32 insserv_1.14.0-4 intltool-debian_0.35.0+20060710.1 libacl1_2.2.51-8 libalgorithm-diff-perl_1.19.02-3 libalgorithm-merge-perl_0.08-2 libapt-pkg4.12_0.9.7.6 libasprintf-dev_0.18.1.1-10 libasprintf0c2_0.18.1.1-10 libattr1_1:2.4.46-8 libblkid1_2.20.1-5.2 libbz2-1.0_1.0.6-4 libc-bin_2.13-36 libc-dev-bin_2.13-36 libc6_2.13-36 libc6-dev_2.13-36 libclass-isa-perl_0.36-4 libcomerr2_1.42.5-1 libcroco3_0.6.6-2 libdb5.1_5.1.29-5 libdpkg-perl_1.16.9 libffi5_3.0.10-3+b1 libfile-fcntllock-perl_0.14-2 libgc1c2_1:7.1-9 libgcc1_1:4.7.2-4 libgdbm3_1.8.3-11 libgettextpo-dev_0.18.1.1-10 libgettextpo0_0.18.1.1-10 libglib2.0-0_2.33.12+really2.32.4-3 libgmp10_2:5.0.5+dfsg-2 libgomp1_4.7.2-4 liblzma2_5.1.1alpha+20110809-2 liblzma5_5.1.1alpha+20120614-1 libmagic1_5.11-2 libmount1_2.20.1-5.2 libmpc2_0.9-4+b1 libmpfr4_3.1.0-5 libncurses5_5.9-10 libncurses5-dev_5.9-10 libpam-modules_1.1.3-7.1 libpam-modules-bin_1.1.3-7.1 libpam-runtime_1.1.3-7.1 libpam0g_1.1.3-7.1 libpcre3_1:8.31-1 libpipeline1_1.2.2-1 libreadline6_6.2-9 libselinux1_2.1.9-5 libsemanage-common_2.1.6-6 libsemanage1_2.1.6-6 libsepol1_2.1.4-3 libslang2_2.2.4-15 libss2_1.42.5-1 libstdc++6_4.7.2-4 libstdc++6-4.6-dev_4.6.3-12 libswitch-perl_2.16-2 libtimedate-perl_1.2000-1 libtinfo-dev_5.9-10 libtinfo5_5.9-10 libunistring0_0.9.3-5+b1 libusb-0.1-4_2:0.1.12-23+nmu1 libustr-1.0-1_1.0.4-3 libuuid1_2.20.1-5.2 libxml2_2.8.0+dfsg1-7 linux-libc-dev_3.2.32-1 login_1:4.1.5.1-1 lsb-base_4.1+Debian8 make_3.81-8.2 man-db_2.6.3-3 manpages_3.42-1 manpages-dev_3.42-1 mawk_1.3.3-17 mount_2.20.1-5.2 multiarch-support_2.13-36 ncurses-base_5.9-10 ncurses-bin_5.9-10 passwd_1:4.1.5.1-1 patch_2.6.1-3 perl_5.14.2-15 perl-base_5.14.2-15 perl-modules_5.14.2-15 po-debconf_1.0.16+nmu2 quilt_0.60-2 readline-common_6.2-9 sed_4.2.1-10 sensible-utils_0.0.7 sudo_1.8.5p2-1 sysv-rc_2.88dsf-32 sysvinit_2.88dsf-32 sysvinit-utils_2.88dsf-32 tar_1.26-4 tzdata_2012i-1 util-linux_2.20.1-5.2 xz-utils_5.1.1alpha+20120614-1 zlib1g_1:1.2.7.dfsg-13 zlib1g-dev_1:1.2.7.dfsg-13

┌──────────────────────────────────────────────────────────────────────────────┐
│ Build                                                                        │
└──────────────────────────────────────────────────────────────────────────────┘


Unpack source
─────────────

gpgv: keyblock resource `/home/buildd/.gnupg/trustedkeys.gpg': file open error
gpgv: Signature made Sun Dec 23 04:34:30 2012 UTC using DSA key ID B351A900
gpgv: Can't check signature: public key not found
dpkg-source: warning: failed to verify signature on ./samtools_0.1.18-4.dsc
dpkg-source: info: extracting samtools in samtools-0.1.18
dpkg-source: info: unpacking samtools_0.1.18.orig.tar.bz2
dpkg-source: info: unpacking samtools_0.1.18-4.debian.tar.gz
dpkg-source: info: applying no-pileup-tests.patch
dpkg-source: info: applying fix_segfault_with_small_ref.patch
dpkg-source: info: applying fix_coverage_cap.patch
dpkg-source: info: applying fix_float_tag.patch

Check disc space
────────────────


dpkg-buildpackage
─────────────────

dpkg-buildpackage: source package samtools
dpkg-buildpackage: source version 0.1.18-4
 dpkg-source --before-build samtools-0.1.18
dpkg-buildpackage: host architecture armhf
 fakeroot debian/rules clean
test -x debian/rules
dh_testroot
rm -f debian/stamp-makefile-build debian/stamp-makefile-install
/usr/bin/make  -C . CFLAGS="-g -O2 -fstack-protector --param=ssp-buffer-size=4 -Wformat -Werror=format-security -Wall -fPIC" CXXFLAGS="-g -O2 -fstack-protector --param=ssp-buffer-size=4 -Wformat -Werror=format-security -Wall" CPPFLAGS="-D_FORTIFY_SOURCE=2" LDFLAGS="-Wl,-z,relro"  -k clean
make[1]: Entering directory `/build/buildd-samtools_0.1.18-4-armhf-OvDkY3/samtools-0.1.18'
make[2]: Entering directory `/build/buildd-samtools_0.1.18-4-armhf-OvDkY3/samtools-0.1.18'
rm -fr gmon.out *.o a.out *.exe *.dSYM razip bgzip samtools *~ *.a *.so.* *.so *.dylib
make[2]: Leaving directory `/build/buildd-samtools_0.1.18-4-armhf-OvDkY3/samtools-0.1.18'
make[2]: Entering directory `/build/buildd-samtools_0.1.18-4-armhf-OvDkY3/samtools-0.1.18/bcftools'
rm -fr gmon.out *.o a.out *.dSYM bcftools *~ *.a bcf.aux bcf.log bcf.pdf *.class libbcf.*.dylib libbcf.so*
make[2]: Leaving directory `/build/buildd-samtools_0.1.18-4-armhf-OvDkY3/samtools-0.1.18/bcftools'
make[2]: Entering directory `/build/buildd-samtools_0.1.18-4-armhf-OvDkY3/samtools-0.1.18/misc'
rm -fr gmon.out *.o a.out *.exe *.dSYM md5sum-lite md5fa maq2sam-short maq2sam-long wgsim seqtk *~ *.a
make[2]: Leaving directory `/build/buildd-samtools_0.1.18-4-armhf-OvDkY3/samtools-0.1.18/misc'
make[1]: Leaving directory `/build/buildd-samtools_0.1.18-4-armhf-OvDkY3/samtools-0.1.18'
rm -f debian/stamp-makefile-check
dh_clean 
/usr/bin/make -f debian/rules reverse-config
make[1]: Entering directory `/build/buildd-samtools_0.1.18-4-armhf-OvDkY3/samtools-0.1.18'
make[1]: Nothing to be done for `reverse-config'.
make[1]: Leaving directory `/build/buildd-samtools_0.1.18-4-armhf-OvDkY3/samtools-0.1.18'
if [ -d "." ]; then \
	  cd . && QUILT_PATCHES=/build/buildd-samtools_0.1.18-4-armhf-OvDkY3/samtools-0.1.18/debian/patches quilt --quiltrc /dev/null pop -a -R || test $? = 2 ; \
	fi
Removing patch fix_float_tag.patch
Restoring bam.h

Removing patch fix_coverage_cap.patch
Restoring bam2depth.c

Removing patch fix_segfault_with_small_ref.patch
Restoring bam_plcmd.c

Removing patch no-pileup-tests.patch
Restoring examples/Makefile

No patches applied
rm -rf ./.pc
rm -f debian/stamp-patch*
rm -f examples/calDepth examples/ex1.bam examples/ex1.bam.bai examples/ex1.fa.fai examples/ex1.glf examples/ex1.glfview.gz examples/ex1.pileup.gz examples/ex1a.bam examples/ex1b.bam examples/ex1f-rmduppe.bam examples/ex1f-rmdupse.bam examples/ex1f.bam examples/ex1f.rg examples/ex1.bcf
 debian/rules build-arch
test -x debian/rules
mkdir -p "."
/usr/share/cdbs/1/rules/buildcore.mk:109: WARNING:  DEB_DH_BUILDDEB_ARGS is a deprecated variable
/usr/share/cdbs/1/rules/buildcore.mk:109: WARNING:  DEB_COMPRESS_EXCLUDE is a deprecated variable
/usr/bin/make -f debian/rules reverse-config
make[1]: Entering directory `/build/buildd-samtools_0.1.18-4-armhf-OvDkY3/samtools-0.1.18'
make[1]: Nothing to be done for `reverse-config'.
make[1]: Leaving directory `/build/buildd-samtools_0.1.18-4-armhf-OvDkY3/samtools-0.1.18'
cd . && QUILT_PATCHES=/build/buildd-samtools_0.1.18-4-armhf-OvDkY3/samtools-0.1.18/debian/patches quilt --quiltrc /dev/null push -a || test $? = 2
Applying patch no-pileup-tests.patch
patching file examples/Makefile

Applying patch fix_segfault_with_small_ref.patch
patching file bam_plcmd.c

Applying patch fix_coverage_cap.patch
patching file bam2depth.c

Applying patch fix_float_tag.patch
patching file bam.h

Now at patch fix_float_tag.patch
touch debian/stamp-patched
/usr/bin/make -f debian/rules update-config
make[1]: Entering directory `/build/buildd-samtools_0.1.18-4-armhf-OvDkY3/samtools-0.1.18'
make[1]: Nothing to be done for `update-config'.
make[1]: Leaving directory `/build/buildd-samtools_0.1.18-4-armhf-OvDkY3/samtools-0.1.18'
/usr/bin/make  -C . CFLAGS="-g -O2 -fstack-protector --param=ssp-buffer-size=4 -Wformat -Werror=format-security -Wall -fPIC" CXXFLAGS="-g -O2 -fstack-protector --param=ssp-buffer-size=4 -Wformat -Werror=format-security -Wall" CPPFLAGS="-D_FORTIFY_SOURCE=2" LDFLAGS="-Wl,-z,relro"  all all-recur razip lib
make[1]: Entering directory `/build/buildd-samtools_0.1.18-4-armhf-OvDkY3/samtools-0.1.18'
make[2]: Entering directory `/build/buildd-samtools_0.1.18-4-armhf-OvDkY3/samtools-0.1.18'
gcc -c -g -O2 -fstack-protector --param=ssp-buffer-size=4 -Wformat -Werror=format-security -Wall -fPIC -D_FILE_OFFSET_BITS=64 -D_LARGEFILE64_SOURCE -D_USE_KNETFILE -D_CURSES_LIB=1 -I. bgzf.c -o bgzf.o
bgzf.c: In function 'bgzf_close':
bgzf.c:630:8: warning: variable 'count' set but not used [-Wunused-but-set-variable]
gcc -c -g -O2 -fstack-protector --param=ssp-buffer-size=4 -Wformat -Werror=format-security -Wall -fPIC -D_FILE_OFFSET_BITS=64 -D_LARGEFILE64_SOURCE -D_USE_KNETFILE -D_CURSES_LIB=1 -I. kstring.c -o kstring.o
gcc -c -g -O2 -fstack-protector --param=ssp-buffer-size=4 -Wformat -Werror=format-security -Wall -fPIC -D_FILE_OFFSET_BITS=64 -D_LARGEFILE64_SOURCE -D_USE_KNETFILE -D_CURSES_LIB=1 -I. bam_aux.c -o bam_aux.o
gcc -c -g -O2 -fstack-protector --param=ssp-buffer-size=4 -Wformat -Werror=format-security -Wall -fPIC -D_FILE_OFFSET_BITS=64 -D_LARGEFILE64_SOURCE -D_USE_KNETFILE -D_CURSES_LIB=1 -I. bam.c -o bam.o
gcc -c -g -O2 -fstack-protector --param=ssp-buffer-size=4 -Wformat -Werror=format-security -Wall -fPIC -D_FILE_OFFSET_BITS=64 -D_LARGEFILE64_SOURCE -D_USE_KNETFILE -D_CURSES_LIB=1 -I. bam_import.c -o bam_import.o
bam_import.c: In function 'append_text':
bam_import.c:179:13: warning: format '%ld' expects argument of type 'long int', but argument 3 has type 'size_t' [-Wformat]
bam_import.c:186:9: warning: format '%ld' expects argument of type 'long int', but argument 3 has type 'size_t' [-Wformat]
bam_import.c:186:9: warning: format '%ld' expects argument of type 'long int', but argument 4 has type 'size_t' [-Wformat]
bam_import.c:186:9: warning: format '%ld' expects argument of type 'long int', but argument 5 has type 'size_t' [-Wformat]
bam_import.c:186:9: warning: format '%ld' expects argument of type 'long int', but argument 6 has type 'size_t' [-Wformat]
gcc -c -g -O2 -fstack-protector --param=ssp-buffer-size=4 -Wformat -Werror=format-security -Wall -fPIC -D_FILE_OFFSET_BITS=64 -D_LARGEFILE64_SOURCE -D_USE_KNETFILE -D_CURSES_LIB=1 -I. sam.c -o sam.o
gcc -c -g -O2 -fstack-protector --param=ssp-buffer-size=4 -Wformat -Werror=format-security -Wall -fPIC -D_FILE_OFFSET_BITS=64 -D_LARGEFILE64_SOURCE -D_USE_KNETFILE -D_CURSES_LIB=1 -I. bam_index.c -o bam_index.o
gcc -c -g -O2 -fstack-protector --param=ssp-buffer-size=4 -Wformat -Werror=format-security -Wall -fPIC -D_FILE_OFFSET_BITS=64 -D_LARGEFILE64_SOURCE -D_USE_KNETFILE -D_CURSES_LIB=1 -I. bam_pileup.c -o bam_pileup.o
bam_pileup.c: In function 'resolve_cigar2':
bam_pileup.c:75:9: warning: variable 'is_head' set but not used [-Wunused-but-set-variable]
gcc -c -g -O2 -fstack-protector --param=ssp-buffer-size=4 -Wformat -Werror=format-security -Wall -fPIC -D_FILE_OFFSET_BITS=64 -D_LARGEFILE64_SOURCE -D_USE_KNETFILE -D_CURSES_LIB=1 -I. bam_lpileup.c -o bam_lpileup.o
gcc -c -g -O2 -fstack-protector --param=ssp-buffer-size=4 -Wformat -Werror=format-security -Wall -fPIC -D_FILE_OFFSET_BITS=64 -D_LARGEFILE64_SOURCE -D_USE_KNETFILE -D_CURSES_LIB=1 -I. bam_md.c -o bam_md.o
gcc -c -g -O2 -fstack-protector --param=ssp-buffer-size=4 -Wformat -Werror=format-security -Wall -fPIC -D_FILE_OFFSET_BITS=64 -D_LARGEFILE64_SOURCE -D_USE_KNETFILE -D_CURSES_LIB=1 -I. razf.c -o razf.o
gcc -c -g -O2 -fstack-protector --param=ssp-buffer-size=4 -Wformat -Werror=format-security -Wall -fPIC -D_FILE_OFFSET_BITS=64 -D_LARGEFILE64_SOURCE -D_USE_KNETFILE -D_CURSES_LIB=1 -I. faidx.c -o faidx.o
gcc -c -g -O2 -fstack-protector --param=ssp-buffer-size=4 -Wformat -Werror=format-security -Wall -fPIC -D_FILE_OFFSET_BITS=64 -D_LARGEFILE64_SOURCE -D_USE_KNETFILE -D_CURSES_LIB=1 -I. bedidx.c -o bedidx.o
gcc -c -g -O2 -fstack-protector --param=ssp-buffer-size=4 -Wformat -Werror=format-security -Wall -fPIC -D_FILE_OFFSET_BITS=64 -D_LARGEFILE64_SOURCE -D_USE_KNETFILE -D_CURSES_LIB=1 -I. knetfile.c -o knetfile.o
gcc -c -g -O2 -fstack-protector --param=ssp-buffer-size=4 -Wformat -Werror=format-security -Wall -fPIC -D_FILE_OFFSET_BITS=64 -D_LARGEFILE64_SOURCE -D_USE_KNETFILE -D_CURSES_LIB=1 -I. bam_sort.c -o bam_sort.o
gcc -c -g -O2 -fstack-protector --param=ssp-buffer-size=4 -Wformat -Werror=format-security -Wall -fPIC -D_FILE_OFFSET_BITS=64 -D_LARGEFILE64_SOURCE -D_USE_KNETFILE -D_CURSES_LIB=1 -I. sam_header.c -o sam_header.o
gcc -c -g -O2 -fstack-protector --param=ssp-buffer-size=4 -Wformat -Werror=format-security -Wall -fPIC -D_FILE_OFFSET_BITS=64 -D_LARGEFILE64_SOURCE -D_USE_KNETFILE -D_CURSES_LIB=1 -I. bam_reheader.c -o bam_reheader.o
bam_reheader.c: In function 'bam_reheader':
bam_reheader.c:11:16: warning: variable 'old' set but not used [-Wunused-but-set-variable]
gcc -c -g -O2 -fstack-protector --param=ssp-buffer-size=4 -Wformat -Werror=format-security -Wall -fPIC -D_FILE_OFFSET_BITS=64 -D_LARGEFILE64_SOURCE -D_USE_KNETFILE -D_CURSES_LIB=1 -I. kprobaln.c -o kprobaln.o
kprobaln.c: In function 'kpa_glocal':
kprobaln.c:78:21: warning: variable 'is_diff' set but not used [-Wunused-but-set-variable]
gcc -c -g -O2 -fstack-protector --param=ssp-buffer-size=4 -Wformat -Werror=format-security -Wall -fPIC -D_FILE_OFFSET_BITS=64 -D_LARGEFILE64_SOURCE -D_USE_KNETFILE -D_CURSES_LIB=1 -I. bam_cat.c -o bam_cat.o
ar -csru libbam.a bgzf.o kstring.o bam_aux.o bam.o bam_import.o sam.o bam_index.o bam_pileup.o bam_lpileup.o bam_md.o razf.o faidx.o bedidx.o knetfile.o bam_sort.o sam_header.o bam_reheader.o kprobaln.o bam_cat.o
make[2]: Leaving directory `/build/buildd-samtools_0.1.18-4-armhf-OvDkY3/samtools-0.1.18'
make[2]: Entering directory `/build/buildd-samtools_0.1.18-4-armhf-OvDkY3/samtools-0.1.18/bcftools'
gcc -c -g -O2 -fstack-protector --param=ssp-buffer-size=4 -Wformat -Werror=format-security -Wall -fPIC -D_FILE_OFFSET_BITS=64 -D_LARGEFILE64_SOURCE -D_USE_KNETFILE -D_CURSES_LIB=1 -I.. -I. bcf.c -o bcf.o
gcc -c -g -O2 -fstack-protector --param=ssp-buffer-size=4 -Wformat -Werror=format-security -Wall -fPIC -D_FILE_OFFSET_BITS=64 -D_LARGEFILE64_SOURCE -D_USE_KNETFILE -D_CURSES_LIB=1 -I.. -I. vcf.c -o vcf.o
gcc -c -g -O2 -fstack-protector --param=ssp-buffer-size=4 -Wformat -Werror=format-security -Wall -fPIC -D_FILE_OFFSET_BITS=64 -D_LARGEFILE64_SOURCE -D_USE_KNETFILE -D_CURSES_LIB=1 -I.. -I. bcfutils.c -o bcfutils.o
gcc -c -g -O2 -fstack-protector --param=ssp-buffer-size=4 -Wformat -Werror=format-security -Wall -fPIC -D_FILE_OFFSET_BITS=64 -D_LARGEFILE64_SOURCE -D_USE_KNETFILE -D_CURSES_LIB=1 -I.. -I. prob1.c -o prob1.o
gcc -c -g -O2 -fstack-protector --param=ssp-buffer-size=4 -Wformat -Werror=format-security -Wall -fPIC -D_FILE_OFFSET_BITS=64 -D_LARGEFILE64_SOURCE -D_USE_KNETFILE -D_CURSES_LIB=1 -I.. -I. em.c -o em.o
em.c: In function 'bcf_em1':
em.c:174:12: warning: variable 'n2' set but not used [-Wunused-but-set-variable]
gcc -c -g -O2 -fstack-protector --param=ssp-buffer-size=4 -Wformat -Werror=format-security -Wall -fPIC -D_FILE_OFFSET_BITS=64 -D_LARGEFILE64_SOURCE -D_USE_KNETFILE -D_CURSES_LIB=1 -I.. -I. kfunc.c -o kfunc.o
gcc -c -g -O2 -fstack-protector --param=ssp-buffer-size=4 -Wformat -Werror=format-security -Wall -fPIC -D_FILE_OFFSET_BITS=64 -D_LARGEFILE64_SOURCE -D_USE_KNETFILE -D_CURSES_LIB=1 -I.. -I. kmin.c -o kmin.o
gcc -c -g -O2 -fstack-protector --param=ssp-buffer-size=4 -Wformat -Werror=format-security -Wall -fPIC -D_FILE_OFFSET_BITS=64 -D_LARGEFILE64_SOURCE -D_USE_KNETFILE -D_CURSES_LIB=1 -I.. -I. index.c -o index.o
gcc -c -g -O2 -fstack-protector --param=ssp-buffer-size=4 -Wformat -Werror=format-security -Wall -fPIC -D_FILE_OFFSET_BITS=64 -D_LARGEFILE64_SOURCE -D_USE_KNETFILE -D_CURSES_LIB=1 -I.. -I. fet.c -o fet.o
gcc -c -g -O2 -fstack-protector --param=ssp-buffer-size=4 -Wformat -Werror=format-security -Wall -fPIC -D_FILE_OFFSET_BITS=64 -D_LARGEFILE64_SOURCE -D_USE_KNETFILE -D_CURSES_LIB=1 -I.. -I. mut.c -o mut.o
gcc -c -g -O2 -fstack-protector --param=ssp-buffer-size=4 -Wformat -Werror=format-security -Wall -fPIC -D_FILE_OFFSET_BITS=64 -D_LARGEFILE64_SOURCE -D_USE_KNETFILE -D_CURSES_LIB=1 -I.. -I. bcf2qcall.c -o bcf2qcall.o
ar -csru libbcf.a bcf.o vcf.o bcfutils.o prob1.o em.o kfunc.o kmin.o index.o fet.o mut.o bcf2qcall.o
make[2]: Leaving directory `/build/buildd-samtools_0.1.18-4-armhf-OvDkY3/samtools-0.1.18/bcftools'
make[2]: Entering directory `/build/buildd-samtools_0.1.18-4-armhf-OvDkY3/samtools-0.1.18/misc'
make[2]: Nothing to be done for `lib'.
make[2]: Leaving directory `/build/buildd-samtools_0.1.18-4-armhf-OvDkY3/samtools-0.1.18/misc'
gcc -c -g -O2 -fstack-protector --param=ssp-buffer-size=4 -Wformat -Werror=format-security -Wall -fPIC -D_FILE_OFFSET_BITS=64 -D_LARGEFILE64_SOURCE -D_USE_KNETFILE -D_CURSES_LIB=1 -I. bam_tview.c -o bam_tview.o
gcc -c -g -O2 -fstack-protector --param=ssp-buffer-size=4 -Wformat -Werror=format-security -Wall -fPIC -D_FILE_OFFSET_BITS=64 -D_LARGEFILE64_SOURCE -D_USE_KNETFILE -D_CURSES_LIB=1 -I. bam_plcmd.c -o bam_plcmd.o
gcc -c -g -O2 -fstack-protector --param=ssp-buffer-size=4 -Wformat -Werror=format-security -Wall -fPIC -D_FILE_OFFSET_BITS=64 -D_LARGEFILE64_SOURCE -D_USE_KNETFILE -D_CURSES_LIB=1 -I. sam_view.c -o sam_view.o
gcc -c -g -O2 -fstack-protector --param=ssp-buffer-size=4 -Wformat -Werror=format-security -Wall -fPIC -D_FILE_OFFSET_BITS=64 -D_LARGEFILE64_SOURCE -D_USE_KNETFILE -D_CURSES_LIB=1 -I. bam_rmdup.c -o bam_rmdup.o
gcc -c -g -O2 -fstack-protector --param=ssp-buffer-size=4 -Wformat -Werror=format-security -Wall -fPIC -D_FILE_OFFSET_BITS=64 -D_LARGEFILE64_SOURCE -D_USE_KNETFILE -D_CURSES_LIB=1 -I. bam_rmdupse.c -o bam_rmdupse.o
gcc -c -g -O2 -fstack-protector --param=ssp-buffer-size=4 -Wformat -Werror=format-security -Wall -fPIC -D_FILE_OFFSET_BITS=64 -D_LARGEFILE64_SOURCE -D_USE_KNETFILE -D_CURSES_LIB=1 -I. bam_mate.c -o bam_mate.o
gcc -c -g -O2 -fstack-protector --param=ssp-buffer-size=4 -Wformat -Werror=format-security -Wall -fPIC -D_FILE_OFFSET_BITS=64 -D_LARGEFILE64_SOURCE -D_USE_KNETFILE -D_CURSES_LIB=1 -I. bam_stat.c -o bam_stat.o
gcc -c -g -O2 -fstack-protector --param=ssp-buffer-size=4 -Wformat -Werror=format-security -Wall -fPIC -D_FILE_OFFSET_BITS=64 -D_LARGEFILE64_SOURCE -D_USE_KNETFILE -D_CURSES_LIB=1 -I. bam_color.c -o bam_color.o
gcc -c -g -O2 -fstack-protector --param=ssp-buffer-size=4 -Wformat -Werror=format-security -Wall -fPIC -D_FILE_OFFSET_BITS=64 -D_LARGEFILE64_SOURCE -D_USE_KNETFILE -D_CURSES_LIB=1 -I. bamtk.c -o bamtk.o
gcc -c -g -O2 -fstack-protector --param=ssp-buffer-size=4 -Wformat -Werror=format-security -Wall -fPIC -D_FILE_OFFSET_BITS=64 -D_LARGEFILE64_SOURCE -D_USE_KNETFILE -D_CURSES_LIB=1 -I. kaln.c -o kaln.o
gcc -c -g -O2 -fstack-protector --param=ssp-buffer-size=4 -Wformat -Werror=format-security -Wall -fPIC -D_FILE_OFFSET_BITS=64 -D_LARGEFILE64_SOURCE -D_USE_KNETFILE -D_CURSES_LIB=1 -I. bam2bcf.c -o bam2bcf.o
gcc -c -g -O2 -fstack-protector --param=ssp-buffer-size=4 -Wformat -Werror=format-security -Wall -fPIC -D_FILE_OFFSET_BITS=64 -D_LARGEFILE64_SOURCE -D_USE_KNETFILE -D_CURSES_LIB=1 -I. bam2bcf_indel.c -o bam2bcf_indel.o
gcc -c -g -O2 -fstack-protector --param=ssp-buffer-size=4 -Wformat -Werror=format-security -Wall -fPIC -D_FILE_OFFSET_BITS=64 -D_LARGEFILE64_SOURCE -D_USE_KNETFILE -D_CURSES_LIB=1 -I. errmod.c -o errmod.o
gcc -c -g -O2 -fstack-protector --param=ssp-buffer-size=4 -Wformat -Werror=format-security -Wall -fPIC -D_FILE_OFFSET_BITS=64 -D_LARGEFILE64_SOURCE -D_USE_KNETFILE -D_CURSES_LIB=1 -I. sample.c -o sample.o
gcc -c -g -O2 -fstack-protector --param=ssp-buffer-size=4 -Wformat -Werror=format-security -Wall -fPIC -D_FILE_OFFSET_BITS=64 -D_LARGEFILE64_SOURCE -D_USE_KNETFILE -D_CURSES_LIB=1 -I. cut_target.c -o cut_target.o
cut_target.c: In function 'main_cut_target':
cut_target.c:137:36: warning: variable 'lastpos' set but not used [-Wunused-but-set-variable]
gcc -c -g -O2 -fstack-protector --param=ssp-buffer-size=4 -Wformat -Werror=format-security -Wall -fPIC -D_FILE_OFFSET_BITS=64 -D_LARGEFILE64_SOURCE -D_USE_KNETFILE -D_CURSES_LIB=1 -I. phase.c -o phase.o
gcc -c -g -O2 -fstack-protector --param=ssp-buffer-size=4 -Wformat -Werror=format-security -Wall -fPIC -D_FILE_OFFSET_BITS=64 -D_LARGEFILE64_SOURCE -D_USE_KNETFILE -D_CURSES_LIB=1 -I. bam2depth.c -o bam2depth.o
gcc -g -O2 -fstack-protector --param=ssp-buffer-size=4 -Wformat -Werror=format-security -Wall -fPIC -o samtools bam_tview.o bam_plcmd.o sam_view.o bam_rmdup.o bam_rmdupse.o bam_mate.o bam_stat.o bam_color.o bamtk.o kaln.o bam2bcf.o bam2bcf_indel.o errmod.o sample.o cut_target.o phase.o bam2depth.o -Lbcftools  libbam.a -lbcf -lcurses  -lm -lz
make[2]: Entering directory `/build/buildd-samtools_0.1.18-4-armhf-OvDkY3/samtools-0.1.18'
make[3]: Entering directory `/build/buildd-samtools_0.1.18-4-armhf-OvDkY3/samtools-0.1.18'
make[3]: Nothing to be done for `lib'.
make[3]: Leaving directory `/build/buildd-samtools_0.1.18-4-armhf-OvDkY3/samtools-0.1.18'
make[3]: Entering directory `/build/buildd-samtools_0.1.18-4-armhf-OvDkY3/samtools-0.1.18/bcftools'
make[3]: Nothing to be done for `lib'.
make[3]: Leaving directory `/build/buildd-samtools_0.1.18-4-armhf-OvDkY3/samtools-0.1.18/bcftools'
make[3]: Entering directory `/build/buildd-samtools_0.1.18-4-armhf-OvDkY3/samtools-0.1.18/misc'
make[3]: Nothing to be done for `lib'.
make[3]: Leaving directory `/build/buildd-samtools_0.1.18-4-armhf-OvDkY3/samtools-0.1.18/misc'
gcc -g -O2 -fstack-protector --param=ssp-buffer-size=4 -Wformat -Werror=format-security -Wall -fPIC -o samtools bam_tview.o bam_plcmd.o sam_view.o bam_rmdup.o bam_rmdupse.o bam_mate.o bam_stat.o bam_color.o bamtk.o kaln.o bam2bcf.o bam2bcf_indel.o errmod.o sample.o cut_target.o phase.o bam2depth.o -Lbcftools  libbam.a -lbcf -lcurses  -lm -lz
make[2]: Leaving directory `/build/buildd-samtools_0.1.18-4-armhf-OvDkY3/samtools-0.1.18'
make[2]: Entering directory `/build/buildd-samtools_0.1.18-4-armhf-OvDkY3/samtools-0.1.18/bcftools'
gcc -c -g -O2 -fstack-protector --param=ssp-buffer-size=4 -Wformat -Werror=format-security -Wall -fPIC -D_FILE_OFFSET_BITS=64 -D_LARGEFILE64_SOURCE -D_USE_KNETFILE -D_CURSES_LIB=1 -I.. -I. call1.c -o call1.o
gcc -c -g -O2 -fstack-protector --param=ssp-buffer-size=4 -Wformat -Werror=format-security -Wall -fPIC -D_FILE_OFFSET_BITS=64 -D_LARGEFILE64_SOURCE -D_USE_KNETFILE -D_CURSES_LIB=1 -I.. -I. main.c -o main.o
gcc -g -O2 -fstack-protector --param=ssp-buffer-size=4 -Wformat -Werror=format-security -Wall -fPIC -o bcftools call1.o main.o ../kstring.o ../bgzf.o ../knetfile.o ../bedidx.o -L.  -lbcf -lm -lz
make[2]: Leaving directory `/build/buildd-samtools_0.1.18-4-armhf-OvDkY3/samtools-0.1.18/bcftools'
make[2]: Entering directory `/build/buildd-samtools_0.1.18-4-armhf-OvDkY3/samtools-0.1.18/misc'
gcc -c -g -O2 -fstack-protector --param=ssp-buffer-size=4 -Wformat -Werror=format-security -Wall -fPIC -DMD5SUM_MAIN -o md5sum-lite.o md5.c
gcc -g -O2 -fstack-protector --param=ssp-buffer-size=4 -Wformat -Werror=format-security -Wall -fPIC -o md5sum-lite md5sum-lite.o
gcc -c -g -O2 -fstack-protector --param=ssp-buffer-size=4 -Wformat -Werror=format-security -Wall -fPIC -D_FILE_OFFSET_BITS=64 -D_LARGEFILE64_SOURCE -D_USE_KNETFILE -D_CURSES_LIB=1 -I. md5.c -o md5.o
gcc -g -O2 -fstack-protector --param=ssp-buffer-size=4 -Wformat -Werror=format-security -Wall -fPIC -c -I.. -o md5fa.o md5fa.c
gcc -g -O2 -fstack-protector --param=ssp-buffer-size=4 -Wformat -Werror=format-security -Wall -fPIC -o md5fa md5.o md5fa.o -lz
gcc -g -O2 -fstack-protector --param=ssp-buffer-size=4 -Wformat -Werror=format-security -Wall -fPIC -o maq2sam-short maq2sam.c -lz
gcc -g -O2 -fstack-protector --param=ssp-buffer-size=4 -Wformat -Werror=format-security -Wall -fPIC -DMAQ_LONGREADS -o maq2sam-long maq2sam.c -lz
gcc -g -O2 -fstack-protector --param=ssp-buffer-size=4 -Wformat -Werror=format-security -Wall -fPIC -c -I.. -o wgsim.o wgsim.c
gcc -g -O2 -fstack-protector --param=ssp-buffer-size=4 -Wformat -Werror=format-security -Wall -fPIC -o wgsim wgsim.o -lm -lz
gcc -g -O2 -fstack-protector --param=ssp-buffer-size=4 -Wformat -Werror=format-security -Wall -fPIC -c -I.. -o seqtk.o seqtk.c
seqtk.c: In function 'stk_comp':
seqtk.c:143:16: warning: variable 'lc' set but not used [-Wunused-but-set-variable]
seqtk.c: In function 'stk_subseq':
seqtk.c:427:5: warning: format '%ld' expects argument of type 'long int', but argument 5 has type 'size_t' [-Wformat]
seqtk.c: In function 'stk_mergefa':
seqtk.c:495:4: warning: format '%ld' expects argument of type 'long int', but argument 4 has type 'size_t' [-Wformat]
seqtk.c:495:4: warning: format '%ld' expects argument of type 'long int', but argument 5 has type 'size_t' [-Wformat]
seqtk.c: In function 'stk_famask':
seqtk.c:546:4: warning: format '%ld' expects argument of type 'long int', but argument 4 has type 'size_t' [-Wformat]
seqtk.c:546:4: warning: format '%ld' expects argument of type 'long int', but argument 5 has type 'size_t' [-Wformat]
gcc -g -O2 -fstack-protector --param=ssp-buffer-size=4 -Wformat -Werror=format-security -Wall -fPIC -o seqtk seqtk.o -lm -lz
make[2]: Leaving directory `/build/buildd-samtools_0.1.18-4-armhf-OvDkY3/samtools-0.1.18/misc'
gcc -c -g -O2 -fstack-protector --param=ssp-buffer-size=4 -Wformat -Werror=format-security -Wall -fPIC -D_FILE_OFFSET_BITS=64 -D_LARGEFILE64_SOURCE -D_USE_KNETFILE -D_CURSES_LIB=1 -I. razip.c -o razip.o
gcc -g -O2 -fstack-protector --param=ssp-buffer-size=4 -Wformat -Werror=format-security -Wall -fPIC -o razip razf.o razip.o knetfile.o -lz
make[1]: Nothing to be done for `lib'.
make[1]: Leaving directory `/build/buildd-samtools_0.1.18-4-armhf-OvDkY3/samtools-0.1.18'
touch debian/stamp-makefile-build
/usr/bin/make  -C . CFLAGS="-g -O2 -fstack-protector --param=ssp-buffer-size=4 -Wformat -Werror=format-security -Wall -fPIC" CXXFLAGS="-g -O2 -fstack-protector --param=ssp-buffer-size=4 -Wformat -Werror=format-security -Wall" CPPFLAGS="-D_FORTIFY_SOURCE=2" LDFLAGS="-Wl,-z,relro"  -C examples all
make[1]: Entering directory `/build/buildd-samtools_0.1.18-4-armhf-OvDkY3/samtools-0.1.18/examples'
../samtools faidx ex1.fa
../samtools import ex1.fa.fai ex1.sam.gz ex1.bam
[sam_header_read2] 2 sequences loaded.
../samtools index ex1.bam
../samtools view -h ex1.bam | awk 'BEGIN{FS=OFS="\t"}{if(/^@/)print;else{$1=$1"a";print}}' | ../samtools view -bS - > ex1a.bam
[samopen] SAM header is present: 2 sequences.
../samtools view -h ex1.bam | awk 'BEGIN{FS=OFS="\t"}{if(/^@/)print;else{$1=$1"b";print}}' | ../samtools view -bS - > ex1b.bam
[samopen] SAM header is present: 2 sequences.
(echo "@RG	ID:ex1	LB:ex1	SM:ex1"; echo "@RG	ID:ex1a	LB:ex1	SM:ex1"; echo "@RG	ID:ex1b	LB:ex1b	SM:ex1b") > ex1f.rg
../samtools merge -rh ex1f.rg ex1f.bam ex1.bam ex1a.bam ex1b.bam
../samtools rmdup ex1f.bam ex1f-rmduppe.bam
[bam_rmdup_core] processing reference seq1...
[bam_rmdup_core] processing reference seq2...
[bam_rmdup_core] 1572 / 3144 = 0.5000 in library 'ex1'
[bam_rmdup_core] 0 / 1572 = 0.0000 in library 'ex1b'
../samtools rmdup -S ex1f.bam ex1f-rmdupse.bam
[bam_rmdupse_core] 4145 / 6542 = 0.6336 in library 'ex1'
[bam_rmdupse_core] 874 / 3271 = 0.2672 in library 'ex1b'
../samtools mpileup -gf ex1.fa ex1.bam > ex1.bcf
[mpileup] 1 samples in 1 input files
<mpileup> Set max per-file depth to 8000
gcc -g -Wall -O2 -I.. calDepth.c -o calDepth -L.. -lbam -lm -lz

# You can now launch the viewer with: 'samtools tview ex1.bam ex1.fa'

make[1]: Leaving directory `/build/buildd-samtools_0.1.18-4-armhf-OvDkY3/samtools-0.1.18/examples'
touch debian/stamp-makefile-check
 fakeroot debian/rules binary-arch
test -x debian/rules
dh_testroot
dh_prep 
dh_installdirs -A 
mkdir -p "."
/usr/share/cdbs/1/rules/buildcore.mk:109: WARNING:  DEB_DH_BUILDDEB_ARGS is a deprecated variable
/usr/share/cdbs/1/rules/buildcore.mk:109: WARNING:  DEB_COMPRESS_EXCLUDE is a deprecated variable
DEB_MAKE_INSTALL_TARGET unset, skipping default makefile.mk common-install target
Adding cdbs dependencies to debian/samtools.substvars
dh_installdirs -psamtools 
Adding cdbs dependencies to debian/libbam-dev.substvars
dh_installdirs -plibbam-dev 
dh_installdocs -psamtools ./NEWS ./AUTHORS 
dh_installexamples -psamtools 
dh_installman -psamtools  
dh_installinfo -psamtools  
dh_installmenu -psamtools 
dh_installcron -psamtools 
dh_installinit -psamtools  
dh_installdebconf -psamtools 
dh_installemacsen -psamtools   
dh_installcatalogs -psamtools 
dh_installpam -psamtools 
dh_installlogrotate -psamtools 
dh_installlogcheck -psamtools 
dh_installchangelogs -psamtools  ./ChangeLog 
dh_installudev -psamtools 
dh_lintian -psamtools 
dh_bugfiles -psamtools 
dh_install -psamtools  
dh_link -psamtools  
dh_installmime -psamtools 
dh_installgsettings -psamtools 
install -m 644 bcftools/README /build/buildd-samtools_0.1.18-4-armhf-OvDkY3/samtools-0.1.18/debian/samtools/usr/share/doc/samtools/README.bcftools
ln -s samtools.1.gz /build/buildd-samtools_0.1.18-4-armhf-OvDkY3/samtools-0.1.18/debian/samtools/usr/share/man/man1/bcftools.1.gz
dh_bash-completion
dh_bash-completion: file-list parsing failed, installing as proper snippet
dh_installdocs -plibbam-dev ./NEWS ./AUTHORS 
dh_installexamples -plibbam-dev 
dh_installman -plibbam-dev  
dh_installinfo -plibbam-dev  
dh_installmenu -plibbam-dev 
dh_installcron -plibbam-dev 
dh_installinit -plibbam-dev  
dh_installdebconf -plibbam-dev 
dh_installemacsen -plibbam-dev   
dh_installcatalogs -plibbam-dev 
dh_installpam -plibbam-dev 
dh_installlogrotate -plibbam-dev 
dh_installlogcheck -plibbam-dev 
dh_installchangelogs -plibbam-dev  ./ChangeLog 
dh_installudev -plibbam-dev 
dh_lintian -plibbam-dev 
dh_bugfiles -plibbam-dev 
dh_install -plibbam-dev  
dh_link -plibbam-dev  
dh_installmime -plibbam-dev 
dh_installgsettings -plibbam-dev 
dh_strip -psamtools  
dh_compress -psamtools -X .bam 
dh_fixperms -psamtools  
dh_makeshlibs -psamtools  
sed -i 's|^#!/software/bin/python|#!/usr/bin/python|' /build/buildd-samtools_0.1.18-4-armhf-OvDkY3/samtools-0.1.18/debian/samtools/usr/share/samtools/varfilter.py
dh_strip -plibbam-dev  
dh_compress -plibbam-dev -X .bam 
dh_fixperms -plibbam-dev  
dh_makeshlibs -plibbam-dev  
dh_installdeb -psamtools 
dh_perl -psamtools 
dh_shlibdeps -psamtools    
dh_installdeb -plibbam-dev 
dh_perl -plibbam-dev 
dh_shlibdeps -plibbam-dev    
dh_gencontrol -psamtools  
dpkg-gencontrol: warning: package samtools: unused substitution variable ${perl:Depends}
dh_md5sums -psamtools 
dh_builddeb -psamtools -- -Z=xz
dpkg-deb: building package `samtools' in `../samtools_0.1.18-4_armhf.deb'.
dh_gencontrol -plibbam-dev  
dpkg-gencontrol: warning: Depends field of package libbam-dev: unknown substitution variable ${shlibs:Depends}
dh_md5sums -plibbam-dev 
dh_builddeb -plibbam-dev -- -Z=xz
dpkg-deb: building package `libbam-dev' in `../libbam-dev_0.1.18-4_armhf.deb'.
 dpkg-genchanges -B -marmhf Build Daemon (hasse) <buildd_armhf-hasse@buildd.debian.org> >../samtools_0.1.18-4_armhf.changes
dpkg-genchanges: arch-specific upload - not including arch-independent packages
dpkg-genchanges: binary-only upload - not including any source code
 dpkg-source --after-build samtools-0.1.18
dpkg-buildpackage: binary only upload (no source included)
────────────────────────────────────────────────────────────────────────────────
Build finished at 20121223-0502

samtools_0.1.18-4_armhf.changes:
Format: 1.8
Date: Fri, 21 Dec 2012 12:09:18 -0500
Source: samtools
Binary: samtools libbam-dev
Architecture: armhf
Version: 0.1.18-4
Distribution: sid
Urgency: low
Maintainer: armhf Build Daemon (hasse) <buildd_armhf-hasse@buildd.debian.org>
Changed-By: Dominique Belhachemi <domibel@debian.org>
Description: 
 libbam-dev - manipulates nucleotide sequence alignments in BAM or SAM format
 samtools   - processing sequence alignments in SAM and BAM formats
Changes: 
 samtools (0.1.18-4) unstable; urgency=low
 .
     [Charles Plessy]
     debian/copyright: Normalised with config-model
     added bash completion
     Build-depend on Debhelper 9
     Pass build flaggs set by dpkg-buildflags via Debhelper
     Moved DOI and PubMed to the Reference namespace
     Do not compress the example binary alignment file
     Mention ‘SAMtools’ in libbam-dev's description
 .
     [Andreas Tille]
     debian/upstream: replaced BibTeX entry
 .
     [Dominique Belhachemi]
     added patch to fix float tag bug (upstream bug 71)
Checksums-Sha1: 
 ea1fbb66f93218a136ebd1be2a9ef4f27d3b1b18 509328 samtools_0.1.18-4_armhf.deb
 df42fb0fd5de5c3da45b3e272d28f44242cbe470 145006 libbam-dev_0.1.18-4_armhf.deb
Checksums-Sha256: 
 e72a183123fdb6ce8bb30cac6d100eec433dc1422f4a486cdccf6573fb3172e2 509328 samtools_0.1.18-4_armhf.deb
 1d0bc38fcc3935555aa5290629b5a454c8988c401e6c224da256dcf7bf8a11bb 145006 libbam-dev_0.1.18-4_armhf.deb
Files: 
 e930890b5de1b5d0ea580195913a3e61 509328 science optional samtools_0.1.18-4_armhf.deb
 2e6f18b585bc19c181b45bf0df1d3e7c 145006 libdevel optional libbam-dev_0.1.18-4_armhf.deb

┌──────────────────────────────────────────────────────────────────────────────┐
│ Package contents                                                             │
└──────────────────────────────────────────────────────────────────────────────┘


samtools_0.1.18-4_armhf.deb
───────────────────────────

 new debian package, version 2.0.
 size 509328 bytes: control archive=1819 bytes.
      32 bytes,     1 lines      conffiles            
     817 bytes,    16 lines      control              
    2450 bytes,    37 lines      md5sums              
 Package: samtools
 Version: 0.1.18-4
 Architecture: armhf
 Maintainer: Debian Med Packaging Team <debian-med-packaging@lists.alioth.debian.org>
 Installed-Size: 837
 Depends: libc6 (>= 2.13-28), libgcc1 (>= 1:4.4.0), libncurses5 (>= 5.5-5~), libtinfo5, zlib1g (>= 1:1.2.3.3)
 Suggests: python
 Section: science
 Priority: optional
 Homepage: http://samtools.sourceforge.net
 Description: processing sequence alignments in SAM and BAM formats
  Samtools is a set of utilities that manipulate nucleotide sequence alignments
  in the binary BAM format. It imports from and exports to the ascii SAM
  (Sequence Alignment/Map) format, does sorting, merging and indexing, and allows
  to retrieve reads in any regions swiftly. It is designed to work on a stream,
  and is able to open a BAM (not SAM) file on a remote FTP or HTTP server.

drwxr-xr-x root/root         0 2012-12-23 05:02 ./
drwxr-xr-x root/root         0 2012-12-23 05:02 ./etc/
drwxr-xr-x root/root         0 2012-12-23 05:02 ./etc/bash_completion.d/
-rw-r--r-- root/root       576 2012-12-23 03:33 ./etc/bash_completion.d/samtools
drwxr-xr-x root/root         0 2012-12-23 05:02 ./usr/
drwxr-xr-x root/root         0 2012-12-23 05:02 ./usr/bin/
-rwxr-xr-x root/root     17620 2012-12-23 05:02 ./usr/bin/razip
-rwxr-xr-x root/root     88388 2012-12-23 05:02 ./usr/bin/bcftools
-rwxr-xr-x root/root    248876 2012-12-23 05:02 ./usr/bin/samtools
drwxr-xr-x root/root         0 2012-12-23 05:02 ./usr/share/
drwxr-xr-x root/root         0 2012-12-23 05:01 ./usr/share/doc/
drwxr-xr-x root/root         0 2012-12-23 05:02 ./usr/share/doc/samtools/
drwxr-xr-x root/root         0 2012-12-23 05:01 ./usr/share/doc/samtools/examples/
-rw-r--r-- root/root        98 2010-11-17 04:16 ./usr/share/doc/samtools/examples/toy.fa
-rw-r--r-- root/root    114565 2010-11-17 04:16 ./usr/share/doc/samtools/examples/ex1.sam.gz
-rw-r--r-- root/root      3225 2010-11-17 04:16 ./usr/share/doc/samtools/examples/ex1.fa
-rw-r--r-- root/root       886 2010-11-17 04:16 ./usr/share/doc/samtools/examples/00README.txt
-rw-r--r-- root/root       786 2011-04-22 03:16 ./usr/share/doc/samtools/examples/toy.sam
-rw-r--r-- root/root    126583 2012-12-23 05:01 ./usr/share/doc/samtools/examples/ex1.bam
-rw-r--r-- root/root      2067 2012-12-23 03:33 ./usr/share/doc/samtools/changelog.Debian.gz
-rw-r--r-- root/root       592 2012-12-23 03:33 ./usr/share/doc/samtools/reference
-rw-r--r-- root/root       916 2010-11-17 04:16 ./usr/share/doc/samtools/AUTHORS
-rw-r--r-- root/root      1966 2012-12-23 05:02 ./usr/share/doc/samtools/README.bcftools
-rw-r--r-- root/root      1031 2012-12-23 03:33 ./usr/share/doc/samtools/README.Debian
-rw-r--r-- root/root     33578 2011-03-01 19:50 ./usr/share/doc/samtools/changelog.gz
-rw-r--r-- root/root     10122 2011-09-02 16:58 ./usr/share/doc/samtools/NEWS.gz
-rw-r--r-- root/root      5522 2012-12-23 03:33 ./usr/share/doc/samtools/copyright
drwxr-xr-x root/root         0 2012-12-23 05:01 ./usr/share/man/
drwxr-xr-x root/root         0 2012-12-23 05:02 ./usr/share/man/man1/
-rw-r--r-- root/root       430 2012-12-23 05:01 ./usr/share/man/man1/razip.1.gz
-rw-r--r-- root/root      9890 2012-12-23 05:01 ./usr/share/man/man1/samtools.1.gz
drwxr-xr-x root/root         0 2012-12-23 05:02 ./usr/share/samtools/
-rwxr-xr-x root/root      2696 2010-11-17 04:16 ./usr/share/samtools/soap2sam.pl
-rwxr-xr-x root/root      2415 2010-11-17 04:16 ./usr/share/samtools/blast2sam.pl
-rwxr-xr-x root/root      4996 2010-11-17 04:16 ./usr/share/samtools/interpolate_sam.pl
-rwxr-xr-x root/root      2397 2010-11-17 04:16 ./usr/share/samtools/zoom2sam.pl
-rwxr-xr-x root/root      2729 2010-11-17 04:16 ./usr/share/samtools/wgsim_eval.pl
-rwxr-xr-x root/root     14299 2010-11-17 04:16 ./usr/share/samtools/samtools.pl
-rwxr-xr-x root/root     18572 2011-03-22 03:09 ./usr/share/samtools/export2sam.pl
-rwxr-xr-x root/root      5989 2010-11-17 04:16 ./usr/share/samtools/novo2sam.pl
-rwxr-xr-x root/root      7881 2010-11-17 04:16 ./usr/share/samtools/sam2vcf.pl
-rwxr-xr-x root/root      2022 2010-11-17 04:16 ./usr/share/samtools/psl2sam.pl
-rwxr-xr-x root/root      2112 2010-11-17 04:16 ./usr/share/samtools/bowtie2sam.pl
-rwxr-xr-x root/root     15707 2011-07-07 02:59 ./usr/share/samtools/vcfutils.pl
-rwxr-xr-x root/root      5778 2012-12-23 05:02 ./usr/share/samtools/varfilter.py
drwxr-xr-x root/root         0 2012-12-23 05:02 ./usr/lib/
drwxr-xr-x root/root         0 2012-12-23 05:02 ./usr/lib/samtools/
-rwxr-xr-x root/root      5892 2012-12-23 05:02 ./usr/lib/samtools/maq2sam-short
-rwxr-xr-x root/root      6484 2012-12-23 05:02 ./usr/lib/samtools/md5sum-lite
-rwxr-xr-x root/root     12900 2012-12-23 05:02 ./usr/lib/samtools/wgsim
-rwxr-xr-x root/root      5892 2012-12-23 05:02 ./usr/lib/samtools/maq2sam-long
-rwxr-xr-x root/root      8480 2012-12-23 05:02 ./usr/lib/samtools/md5fa
lrwxrwxrwx root/root         0 2012-12-23 05:02 ./usr/share/man/man1/bcftools.1.gz -> samtools.1.gz


libbam-dev_0.1.18-4_armhf.deb
─────────────────────────────

 new debian package, version 2.0.
 size 145006 bytes: control archive=937 bytes.
     712 bytes,    17 lines      control              
     715 bytes,    11 lines      md5sums              
 Package: libbam-dev
 Source: samtools
 Version: 0.1.18-4
 Architecture: armhf
 Maintainer: Debian Med Packaging Team <debian-med-packaging@lists.alioth.debian.org>
 Installed-Size: 336
 Section: libdevel
 Priority: optional
 Homepage: http://samtools.sourceforge.net
 Description: manipulates nucleotide sequence alignments in BAM or SAM format
  The BAM library provides I/O and various operations on manipulating nucleotide
  sequence alignments in the BAM (Binary Alignment/Mapping) or SAM (Sequence
  Alignment/Map) format. It now supports importing from or exporting to SAM,
  sorting, merging, generating pileup, and quickly retrieval of reads overlapped
  with a specified region.
  .
  This library is part of SAMtools.

drwxr-xr-x root/root         0 2012-12-23 05:02 ./
drwxr-xr-x root/root         0 2012-12-23 05:02 ./usr/
drwxr-xr-x root/root         0 2012-12-23 05:02 ./usr/include/
drwxr-xr-x root/root         0 2012-12-23 05:02 ./usr/include/samtools/
-rw-r--r-- root/root     24732 2012-12-23 04:57 ./usr/include/samtools/bam.h
-rw-r--r-- root/root     17815 2011-03-01 19:50 ./usr/include/samtools/khash.h
-rw-r--r-- root/root      2625 2010-11-17 04:16 ./usr/include/samtools/sam.h
-rw-r--r-- root/root      4617 2011-04-10 22:33 ./usr/include/samtools/bgzf.h
-rw-r--r-- root/root      3188 2010-11-17 04:16 ./usr/include/samtools/faidx.h
drwxr-xr-x root/root         0 2012-12-23 05:02 ./usr/share/
drwxr-xr-x root/root         0 2012-12-23 05:02 ./usr/share/doc/
drwxr-xr-x root/root         0 2012-12-23 05:02 ./usr/share/doc/libbam-dev/
-rw-r--r-- root/root      2067 2012-12-23 03:33 ./usr/share/doc/libbam-dev/changelog.Debian.gz
-rw-r--r-- root/root       916 2010-11-17 04:16 ./usr/share/doc/libbam-dev/AUTHORS
-rw-r--r-- root/root     33578 2011-03-01 19:50 ./usr/share/doc/libbam-dev/changelog.gz
-rw-r--r-- root/root     10122 2011-09-02 16:58 ./usr/share/doc/libbam-dev/NEWS.gz
-rw-r--r-- root/root      5522 2012-12-23 03:33 ./usr/share/doc/libbam-dev/copyright
drwxr-xr-x root/root         0 2012-12-23 05:02 ./usr/lib/
-rw-r--r-- root/root    201058 2012-12-23 05:02 ./usr/lib/libbam.a


┌──────────────────────────────────────────────────────────────────────────────┐
│ Finished                                                                     │
└──────────────────────────────────────────────────────────────────────────────┘

Built successfully
────────────────────────────────────────────────────────────────────────────────

┌──────────────────────────────────────────────────────────────────────────────┐
│ Post Build                                                                   │
└──────────────────────────────────────────────────────────────────────────────┘

Purging /var/lib/schroot/mount/sid-armhf-sbuild-6d05ad6f-19a9-4623-b5e3-70d3193a6028/build/buildd-samtools_0.1.18-4-armhf-OvDkY3
Not cleaning session: cloned chroot in use

┌──────────────────────────────────────────────────────────────────────────────┐
│ Summary                                                                      │
└──────────────────────────────────────────────────────────────────────────────┘

Architecture: armhf
Build-Space: 9404
Build-Time: 338
Distribution: sid
Install-Time: 85
Job: samtools_0.1.18-4
Package: samtools
Package-Time: 539
Source-Version: 0.1.18-4
Space: 9404
Status: successful
Version: 0.1.18-4
────────────────────────────────────────────────────────────────────────────────
Finished at 20121223-0502
Build needed 00:08:59, 9404k disc space
Signature with key '0B213A80' requested:

