From buildd@penalosa.debian.org Wed Mar 02 09:37:27 2011
Return-path: <buildd@penalosa.debian.org>
Received: from merikanto.debian.org ([2001:858:2:2:216:35ff:fec4:a49a])
	from C=NA, ST=NA, L=Ankh Morpork, O=Debian SMTP, OU=Debian SMTP CA,
	CN=merikanto.debian.org,
	EMAIL=hostmaster@merikanto.debian.org (verified)
	by grieg.debian.org with esmtps (TLS1.0:RSA_AES_256_CBC_SHA1:32)
	(Exim 4.69) (envelope-from <buildd@penalosa.debian.org>)
	id 1PuiUo-0002eg-DL
	for logs@buildd.debian.org; Wed, 02 Mar 2011 09:37:26 +0000
Received: from penalosa.debian.org ([192.25.206.68])
	from C=NA, ST=NA, L=Ankh Morpork, O=Debian SMTP, OU=Debian SMTP CA,
	CN=penalosa.debian.org,
	EMAIL=hostmaster@penalosa.debian.org (verified)
	by merikanto.debian.org with esmtps (TLS1.0:RSA_AES_256_CBC_SHA1:32)
	(Exim 4.69) (envelope-from <buildd@penalosa.debian.org>)
	id 1PuiUk-0003uT-Di; Wed, 02 Mar 2011 09:37:23 +0000
Received: from buildd by penalosa.debian.org with local (Exim 4.69)
	(envelope-from <buildd@penalosa.debian.org>)
	id 1PuiUe-0008Pe-Tn; Wed, 02 Mar 2011 09:37:17 +0000
From: buildd on penalosa <buildd@penalosa.debian.org>
To: dannf+buildd@dannf.org,logs@buildd.debian.org
Subject: Log for successful build of samtools_0.1.13-1 on hppa (dist=sid)
Content-Type: text/plain; charset=UTF-8
Content-Transfer-Encoding: 8bit
Message-Id: <E1PuiUe-0008Pe-Tn@penalosa.debian.org>
Date: Wed, 02 Mar 2011 09:37:16 +0000
Delivered-To: logs@buildd.debian.org

sbuild (Debian sbuild) 0.60.0 (23 Feb 2010) on penalosa.debian.org

╔══════════════════════════════════════════════════════════════════════════════╗
║ samtools 0.1.13-1 (hppa)                                   02 Mar 2011 09:33 ║
╚══════════════════════════════════════════════════════════════════════════════╝

Package: samtools
Version: 0.1.13-1
Architecture: hppa
Chroot Build Dir: /var/lib/schroot/mount/sid-hppa-sbuild-e02e2472-e461-4194-b7d0-5bc4f17318db/build/buildd-samtools_0.1.13-1-hppa-xspK0E
Start Time: 20110302-0933
Hit http://spohr.debian.org sid InRelease
Hit http://spohr.debian.org sid/main Sources/DiffIndex
Hit http://incoming.debian.org sid InRelease
Ign http://incoming.debian.org  InRelease
Hit http://spohr.debian.org sid/contrib Sources/DiffIndex
Hit http://spohr.debian.org sid/main hppa Packages/DiffIndex
Hit http://spohr.debian.org sid/contrib hppa Packages/DiffIndex
Ign http://spohr.debian.org sid/contrib TranslationIndex
Hit http://spohr.debian.org sid/main TranslationIndex
Hit http://incoming.debian.org  Release.gpg
Ign http://spohr.debian.org sid/contrib Translation-en
Hit http://incoming.debian.org sid/main Sources/DiffIndex
Hit http://incoming.debian.org sid/contrib Sources/DiffIndex
Hit http://incoming.debian.org sid/main hppa Packages/DiffIndex
Hit http://incoming.debian.org sid/contrib hppa Packages/DiffIndex
Ign http://incoming.debian.org sid/contrib TranslationIndex
Hit http://incoming.debian.org sid/main TranslationIndex
Hit http://incoming.debian.org  Release
Ign http://incoming.debian.org sid/main 2011-03-02-0827.59.pdiff
Ign http://incoming.debian.org sid/contrib 2011-03-02-0827.59.pdiff
Ign http://incoming.debian.org sid/main hppa 2011-03-02-0827.59.pdiff
Hit http://incoming.debian.org sid/main
Hit http://incoming.debian.org sid/contrib
Hit http://incoming.debian.org  Sources
Hit http://incoming.debian.org  Packages
Hit http://incoming.debian.org sid/main hppa
Ign http://incoming.debian.org sid/contrib Translation-en
Ign http://incoming.debian.org  Translation-en
Reading package lists...

┌──────────────────────────────────────────────────────────────────────────────┐
│ Fetch source files                                                           │
└──────────────────────────────────────────────────────────────────────────────┘


Check APT
─────────

Checking available source versions...

Download source files with APT
──────────────────────────────

Reading package lists...
Building dependency tree...
Reading state information...
NOTICE: 'samtools' packaging is maintained in the 'Git' version control system at:
git://git.debian.org/debian-med/samtools.git
Need to get 374 kB of source archives.
Get:1 http://incoming.debian.org/buildd-unstable/  samtools 0.1.13-1 (dsc) [1939 B]
Get:2 http://incoming.debian.org/buildd-unstable/  samtools 0.1.13-1 (tar) [365 kB]
Get:3 http://incoming.debian.org/buildd-unstable/  samtools 0.1.13-1 (diff) [6523 B]
Fetched 374 kB in 1s (310 kB/s)
Download complete and in download only mode

Check arch
──────────

** Using build dependencies supplied by package:
Build-Depends: debhelper (>= 8), cdbs, libncurses5-dev, zlib1g-dev

┌──────────────────────────────────────────────────────────────────────────────┐
│ Install build dependencies (internal resolver)                               │
└──────────────────────────────────────────────────────────────────────────────┘

Checking for already installed source dependencies...
debhelper: missing
Using default version 8.1.2
cdbs: missing
libncurses5-dev: already installed (5.7+20100313-5)
zlib1g-dev: missing
Checking for source dependency conflicts...
Installing positive dependencies: debhelper cdbs zlib1g-dev
Reading package lists...
Building dependency tree...
Reading state information...
The following extra packages will be installed:
  gettext gettext-base groff-base html2text intltool-debian libcroco3
  libglib2.0-0 libpcre3 libpipeline1 libunistring0 libxml2 man-db po-debconf
Suggested packages:
  devscripts doc-base dh-make gettext-doc groff less www-browser
  libmail-box-perl
Recommended packages:
  autotools-dev curl wget lynx-cur autopoint libglib2.0-data shared-mime-info
  xml-core libmail-sendmail-perl
The following NEW packages will be installed:
  cdbs debhelper gettext gettext-base groff-base html2text intltool-debian
  libcroco3 libglib2.0-0 libpcre3 libpipeline1 libunistring0 libxml2 man-db
  po-debconf zlib1g-dev
debconf: delaying package configuration, since apt-utils is not installed
0 upgraded, 16 newly installed, 0 to remove and 9 not upgraded.
Need to get 0 B/10.3 MB of archives.
After this operation, 27.1 MB of additional disk space will be used.
Selecting previously deselected package groff-base.
(Reading database ... 11588 files and directories currently installed.)
Unpacking groff-base (from .../groff-base_1.21-4_hppa.deb) ...
Selecting previously deselected package libpipeline1.
Unpacking libpipeline1 (from .../libpipeline1_1.1.0-1_hppa.deb) ...
Selecting previously deselected package man-db.
Unpacking man-db (from .../man-db_2.5.9-4_hppa.deb) ...
Selecting previously deselected package gettext-base.
Unpacking gettext-base (from .../gettext-base_0.18.1.1-3_hppa.deb) ...
Selecting previously deselected package libpcre3.
Unpacking libpcre3 (from .../libpcre3_8.12-3_hppa.deb) ...
Selecting previously deselected package libxml2.
Unpacking libxml2 (from .../libxml2_2.7.8.dfsg-2_hppa.deb) ...
Selecting previously deselected package html2text.
Unpacking html2text (from .../html2text_1.3.2a-15_hppa.deb) ...
Selecting previously deselected package libglib2.0-0.
Unpacking libglib2.0-0 (from .../libglib2.0-0_2.28.1-1+b1_hppa.deb) ...
Selecting previously deselected package libcroco3.
Unpacking libcroco3 (from .../libcroco3_0.6.2-1_hppa.deb) ...
Selecting previously deselected package libunistring0.
Unpacking libunistring0 (from .../libunistring0_0.9.3-3_hppa.deb) ...
Selecting previously deselected package gettext.
Unpacking gettext (from .../gettext_0.18.1.1-3_hppa.deb) ...
Selecting previously deselected package intltool-debian.
Unpacking intltool-debian (from .../intltool-debian_0.35.0+20060710.1_all.deb) ...
Selecting previously deselected package po-debconf.
Unpacking po-debconf (from .../po-debconf_1.0.16+nmu1_all.deb) ...
Selecting previously deselected package debhelper.
Unpacking debhelper (from .../debhelper_8.1.2_all.deb) ...
Selecting previously deselected package cdbs.
Unpacking cdbs (from .../archives/cdbs_0.4.92_all.deb) ...
Selecting previously deselected package zlib1g-dev.
Unpacking zlib1g-dev (from .../zlib1g-dev_1%3a1.2.3.4.dfsg-3_hppa.deb) ...
Setting up groff-base (1.21-4) ...
Setting up libpipeline1 (1.1.0-1) ...
Setting up man-db (2.5.9-4) ...
Building database of manual pages ...
Setting up gettext-base (0.18.1.1-3) ...
Setting up libpcre3 (8.12-3) ...
Setting up libxml2 (2.7.8.dfsg-2) ...
Setting up html2text (1.3.2a-15) ...
Setting up libglib2.0-0 (2.28.1-1+b1) ...
No schema files found: doing nothing.
Setting up libcroco3 (0.6.2-1) ...
Setting up libunistring0 (0.9.3-3) ...
Setting up gettext (0.18.1.1-3) ...
Setting up intltool-debian (0.35.0+20060710.1) ...
Setting up po-debconf (1.0.16+nmu1) ...
Setting up debhelper (8.1.2) ...
Setting up cdbs (0.4.92) ...
Setting up zlib1g-dev (1:1.2.3.4.dfsg-3) ...
Removing negative dependencies: 
Checking correctness of source dependencies...
Kernel: Linux 2.6.32-5-parisc64 hppa (parisc64)
Toolchain package versions: libc6-dev_2.11.2-10 dpkg-dev_1.15.8.10 linux-libc-dev_2.6.37-1 gcc-4.4_4.4.5-10 g++-4.4_4.4.5-10 binutils_2.20.1-16 libstdc++6-4.4-dev_4.4.5-10 libstdc++6_4.4.5-10
Package versions: apt_0.8.11.3 base-files_6.1 base-passwd_3.5.22 bash_4.1-3 binutils_2.20.1-16 bsdmainutils_8.2.2 bsdutils_1:2.17.2-9.1 build-essential_11.5 bzip2_1.0.5-6 cdbs_0.4.92 coreutils_8.5-1 cpio_2.11-7 cpp_4:4.4.5-2 cpp-4.4_4.4.5-10 dash_0.5.5.1-7.4 debconf_1.5.38 debconf-i18n_1.5.38 debfoster_2.7-1.1 debhelper_8.1.2 debian-archive-keyring_2010.08.28 debianutils_3.4.4 diffutils_1:3.0-1 dmsetup_2:1.02.48-5 dpkg_1.15.8.10 dpkg-dev_1.15.8.10 e2fslibs_1.41.12-2 e2fsprogs_1.41.12-2 fakeroot_1.14.5-2 file_5.04-5 findutils_4.4.2-1+b1 g++_4:4.4.5-2 g++-4.4_4.4.5-10 gcc_4:4.4.5-2 gcc-4.2-base_4.2.4-6 gcc-4.3-base_4.3.5-4 gcc-4.4_4.4.5-10 gcc-4.4-base_4.4.5-10 gettext_0.18.1.1-3 gettext-base_0.18.1.1-3 gnupg_1.4.10-4 gpgv_1.4.10-4 grep_2.6.3-3 groff-base_1.21-4 gzip_1.3.12-9 hostname_3.05 html2text_1.3.2a-15 initscripts_2.88dsf-13.1 insserv_1.14.0-2 intltool-debian_0.35.0+20060710.1 libacl1_2.2.49-4 libattr1_1:2.4.44-2 libblkid1_2.17.2-9.1 libbz2-1.0_1.0.5-6 libc-bin_2.11.2-10 libc-dev-bin_2.11.2-10 libc6_2.11.2-10 libc6-dev_2.11.2-10 libcomerr2_1.41.12-2 libcroco3_0.6.2-1 libdb4.7_4.7.25-12 libdb4.8_4.8.30-5 libdevmapper1.02.1_2:1.02.48-5 libdpkg-perl_1.15.8.10 libextutils-parsexs-perl_2.220600-1 libgc1c2_1:6.8-1.2 libgcc4_4.4.5-10 libgdbm3_1.8.3-9 libglib2.0-0_2.28.1-1+b1 libgmp3c2_2:4.3.2+dfsg-1 libgomp1_4.4.5-10 liblocale-gettext-perl_1.05-6 liblzma2_5.0.0-2 libmagic1_5.04-5 libmodule-build-perl_0.360700-1 libmpfr1ldbl_2.4.2-3 libmpfr4_3.0.0-6 libncurses5_5.7+20100313-5 libncurses5-dev_5.7+20100313-5 libncursesw5_5.7+20100313-5 libpam-modules_1.1.1-6.1 libpam-runtime_1.1.2-1 libpam0g_1.1.2-2 libpcre3_8.12-3 libpipeline1_1.1.0-1 libpng12-0_1.2.44-1 libreadline5_5.2-7 libreadline6_6.1-3 libselinux1_2.0.96-1 libsepol1_2.0.42-1 libslang2_2.2.2-4+b1 libss2_1.41.12-2 libstdc++6_4.4.5-10 libstdc++6-4.4-dev_4.4.5-10 libtext-charwidth-perl_0.04-6 libtext-iconv-perl_1.7-2 libtext-wrapi18n-perl_0.06-7 libtimedate-perl_1.2000-1 libudev0_166-1 libunistring0_0.9.3-3 libusb-0.1-4_2:0.1.12-17 libuuid1_2.17.2-9.1 libxml2_2.7.8.dfsg-2 libyaml-perl_0.71-1 linux-libc-dev_2.6.37-1 login_1:4.1.4.2+svn3283-2 lsb-base_3.2-27 lzma_4.43-14 make_3.81-8 man-db_2.5.9-4 mawk_1.3.3-15 mount_2.17.2-9.1 ncurses-base_5.7+20100313-5 ncurses-bin_5.7+20100313-5 passwd_1:4.1.4.2+svn3283-2 patch_2.6.1-1 perl_5.10.1-17 perl-base_5.10.1-17 perl-modules_5.10.1-17 po-debconf_1.0.16+nmu1 procps_1:3.2.8-10 readline-common_6.1-3 sed_4.2.1-9 sensible-utils_0.0.6 sudo_1.7.4p6-1 sysv-rc_2.88dsf-13.1 sysvinit_2.88dsf-13.1 sysvinit-utils_2.88dsf-13.1 tar_1.25-3 tzdata_2011b-2 util-linux_2.17.2-9.1 xz-utils_5.0.0-2 zlib1g_1:1.2.3.4.dfsg-3 zlib1g-dev_1:1.2.3.4.dfsg-3

┌──────────────────────────────────────────────────────────────────────────────┐
│ Build                                                                        │
└──────────────────────────────────────────────────────────────────────────────┘


Unpack source
─────────────

dpkg-source: warning: -sn is not a valid option for Dpkg::Source::Package::V3::quilt
gpgv: keyblock resource `/home/buildd/.gnupg/trustedkeys.gpg': file open error
gpgv: Signature made Wed Mar  2 05:08:33 2011 UTC using RSA key ID 2295D502
gpgv: Can't check signature: public key not found
dpkg-source: warning: failed to verify signature on ./samtools_0.1.13-1.dsc
dpkg-source: info: extracting samtools in samtools-0.1.13
dpkg-source: info: unpacking samtools_0.1.13.orig.tar.bz2
dpkg-source: info: unpacking samtools_0.1.13-1.debian.tar.gz

Check disc space
────────────────


dpkg-buildpackage
─────────────────

dpkg-buildpackage: export CFLAGS from dpkg-buildflags (origin: vendor): -g -O2
dpkg-buildpackage: export CPPFLAGS from dpkg-buildflags (origin: vendor): 
dpkg-buildpackage: export CXXFLAGS from dpkg-buildflags (origin: vendor): -g -O2
dpkg-buildpackage: export FFLAGS from dpkg-buildflags (origin: vendor): -g -O2
dpkg-buildpackage: export LDFLAGS from dpkg-buildflags (origin: vendor): 
dpkg-buildpackage: source package samtools
dpkg-buildpackage: source version 0.1.13-1
 dpkg-source --before-build samtools-0.1.13
dpkg-buildpackage: host architecture hppa
 /usr/bin/fakeroot debian/rules clean
test -x debian/rules
dh_testroot
rm -f debian/stamp-makefile-build debian/stamp-makefile-install
/usr/bin/make  -C . CFLAGS="-g -O2 -g -O2 -fPIC" CXXFLAGS="-g -O2 -g -O2" CPPFLAGS="" LDFLAGS=""  -k clean
make[1]: Entering directory `/build/buildd-samtools_0.1.13-1-hppa-xspK0E/samtools-0.1.13'
make[2]: Entering directory `/build/buildd-samtools_0.1.13-1-hppa-xspK0E/samtools-0.1.13'
rm -fr gmon.out *.o a.out *.exe *.dSYM razip bgzip samtools *~ *.a *.so.* *.so *.dylib
make[2]: Leaving directory `/build/buildd-samtools_0.1.13-1-hppa-xspK0E/samtools-0.1.13'
make[2]: Entering directory `/build/buildd-samtools_0.1.13-1-hppa-xspK0E/samtools-0.1.13/bcftools'
rm -fr gmon.out *.o a.out *.dSYM bcftools *~ *.a bcf.aux bcf.log bcf.pdf *.class libbcf.*.dylib libbcf.so*
make[2]: Leaving directory `/build/buildd-samtools_0.1.13-1-hppa-xspK0E/samtools-0.1.13/bcftools'
make[2]: Entering directory `/build/buildd-samtools_0.1.13-1-hppa-xspK0E/samtools-0.1.13/misc'
rm -fr gmon.out *.o a.out *.exe *.dSYM md5sum-lite md5fa maq2sam-short maq2sam-long wgsim *~ *.a
make[2]: Leaving directory `/build/buildd-samtools_0.1.13-1-hppa-xspK0E/samtools-0.1.13/misc'
make[1]: Leaving directory `/build/buildd-samtools_0.1.13-1-hppa-xspK0E/samtools-0.1.13'
rm -f debian/stamp-makefile-check
dh_clean 
rm -f examples/calDepth examples/ex1.bam examples/ex1.bam.bai examples/ex1.fa.fai examples/ex1.glf examples/ex1.glfview.gz examples/ex1.pileup.gz examples/ex1a.bam examples/ex1b.bam examples/ex1f-rmduppe.bam examples/ex1f-rmdupse.bam examples/ex1f.bam examples/ex1f.rg examples/ex1.bcf
 debian/rules build
test -x debian/rules
mkdir -p "."
/usr/share/cdbs/1/rules/buildcore.mk:109: WARNING:  DEB_DH_BUILDDEB_ARGS is a deprecated variable
/usr/bin/make  -C . CFLAGS="-g -O2 -g -O2 -fPIC" CXXFLAGS="-g -O2 -g -O2" CPPFLAGS="" LDFLAGS=""  all all-recur razip lib
make[1]: Entering directory `/build/buildd-samtools_0.1.13-1-hppa-xspK0E/samtools-0.1.13'
make[2]: Entering directory `/build/buildd-samtools_0.1.13-1-hppa-xspK0E/samtools-0.1.13'
gcc -c -g -O2 -g -O2 -fPIC -D_FILE_OFFSET_BITS=64 -D_LARGEFILE64_SOURCE -D_USE_KNETFILE -D_CURSES_LIB=1 -I. bgzf.c -o bgzf.o
gcc -c -g -O2 -g -O2 -fPIC -D_FILE_OFFSET_BITS=64 -D_LARGEFILE64_SOURCE -D_USE_KNETFILE -D_CURSES_LIB=1 -I. kstring.c -o kstring.o
gcc -c -g -O2 -g -O2 -fPIC -D_FILE_OFFSET_BITS=64 -D_LARGEFILE64_SOURCE -D_USE_KNETFILE -D_CURSES_LIB=1 -I. bam_aux.c -o bam_aux.o
gcc -c -g -O2 -g -O2 -fPIC -D_FILE_OFFSET_BITS=64 -D_LARGEFILE64_SOURCE -D_USE_KNETFILE -D_CURSES_LIB=1 -I. bam.c -o bam.o
gcc -c -g -O2 -g -O2 -fPIC -D_FILE_OFFSET_BITS=64 -D_LARGEFILE64_SOURCE -D_USE_KNETFILE -D_CURSES_LIB=1 -I. bam_import.c -o bam_import.o
gcc -c -g -O2 -g -O2 -fPIC -D_FILE_OFFSET_BITS=64 -D_LARGEFILE64_SOURCE -D_USE_KNETFILE -D_CURSES_LIB=1 -I. sam.c -o sam.o
gcc -c -g -O2 -g -O2 -fPIC -D_FILE_OFFSET_BITS=64 -D_LARGEFILE64_SOURCE -D_USE_KNETFILE -D_CURSES_LIB=1 -I. bam_index.c -o bam_index.o
gcc -c -g -O2 -g -O2 -fPIC -D_FILE_OFFSET_BITS=64 -D_LARGEFILE64_SOURCE -D_USE_KNETFILE -D_CURSES_LIB=1 -I. bam_pileup.c -o bam_pileup.o
gcc -c -g -O2 -g -O2 -fPIC -D_FILE_OFFSET_BITS=64 -D_LARGEFILE64_SOURCE -D_USE_KNETFILE -D_CURSES_LIB=1 -I. bam_lpileup.c -o bam_lpileup.o
gcc -c -g -O2 -g -O2 -fPIC -D_FILE_OFFSET_BITS=64 -D_LARGEFILE64_SOURCE -D_USE_KNETFILE -D_CURSES_LIB=1 -I. bam_md.c -o bam_md.o
gcc -c -g -O2 -g -O2 -fPIC -D_FILE_OFFSET_BITS=64 -D_LARGEFILE64_SOURCE -D_USE_KNETFILE -D_CURSES_LIB=1 -I. glf.c -o glf.o
gcc -c -g -O2 -g -O2 -fPIC -D_FILE_OFFSET_BITS=64 -D_LARGEFILE64_SOURCE -D_USE_KNETFILE -D_CURSES_LIB=1 -I. razf.c -o razf.o
gcc -c -g -O2 -g -O2 -fPIC -D_FILE_OFFSET_BITS=64 -D_LARGEFILE64_SOURCE -D_USE_KNETFILE -D_CURSES_LIB=1 -I. faidx.c -o faidx.o
gcc -c -g -O2 -g -O2 -fPIC -D_FILE_OFFSET_BITS=64 -D_LARGEFILE64_SOURCE -D_USE_KNETFILE -D_CURSES_LIB=1 -I. knetfile.c -o knetfile.o
gcc -c -g -O2 -g -O2 -fPIC -D_FILE_OFFSET_BITS=64 -D_LARGEFILE64_SOURCE -D_USE_KNETFILE -D_CURSES_LIB=1 -I. bam_sort.c -o bam_sort.o
gcc -c -g -O2 -g -O2 -fPIC -D_FILE_OFFSET_BITS=64 -D_LARGEFILE64_SOURCE -D_USE_KNETFILE -D_CURSES_LIB=1 -I. sam_header.c -o sam_header.o
gcc -c -g -O2 -g -O2 -fPIC -D_FILE_OFFSET_BITS=64 -D_LARGEFILE64_SOURCE -D_USE_KNETFILE -D_CURSES_LIB=1 -I. bam_reheader.c -o bam_reheader.o
gcc -c -g -O2 -g -O2 -fPIC -D_FILE_OFFSET_BITS=64 -D_LARGEFILE64_SOURCE -D_USE_KNETFILE -D_CURSES_LIB=1 -I. kprobaln.c -o kprobaln.o
ar -cru libbam.a bgzf.o kstring.o bam_aux.o bam.o bam_import.o sam.o bam_index.o bam_pileup.o bam_lpileup.o bam_md.o glf.o razf.o faidx.o knetfile.o bam_sort.o sam_header.o bam_reheader.o kprobaln.o
make[2]: Leaving directory `/build/buildd-samtools_0.1.13-1-hppa-xspK0E/samtools-0.1.13'
make[2]: Entering directory `/build/buildd-samtools_0.1.13-1-hppa-xspK0E/samtools-0.1.13/bcftools'
gcc -c -g -O2 -g -O2 -fPIC -D_FILE_OFFSET_BITS=64 -D_LARGEFILE64_SOURCE -D_USE_KNETFILE -D_CURSES_LIB=1 -I.. -I. bcf.c -o bcf.o
gcc -c -g -O2 -g -O2 -fPIC -D_FILE_OFFSET_BITS=64 -D_LARGEFILE64_SOURCE -D_USE_KNETFILE -D_CURSES_LIB=1 -I.. -I. vcf.c -o vcf.o
gcc -c -g -O2 -g -O2 -fPIC -D_FILE_OFFSET_BITS=64 -D_LARGEFILE64_SOURCE -D_USE_KNETFILE -D_CURSES_LIB=1 -I.. -I. bcfutils.c -o bcfutils.o
gcc -c -g -O2 -g -O2 -fPIC -D_FILE_OFFSET_BITS=64 -D_LARGEFILE64_SOURCE -D_USE_KNETFILE -D_CURSES_LIB=1 -I.. -I. prob1.c -o prob1.o
gcc -c -g -O2 -g -O2 -fPIC -D_FILE_OFFSET_BITS=64 -D_LARGEFILE64_SOURCE -D_USE_KNETFILE -D_CURSES_LIB=1 -I.. -I. ld.c -o ld.o
gcc -c -g -O2 -g -O2 -fPIC -D_FILE_OFFSET_BITS=64 -D_LARGEFILE64_SOURCE -D_USE_KNETFILE -D_CURSES_LIB=1 -I.. -I. kfunc.c -o kfunc.o
gcc -c -g -O2 -g -O2 -fPIC -D_FILE_OFFSET_BITS=64 -D_LARGEFILE64_SOURCE -D_USE_KNETFILE -D_CURSES_LIB=1 -I.. -I. index.c -o index.o
gcc -c -g -O2 -g -O2 -fPIC -D_FILE_OFFSET_BITS=64 -D_LARGEFILE64_SOURCE -D_USE_KNETFILE -D_CURSES_LIB=1 -I.. -I. fet.c -o fet.o
gcc -c -g -O2 -g -O2 -fPIC -D_FILE_OFFSET_BITS=64 -D_LARGEFILE64_SOURCE -D_USE_KNETFILE -D_CURSES_LIB=1 -I.. -I. bcf2qcall.c -o bcf2qcall.o
ar -cru libbcf.a bcf.o vcf.o bcfutils.o prob1.o ld.o kfunc.o index.o fet.o bcf2qcall.o
make[2]: Leaving directory `/build/buildd-samtools_0.1.13-1-hppa-xspK0E/samtools-0.1.13/bcftools'
make[2]: Entering directory `/build/buildd-samtools_0.1.13-1-hppa-xspK0E/samtools-0.1.13/misc'
make[2]: Nothing to be done for `lib'.
make[2]: Leaving directory `/build/buildd-samtools_0.1.13-1-hppa-xspK0E/samtools-0.1.13/misc'
gcc -c -g -O2 -g -O2 -fPIC -D_FILE_OFFSET_BITS=64 -D_LARGEFILE64_SOURCE -D_USE_KNETFILE -D_CURSES_LIB=1 -I. bam_tview.c -o bam_tview.o
gcc -c -g -O2 -g -O2 -fPIC -D_FILE_OFFSET_BITS=64 -D_LARGEFILE64_SOURCE -D_USE_KNETFILE -D_CURSES_LIB=1 -I. bam_maqcns.c -o bam_maqcns.o
gcc -c -g -O2 -g -O2 -fPIC -D_FILE_OFFSET_BITS=64 -D_LARGEFILE64_SOURCE -D_USE_KNETFILE -D_CURSES_LIB=1 -I. bam_plcmd.c -o bam_plcmd.o
gcc -c -g -O2 -g -O2 -fPIC -D_FILE_OFFSET_BITS=64 -D_LARGEFILE64_SOURCE -D_USE_KNETFILE -D_CURSES_LIB=1 -I. sam_view.c -o sam_view.o
gcc -c -g -O2 -g -O2 -fPIC -D_FILE_OFFSET_BITS=64 -D_LARGEFILE64_SOURCE -D_USE_KNETFILE -D_CURSES_LIB=1 -I. bam_rmdup.c -o bam_rmdup.o
gcc -c -g -O2 -g -O2 -fPIC -D_FILE_OFFSET_BITS=64 -D_LARGEFILE64_SOURCE -D_USE_KNETFILE -D_CURSES_LIB=1 -I. bam_rmdupse.c -o bam_rmdupse.o
gcc -c -g -O2 -g -O2 -fPIC -D_FILE_OFFSET_BITS=64 -D_LARGEFILE64_SOURCE -D_USE_KNETFILE -D_CURSES_LIB=1 -I. bam_mate.c -o bam_mate.o
gcc -c -g -O2 -g -O2 -fPIC -D_FILE_OFFSET_BITS=64 -D_LARGEFILE64_SOURCE -D_USE_KNETFILE -D_CURSES_LIB=1 -I. bam_stat.c -o bam_stat.o
gcc -c -g -O2 -g -O2 -fPIC -D_FILE_OFFSET_BITS=64 -D_LARGEFILE64_SOURCE -D_USE_KNETFILE -D_CURSES_LIB=1 -I. bam_color.c -o bam_color.o
gcc -c -g -O2 -g -O2 -fPIC -D_FILE_OFFSET_BITS=64 -D_LARGEFILE64_SOURCE -D_USE_KNETFILE -D_CURSES_LIB=1 -I. bamtk.c -o bamtk.o
gcc -c -g -O2 -g -O2 -fPIC -D_FILE_OFFSET_BITS=64 -D_LARGEFILE64_SOURCE -D_USE_KNETFILE -D_CURSES_LIB=1 -I. kaln.c -o kaln.o
gcc -c -g -O2 -g -O2 -fPIC -D_FILE_OFFSET_BITS=64 -D_LARGEFILE64_SOURCE -D_USE_KNETFILE -D_CURSES_LIB=1 -I. bam2bcf.c -o bam2bcf.o
gcc -c -g -O2 -g -O2 -fPIC -D_FILE_OFFSET_BITS=64 -D_LARGEFILE64_SOURCE -D_USE_KNETFILE -D_CURSES_LIB=1 -I. bam2bcf_indel.c -o bam2bcf_indel.o
gcc -c -g -O2 -g -O2 -fPIC -D_FILE_OFFSET_BITS=64 -D_LARGEFILE64_SOURCE -D_USE_KNETFILE -D_CURSES_LIB=1 -I. errmod.c -o errmod.o
gcc -c -g -O2 -g -O2 -fPIC -D_FILE_OFFSET_BITS=64 -D_LARGEFILE64_SOURCE -D_USE_KNETFILE -D_CURSES_LIB=1 -I. sample.c -o sample.o
gcc -c -g -O2 -g -O2 -fPIC -D_FILE_OFFSET_BITS=64 -D_LARGEFILE64_SOURCE -D_USE_KNETFILE -D_CURSES_LIB=1 -I. cut_target.c -o cut_target.o
gcc -c -g -O2 -g -O2 -fPIC -D_FILE_OFFSET_BITS=64 -D_LARGEFILE64_SOURCE -D_USE_KNETFILE -D_CURSES_LIB=1 -I. phase.c -o phase.o
gcc -g -O2 -g -O2 -fPIC -o samtools bam_tview.o bam_maqcns.o bam_plcmd.o sam_view.o bam_rmdup.o bam_rmdupse.o bam_mate.o bam_stat.o bam_color.o bamtk.o kaln.o bam2bcf.o bam2bcf_indel.o errmod.o sample.o cut_target.o phase.o -Lbcftools  libbam.a -lbcf -lcurses  -lm -lz
make[2]: Entering directory `/build/buildd-samtools_0.1.13-1-hppa-xspK0E/samtools-0.1.13'
make[3]: Entering directory `/build/buildd-samtools_0.1.13-1-hppa-xspK0E/samtools-0.1.13'
make[3]: Nothing to be done for `lib'.
make[3]: Leaving directory `/build/buildd-samtools_0.1.13-1-hppa-xspK0E/samtools-0.1.13'
make[3]: Entering directory `/build/buildd-samtools_0.1.13-1-hppa-xspK0E/samtools-0.1.13/bcftools'
make[3]: Nothing to be done for `lib'.
make[3]: Leaving directory `/build/buildd-samtools_0.1.13-1-hppa-xspK0E/samtools-0.1.13/bcftools'
make[3]: Entering directory `/build/buildd-samtools_0.1.13-1-hppa-xspK0E/samtools-0.1.13/misc'
make[3]: Nothing to be done for `lib'.
make[3]: Leaving directory `/build/buildd-samtools_0.1.13-1-hppa-xspK0E/samtools-0.1.13/misc'
gcc -g -O2 -g -O2 -fPIC -o samtools bam_tview.o bam_maqcns.o bam_plcmd.o sam_view.o bam_rmdup.o bam_rmdupse.o bam_mate.o bam_stat.o bam_color.o bamtk.o kaln.o bam2bcf.o bam2bcf_indel.o errmod.o sample.o cut_target.o phase.o -Lbcftools  libbam.a -lbcf -lcurses  -lm -lz
make[2]: Leaving directory `/build/buildd-samtools_0.1.13-1-hppa-xspK0E/samtools-0.1.13'
make[2]: Entering directory `/build/buildd-samtools_0.1.13-1-hppa-xspK0E/samtools-0.1.13/bcftools'
gcc -c -g -O2 -g -O2 -fPIC -D_FILE_OFFSET_BITS=64 -D_LARGEFILE64_SOURCE -D_USE_KNETFILE -D_CURSES_LIB=1 -I.. -I. call1.c -o call1.o
gcc -c -g -O2 -g -O2 -fPIC -D_FILE_OFFSET_BITS=64 -D_LARGEFILE64_SOURCE -D_USE_KNETFILE -D_CURSES_LIB=1 -I.. -I. main.c -o main.o
gcc -g -O2 -g -O2 -fPIC -o bcftools call1.o main.o ../kstring.o ../bgzf.o ../knetfile.o -L.  -lbcf -lm -lz
make[2]: Leaving directory `/build/buildd-samtools_0.1.13-1-hppa-xspK0E/samtools-0.1.13/bcftools'
make[2]: Entering directory `/build/buildd-samtools_0.1.13-1-hppa-xspK0E/samtools-0.1.13/misc'
gcc -c -g -O2 -g -O2 -fPIC -DMD5SUM_MAIN -o md5sum-lite.o md5.c
gcc -g -O2 -g -O2 -fPIC -o md5sum-lite md5sum-lite.o
gcc -c -g -O2 -g -O2 -fPIC -D_FILE_OFFSET_BITS=64 -D_LARGEFILE64_SOURCE -D_USE_KNETFILE -D_CURSES_LIB=1 -I. md5.c -o md5.o
gcc -g -O2 -g -O2 -fPIC -c -I.. -o md5fa.o md5fa.c
gcc -g -O2 -g -O2 -fPIC -o md5fa md5.o md5fa.o -lz
gcc -g -O2 -g -O2 -fPIC -o maq2sam-short maq2sam.c -lz
gcc -g -O2 -g -O2 -fPIC -DMAQ_LONGREADS -o maq2sam-long maq2sam.c -lz
gcc -c -g -O2 -g -O2 -fPIC -D_FILE_OFFSET_BITS=64 -D_LARGEFILE64_SOURCE -D_USE_KNETFILE -D_CURSES_LIB=1 -I. wgsim.c -o wgsim.o
gcc -g -O2 -g -O2 -fPIC -o wgsim wgsim.o -lm
make[2]: Leaving directory `/build/buildd-samtools_0.1.13-1-hppa-xspK0E/samtools-0.1.13/misc'
gcc -c -g -O2 -g -O2 -fPIC -D_FILE_OFFSET_BITS=64 -D_LARGEFILE64_SOURCE -D_USE_KNETFILE -D_CURSES_LIB=1 -I. razip.c -o razip.o
gcc -g -O2 -g -O2 -fPIC -o razip razf.o razip.o knetfile.o -lz
make[1]: Nothing to be done for `lib'.
make[1]: Leaving directory `/build/buildd-samtools_0.1.13-1-hppa-xspK0E/samtools-0.1.13'
touch debian/stamp-makefile-build
/usr/bin/make  -C . CFLAGS="-g -O2 -g -O2 -fPIC" CXXFLAGS="-g -O2 -g -O2" CPPFLAGS="" LDFLAGS=""  -C examples all
make[1]: Entering directory `/build/buildd-samtools_0.1.13-1-hppa-xspK0E/samtools-0.1.13/examples'
../samtools faidx ex1.fa
../samtools import ex1.fa.fai ex1.sam.gz ex1.bam
[sam_header_read2] 2 sequences loaded.
../samtools pileup -gf ex1.fa ex1.bam > ex1.glf
../samtools pileup -cf ex1.fa ex1.bam | gzip > ex1.pileup.gz
../samtools index ex1.bam
../samtools view -h ex1.bam | awk 'BEGIN{FS=OFS="\t"}{if(/^@/)print;else{$1=$1"a";print}}' | ../samtools view -bS - > ex1a.bam
[samopen] SAM header is present: 2 sequences.
../samtools view -h ex1.bam | awk 'BEGIN{FS=OFS="\t"}{if(/^@/)print;else{$1=$1"b";print}}' | ../samtools view -bS - > ex1b.bam
[samopen] SAM header is present: 2 sequences.
(echo "@RG	ID:ex1	LB:ex1	SM:ex1"; echo "@RG	ID:ex1a	LB:ex1	SM:ex1"; echo "@RG	ID:ex1b	LB:ex1b	SM:ex1b") > ex1f.rg
../samtools merge -rh ex1f.rg ex1f.bam ex1.bam ex1a.bam ex1b.bam
../samtools rmdup ex1f.bam ex1f-rmduppe.bam
[bam_rmdup_core] processing reference seq1...
[bam_rmdup_core] processing reference seq2...
[bam_rmdup_core] 1572 / 3144 = 0.5000 in library 'ex1'
[bam_rmdup_core] 0 / 1572 = 0.0000 in library 'ex1b'
../samtools rmdup -S ex1f.bam ex1f-rmdupse.bam
[bam_rmdupse_core] 4145 / 6542 = 0.6336 in library 'ex1'
[bam_rmdupse_core] 874 / 3271 = 0.2672 in library 'ex1b'
../samtools glfview ex1.glf | gzip > ex1.glfview.gz
../samtools mpileup -gf ex1.fa ex1.bam > ex1.bcf
[mpileup] 1 samples in 1 input files
<mpileup> Set max per-sample depth to 8000
gcc -g -Wall -O2 -I.. calDepth.c -o calDepth -L.. -lbam -lm -lz

# You can now launch the viewer with: 'samtools tview ex1.bam ex1.fa'

make[1]: Leaving directory `/build/buildd-samtools_0.1.13-1-hppa-xspK0E/samtools-0.1.13/examples'
touch debian/stamp-makefile-check
 /usr/bin/fakeroot debian/rules binary-arch
test -x debian/rules
dh_testroot
dh_prep 
dh_installdirs -A 
mkdir -p "."
/usr/share/cdbs/1/rules/buildcore.mk:109: WARNING:  DEB_DH_BUILDDEB_ARGS is a deprecated variable
DEB_MAKE_INSTALL_TARGET unset, skipping default makefile.mk common-install target
Adding cdbs dependencies to debian/samtools.substvars
dh_installdirs -psamtools 
Adding cdbs dependencies to debian/libbam-dev.substvars
dh_installdirs -plibbam-dev 
dh_installdocs -psamtools ./NEWS ./AUTHORS 
dh_installexamples -psamtools 
dh_installman -psamtools  
dh_installinfo -psamtools  
dh_installmenu -psamtools 
dh_installcron -psamtools 
dh_installinit -psamtools  
dh_installdebconf -psamtools 
dh_installemacsen -psamtools   
dh_installcatalogs -psamtools 
dh_installpam -psamtools 
dh_installlogrotate -psamtools 
dh_installlogcheck -psamtools 
dh_installchangelogs -psamtools  ./ChangeLog 
dh_installudev -psamtools 
dh_lintian -psamtools 
dh_bugfiles -psamtools 
dh_install -psamtools  
dh_link -psamtools  
dh_installmime -psamtools 
install -m 644 bcftools/README /build/buildd-samtools_0.1.13-1-hppa-xspK0E/samtools-0.1.13/debian/samtools/usr/share/doc/samtools/README.bcftools
dh_installdocs -plibbam-dev ./NEWS ./AUTHORS 
dh_installexamples -plibbam-dev 
dh_installman -plibbam-dev  
dh_installinfo -plibbam-dev  
dh_installmenu -plibbam-dev 
dh_installcron -plibbam-dev 
dh_installinit -plibbam-dev  
dh_installdebconf -plibbam-dev 
dh_installemacsen -plibbam-dev   
dh_installcatalogs -plibbam-dev 
dh_installpam -plibbam-dev 
dh_installlogrotate -plibbam-dev 
dh_installlogcheck -plibbam-dev 
dh_installchangelogs -plibbam-dev  ./ChangeLog 
dh_installudev -plibbam-dev 
dh_lintian -plibbam-dev 
dh_bugfiles -plibbam-dev 
dh_install -plibbam-dev  
dh_link -plibbam-dev  
dh_installmime -plibbam-dev 
dh_strip -psamtools  
dh_compress -psamtools  
dh_fixperms -psamtools  
dh_makeshlibs -psamtools  
sed -i 's|^#!/software/bin/python|#!/usr/bin/python|' /build/buildd-samtools_0.1.13-1-hppa-xspK0E/samtools-0.1.13/debian/samtools/usr/share/samtools/varfilter.py
dh_strip -plibbam-dev  
dh_compress -plibbam-dev  
dh_fixperms -plibbam-dev  
dh_makeshlibs -plibbam-dev  
dh_installdeb -psamtools 
dh_perl -psamtools 
dh_shlibdeps -psamtools    
dh_installdeb -plibbam-dev 
dh_perl -plibbam-dev 
dh_shlibdeps -plibbam-dev    
dh_gencontrol -psamtools  
dpkg-gencontrol: warning: package samtools: unused substitution variable ${perl:Depends}
dh_md5sums -psamtools 
dh_builddeb -psamtools -- -Z=bzip2
dpkg-deb: building package `samtools' in `../samtools_0.1.13-1_hppa.deb'.
dh_gencontrol -plibbam-dev  
dpkg-gencontrol: warning: Depends field of package libbam-dev: unknown substitution variable ${shlibs:Depends}
dh_md5sums -plibbam-dev 
dh_builddeb -plibbam-dev -- -Z=bzip2
dpkg-deb: building package `libbam-dev' in `../libbam-dev_0.1.13-1_hppa.deb'.
 dpkg-genchanges -B -mhppa Build Daemon (penalosa) <buildd_hppa-penalosa@buildd.debian.org> >../samtools_0.1.13-1_hppa.changes
dpkg-genchanges: arch-specific upload - not including arch-independent packages
dpkg-genchanges: binary-only upload - not including any source code
 dpkg-source --after-build samtools-0.1.13
dpkg-buildpackage: binary only upload (no source included)
────────────────────────────────────────────────────────────────────────────────
Build finished at 20110302-0936

samtools_0.1.13-1_hppa.changes:
Format: 1.8
Date: Wed, 02 Mar 2011 13:54:34 +0900
Source: samtools
Binary: samtools libbam-dev
Architecture: hppa
Version: 0.1.13-1
Distribution: sid
Urgency: low
Maintainer: hppa Build Daemon (penalosa) <buildd_hppa-penalosa@buildd.debian.org>
Changed-By: Charles Plessy <plessy@debian.org>
Description: 
 libbam-dev - manipulates nucleotide sequence alignments in BAM or SAM format
 samtools   - processing sequence alignments in SAM and BAM formats
Closes: 606004 616025
Changes: 
 samtools (0.1.13-1) unstable; urgency=low
 .
   * New upstream release:
     - backward incompatible with VCF/BCF generated by samtools older
       than r921 inclusive (0.1.12a is r862);
     - buildable with with ld --as-needed (Closes: #606004);
     - the helper tool bcf-fix.pl was removed.
   * Install the manual page of bcftools (debian/rules,
     debian/samtools.manpages). Closes: #616025.
Checksums-Sha1: 
 cb9201266b913e4ed094a286e11982576b85ed97 590730 samtools_0.1.13-1_hppa.deb
 d3d9d98576fcfec2c090f56df2adfada8defe0fa 171726 libbam-dev_0.1.13-1_hppa.deb
Checksums-Sha256: 
 1f4630f35ed5ab5a470009d5a4b4f487a7298f5112afb71aa60a2daf4b31745f 590730 samtools_0.1.13-1_hppa.deb
 2e98a5cc4ef84cb8d43b9fcb24c97e7e4b23ec37a5210f33332fce0783bfce3a 171726 libbam-dev_0.1.13-1_hppa.deb
Files: 
 7a357d381c941ea9f318b88749ec858f 590730 science optional samtools_0.1.13-1_hppa.deb
 0de29d01bb923a4a125b4dc3e43d9e5c 171726 libdevel optional libbam-dev_0.1.13-1_hppa.deb

┌──────────────────────────────────────────────────────────────────────────────┐
│ Package contents                                                             │
└──────────────────────────────────────────────────────────────────────────────┘


samtools_0.1.13-1_hppa.deb
──────────────────────────

 new debian package, version 2.0.
 size 590730 bytes: control archive= 1783 bytes.
     792 bytes,    16 lines      control              
    2520 bytes,    38 lines      md5sums              
 Package: samtools
 Version: 0.1.13-1
 Architecture: hppa
 Maintainer: Debian Med Packaging Team <debian-med-packaging@lists.alioth.debian.org>
 Installed-Size: 1076
 Depends: libc6 (>= 2.11), libncurses5 (>= 5.7+20100313), zlib1g (>= 1:1.2.3.3.dfsg)
 Suggests: python
 Section: science
 Priority: optional
 Homepage: http://samtools.sourceforge.net
 Description: processing sequence alignments in SAM and BAM formats
  Samtools is a set of utilities that manipulate nucleotide sequence alignments
  in the binary BAM format. It imports from and exports to the ascii SAM
  (Sequence Alignment/Map) format, does sorting, merging and indexing, and allows
  to retrieve reads in any regions swiftly. It is designed to work on a stream,
  and is able to open a BAM (not SAM) file on a remote FTP or HTTP server.

drwxr-xr-x root/root         0 2011-03-02 09:36 ./
drwxr-xr-x root/root         0 2011-03-02 09:36 ./usr/
drwxr-xr-x root/root         0 2011-03-02 09:36 ./usr/bin/
-rwxr-xr-x root/root    104028 2011-03-02 09:36 ./usr/bin/bcftools
-rwxr-xr-x root/root    380924 2011-03-02 09:36 ./usr/bin/samtools
-rwxr-xr-x root/root     26564 2011-03-02 09:36 ./usr/bin/razip
drwxr-xr-x root/root         0 2011-03-02 09:36 ./usr/lib/
drwxr-xr-x root/root         0 2011-03-02 09:36 ./usr/lib/samtools/
-rwxr-xr-x root/root     11744 2011-03-02 09:36 ./usr/lib/samtools/md5fa
-rwxr-xr-x root/root      7880 2011-03-02 09:36 ./usr/lib/samtools/maq2sam-long
-rwxr-xr-x root/root     18492 2011-03-02 09:36 ./usr/lib/samtools/wgsim
-rwxr-xr-x root/root      8744 2011-03-02 09:36 ./usr/lib/samtools/md5sum-lite
-rwxr-xr-x root/root      7880 2011-03-02 09:36 ./usr/lib/samtools/maq2sam-short
drwxr-xr-x root/root         0 2011-03-02 09:36 ./usr/share/
drwxr-xr-x root/root         0 2011-03-02 09:36 ./usr/share/doc/
drwxr-xr-x root/root         0 2011-03-02 09:36 ./usr/share/doc/samtools/
-rw-r--r-- root/root      1280 2011-03-02 04:54 ./usr/share/doc/samtools/changelog.Debian.gz
-rw-r--r-- root/root      7887 2011-03-01 19:50 ./usr/share/doc/samtools/NEWS.gz
-rw-r--r-- root/root      1966 2011-03-02 09:36 ./usr/share/doc/samtools/README.bcftools
drwxr-xr-x root/root         0 2011-03-02 09:36 ./usr/share/doc/samtools/examples/
-rw-r--r-- root/root        98 2010-11-17 04:16 ./usr/share/doc/samtools/examples/toy.fa
-rw-r--r-- root/root       764 2010-11-17 04:16 ./usr/share/doc/samtools/examples/toy.sam
-rw-r--r-- root/root      3225 2010-11-17 04:16 ./usr/share/doc/samtools/examples/ex1.fa
-rw-r--r-- root/root       886 2010-11-17 04:16 ./usr/share/doc/samtools/examples/00README.txt
-rw-r--r-- root/root    126609 2011-03-02 09:36 ./usr/share/doc/samtools/examples/ex1.bam.gz
-rw-r--r-- root/root    114565 2010-11-17 04:16 ./usr/share/doc/samtools/examples/ex1.sam.gz
-rw-r--r-- root/root       592 2011-03-02 04:30 ./usr/share/doc/samtools/reference
-rw-r--r-- root/root      5171 2011-03-02 04:37 ./usr/share/doc/samtools/copyright
-rw-r--r-- root/root     33578 2011-03-01 19:50 ./usr/share/doc/samtools/changelog.gz
-rw-r--r-- root/root       916 2010-11-17 04:16 ./usr/share/doc/samtools/AUTHORS
-rw-r--r-- root/root      1031 2011-03-02 04:30 ./usr/share/doc/samtools/README.Debian
drwxr-xr-x root/root         0 2011-03-02 09:36 ./usr/share/man/
drwxr-xr-x root/root         0 2011-03-02 09:36 ./usr/share/man/man1/
-rw-r--r-- root/root      1229 2011-03-02 09:36 ./usr/share/man/man1/bcftools.1.gz
-rw-r--r-- root/root       430 2011-03-02 09:36 ./usr/share/man/man1/razip.1.gz
-rw-r--r-- root/root      8164 2011-03-02 09:36 ./usr/share/man/man1/samtools.1.gz
drwxr-xr-x root/root         0 2011-03-02 09:36 ./usr/share/samtools/
-rwxr-xr-x root/root      2729 2010-11-17 04:16 ./usr/share/samtools/wgsim_eval.pl
-rwxr-xr-x root/root     14299 2010-11-17 04:16 ./usr/share/samtools/samtools.pl
-rwxr-xr-x root/root      5778 2011-03-02 09:36 ./usr/share/samtools/varfilter.py
-rwxr-xr-x root/root      2415 2010-11-17 04:16 ./usr/share/samtools/blast2sam.pl
-rwxr-xr-x root/root      7881 2010-11-17 04:16 ./usr/share/samtools/sam2vcf.pl
-rwxr-xr-x root/root     15437 2011-03-01 19:50 ./usr/share/samtools/vcfutils.pl
-rwxr-xr-x root/root      2022 2010-11-17 04:16 ./usr/share/samtools/psl2sam.pl
-rwxr-xr-x root/root      4996 2010-11-17 04:16 ./usr/share/samtools/interpolate_sam.pl
-rwxr-xr-x root/root     15255 2010-11-17 04:16 ./usr/share/samtools/export2sam.pl
-rwxr-xr-x root/root      2696 2010-11-17 04:16 ./usr/share/samtools/soap2sam.pl
-rwxr-xr-x root/root      2112 2010-11-17 04:16 ./usr/share/samtools/bowtie2sam.pl
-rwxr-xr-x root/root      2397 2010-11-17 04:16 ./usr/share/samtools/zoom2sam.pl
-rwxr-xr-x root/root      5989 2010-11-17 04:16 ./usr/share/samtools/novo2sam.pl


libbam-dev_0.1.13-1_hppa.deb
────────────────────────────

 new debian package, version 2.0.
 size 171726 bytes: control archive= 894 bytes.
     673 bytes,    15 lines      control              
     618 bytes,    10 lines      md5sums              
 Package: libbam-dev
 Source: samtools
 Version: 0.1.13-1
 Architecture: hppa
 Maintainer: Debian Med Packaging Team <debian-med-packaging@lists.alioth.debian.org>
 Installed-Size: 420
 Section: libdevel
 Priority: optional
 Homepage: http://samtools.sourceforge.net
 Description: manipulates nucleotide sequence alignments in BAM or SAM format
  The BAM library provides I/O and various operations on manipulating nucleotide
  sequence alignments in the BAM (Binary Alignment/Mapping) or SAM (Sequence
  Alignment/Map) format. It now supports importing from or exporting to SAM,
  sorting, merging, generating pileup, and quickly retrieval of reads overlapped
  with a specified region.

drwxr-xr-x root/root         0 2011-03-02 09:36 ./
drwxr-xr-x root/root         0 2011-03-02 09:36 ./usr/
drwxr-xr-x root/root         0 2011-03-02 09:36 ./usr/include/
-rw-r--r-- root/root      4599 2010-11-17 04:16 ./usr/include/bgzf.h
-rw-r--r-- root/root      3188 2010-11-17 04:16 ./usr/include/faidx.h
-rw-r--r-- root/root     17815 2011-03-01 19:50 ./usr/include/khash.h
-rw-r--r-- root/root     24165 2011-03-01 19:50 ./usr/include/bam.h
drwxr-xr-x root/root         0 2011-03-02 09:36 ./usr/lib/
-rw-r--r-- root/root    271240 2011-03-02 09:36 ./usr/lib/libbam.a
drwxr-xr-x root/root         0 2011-03-02 09:36 ./usr/share/
drwxr-xr-x root/root         0 2011-03-02 09:36 ./usr/share/doc/
drwxr-xr-x root/root         0 2011-03-02 09:36 ./usr/share/doc/libbam-dev/
-rw-r--r-- root/root      1280 2011-03-02 04:54 ./usr/share/doc/libbam-dev/changelog.Debian.gz
-rw-r--r-- root/root      7887 2011-03-01 19:50 ./usr/share/doc/libbam-dev/NEWS.gz
-rw-r--r-- root/root      5171 2011-03-02 04:37 ./usr/share/doc/libbam-dev/copyright
-rw-r--r-- root/root     33578 2011-03-01 19:50 ./usr/share/doc/libbam-dev/changelog.gz
-rw-r--r-- root/root       916 2010-11-17 04:16 ./usr/share/doc/libbam-dev/AUTHORS


┌──────────────────────────────────────────────────────────────────────────────┐
│ Finished                                                                     │
└──────────────────────────────────────────────────────────────────────────────┘

Built successfully
────────────────────────────────────────────────────────────────────────────────
Purging /var/lib/schroot/mount/sid-hppa-sbuild-e02e2472-e461-4194-b7d0-5bc4f17318db/build/buildd-samtools_0.1.13-1-hppa-xspK0E
(Reading database ... 12843 files and directories currently installed.)
Removing zlib1g-dev ...
Removing cdbs ...
Removing debhelper ...
Removing po-debconf ...
Removing man-db ...
Purging configuration files for man-db ...
Removing intltool-debian ...
Removing groff-base ...
Purging configuration files for groff-base ...
Removing gettext ...
Removing html2text ...
Purging configuration files for html2text ...
Removing gettext-base ...
Removing libunistring0 ...
Purging configuration files for libunistring0 ...
Removing libcroco3 ...
Purging configuration files for libcroco3 ...
Removing libpipeline1 ...
Purging configuration files for libpipeline1 ...
Removing libxml2 ...
Purging configuration files for libxml2 ...
Removing libglib2.0-0 ...
Purging configuration files for libglib2.0-0 ...
Removing libpcre3 ...
Purging configuration files for libpcre3 ...
────────────────────────────────────────────────────────────────────────────────
Finished at 20110302-0936
Build needed 00:03:48, 9412k disc space

