From buildd@ironforge.sceen.net Fri Jul 27 16:25:30 2012
Return-path: <buildd@ironforge.sceen.net>
Received: from ironforge.sceen.net ([46.105.42.111])
	by grieg.debian.org with esmtps (TLS1.0:RSA_AES_256_CBC_SHA1:32)
	(Exim 4.72) (envelope-from <buildd@ironforge.sceen.net>)
	id 1SunM0-0003gm-Pm
	for logs@buildd.debian.org; Fri, 27 Jul 2012 16:25:29 +0000
Received: from buildd by ironforge.sceen.net with local (Exim 4.77)
	(envelope-from <buildd@ironforge.sceen.net>)
	id 1SunLy-0000lN-2u; Fri, 27 Jul 2012 18:25:26 +0200
Content-Transfer-Encoding: binary
MIME-Version: 1.0
X-Mailer: MIME::Lite 3.027 (F2.82; B3.13; Q3.13)
Date: Fri, 27 Jul 2012 18:25:26 +0200
From: Build Daemon <buildd@ironforge.sceen.net>
To: samuel.thibault@ens-lyon.org,mbanck@gmx.net,logs@buildd.debian.org
Subject: Log for successful build of samtools_0.1.18-3 on hurd-i386 (dist=sid)
Message-Id: <E1SunLy-0000lN-2u@ironforge.sceen.net>
Delivered-To: logs@buildd.debian.org

sbuild (Debian sbuild) 0.61.0 (23 Feb 2011) on ironforge.sceen.net

╔══════════════════════════════════════════════════════════════════════════════╗
║ samtools 0.1.18-3 (hurd-i386)                              27 Jul 2012 18:23 ║
╚══════════════════════════════════════════════════════════════════════════════╝

Package: samtools
Version: 0.1.18-3
Source Version: 0.1.18-3
Architecture: hurd-i386
Ign file: ./ InRelease
Ign file: ./ Release.gpg
Ign file: ./ Release
Ign file: ./ Translation-en
Get:1 http://ftp.fr.debian.org sid InRelease [249 kB]
Hit http://incoming.debian.org sid InRelease
Ign http://incoming.debian.org  InRelease
Hit http://incoming.debian.org sid/main Sources/DiffIndex
Hit http://incoming.debian.org sid/contrib Sources/DiffIndex
Hit http://incoming.debian.org sid/non-free Sources/DiffIndex
Hit http://incoming.debian.org sid/main hurd-i386 Packages/DiffIndex
Hit http://incoming.debian.org sid/contrib hurd-i386 Packages/DiffIndex
Hit http://incoming.debian.org sid/contrib Translation-en/DiffIndex
Hit http://incoming.debian.org sid/main Translation-en/DiffIndex
Get:2 http://ftp.fr.debian.org sid/main Sources/DiffIndex [7876 B]
Get:3 http://incoming.debian.org  Release.gpg [836 B]
Hit http://ftp.fr.debian.org sid/contrib Sources/DiffIndex
Hit http://ftp.fr.debian.org sid/non-free Sources/DiffIndex
Get:4 http://ftp.fr.debian.org sid/main hurd-i386 Packages/DiffIndex [7876 B]
Hit http://ftp.fr.debian.org sid/contrib hurd-i386 Packages/DiffIndex
Hit http://ftp.fr.debian.org sid/contrib Translation-en/DiffIndex
Get:5 http://ftp.fr.debian.org sid/main Translation-en [4032 kB]
Get:6 http://ftp.fr.debian.org sid/main 2012-07-27-1414.10.pdiff [1291 B]
Get:7 http://incoming.debian.org  Release [1601 B]
Get:8 http://ftp.fr.debian.org sid/main 2012-07-27-1414.10.pdiff [1291 B]
Get:9 http://ftp.fr.debian.org sid/main hurd-i386 2012-07-27-1414.10.pdiff [2019 B]
Get:10 http://incoming.debian.org  Sources [14.9 kB]
Get:11 http://incoming.debian.org  Packages [121 kB]
Ign http://incoming.debian.org  Translation-en
Get:12 http://ftp.fr.debian.org sid/main hurd-i386 2012-07-27-1414.10.pdiff [2019 B]
Fetched 4439 kB in 28s (154 kB/s)
Reading package lists...

┌──────────────────────────────────────────────────────────────────────────────┐
│ Fetch source files                                                           │
└──────────────────────────────────────────────────────────────────────────────┘


Check APT
─────────

Checking available source versions...

Download source files with APT
──────────────────────────────

Reading package lists...
Building dependency tree...
Reading state information...
NOTICE: 'samtools' packaging is maintained in the 'Git' version control system at:
git://git.debian.org/debian-med/samtools.git
Need to get 390 kB of source archives.
Get:1 http://incoming.debian.org/buildd-unstable/  samtools 0.1.18-3 (dsc) [1429 B]
Get:2 http://incoming.debian.org/buildd-unstable/  samtools 0.1.18-3 (tar) [379 kB]
Get:3 http://incoming.debian.org/buildd-unstable/  samtools 0.1.18-3 (diff) [8884 B]
Fetched 390 kB in 1s (215 kB/s)
Download complete and in download only mode

Check arch
──────────


┌──────────────────────────────────────────────────────────────────────────────┐
│ Install core build dependencies (internal resolver)                          │
└──────────────────────────────────────────────────────────────────────────────┘

Build-Depends: build-essential, fakeroot
Checking for already installed dependencies...
build-essential: already installed (11.5+b1)
fakeroot: already installed (1.18.4-2)
Checking for dependency conflicts...
Installing positive dependencies: 
Reading package lists...
Building dependency tree...
Reading state information...
The following packages were automatically installed and are no longer required:
  adduser groff-base libboost-iostreams1.46.1 libboost-iostreams1.49.0
  libcwidget3 libpopt0 libsigc++-2.0-0c2a libssl1.0.0 libsysfs2 libxapian22
  man-db
Use 'apt-get autoremove' to remove them.
0 upgraded, 0 newly installed, 0 to remove and 25 not upgraded.
Removing negative dependencies: 
Reading package lists...
Building dependency tree...
Reading state information...
The following packages were automatically installed and are no longer required:
  adduser groff-base libboost-iostreams1.46.1 libboost-iostreams1.49.0
  libcwidget3 libpopt0 libsigc++-2.0-0c2a libssl1.0.0 libsysfs2 libxapian22
  man-db
Use 'apt-get autoremove' to remove them.
0 upgraded, 0 newly installed, 0 to remove and 25 not upgraded.
Checking correctness of dependencies...

┌──────────────────────────────────────────────────────────────────────────────┐
│ Install samtools build dependencies (internal resolver)                      │
└──────────────────────────────────────────────────────────────────────────────┘

Build-Depends: base-files, base-passwd, bash, coreutils, dash, debianutils, diffutils, dpkg, e2fsprogs, findutils, grep, gzip, hostname, hurd, ncurses-base, ncurses-bin, perl-base, sed, sysvinit-utils, sysvinit, tar, bsdutils, util-linux, libc0.3-dev | libc-dev, gcc (>= 4:4.4.3), g++ (>= 4:4.4.3), make, dpkg-dev (>= 1.13.5), hurd-dev, debhelper (>= 8), cdbs, quilt, libncurses5-dev, zlib1g-dev
Checking for already installed dependencies...
base-files: already installed (6.11)
base-passwd: already installed (3.5.26)
bash: already installed (4.2-3)
coreutils: already installed (8.13-3.2)
dash: already installed (0.5.7-3+b1)
debianutils: already installed (4.3.2)
diffutils: already installed (1:3.2-6+b1)
dpkg: already installed (1.16.7)
e2fsprogs: already installed (1.42.4-3)
findutils: already installed (4.4.2-4+b1)
grep: already installed (2.12-2)
gzip: already installed (1.5-1.1)
hostname: already installed (3.11+b1)
hurd: already installed (20120605-2)
ncurses-base: already installed (5.9-10)
ncurses-bin: already installed (5.9-10)
perl-base: already installed (5.14.2-12)
sed: already installed (4.2.1-10)
sysvinit-utils: already installed (2.88dsf-22)
sysvinit: already installed (2.88dsf-22)
tar: already installed (1.26-4+b1)
bsdutils: already installed (1:2.20.1-5.1)
util-linux: already installed (2.20.1-5.1)
libc0.3-dev: already installed (2.13-34)
gcc: already installed (4:4.7.1-1 >= 4:4.4.3 is satisfied)
g++: already installed (4:4.7.1-1 >= 4:4.4.3 is satisfied)
make: already installed (3.81-8.2+b1)
dpkg-dev: already installed (1.16.7 >= 1.13.5 is satisfied)
hurd-dev: already installed (20120605-2)
debhelper: missing
Using default version 9.20120608
cdbs: missing
quilt: missing
libncurses5-dev: missing
zlib1g-dev: missing
Checking for dependency conflicts...
Installing positive dependencies: debhelper cdbs quilt libncurses5-dev zlib1g-dev
Reading package lists...
Building dependency tree...
Reading state information...
The following packages were automatically installed and are no longer required:
  adduser libboost-iostreams1.46.1 libboost-iostreams1.49.0 libcwidget3
  libpopt0 libsigc++-2.0-0c2a libssl1.0.0 libsysfs2 libxapian22
Use 'apt-get autoremove' to remove them.
The following extra packages will be installed:
  diffstat file gettext gettext-base html2text intltool-debian libasprintf0c2
  libcroco3 libexpat1 libffi5 libgettextpo0 libglib2.0-0 libmagic1
  libtinfo-dev libunistring0 libxml2 po-debconf
Suggested packages:
  devscripts dh-make gettext-doc ncurses-doc libmail-box-perl procmail
  graphviz default-mta mail-transport-agent
Recommended packages:
  autotools-dev curl wget lynx-cur autopoint libglib2.0-data shared-mime-info
  xml-core libmail-sendmail-perl
The following NEW packages will be installed:
  cdbs debhelper diffstat file gettext gettext-base html2text intltool-debian
  libasprintf0c2 libcroco3 libexpat1 libffi5 libgettextpo0 libglib2.0-0
  libmagic1 libncurses5-dev libtinfo-dev libunistring0 libxml2 po-debconf
  quilt zlib1g-dev
0 upgraded, 22 newly installed, 0 to remove and 25 not upgraded.
Need to get 0 B/8216 kB of archives.
After this operation, 22.5 MB of additional disk space will be used.
WARNING: The following packages cannot be authenticated!
  libasprintf0c2 libmagic1 libxml2 libffi5 libglib2.0-0 libcroco3 libexpat1
  libunistring0 libgettextpo0 file gettext-base cdbs html2text gettext
  intltool-debian po-debconf debhelper diffstat libtinfo-dev libncurses5-dev
  quilt zlib1g-dev
Authentication warning overridden.
Selecting previously unselected package libasprintf0c2:hurd-i386.
(Reading database ... 14550 files and directories currently installed.)
Unpacking libasprintf0c2:hurd-i386 (from .../libasprintf0c2_0.18.1.1-9_hurd-i386.deb) ...
Selecting previously unselected package libmagic1:hurd-i386.
Unpacking libmagic1:hurd-i386 (from .../libmagic1_5.11-2_hurd-i386.deb) ...
Selecting previously unselected package libxml2:hurd-i386.
Unpacking libxml2:hurd-i386 (from .../libxml2_2.8.0+dfsg1-5_hurd-i386.deb) ...
Selecting previously unselected package libffi5:hurd-i386.
Unpacking libffi5:hurd-i386 (from .../libffi5_3.0.10-3+b1_hurd-i386.deb) ...
Selecting previously unselected package libglib2.0-0:hurd-i386.
Unpacking libglib2.0-0:hurd-i386 (from .../libglib2.0-0_2.32.3-1+b2_hurd-i386.deb) ...
Selecting previously unselected package libcroco3:hurd-i386.
Unpacking libcroco3:hurd-i386 (from .../libcroco3_0.6.5-1+b1_hurd-i386.deb) ...
Selecting previously unselected package libexpat1:hurd-i386.
Unpacking libexpat1:hurd-i386 (from .../libexpat1_2.1.0-1+b1_hurd-i386.deb) ...
Selecting previously unselected package libunistring0:hurd-i386.
Unpacking libunistring0:hurd-i386 (from .../libunistring0_0.9.3-5+b1_hurd-i386.deb) ...
Selecting previously unselected package libgettextpo0:hurd-i386.
Unpacking libgettextpo0:hurd-i386 (from .../libgettextpo0_0.18.1.1-9_hurd-i386.deb) ...
Selecting previously unselected package file.
Unpacking file (from .../file_5.11-2_hurd-i386.deb) ...
Selecting previously unselected package gettext-base.
Unpacking gettext-base (from .../gettext-base_0.18.1.1-9_hurd-i386.deb) ...
Selecting previously unselected package cdbs.
Unpacking cdbs (from .../archives/cdbs_0.4.116_all.deb) ...
Selecting previously unselected package html2text.
Unpacking html2text (from .../html2text_1.3.2a-15+b2_hurd-i386.deb) ...
Selecting previously unselected package gettext.
Unpacking gettext (from .../gettext_0.18.1.1-9_hurd-i386.deb) ...
Selecting previously unselected package intltool-debian.
Unpacking intltool-debian (from .../intltool-debian_0.35.0+20060710.1_all.deb) ...
Selecting previously unselected package po-debconf.
Unpacking po-debconf (from .../po-debconf_1.0.16+nmu2_all.deb) ...
Selecting previously unselected package debhelper.
Unpacking debhelper (from .../debhelper_9.20120608_all.deb) ...
Selecting previously unselected package diffstat.
Unpacking diffstat (from .../diffstat_1.55-3_hurd-i386.deb) ...
Selecting previously unselected package libtinfo-dev:hurd-i386.
Unpacking libtinfo-dev:hurd-i386 (from .../libtinfo-dev_5.9-10_hurd-i386.deb) ...
Selecting previously unselected package libncurses5-dev.
Unpacking libncurses5-dev (from .../libncurses5-dev_5.9-10_hurd-i386.deb) ...
Selecting previously unselected package quilt.
Unpacking quilt (from .../archives/quilt_0.60-2_all.deb) ...
Selecting previously unselected package zlib1g-dev:hurd-i386.
Unpacking zlib1g-dev:hurd-i386 (from .../zlib1g-dev_1%3a1.2.7.dfsg-13_hurd-i386.deb) ...
Processing triggers for man-db ...
Setting up libasprintf0c2:hurd-i386 (0.18.1.1-9) ...
Setting up libmagic1:hurd-i386 (5.11-2) ...
Setting up libxml2:hurd-i386 (2.8.0+dfsg1-5) ...
Setting up libffi5:hurd-i386 (3.0.10-3+b1) ...
Setting up libglib2.0-0:hurd-i386 (2.32.3-1+b2) ...
No schema files found: doing nothing.
Setting up libcroco3:hurd-i386 (0.6.5-1+b1) ...
Setting up libexpat1:hurd-i386 (2.1.0-1+b1) ...
Setting up libunistring0:hurd-i386 (0.9.3-5+b1) ...
Setting up libgettextpo0:hurd-i386 (0.18.1.1-9) ...
Setting up file (5.11-2) ...
Setting up gettext-base (0.18.1.1-9) ...
Setting up cdbs (0.4.116) ...
Setting up html2text (1.3.2a-15+b2) ...
Setting up gettext (0.18.1.1-9) ...
Setting up intltool-debian (0.35.0+20060710.1) ...
Setting up po-debconf (1.0.16+nmu2) ...
Setting up debhelper (9.20120608) ...
Setting up diffstat (1.55-3) ...
Setting up libtinfo-dev:hurd-i386 (5.9-10) ...
Setting up libncurses5-dev (5.9-10) ...
Setting up quilt (0.60-2) ...
Setting up zlib1g-dev:hurd-i386 (1:1.2.7.dfsg-13) ...
Removing negative dependencies: 
Reading package lists...
Building dependency tree...
Reading state information...
The following packages were automatically installed and are no longer required:
  adduser libboost-iostreams1.46.1 libboost-iostreams1.49.0 libcwidget3
  libpopt0 libsigc++-2.0-0c2a libssl1.0.0 libsysfs2 libxapian22
Use 'apt-get autoremove' to remove them.
0 upgraded, 0 newly installed, 0 to remove and 25 not upgraded.
Checking correctness of dependencies...
Kernel: GNU 0.3 hurd-i386 (i686-AT386)
Toolchain package versions: binutils_2.22-7 dpkg-dev_1.16.7 g++-4.7_4.7.1-5 gcc-4.7_4.7.1-5 gnumach-dev_2:1.3.99.dfsg.git20120610-1 hurd-dev_20120605-2 libc0.3-dev_2.13-34 libstdc++6_4.7.1-5 libstdc++6-4.7-dev_4.7.1-5
Package versions: adduser_3.113+nmu3 apt_0.9.7.1 apt-utils_0.9.7.1 base-files_6.11 base-passwd_3.5.26 bash_4.2-3 bash-completion_1:2.0-1 binutils_2.22-7 bsdmainutils_9.0.3 bsdutils_1:2.20.1-5.1 build-essential_11.5+b1 bzip2_1.0.6-3 cdbs_0.4.116 coreutils_8.13-3.2 cpio_2.11-8 cpp_4:4.7.1-1 cpp-4.7_4.7.1-5 dash_0.5.7-3+b1 debconf_1.5.45 debfoster_2.7-1.1+b1 debhelper_9.20120608 debian-archive-keyring_2012.4 debian-ports-archive-keyring_2012.01.08 debianutils_4.3.2 diffstat_1.55-3 diffutils_1:3.2-6+b1 dpkg_1.16.7 dpkg-dev_1.16.7 e2fslibs_1.42.4-3 e2fsprogs_1.42.4-3 fakeroot_1.18.4-2 file_5.11-2 findutils_4.4.2-4+b1 g++_4:4.7.1-1 g++-4.7_4.7.1-5 gawk_1:4.0.1+dfsg-2 gcc_4:4.7.1-1 gcc-4.4-base_4.4.7-1+b1 gcc-4.5-base_4.5.4-1 gcc-4.6-base_4.6.3-8 gcc-4.7_4.7.1-5 gcc-4.7-base_4.7.1-5 gettext_0.18.1.1-9 gettext-base_0.18.1.1-9 gnumach-dev_2:1.3.99.dfsg.git20120610-1 gnupg_1.4.12-4+b1 gpgv_1.4.12-4+b1 grep_2.12-2 groff-base_1.21-9 gzip_1.5-1.1 hostname_3.11+b1 html2text_1.3.2a-15+b2 hurd_20120605-2 hurd-dev_20120605-2 initscripts_2.88dsf-22 insserv_1.14.0-4 intltool-debian_0.35.0+20060710.1 libacl1_2.2.51-8 libapt-inst1.5_0.9.7.1 libapt-pkg4.12_0.9.7.1 libasprintf0c2_0.18.1.1-9 libattr1_1:2.4.46-8 libblkid1_2.20.1-5.1 libboost-iostreams1.46.1_1.46.1-8+b1 libboost-iostreams1.48.0_1.48.0-3+b1 libboost-iostreams1.49.0_1.49.0-3.1 libbz2-1.0_1.0.6-3 libc-bin_2.13-34 libc-dev-bin_2.13-34 libc0.3_2.13-34 libc0.3-dev_2.13-34 libc0.3-i686_2.13-34 libclass-isa-perl_0.36-3 libcomerr2_1.42.4-3 libcroco3_0.6.5-1+b1 libcwidget3_0.5.16-3.4 libdb5.1_5.1.29-5+b1 libdpkg-perl_1.16.7 libexpat1_2.1.0-1+b1 libffi5_3.0.10-3+b1 libfile-fcntllock-perl_0.14-2 libgc1c2_1:7.1-8+b1 libgcc1_1:4.7.1-5 libgcrypt11_1.5.0-3+b1 libgdbm3_1.8.3-11 libgettextpo0_0.18.1.1-9 libglib2.0-0_2.32.3-1+b2 libgmp10_2:5.0.5+dfsg-2 libgnutls26_2.12.20-1 libgomp1_4.7.1-5 libgpg-error0_1.10-3+b1 libldap-2.4-2_2.4.28-1.3+b2 liblocale-gettext-perl_1.05-7+b2 liblzma2_5.1.1alpha+20110809-2 liblzma5_5.1.1alpha+20120614-1 libmagic1_5.11-2 libmpc2_0.9-4+b1 libmpfr4_3.1.0-5 libncurses5_5.9-10 libncurses5-dev_5.9-10 libncursesw5_5.9-10 libp11-kit0_0.12-3+b1 libpam-modules_1.1.3-7.1 libpam-modules-bin_1.1.3-7.1 libpam-runtime_1.1.3-7.1 libpam0g_1.1.3-7.1 libparted0debian1_2.3-10 libpciaccess0_0.13.1-2+b1 libpcre3_1:8.30-5 libpipeline1_1.2.1-1+b1 libpng12-0_1.2.49-2 libpopt0_1.16-7 libprocps0_1:3.3.3-2 libquadmath0_4.7.1-5 libreadline6_6.2-8+b1 libsasl2-2_2.1.25.dfsg1-4+b2 libsigc++-2.0-0c2a_2.2.10-0.2 libsigsegv2_2.9-4+b1 libslang2_2.2.4-15 libss2_1.42.4-3 libssl1.0.0_1.0.1c-3 libstdc++6_4.7.1-5 libstdc++6-4.7-dev_4.7.1-5 libswitch-perl_2.16-2 libsysfs2_2.1.0+repack-1.2 libtasn1-3_2.13-2 libtext-charwidth-perl_0.04-7+b2 libtext-iconv-perl_1.7-5+b1 libtext-wrapi18n-perl_0.06-7 libtimedate-perl_1.2000-1 libtinfo-dev_5.9-10 libtinfo5_5.9-10 libunistring0_0.9.3-5+b1 libuuid1_2.20.1-5.1 libxapian22_1.2.8-1 libxml2_2.8.0+dfsg1-5 lsb-base_4.1+Debian7 make_3.81-8.2+b1 man-db_2.6.2-1 mawk_1.3.3-17+b1 multiarch-support_2.13-34 ncurses-base_5.9-10 ncurses-bin_5.9-10 netbase_5.0 netcat-traditional_1.10-40 netdde_0.0.20120520-2 passwd_1:4.1.5.1-1 patch_2.6.1-3+b1 perl_5.14.2-12 perl-base_5.14.2-12 perl-modules_5.14.2-12 po-debconf_1.0.16+nmu2 procps_1:3.3.3-2 psmisc_22.19-1 quilt_0.60-2 readline-common_6.2-8 sed_4.2.1-10 sensible-utils_0.0.7 sudo_1.8.5p2-1 sysv-rc_2.88dsf-22 sysvinit_2.88dsf-22 sysvinit-utils_2.88dsf-22 tar_1.26-4+b1 tzdata_2012c-1 ucf_3.0025+nmu3 util-linux_2.20.1-5.1 xz-utils_5.1.1alpha+20120614-1 zlib1g_1:1.2.7.dfsg-13 zlib1g-dev_1:1.2.7.dfsg-13

┌──────────────────────────────────────────────────────────────────────────────┐
│ Build                                                                        │
└──────────────────────────────────────────────────────────────────────────────┘


Unpack source
─────────────

gpgv: keyblock resource `/home/buildd/.gnupg/trustedkeys.gpg': file open error
gpgv: Signature made Fri Jul 27 15:21:02 2012 UTC using DSA key ID B351A900
gpgv: Can't check signature: public key not found
dpkg-source: warning: failed to verify signature on ./samtools_0.1.18-3.dsc
dpkg-source: info: extracting samtools in samtools-0.1.18
dpkg-source: info: unpacking samtools_0.1.18.orig.tar.bz2
dpkg-source: info: unpacking samtools_0.1.18-3.debian.tar.gz
dpkg-source: info: applying no-pileup-tests.patch
dpkg-source: info: applying fix_segfault_with_small_ref.patch
dpkg-source: info: applying fix_coverage_cap.patch

Check disc space
────────────────


dpkg-buildpackage
─────────────────

dpkg-buildpackage: source package samtools
dpkg-buildpackage: source version 0.1.18-3
 dpkg-source --before-build samtools-0.1.18
dpkg-buildpackage: host architecture hurd-i386
 /usr/bin/fakeroot debian/rules clean
test -x debian/rules
dh_testroot
rm -f debian/stamp-makefile-build debian/stamp-makefile-install
/usr/bin/make  -C . CFLAGS="-g -O2 -fstack-protector --param=ssp-buffer-size=4 -Wformat -Werror=format-security -Wall -fPIC" CXXFLAGS="-g -O2 -fstack-protector --param=ssp-buffer-size=4 -Wformat -Werror=format-security -Wall" CPPFLAGS="-D_FORTIFY_SOURCE=2" LDFLAGS="-Wl,-z,relro"  -k clean
make[1]: Entering directory `/build/buildd-samtools_0.1.18-3-hurd-i386-v19YQk/samtools-0.1.18'
make[2]: Entering directory `/build/buildd-samtools_0.1.18-3-hurd-i386-v19YQk/samtools-0.1.18'
rm -fr gmon.out *.o a.out *.exe *.dSYM razip bgzip samtools *~ *.a *.so.* *.so *.dylib
make[2]: Leaving directory `/build/buildd-samtools_0.1.18-3-hurd-i386-v19YQk/samtools-0.1.18'
make[2]: Entering directory `/build/buildd-samtools_0.1.18-3-hurd-i386-v19YQk/samtools-0.1.18/bcftools'
rm -fr gmon.out *.o a.out *.dSYM bcftools *~ *.a bcf.aux bcf.log bcf.pdf *.class libbcf.*.dylib libbcf.so*
make[2]: Leaving directory `/build/buildd-samtools_0.1.18-3-hurd-i386-v19YQk/samtools-0.1.18/bcftools'
make[2]: Entering directory `/build/buildd-samtools_0.1.18-3-hurd-i386-v19YQk/samtools-0.1.18/misc'
rm -fr gmon.out *.o a.out *.exe *.dSYM md5sum-lite md5fa maq2sam-short maq2sam-long wgsim seqtk *~ *.a
make[2]: Leaving directory `/build/buildd-samtools_0.1.18-3-hurd-i386-v19YQk/samtools-0.1.18/misc'
make[1]: Leaving directory `/build/buildd-samtools_0.1.18-3-hurd-i386-v19YQk/samtools-0.1.18'
rm -f debian/stamp-makefile-check
dh_clean 
/usr/bin/make -f debian/rules reverse-config
make[1]: Entering directory `/build/buildd-samtools_0.1.18-3-hurd-i386-v19YQk/samtools-0.1.18'
make[1]: Nothing to be done for `reverse-config'.
make[1]: Leaving directory `/build/buildd-samtools_0.1.18-3-hurd-i386-v19YQk/samtools-0.1.18'
if [ -d "." ]; then \
	  cd . && QUILT_PATCHES=/build/buildd-samtools_0.1.18-3-hurd-i386-v19YQk/samtools-0.1.18/debian/patches quilt --quiltrc /dev/null pop -a -R || test $? = 2 ; \
	fi
Removing patch fix_coverage_cap.patch
Restoring bam2depth.c

Removing patch fix_segfault_with_small_ref.patch
Restoring bam_plcmd.c

Removing patch no-pileup-tests.patch
Restoring examples/Makefile

No patches applied
rm -rf ./.pc
rm -f debian/stamp-patch*
rm -f examples/calDepth examples/ex1.bam examples/ex1.bam.bai examples/ex1.fa.fai examples/ex1.glf examples/ex1.glfview.gz examples/ex1.pileup.gz examples/ex1a.bam examples/ex1b.bam examples/ex1f-rmduppe.bam examples/ex1f-rmdupse.bam examples/ex1f.bam examples/ex1f.rg examples/ex1.bcf
 debian/rules build-arch
/usr/share/cdbs/1/rules/buildcore.mk:109: WARNING:  DEB_DH_BUILDDEB_ARGS is a deprecated variable
test -x debian/rules
mkdir -p "."
/usr/bin/make -f debian/rules reverse-config
make[1]: Entering directory `/build/buildd-samtools_0.1.18-3-hurd-i386-v19YQk/samtools-0.1.18'
make[1]: Nothing to be done for `reverse-config'.
make[1]: Leaving directory `/build/buildd-samtools_0.1.18-3-hurd-i386-v19YQk/samtools-0.1.18'
cd . && QUILT_PATCHES=/build/buildd-samtools_0.1.18-3-hurd-i386-v19YQk/samtools-0.1.18/debian/patches quilt --quiltrc /dev/null push -a || test $? = 2
Applying patch no-pileup-tests.patch
patching file examples/Makefile

Applying patch fix_segfault_with_small_ref.patch
patching file bam_plcmd.c

Applying patch fix_coverage_cap.patch
patching file bam2depth.c

Now at patch fix_coverage_cap.patch
touch debian/stamp-patched
/usr/bin/make -f debian/rules update-config
make[1]: Entering directory `/build/buildd-samtools_0.1.18-3-hurd-i386-v19YQk/samtools-0.1.18'
make[1]: Nothing to be done for `update-config'.
make[1]: Leaving directory `/build/buildd-samtools_0.1.18-3-hurd-i386-v19YQk/samtools-0.1.18'
/usr/bin/make  -C . CFLAGS="-g -O2 -fstack-protector --param=ssp-buffer-size=4 -Wformat -Werror=format-security -Wall -fPIC" CXXFLAGS="-g -O2 -fstack-protector --param=ssp-buffer-size=4 -Wformat -Werror=format-security -Wall" CPPFLAGS="-D_FORTIFY_SOURCE=2" LDFLAGS="-Wl,-z,relro"  all all-recur razip lib
make[1]: Entering directory `/build/buildd-samtools_0.1.18-3-hurd-i386-v19YQk/samtools-0.1.18'
bgzf.c: In function 'bgzf_close':
bgzf.c:630:8: warning: variable 'count' set but not used [-Wunused-but-set-variable]
make[2]: Entering directory `/build/buildd-samtools_0.1.18-3-hurd-i386-v19YQk/samtools-0.1.18'
gcc -c -g -O2 -fstack-protector --param=ssp-buffer-size=4 -Wformat -Werror=format-security -Wall -fPIC -D_FILE_OFFSET_BITS=64 -D_LARGEFILE64_SOURCE -D_USE_KNETFILE -D_CURSES_LIB=1 -I. bgzf.c -o bgzf.o
gcc -c -g -O2 -fstack-protector --param=ssp-buffer-size=4 -Wformat -Werror=format-security -Wall -fPIC -D_FILE_OFFSET_BITS=64 -D_LARGEFILE64_SOURCE -D_USE_KNETFILE -D_CURSES_LIB=1 -I. kstring.c -o kstring.o
gcc -c -g -O2 -fstack-protector --param=ssp-buffer-size=4 -Wformat -Werror=format-security -Wall -fPIC -D_FILE_OFFSET_BITS=64 -D_LARGEFILE64_SOURCE -D_USE_KNETFILE -D_CURSES_LIB=1 -I. bam_aux.c -o bam_aux.o
gcc -c -g -O2 -fstack-protector --param=ssp-buffer-size=4 -Wformat -Werror=format-security -Wall -fPIC -D_FILE_OFFSET_BITS=64 -D_LARGEFILE64_SOURCE -D_USE_KNETFILE -D_CURSES_LIB=1 -I. bam.c -o bam.o
bam_import.c: In function 'append_text':
bam_import.c:179:13: warning: format '%ld' expects argument of type 'long int', but argument 3 has type 'size_t' [-Wformat]
bam_import.c:186:9: warning: format '%ld' expects argument of type 'long int', but argument 3 has type 'size_t' [-Wformat]
bam_import.c:186:9: warning: format '%ld' expects argument of type 'long int', but argument 4 has type 'size_t' [-Wformat]
bam_import.c:186:9: warning: format '%ld' expects argument of type 'long int', but argument 5 has type 'size_t' [-Wformat]
bam_import.c:186:9: warning: format '%ld' expects argument of type 'long int', but argument 6 has type 'size_t' [-Wformat]
gcc -c -g -O2 -fstack-protector --param=ssp-buffer-size=4 -Wformat -Werror=format-security -Wall -fPIC -D_FILE_OFFSET_BITS=64 -D_LARGEFILE64_SOURCE -D_USE_KNETFILE -D_CURSES_LIB=1 -I. bam_import.c -o bam_import.o
gcc -c -g -O2 -fstack-protector --param=ssp-buffer-size=4 -Wformat -Werror=format-security -Wall -fPIC -D_FILE_OFFSET_BITS=64 -D_LARGEFILE64_SOURCE -D_USE_KNETFILE -D_CURSES_LIB=1 -I. sam.c -o sam.o
gcc -c -g -O2 -fstack-protector --param=ssp-buffer-size=4 -Wformat -Werror=format-security -Wall -fPIC -D_FILE_OFFSET_BITS=64 -D_LARGEFILE64_SOURCE -D_USE_KNETFILE -D_CURSES_LIB=1 -I. bam_index.c -o bam_index.o
bam_pileup.c: In function 'resolve_cigar2':
bam_pileup.c:75:9: warning: variable 'is_head' set but not used [-Wunused-but-set-variable]
gcc -c -g -O2 -fstack-protector --param=ssp-buffer-size=4 -Wformat -Werror=format-security -Wall -fPIC -D_FILE_OFFSET_BITS=64 -D_LARGEFILE64_SOURCE -D_USE_KNETFILE -D_CURSES_LIB=1 -I. bam_pileup.c -o bam_pileup.o
gcc -c -g -O2 -fstack-protector --param=ssp-buffer-size=4 -Wformat -Werror=format-security -Wall -fPIC -D_FILE_OFFSET_BITS=64 -D_LARGEFILE64_SOURCE -D_USE_KNETFILE -D_CURSES_LIB=1 -I. bam_lpileup.c -o bam_lpileup.o
gcc -c -g -O2 -fstack-protector --param=ssp-buffer-size=4 -Wformat -Werror=format-security -Wall -fPIC -D_FILE_OFFSET_BITS=64 -D_LARGEFILE64_SOURCE -D_USE_KNETFILE -D_CURSES_LIB=1 -I. bam_md.c -o bam_md.o
gcc -c -g -O2 -fstack-protector --param=ssp-buffer-size=4 -Wformat -Werror=format-security -Wall -fPIC -D_FILE_OFFSET_BITS=64 -D_LARGEFILE64_SOURCE -D_USE_KNETFILE -D_CURSES_LIB=1 -I. razf.c -o razf.o
gcc -c -g -O2 -fstack-protector --param=ssp-buffer-size=4 -Wformat -Werror=format-security -Wall -fPIC -D_FILE_OFFSET_BITS=64 -D_LARGEFILE64_SOURCE -D_USE_KNETFILE -D_CURSES_LIB=1 -I. faidx.c -o faidx.o
gcc -c -g -O2 -fstack-protector --param=ssp-buffer-size=4 -Wformat -Werror=format-security -Wall -fPIC -D_FILE_OFFSET_BITS=64 -D_LARGEFILE64_SOURCE -D_USE_KNETFILE -D_CURSES_LIB=1 -I. bedidx.c -o bedidx.o
gcc -c -g -O2 -fstack-protector --param=ssp-buffer-size=4 -Wformat -Werror=format-security -Wall -fPIC -D_FILE_OFFSET_BITS=64 -D_LARGEFILE64_SOURCE -D_USE_KNETFILE -D_CURSES_LIB=1 -I. knetfile.c -o knetfile.o
gcc -c -g -O2 -fstack-protector --param=ssp-buffer-size=4 -Wformat -Werror=format-security -Wall -fPIC -D_FILE_OFFSET_BITS=64 -D_LARGEFILE64_SOURCE -D_USE_KNETFILE -D_CURSES_LIB=1 -I. bam_sort.c -o bam_sort.o
bam_reheader.c: In function 'bam_reheader':
bam_reheader.c:11:16: warning: variable 'old' set but not used [-Wunused-but-set-variable]
kprobaln.c: In function 'kpa_glocal':
kprobaln.c:78:21: warning: variable 'is_diff' set but not used [-Wunused-but-set-variable]
gcc -c -g -O2 -fstack-protector --param=ssp-buffer-size=4 -Wformat -Werror=format-security -Wall -fPIC -D_FILE_OFFSET_BITS=64 -D_LARGEFILE64_SOURCE -D_USE_KNETFILE -D_CURSES_LIB=1 -I. sam_header.c -o sam_header.o
gcc -c -g -O2 -fstack-protector --param=ssp-buffer-size=4 -Wformat -Werror=format-security -Wall -fPIC -D_FILE_OFFSET_BITS=64 -D_LARGEFILE64_SOURCE -D_USE_KNETFILE -D_CURSES_LIB=1 -I. bam_reheader.c -o bam_reheader.o
gcc -c -g -O2 -fstack-protector --param=ssp-buffer-size=4 -Wformat -Werror=format-security -Wall -fPIC -D_FILE_OFFSET_BITS=64 -D_LARGEFILE64_SOURCE -D_USE_KNETFILE -D_CURSES_LIB=1 -I. kprobaln.c -o kprobaln.o
gcc -c -g -O2 -fstack-protector --param=ssp-buffer-size=4 -Wformat -Werror=format-security -Wall -fPIC -D_FILE_OFFSET_BITS=64 -D_LARGEFILE64_SOURCE -D_USE_KNETFILE -D_CURSES_LIB=1 -I. bam_cat.c -o bam_cat.o
ar -csru libbam.a bgzf.o kstring.o bam_aux.o bam.o bam_import.o sam.o bam_index.o bam_pileup.o bam_lpileup.o bam_md.o razf.o faidx.o bedidx.o knetfile.o bam_sort.o sam_header.o bam_reheader.o kprobaln.o bam_cat.o
make[2]: Leaving directory `/build/buildd-samtools_0.1.18-3-hurd-i386-v19YQk/samtools-0.1.18'
make[2]: Entering directory `/build/buildd-samtools_0.1.18-3-hurd-i386-v19YQk/samtools-0.1.18/bcftools'
gcc -c -g -O2 -fstack-protector --param=ssp-buffer-size=4 -Wformat -Werror=format-security -Wall -fPIC -D_FILE_OFFSET_BITS=64 -D_LARGEFILE64_SOURCE -D_USE_KNETFILE -D_CURSES_LIB=1 -I.. -I. bcf.c -o bcf.o
gcc -c -g -O2 -fstack-protector --param=ssp-buffer-size=4 -Wformat -Werror=format-security -Wall -fPIC -D_FILE_OFFSET_BITS=64 -D_LARGEFILE64_SOURCE -D_USE_KNETFILE -D_CURSES_LIB=1 -I.. -I. vcf.c -o vcf.o
gcc -c -g -O2 -fstack-protector --param=ssp-buffer-size=4 -Wformat -Werror=format-security -Wall -fPIC -D_FILE_OFFSET_BITS=64 -D_LARGEFILE64_SOURCE -D_USE_KNETFILE -D_CURSES_LIB=1 -I.. -I. bcfutils.c -o bcfutils.o
gcc -c -g -O2 -fstack-protector --param=ssp-buffer-size=4 -Wformat -Werror=format-security -Wall -fPIC -D_FILE_OFFSET_BITS=64 -D_LARGEFILE64_SOURCE -D_USE_KNETFILE -D_CURSES_LIB=1 -I.. -I. prob1.c -o prob1.o
em.c: In function 'bcf_em1':
em.c:174:12: warning: variable 'n2' set but not used [-Wunused-but-set-variable]
gcc -c -g -O2 -fstack-protector --param=ssp-buffer-size=4 -Wformat -Werror=format-security -Wall -fPIC -D_FILE_OFFSET_BITS=64 -D_LARGEFILE64_SOURCE -D_USE_KNETFILE -D_CURSES_LIB=1 -I.. -I. em.c -o em.o
gcc -c -g -O2 -fstack-protector --param=ssp-buffer-size=4 -Wformat -Werror=format-security -Wall -fPIC -D_FILE_OFFSET_BITS=64 -D_LARGEFILE64_SOURCE -D_USE_KNETFILE -D_CURSES_LIB=1 -I.. -I. kfunc.c -o kfunc.o
gcc -c -g -O2 -fstack-protector --param=ssp-buffer-size=4 -Wformat -Werror=format-security -Wall -fPIC -D_FILE_OFFSET_BITS=64 -D_LARGEFILE64_SOURCE -D_USE_KNETFILE -D_CURSES_LIB=1 -I.. -I. kmin.c -o kmin.o
gcc -c -g -O2 -fstack-protector --param=ssp-buffer-size=4 -Wformat -Werror=format-security -Wall -fPIC -D_FILE_OFFSET_BITS=64 -D_LARGEFILE64_SOURCE -D_USE_KNETFILE -D_CURSES_LIB=1 -I.. -I. index.c -o index.o
gcc -c -g -O2 -fstack-protector --param=ssp-buffer-size=4 -Wformat -Werror=format-security -Wall -fPIC -D_FILE_OFFSET_BITS=64 -D_LARGEFILE64_SOURCE -D_USE_KNETFILE -D_CURSES_LIB=1 -I.. -I. fet.c -o fet.o
gcc -c -g -O2 -fstack-protector --param=ssp-buffer-size=4 -Wformat -Werror=format-security -Wall -fPIC -D_FILE_OFFSET_BITS=64 -D_LARGEFILE64_SOURCE -D_USE_KNETFILE -D_CURSES_LIB=1 -I.. -I. mut.c -o mut.o
gcc -c -g -O2 -fstack-protector --param=ssp-buffer-size=4 -Wformat -Werror=format-security -Wall -fPIC -D_FILE_OFFSET_BITS=64 -D_LARGEFILE64_SOURCE -D_USE_KNETFILE -D_CURSES_LIB=1 -I.. -I. bcf2qcall.c -o bcf2qcall.o
ar -csru libbcf.a bcf.o vcf.o bcfutils.o prob1.o em.o kfunc.o kmin.o index.o fet.o mut.o bcf2qcall.o
make[2]: Leaving directory `/build/buildd-samtools_0.1.18-3-hurd-i386-v19YQk/samtools-0.1.18/bcftools'
make[2]: Entering directory `/build/buildd-samtools_0.1.18-3-hurd-i386-v19YQk/samtools-0.1.18/misc'
make[2]: Nothing to be done for `lib'.
make[2]: Leaving directory `/build/buildd-samtools_0.1.18-3-hurd-i386-v19YQk/samtools-0.1.18/misc'
gcc -c -g -O2 -fstack-protector --param=ssp-buffer-size=4 -Wformat -Werror=format-security -Wall -fPIC -D_FILE_OFFSET_BITS=64 -D_LARGEFILE64_SOURCE -D_USE_KNETFILE -D_CURSES_LIB=1 -I. bam_tview.c -o bam_tview.o
gcc -c -g -O2 -fstack-protector --param=ssp-buffer-size=4 -Wformat -Werror=format-security -Wall -fPIC -D_FILE_OFFSET_BITS=64 -D_LARGEFILE64_SOURCE -D_USE_KNETFILE -D_CURSES_LIB=1 -I. bam_plcmd.c -o bam_plcmd.o
gcc -c -g -O2 -fstack-protector --param=ssp-buffer-size=4 -Wformat -Werror=format-security -Wall -fPIC -D_FILE_OFFSET_BITS=64 -D_LARGEFILE64_SOURCE -D_USE_KNETFILE -D_CURSES_LIB=1 -I. sam_view.c -o sam_view.o
gcc -c -g -O2 -fstack-protector --param=ssp-buffer-size=4 -Wformat -Werror=format-security -Wall -fPIC -D_FILE_OFFSET_BITS=64 -D_LARGEFILE64_SOURCE -D_USE_KNETFILE -D_CURSES_LIB=1 -I. bam_rmdup.c -o bam_rmdup.o
gcc -c -g -O2 -fstack-protector --param=ssp-buffer-size=4 -Wformat -Werror=format-security -Wall -fPIC -D_FILE_OFFSET_BITS=64 -D_LARGEFILE64_SOURCE -D_USE_KNETFILE -D_CURSES_LIB=1 -I. bam_rmdupse.c -o bam_rmdupse.o
gcc -c -g -O2 -fstack-protector --param=ssp-buffer-size=4 -Wformat -Werror=format-security -Wall -fPIC -D_FILE_OFFSET_BITS=64 -D_LARGEFILE64_SOURCE -D_USE_KNETFILE -D_CURSES_LIB=1 -I. bam_mate.c -o bam_mate.o
gcc -c -g -O2 -fstack-protector --param=ssp-buffer-size=4 -Wformat -Werror=format-security -Wall -fPIC -D_FILE_OFFSET_BITS=64 -D_LARGEFILE64_SOURCE -D_USE_KNETFILE -D_CURSES_LIB=1 -I. bam_stat.c -o bam_stat.o
gcc -c -g -O2 -fstack-protector --param=ssp-buffer-size=4 -Wformat -Werror=format-security -Wall -fPIC -D_FILE_OFFSET_BITS=64 -D_LARGEFILE64_SOURCE -D_USE_KNETFILE -D_CURSES_LIB=1 -I. bam_color.c -o bam_color.o
gcc -c -g -O2 -fstack-protector --param=ssp-buffer-size=4 -Wformat -Werror=format-security -Wall -fPIC -D_FILE_OFFSET_BITS=64 -D_LARGEFILE64_SOURCE -D_USE_KNETFILE -D_CURSES_LIB=1 -I. bamtk.c -o bamtk.o
gcc -c -g -O2 -fstack-protector --param=ssp-buffer-size=4 -Wformat -Werror=format-security -Wall -fPIC -D_FILE_OFFSET_BITS=64 -D_LARGEFILE64_SOURCE -D_USE_KNETFILE -D_CURSES_LIB=1 -I. kaln.c -o kaln.o
gcc -c -g -O2 -fstack-protector --param=ssp-buffer-size=4 -Wformat -Werror=format-security -Wall -fPIC -D_FILE_OFFSET_BITS=64 -D_LARGEFILE64_SOURCE -D_USE_KNETFILE -D_CURSES_LIB=1 -I. bam2bcf.c -o bam2bcf.o
gcc -c -g -O2 -fstack-protector --param=ssp-buffer-size=4 -Wformat -Werror=format-security -Wall -fPIC -D_FILE_OFFSET_BITS=64 -D_LARGEFILE64_SOURCE -D_USE_KNETFILE -D_CURSES_LIB=1 -I. bam2bcf_indel.c -o bam2bcf_indel.o
gcc -c -g -O2 -fstack-protector --param=ssp-buffer-size=4 -Wformat -Werror=format-security -Wall -fPIC -D_FILE_OFFSET_BITS=64 -D_LARGEFILE64_SOURCE -D_USE_KNETFILE -D_CURSES_LIB=1 -I. errmod.c -o errmod.o
cut_target.c: In function 'main_cut_target':
cut_target.c:137:36: warning: variable 'lastpos' set but not used [-Wunused-but-set-variable]
gcc -c -g -O2 -fstack-protector --param=ssp-buffer-size=4 -Wformat -Werror=format-security -Wall -fPIC -D_FILE_OFFSET_BITS=64 -D_LARGEFILE64_SOURCE -D_USE_KNETFILE -D_CURSES_LIB=1 -I. sample.c -o sample.o
gcc -c -g -O2 -fstack-protector --param=ssp-buffer-size=4 -Wformat -Werror=format-security -Wall -fPIC -D_FILE_OFFSET_BITS=64 -D_LARGEFILE64_SOURCE -D_USE_KNETFILE -D_CURSES_LIB=1 -I. cut_target.c -o cut_target.o
gcc -c -g -O2 -fstack-protector --param=ssp-buffer-size=4 -Wformat -Werror=format-security -Wall -fPIC -D_FILE_OFFSET_BITS=64 -D_LARGEFILE64_SOURCE -D_USE_KNETFILE -D_CURSES_LIB=1 -I. phase.c -o phase.o
gcc -c -g -O2 -fstack-protector --param=ssp-buffer-size=4 -Wformat -Werror=format-security -Wall -fPIC -D_FILE_OFFSET_BITS=64 -D_LARGEFILE64_SOURCE -D_USE_KNETFILE -D_CURSES_LIB=1 -I. bam2depth.c -o bam2depth.o
gcc -g -O2 -fstack-protector --param=ssp-buffer-size=4 -Wformat -Werror=format-security -Wall -fPIC -o samtools bam_tview.o bam_plcmd.o sam_view.o bam_rmdup.o bam_rmdupse.o bam_mate.o bam_stat.o bam_color.o bamtk.o kaln.o bam2bcf.o bam2bcf_indel.o errmod.o sample.o cut_target.o phase.o bam2depth.o -Lbcftools  libbam.a -lbcf -lcurses  -lm -lz
make[2]: Entering directory `/build/buildd-samtools_0.1.18-3-hurd-i386-v19YQk/samtools-0.1.18'
make[3]: Entering directory `/build/buildd-samtools_0.1.18-3-hurd-i386-v19YQk/samtools-0.1.18'
make[3]: Nothing to be done for `lib'.
make[3]: Leaving directory `/build/buildd-samtools_0.1.18-3-hurd-i386-v19YQk/samtools-0.1.18'
make[3]: Entering directory `/build/buildd-samtools_0.1.18-3-hurd-i386-v19YQk/samtools-0.1.18/bcftools'
make[3]: Nothing to be done for `lib'.
make[3]: Leaving directory `/build/buildd-samtools_0.1.18-3-hurd-i386-v19YQk/samtools-0.1.18/bcftools'
make[3]: Entering directory `/build/buildd-samtools_0.1.18-3-hurd-i386-v19YQk/samtools-0.1.18/misc'
make[3]: Nothing to be done for `lib'.
make[3]: Leaving directory `/build/buildd-samtools_0.1.18-3-hurd-i386-v19YQk/samtools-0.1.18/misc'
gcc -g -O2 -fstack-protector --param=ssp-buffer-size=4 -Wformat -Werror=format-security -Wall -fPIC -o samtools bam_tview.o bam_plcmd.o sam_view.o bam_rmdup.o bam_rmdupse.o bam_mate.o bam_stat.o bam_color.o bamtk.o kaln.o bam2bcf.o bam2bcf_indel.o errmod.o sample.o cut_target.o phase.o bam2depth.o -Lbcftools  libbam.a -lbcf -lcurses  -lm -lz
make[2]: Leaving directory `/build/buildd-samtools_0.1.18-3-hurd-i386-v19YQk/samtools-0.1.18'
make[2]: Entering directory `/build/buildd-samtools_0.1.18-3-hurd-i386-v19YQk/samtools-0.1.18/bcftools'
gcc -c -g -O2 -fstack-protector --param=ssp-buffer-size=4 -Wformat -Werror=format-security -Wall -fPIC -D_FILE_OFFSET_BITS=64 -D_LARGEFILE64_SOURCE -D_USE_KNETFILE -D_CURSES_LIB=1 -I.. -I. call1.c -o call1.o
gcc -c -g -O2 -fstack-protector --param=ssp-buffer-size=4 -Wformat -Werror=format-security -Wall -fPIC -D_FILE_OFFSET_BITS=64 -D_LARGEFILE64_SOURCE -D_USE_KNETFILE -D_CURSES_LIB=1 -I.. -I. main.c -o main.o
gcc -g -O2 -fstack-protector --param=ssp-buffer-size=4 -Wformat -Werror=format-security -Wall -fPIC -o bcftools call1.o main.o ../kstring.o ../bgzf.o ../knetfile.o ../bedidx.o -L.  -lbcf -lm -lz
make[2]: Leaving directory `/build/buildd-samtools_0.1.18-3-hurd-i386-v19YQk/samtools-0.1.18/bcftools'
md5.c: In function 'MD5Final':
md5.c:149:5: warning: dereferencing type-punned pointer will break strict-aliasing rules [-Wstrict-aliasing]
md5.c:150:5: warning: dereferencing type-punned pointer will break strict-aliasing rules [-Wstrict-aliasing]
make[2]: Entering directory `/build/buildd-samtools_0.1.18-3-hurd-i386-v19YQk/samtools-0.1.18/misc'
gcc -c -g -O2 -fstack-protector --param=ssp-buffer-size=4 -Wformat -Werror=format-security -Wall -fPIC -DMD5SUM_MAIN -o md5sum-lite.o md5.c
md5.c: In function 'MD5Final':
md5.c:149:5: warning: dereferencing type-punned pointer will break strict-aliasing rules [-Wstrict-aliasing]
md5.c:150:5: warning: dereferencing type-punned pointer will break strict-aliasing rules [-Wstrict-aliasing]
gcc -g -O2 -fstack-protector --param=ssp-buffer-size=4 -Wformat -Werror=format-security -Wall -fPIC -o md5sum-lite md5sum-lite.o
gcc -c -g -O2 -fstack-protector --param=ssp-buffer-size=4 -Wformat -Werror=format-security -Wall -fPIC -D_FILE_OFFSET_BITS=64 -D_LARGEFILE64_SOURCE -D_USE_KNETFILE -D_CURSES_LIB=1 -I. md5.c -o md5.o
gcc -g -O2 -fstack-protector --param=ssp-buffer-size=4 -Wformat -Werror=format-security -Wall -fPIC -c -I.. -o md5fa.o md5fa.c
gcc -g -O2 -fstack-protector --param=ssp-buffer-size=4 -Wformat -Werror=format-security -Wall -fPIC -o md5fa md5.o md5fa.o -lz
gcc -g -O2 -fstack-protector --param=ssp-buffer-size=4 -Wformat -Werror=format-security -Wall -fPIC -o maq2sam-short maq2sam.c -lz
gcc -g -O2 -fstack-protector --param=ssp-buffer-size=4 -Wformat -Werror=format-security -Wall -fPIC -DMAQ_LONGREADS -o maq2sam-long maq2sam.c -lz
gcc -g -O2 -fstack-protector --param=ssp-buffer-size=4 -Wformat -Werror=format-security -Wall -fPIC -c -I.. -o wgsim.o wgsim.c
seqtk.c: In function 'stk_comp':
seqtk.c:143:16: warning: variable 'lc' set but not used [-Wunused-but-set-variable]
seqtk.c: In function 'stk_subseq':
seqtk.c:427:5: warning: format '%ld' expects argument of type 'long int', but argument 5 has type 'size_t' [-Wformat]
seqtk.c: In function 'stk_mergefa':
seqtk.c:495:4: warning: format '%ld' expects argument of type 'long int', but argument 4 has type 'size_t' [-Wformat]
seqtk.c:495:4: warning: format '%ld' expects argument of type 'long int', but argument 5 has type 'size_t' [-Wformat]
seqtk.c: In function 'stk_famask':
seqtk.c:546:4: warning: format '%ld' expects argument of type 'long int', but argument 4 has type 'size_t' [-Wformat]
seqtk.c:546:4: warning: format '%ld' expects argument of type 'long int', but argument 5 has type 'size_t' [-Wformat]
gcc -g -O2 -fstack-protector --param=ssp-buffer-size=4 -Wformat -Werror=format-security -Wall -fPIC -o wgsim wgsim.o -lm -lz
gcc -g -O2 -fstack-protector --param=ssp-buffer-size=4 -Wformat -Werror=format-security -Wall -fPIC -c -I.. -o seqtk.o seqtk.c
gcc -g -O2 -fstack-protector --param=ssp-buffer-size=4 -Wformat -Werror=format-security -Wall -fPIC -o seqtk seqtk.o -lm -lz
make[2]: Leaving directory `/build/buildd-samtools_0.1.18-3-hurd-i386-v19YQk/samtools-0.1.18/misc'
gcc -c -g -O2 -fstack-protector --param=ssp-buffer-size=4 -Wformat -Werror=format-security -Wall -fPIC -D_FILE_OFFSET_BITS=64 -D_LARGEFILE64_SOURCE -D_USE_KNETFILE -D_CURSES_LIB=1 -I. razip.c -o razip.o
gcc -g -O2 -fstack-protector --param=ssp-buffer-size=4 -Wformat -Werror=format-security -Wall -fPIC -o razip razf.o razip.o knetfile.o -lz
make[1]: Nothing to be done for `lib'.
make[1]: Leaving directory `/build/buildd-samtools_0.1.18-3-hurd-i386-v19YQk/samtools-0.1.18'
touch debian/stamp-makefile-build
/usr/bin/make  -C . CFLAGS="-g -O2 -fstack-protector --param=ssp-buffer-size=4 -Wformat -Werror=format-security -Wall -fPIC" CXXFLAGS="-g -O2 -fstack-protector --param=ssp-buffer-size=4 -Wformat -Werror=format-security -Wall" CPPFLAGS="-D_FORTIFY_SOURCE=2" LDFLAGS="-Wl,-z,relro"  -C examples all
make[1]: Entering directory `/build/buildd-samtools_0.1.18-3-hurd-i386-v19YQk/samtools-0.1.18/examples'
../samtools faidx ex1.fa
[sam_header_read2] 2 sequences loaded.
[samopen] SAM header is present: 2 sequences.
[samopen] SAM header is present: 2 sequences.
[bam_rmdup_core] processing reference seq1...
[bam_rmdup_core] processing reference seq2...
[bam_rmdup_core] 1572 / 3144 = 0.5000 in library 'ex1'
[bam_rmdup_core] 0 / 1572 = 0.0000 in library 'ex1b'
[bam_rmdupse_core] 4145 / 6542 = 0.6336 in library 'ex1'
[bam_rmdupse_core] 874 / 3271 = 0.2672 in library 'ex1b'
[mpileup] 1 samples in 1 input files
../samtools import ex1.fa.fai ex1.sam.gz ex1.bam
../samtools index ex1.bam
../samtools view -h ex1.bam | awk 'BEGIN{FS=OFS="\t"}{if(/^@/)print;else{$1=$1"a";print}}' | ../samtools view -bS - > ex1a.bam
../samtools view -h ex1.bam | awk 'BEGIN{FS=OFS="\t"}{if(/^@/)print;else{$1=$1"b";print}}' | ../samtools view -bS - > ex1b.bam
(echo "@RG	ID:ex1	LB:ex1	SM:ex1"; echo "@RG	ID:ex1a	LB:ex1	SM:ex1"; echo "@RG	ID:ex1b	LB:ex1b	SM:ex1b") > ex1f.rg
../samtools merge -rh ex1f.rg ex1f.bam ex1.bam ex1a.bam ex1b.bam
../samtools rmdup ex1f.bam ex1f-rmduppe.bam
../samtools rmdup -S ex1f.bam ex1f-rmdupse.bam
../samtools mpileup -gf ex1.fa ex1.bam > ex1.bcf
<mpileup> Set max per-file depth to 8000
gcc -g -Wall -O2 -I.. calDepth.c -o calDepth -L.. -lbam -lm -lz

# You can now launch the viewer with: 'samtools tview ex1.bam ex1.fa'

make[1]: Leaving directory `/build/buildd-samtools_0.1.18-3-hurd-i386-v19YQk/samtools-0.1.18/examples'
touch debian/stamp-makefile-check
 /usr/bin/fakeroot debian/rules binary-arch
test -x debian/rules
dh_testroot
dh_prep 
dh_installdirs -A 
mkdir -p "."
/usr/share/cdbs/1/rules/buildcore.mk:109: WARNING:  DEB_DH_BUILDDEB_ARGS is a deprecated variable
DEB_MAKE_INSTALL_TARGET unset, skipping default makefile.mk common-install target
Adding cdbs dependencies to debian/samtools.substvars
dh_installdirs -psamtools 
Adding cdbs dependencies to debian/libbam-dev.substvars
dh_installdirs -plibbam-dev 
dh_installdocs -psamtools ./NEWS ./AUTHORS 
dh_installexamples -psamtools 
dh_installman -psamtools  
dh_installinfo -psamtools  
dh_installmenu -psamtools 
dh_installcron -psamtools 
dh_installinit -psamtools  
dh_installdebconf -psamtools 
dh_installemacsen -psamtools   
dh_installcatalogs -psamtools 
dh_installpam -psamtools 
dh_installlogrotate -psamtools 
dh_installlogcheck -psamtools 
dh_installchangelogs -psamtools  ./ChangeLog 
dh_installudev -psamtools 
dh_lintian -psamtools 
dh_bugfiles -psamtools 
dh_install -psamtools  
dh_link -psamtools  
dh_installmime -psamtools 
dh_installgsettings -psamtools 
install -m 644 bcftools/README /build/buildd-samtools_0.1.18-3-hurd-i386-v19YQk/samtools-0.1.18/debian/samtools/usr/share/doc/samtools/README.bcftools
ln -s samtools.1.gz /build/buildd-samtools_0.1.18-3-hurd-i386-v19YQk/samtools-0.1.18/debian/samtools/usr/share/man/man1/bcftools.1.gz
dh_installdocs -plibbam-dev ./NEWS ./AUTHORS 
dh_installexamples -plibbam-dev 
dh_installman -plibbam-dev  
dh_installinfo -plibbam-dev  
dh_installmenu -plibbam-dev 
dh_installcron -plibbam-dev 
dh_installinit -plibbam-dev  
dh_installdebconf -plibbam-dev 
dh_installemacsen -plibbam-dev   
dh_installcatalogs -plibbam-dev 
dh_installpam -plibbam-dev 
dh_installlogrotate -plibbam-dev 
dh_installlogcheck -plibbam-dev 
dh_installchangelogs -plibbam-dev  ./ChangeLog 
dh_installudev -plibbam-dev 
dh_lintian -plibbam-dev 
dh_bugfiles -plibbam-dev 
dh_install -plibbam-dev  
dh_link -plibbam-dev  
dh_installmime -plibbam-dev 
dh_installgsettings -plibbam-dev 
dh_strip -psamtools  
dh_compress -psamtools  
dh_fixperms -psamtools  
dh_makeshlibs -psamtools  
sed -i 's|^#!/software/bin/python|#!/usr/bin/python|' /build/buildd-samtools_0.1.18-3-hurd-i386-v19YQk/samtools-0.1.18/debian/samtools/usr/share/samtools/varfilter.py
dh_strip -plibbam-dev  
dh_compress -plibbam-dev  
dh_fixperms -plibbam-dev  
dh_makeshlibs -plibbam-dev  
dh_installdeb -psamtools 
dh_perl -psamtools 
dh_shlibdeps -psamtools    
dh_installdeb -plibbam-dev 
dh_perl -plibbam-dev 
dh_shlibdeps -plibbam-dev    
dh_gencontrol -psamtools  
dpkg-gencontrol: warning: package samtools: unused substitution variable ${perl:Depends}
dh_md5sums -psamtools 
dh_builddeb -psamtools -- -Z=xz
dpkg-deb: building package `samtools' in `../samtools_0.1.18-3_hurd-i386.deb'.
dh_gencontrol -plibbam-dev  
dpkg-gencontrol: warning: Depends field of package libbam-dev: unknown substitution variable ${shlibs:Depends}
dh_md5sums -plibbam-dev 
dh_builddeb -plibbam-dev -- -Z=xz
dpkg-deb: building package `libbam-dev' in `../libbam-dev_0.1.18-3_hurd-i386.deb'.
 dpkg-genchanges -B -mDebian GNU/Hurd Build Daemon <buildd_hurd-i386-ironforge@buildd.debian.org> >../samtools_0.1.18-3_hurd-i386.changes
dpkg-genchanges: arch-specific upload - not including arch-independent packages
dpkg-genchanges: binary-only upload - not including any source code
 dpkg-source --after-build samtools-0.1.18
dpkg-buildpackage: binary only upload (no source included)
────────────────────────────────────────────────────────────────────────────────
Build finished at 20120727-1825

samtools_0.1.18-3_hurd-i386.changes:
Format: 1.8
Date: Fri, 27 Jul 2012 11:11:41 -0400
Source: samtools
Binary: samtools libbam-dev
Architecture: hurd-i386
Version: 0.1.18-3
Distribution: sid
Urgency: low
Maintainer: Debian GNU/Hurd Build Daemon <buildd_hurd-i386-ironforge@buildd.debian.org>
Changed-By: Dominique Belhachemi <domibel@debian.org>
Description: 
 libbam-dev - manipulates nucleotide sequence alignments in BAM or SAM format
 samtools   - processing sequence alignments in SAM and BAM formats
Closes: 653042 671524
Changes: 
 samtools (0.1.18-3) unstable; urgency=low
 .
   * upload 0.1.18-2 closed the wrong bug, correction:
   * added patch to fix segfault in mpileup (Closes: #653042)
   * added patch to fix coverage cap (Closes: #671524)
Checksums-Sha1: 
 f71b952addac0c145b43b14b692a17402669ef2e 534442 samtools_0.1.18-3_hurd-i386.deb
 c2a33de935822b4ffd9d70160cf7dfa7b296e132 160908 libbam-dev_0.1.18-3_hurd-i386.deb
Checksums-Sha256: 
 65bfafcd6251e4985631a5a6e3cd75300333440be055329531dd9073c1521e96 534442 samtools_0.1.18-3_hurd-i386.deb
 118c152b18028edce4a8019446eacb806a34d0bafde868a012b523bf71238b8d 160908 libbam-dev_0.1.18-3_hurd-i386.deb
Files: 
 b29980c288d7398951be60d50cd83582 534442 science optional samtools_0.1.18-3_hurd-i386.deb
 342f588266c0e963b7c1c465e3a190d1 160908 libdevel optional libbam-dev_0.1.18-3_hurd-i386.deb

┌──────────────────────────────────────────────────────────────────────────────┐
│ Package contents                                                             │
└──────────────────────────────────────────────────────────────────────────────┘


samtools_0.1.18-3_hurd-i386.deb
───────────────────────────────

 new debian package, version 2.0.
 size 534442 bytes: control archive= 1761 bytes.
     798 bytes,    16 lines      control              
    2453 bytes,    37 lines      md5sums              
 Package: samtools
 Version: 0.1.18-3
 Architecture: hurd-i386
 Maintainer: Debian Med Packaging Team <debian-med-packaging@lists.alioth.debian.org>
 Installed-Size: 1041
 Depends: libc0.3 (>= 2.7), libncurses5 (>= 5.5-5~), libtinfo5, zlib1g (>= 1:1.2.3.3)
 Suggests: python
 Section: science
 Priority: optional
 Homepage: http://samtools.sourceforge.net
 Description: processing sequence alignments in SAM and BAM formats
  Samtools is a set of utilities that manipulate nucleotide sequence alignments
  in the binary BAM format. It imports from and exports to the ascii SAM
  (Sequence Alignment/Map) format, does sorting, merging and indexing, and allows
  to retrieve reads in any regions swiftly. It is designed to work on a stream,
  and is able to open a BAM (not SAM) file on a remote FTP or HTTP server.

drwxr-xr-x root/root         0 2012-07-27 18:24 ./
drwxr-xr-x root/root         0 2012-07-27 18:24 ./usr/
drwxr-xr-x root/root         0 2012-07-27 18:24 ./usr/share/
drwxr-xr-x root/root         0 2012-07-27 18:24 ./usr/share/doc/
drwxr-xr-x root/root         0 2012-07-27 18:24 ./usr/share/doc/samtools/
-rw-r--r-- root/root       916 2010-11-17 05:16 ./usr/share/doc/samtools/AUTHORS
-rw-r--r-- root/root       592 2011-09-06 09:01 ./usr/share/doc/samtools/reference
-rw-r--r-- root/root      1031 2011-09-06 09:01 ./usr/share/doc/samtools/README.Debian
-rw-r--r-- root/root      5502 2011-09-06 09:01 ./usr/share/doc/samtools/copyright
drwxr-xr-x root/root         0 2012-07-27 18:24 ./usr/share/doc/samtools/examples/
-rw-r--r-- root/root      3225 2010-11-17 05:16 ./usr/share/doc/samtools/examples/ex1.fa
-rw-r--r-- root/root    114565 2010-11-17 05:16 ./usr/share/doc/samtools/examples/ex1.sam.gz
-rw-r--r-- root/root       886 2010-11-17 05:16 ./usr/share/doc/samtools/examples/00README.txt
-rw-r--r-- root/root        98 2010-11-17 05:16 ./usr/share/doc/samtools/examples/toy.fa
-rw-r--r-- root/root       786 2011-04-22 05:16 ./usr/share/doc/samtools/examples/toy.sam
-rw-r--r-- root/root    126609 2012-07-27 18:24 ./usr/share/doc/samtools/examples/ex1.bam.gz
-rw-r--r-- root/root     33578 2011-03-01 20:50 ./usr/share/doc/samtools/changelog.gz
-rw-r--r-- root/root      1966 2012-07-27 18:24 ./usr/share/doc/samtools/README.bcftools
-rw-r--r-- root/root     10122 2011-09-02 18:58 ./usr/share/doc/samtools/NEWS.gz
-rw-r--r-- root/root      1826 2012-07-27 17:15 ./usr/share/doc/samtools/changelog.Debian.gz
drwxr-xr-x root/root         0 2012-07-27 18:24 ./usr/share/man/
drwxr-xr-x root/root         0 2012-07-27 18:24 ./usr/share/man/man1/
-rw-r--r-- root/root       430 2012-07-27 18:24 ./usr/share/man/man1/razip.1.gz
-rw-r--r-- root/root      9890 2012-07-27 18:24 ./usr/share/man/man1/samtools.1.gz
drwxr-xr-x root/root         0 2012-07-27 18:25 ./usr/share/samtools/
-rwxr-xr-x root/root     15707 2011-07-07 04:59 ./usr/share/samtools/vcfutils.pl
-rwxr-xr-x root/root      2415 2010-11-17 05:16 ./usr/share/samtools/blast2sam.pl
-rwxr-xr-x root/root      2112 2010-11-17 05:16 ./usr/share/samtools/bowtie2sam.pl
-rwxr-xr-x root/root     18572 2011-03-22 04:09 ./usr/share/samtools/export2sam.pl
-rwxr-xr-x root/root      4996 2010-11-17 05:16 ./usr/share/samtools/interpolate_sam.pl
-rwxr-xr-x root/root      5989 2010-11-17 05:16 ./usr/share/samtools/novo2sam.pl
-rwxr-xr-x root/root      2022 2010-11-17 05:16 ./usr/share/samtools/psl2sam.pl
-rwxr-xr-x root/root      7881 2010-11-17 05:16 ./usr/share/samtools/sam2vcf.pl
-rwxr-xr-x root/root     14299 2010-11-17 05:16 ./usr/share/samtools/samtools.pl
-rwxr-xr-x root/root      2696 2010-11-17 05:16 ./usr/share/samtools/soap2sam.pl
-rwxr-xr-x root/root      2729 2010-11-17 05:16 ./usr/share/samtools/wgsim_eval.pl
-rwxr-xr-x root/root      2397 2010-11-17 05:16 ./usr/share/samtools/zoom2sam.pl
-rwxr-xr-x root/root      5778 2012-07-27 18:25 ./usr/share/samtools/varfilter.py
drwxr-xr-x root/root         0 2012-07-27 18:24 ./usr/bin/
-rwxr-xr-x root/root    137508 2012-07-27 18:24 ./usr/bin/bcftools
-rwxr-xr-x root/root     25104 2012-07-27 18:24 ./usr/bin/razip
-rwxr-xr-x root/root    400116 2012-07-27 18:24 ./usr/bin/samtools
drwxr-xr-x root/root         0 2012-07-27 18:24 ./usr/lib/
drwxr-xr-x root/root         0 2012-07-27 18:24 ./usr/lib/samtools/
-rwxr-xr-x root/root     16696 2012-07-27 18:24 ./usr/lib/samtools/wgsim
-rwxr-xr-x root/root      7128 2012-07-27 18:24 ./usr/lib/samtools/maq2sam-long
-rwxr-xr-x root/root      7128 2012-07-27 18:24 ./usr/lib/samtools/maq2sam-short
-rwxr-xr-x root/root     10876 2012-07-27 18:24 ./usr/lib/samtools/md5fa
-rwxr-xr-x root/root      7816 2012-07-27 18:24 ./usr/lib/samtools/md5sum-lite
lrwxr-xr-x root/root         0 2012-07-27 18:24 ./usr/share/man/man1/bcftools.1.gz -> samtools.1.gz


libbam-dev_0.1.18-3_hurd-i386.deb
─────────────────────────────────

 new debian package, version 2.0.
 size 160908 bytes: control archive= 924 bytes.
     678 bytes,    15 lines      control              
     715 bytes,    11 lines      md5sums              
 Package: libbam-dev
 Source: samtools
 Version: 0.1.18-3
 Architecture: hurd-i386
 Maintainer: Debian Med Packaging Team <debian-med-packaging@lists.alioth.debian.org>
 Installed-Size: 432
 Section: libdevel
 Priority: optional
 Homepage: http://samtools.sourceforge.net
 Description: manipulates nucleotide sequence alignments in BAM or SAM format
  The BAM library provides I/O and various operations on manipulating nucleotide
  sequence alignments in the BAM (Binary Alignment/Mapping) or SAM (Sequence
  Alignment/Map) format. It now supports importing from or exporting to SAM,
  sorting, merging, generating pileup, and quickly retrieval of reads overlapped
  with a specified region.

drwxr-xr-x root/root         0 2012-07-27 18:24 ./
drwxr-xr-x root/root         0 2012-07-27 18:24 ./usr/
drwxr-xr-x root/root         0 2012-07-27 18:24 ./usr/share/
drwxr-xr-x root/root         0 2012-07-27 18:24 ./usr/share/doc/
drwxr-xr-x root/root         0 2012-07-27 18:25 ./usr/share/doc/libbam-dev/
-rw-r--r-- root/root       916 2010-11-17 05:16 ./usr/share/doc/libbam-dev/AUTHORS
-rw-r--r-- root/root      5502 2011-09-06 09:01 ./usr/share/doc/libbam-dev/copyright
-rw-r--r-- root/root     33578 2011-03-01 20:50 ./usr/share/doc/libbam-dev/changelog.gz
-rw-r--r-- root/root     10122 2011-09-02 18:58 ./usr/share/doc/libbam-dev/NEWS.gz
-rw-r--r-- root/root      1826 2012-07-27 17:15 ./usr/share/doc/libbam-dev/changelog.Debian.gz
drwxr-xr-x root/root         0 2012-07-27 18:25 ./usr/lib/
-rw-r--r-- root/root    300240 2012-07-27 18:25 ./usr/lib/libbam.a
drwxr-xr-x root/root         0 2012-07-27 18:24 ./usr/include/
drwxr-xr-x root/root         0 2012-07-27 18:24 ./usr/include/samtools/
-rw-r--r-- root/root     24720 2011-09-02 18:58 ./usr/include/samtools/bam.h
-rw-r--r-- root/root      4617 2011-04-11 00:33 ./usr/include/samtools/bgzf.h
-rw-r--r-- root/root     17815 2011-03-01 20:50 ./usr/include/samtools/khash.h
-rw-r--r-- root/root      3188 2010-11-17 05:16 ./usr/include/samtools/faidx.h
-rw-r--r-- root/root      2625 2010-11-17 05:16 ./usr/include/samtools/sam.h


┌──────────────────────────────────────────────────────────────────────────────┐
│ Finished                                                                     │
└──────────────────────────────────────────────────────────────────────────────┘

Built successfully
────────────────────────────────────────────────────────────────────────────────

┌──────────────────────────────────────────────────────────────────────────────┐
│ Post Build                                                                   │
└──────────────────────────────────────────────────────────────────────────────┘

Purging /home/buildd/build/chroot-sid/build/buildd-samtools_0.1.18-3-hurd-i386-v19YQk
Reading package lists...
Building dependency tree...
Reading state information...
The following packages were automatically installed and are no longer required:
  adduser libboost-iostreams1.46.1 libboost-iostreams1.49.0 libcwidget3
  libpopt0 libsigc++-2.0-0c2a libssl1.0.0 libsysfs2 libxapian22
Use 'apt-get autoremove' to remove them.
0 upgraded, 0 newly installed, 0 to remove and 25 not upgraded.
Reading package lists...
Building dependency tree...
Reading state information...
The following packages were automatically installed and are no longer required:
  adduser groff-base libboost-iostreams1.46.1 libboost-iostreams1.49.0
  libcwidget3 libpopt0 libsigc++-2.0-0c2a libssl1.0.0 libsysfs2 libxapian22
  man-db
Use 'apt-get autoremove' to remove them.
The following packages will be REMOVED:
  cdbs* debhelper* diffstat* file* gettext* gettext-base* html2text*
  intltool-debian* libasprintf0c2* libcroco3* libexpat1* libffi5*
  libgettextpo0* libglib2.0-0* libmagic1* libncurses5-dev* libtinfo-dev*
  libunistring0* libxml2* po-debconf* quilt* zlib1g-dev*
0 upgraded, 0 newly installed, 22 to remove and 25 not upgraded.
After this operation, 22.5 MB disk space will be freed.
(Reading database ... 15646 files and directories currently installed.)
Removing cdbs ...
Removing debhelper ...
Removing quilt ...
Purging configuration files for quilt ...
Removing diffstat ...
Removing file ...
Removing po-debconf ...
Removing intltool-debian ...
Removing gettext ...
Removing gettext-base ...
Removing html2text ...
Purging configuration files for html2text ...
Removing libasprintf0c2:hurd-i386 ...
Removing libcroco3:hurd-i386 ...
Purging configuration files for libcroco3:hurd-i386 ...
Removing libexpat1:hurd-i386 ...
Purging configuration files for libexpat1:hurd-i386 ...
Removing libglib2.0-0:hurd-i386 ...
Purging configuration files for libglib2.0-0:hurd-i386 ...
Removing libffi5:hurd-i386 ...
Purging configuration files for libffi5:hurd-i386 ...
Removing libgettextpo0:hurd-i386 ...
Removing libmagic1:hurd-i386 ...
Purging configuration files for libmagic1:hurd-i386 ...
Removing libncurses5-dev ...
Removing libtinfo-dev:hurd-i386 ...
Removing libunistring0:hurd-i386 ...
Purging configuration files for libunistring0:hurd-i386 ...
Removing libxml2:hurd-i386 ...
Purging configuration files for libxml2:hurd-i386 ...
Removing zlib1g-dev:hurd-i386 ...
Processing triggers for man-db ...

┌──────────────────────────────────────────────────────────────────────────────┐
│ Summary                                                                      │
└──────────────────────────────────────────────────────────────────────────────┘

Architecture: hurd-i386
Build-Space: 11400
Build-Time: 85
Distribution: sid
Install-Time: 15
Job: samtools_0.1.18-3
Package: samtools
Package-Time: 137
Source-Version: 0.1.18-3
Space: 11400
Status: successful
Version: 0.1.18-3
────────────────────────────────────────────────────────────────────────────────
Finished at 20120727-1825
Build needed 00:02:17, 11400k disc space
