From buildd@biber.debian.org Fri Feb 18 16:30:50 2011
Return-path: <buildd@biber.debian.org>
Received: from kokkonen.debian.org ([2001:41b8:202:deb:216:35ff:fec4:6340])
	from C=NA, ST=NA, L=Ankh Morpork, O=Debian SMTP, OU=Debian SMTP CA,
	CN=kokkonen.debian.org,
	EMAIL=hostmaster@kokkonen.debian.org (verified)
	by grieg.debian.org with esmtps (TLS1.0:RSA_AES_256_CBC_SHA1:32)
	(Exim 4.69) (envelope-from <buildd@biber.debian.org>)
	id 1PqTEH-0006BJ-ST
	for logs@buildd.debian.org; Fri, 18 Feb 2011 16:30:50 +0000
Received: from biber.debian.org ([2001:648:2ffc:deb:214:22ff:feb2:1268])
	from C=NA, ST=NA, L=Ankh Morpork, O=Debian SMTP, OU=Debian SMTP CA,
	CN=biber.debian.org, EMAIL=hostmaster@biber.debian.org (verified)
	by kokkonen.debian.org with esmtps (TLS1.0:RSA_AES_256_CBC_SHA1:32)
	(Exim 4.69) (envelope-from <buildd@biber.debian.org>)
	id 1PqTEG-0003U9-0F; Fri, 18 Feb 2011 16:30:48 +0000
Received: from buildd by biber.debian.org with local (Exim 4.69)
	(envelope-from <buildd@biber.debian.org>)
	id 1PqTEF-00017O-4f; Fri, 18 Feb 2011 16:30:47 +0000
From: buildd on biber <buildd@biber.debian.org>
To: kurt@roeckx.be,logs@buildd.debian.org
Subject: Log for successful build of samtools_0.1.12a-1~bpo60+1 on i386
	(dist=squeeze-backports)
Content-Type: text/plain; charset=UTF-8
Content-Transfer-Encoding: 8bit
Message-Id: <E1PqTEF-00017O-4f@biber.debian.org>
Date: Fri, 18 Feb 2011 16:30:47 +0000
Delivered-To: logs@buildd.debian.org

sbuild (Debian sbuild) 0.60.0 (23 Feb 2010) on biber.debian.org

╔══════════════════════════════════════════════════════════════════════════════╗
║ samtools 0.1.12a-1~bpo60+1 (i386)                          18 Feb 2011 16:27 ║
╚══════════════════════════════════════════════════════════════════════════════╝

Package: samtools
Version: 0.1.12a-1~bpo60+1
Architecture: i386
Chroot Build Dir: /var/lib/schroot/mount/squeeze-backports-i386-sbuild-72ac29b1-2514-4a84-bd64-2f217b4a4f55/build/buildd-samtools_0.1.12a-1~bpo60+1-i386-1SPWgT
Start Time: 20110218-1627
Hit http://ftp.gr.debian.org squeeze Release.gpg
Ign http://ftp.gr.debian.org/debian/ squeeze/contrib Translation-en
Ign http://ftp.gr.debian.org/debian/ squeeze/main Translation-en
Get:1 http://ftp.gr.debian.org squeeze-proposed-updates Release.gpg [835 B]
Ign http://ftp.gr.debian.org/debian/ squeeze-proposed-updates/contrib Translation-en
Ign http://ftp.gr.debian.org/debian/ squeeze-proposed-updates/main Translation-en
Hit http://ftp.gr.debian.org squeeze Release
Get:2 http://ftp.gr.debian.org squeeze-proposed-updates Release [58.4 kB]
Hit http://ftp.gr.debian.org squeeze/main Sources
Hit http://ftp.gr.debian.org squeeze/contrib Sources
Get:3 http://ftp.gr.debian.org squeeze/non-free Sources [61.7 kB]
Hit http://ftp.gr.debian.org squeeze/main i386 Packages
Hit http://ftp.gr.debian.org squeeze/contrib i386 Packages
Get:4 http://ftp.gr.debian.org squeeze-proposed-updates/main Sources [12.5 kB]
Get:5 http://ftp.gr.debian.org squeeze-proposed-updates/contrib Sources [14 B]
Get:6 http://ftp.gr.debian.org squeeze-proposed-updates/non-free Sources [14 B]
Get:7 http://ftp.gr.debian.org squeeze-proposed-updates/main i386 Packages [44.8 kB]
Get:8 http://ftp.gr.debian.org squeeze-proposed-updates/contrib i386 Packages [14 B]
Get:9 http://ftp.debian.org squeeze Release.gpg [1671 B]
Ign http://ftp.debian.org/debian/ squeeze/contrib Translation-en
Ign http://ftp.debian.org/debian/ squeeze/main Translation-en
Get:10 http://ftp.debian.org squeeze-proposed-updates Release.gpg [835 B]
Ign http://ftp.debian.org/debian/ squeeze-proposed-updates/contrib Translation-en
Ign http://ftp.debian.org/debian/ squeeze-proposed-updates/main Translation-en
Get:11 http://ftp.debian.org squeeze Release [69.3 kB]
Get:12 http://backports-master.debian.org squeeze-backports Release.gpg [835 B]
Ign http://backports-master.debian.org/debian-backports/ squeeze-backports/contrib Translation-en
Get:13 http://ftp.debian.org squeeze-proposed-updates Release [58.4 kB]
Get:14 http://ftp.debian.org squeeze/main Sources [3720 kB]
Ign http://backports-master.debian.org/debian-backports/ squeeze-backports/main Translation-en
Get:15 http://backports-master.debian.org  Release.gpg [835 B]
Ign http://backports-master.debian.org/buildd/squeeze-backports/  Translation-en
Get:16 http://backports-master.debian.org squeeze-backports Release [61.2 kB]
Get:17 http://backports-master.debian.org  Release [1644 B]
Get:18 http://backports-master.debian.org squeeze-backports/main Sources [4232 B]
Get:19 http://ftp.debian.org squeeze/contrib Sources [33.9 kB]
Get:20 http://ftp.debian.org squeeze/non-free Sources [61.7 kB]
Get:21 http://ftp.debian.org squeeze/main i386 Packages [6565 kB]
Get:22 http://backports-master.debian.org squeeze-backports/contrib Sources [14 B]
Get:23 http://backports-master.debian.org squeeze-backports/non-free Sources [14 B]
Get:24 http://backports-master.debian.org squeeze-backports/main i386 Packages [12.5 kB]
Get:25 http://backports-master.debian.org squeeze-backports/contrib i386 Packages [14 B]
Get:26 http://backports-master.debian.org  Sources [1846 B]
Get:27 http://backports-master.debian.org  Packages [3793 B]
Get:28 http://ftp.debian.org squeeze/contrib i386 Packages [54.1 kB]
Get:29 http://ftp.debian.org squeeze-proposed-updates/main Sources [12.5 kB]
Get:30 http://ftp.debian.org squeeze-proposed-updates/contrib Sources [14 B]
Get:31 http://ftp.debian.org squeeze-proposed-updates/non-free Sources [14 B]
Get:32 http://ftp.debian.org squeeze-proposed-updates/main i386 Packages [44.8 kB]
Get:33 http://ftp.debian.org squeeze-proposed-updates/contrib i386 Packages [14 B]
Fetched 10.9 MB in 9s (1097 kB/s)
Reading package lists...

┌──────────────────────────────────────────────────────────────────────────────┐
│ Fetch source files                                                           │
└──────────────────────────────────────────────────────────────────────────────┘


Check APT
─────────

Checking available source versions...

Download source files with APT
──────────────────────────────

Reading package lists...
Building dependency tree...
Reading state information...
NOTICE: 'samtools' packaging is maintained in the 'Git' version control system at:
git://git.debian.org/debian-med/samtools.git
Need to get 363 kB of source archives.
Get:1 http://backports-master.debian.org/debian-backports/ squeeze-backports/main samtools 0.1.12a-1~bpo60+1 (dsc) [1338 B]
Get:2 http://backports-master.debian.org/debian-backports/ squeeze-backports/main samtools 0.1.12a-1~bpo60+1 (tar) [356 kB]
Get:3 http://backports-master.debian.org/debian-backports/ squeeze-backports/main samtools 0.1.12a-1~bpo60+1 (diff) [6406 B]
Fetched 363 kB in 2s (148 kB/s)
Download complete and in download only mode

Check arch
──────────

** Using build dependencies supplied by package:
Build-Depends: debhelper (>= 8), cdbs, libncurses5-dev, zlib1g-dev

┌──────────────────────────────────────────────────────────────────────────────┐
│ Install build dependencies (aptitude-based resolver)                         │
└──────────────────────────────────────────────────────────────────────────────┘

Reading package lists...
Building dependency tree...
Reading state information...
The following extra packages will be installed:
  libboost-iostreams1.42.0 libcwidget3 libept1 libncursesw5 libsigc++-2.0-0c2a
  libsqlite3-0 libxapian22
Suggested packages:
  tasksel debtags libcwidget-dev xapian-tools
Recommended packages:
  aptitude-doc-en aptitude-doc apt-xapian-index libparse-debianchangelog-perl
  libgpm2
The following NEW packages will be installed:
  aptitude libboost-iostreams1.42.0 libcwidget3 libept1 libncursesw5
  libsigc++-2.0-0c2a libsqlite3-0 libxapian22
0 upgraded, 8 newly installed, 0 to remove and 2 not upgraded.
Need to get 7055 kB of archives.
After this operation, 19.2 MB of additional disk space will be used.
Get:1 http://ftp.gr.debian.org/debian/ squeeze/main libboost-iostreams1.42.0 i386 1.42.0-4 [59.2 kB]
Get:2 http://ftp.gr.debian.org/debian/ squeeze/main libncursesw5 i386 5.7+20100313-5 [374 kB]
Get:3 http://ftp.gr.debian.org/debian/ squeeze/main libsigc++-2.0-0c2a i386 2.2.4.2-1 [39.9 kB]
Get:4 http://ftp.gr.debian.org/debian/ squeeze/main libcwidget3 i386 0.5.16-3 [302 kB]
Get:5 http://ftp.gr.debian.org/debian/ squeeze/main libxapian22 i386 1.2.3-2 [1933 kB]
Get:6 http://ftp.gr.debian.org/debian/ squeeze/main libept1 i386 1.0.4 [148 kB]
Get:7 http://ftp.gr.debian.org/debian/ squeeze/main libsqlite3-0 i386 3.7.3-1 [386 kB]
Get:8 http://ftp.gr.debian.org/debian/ squeeze/main aptitude i386 0.6.3-3.2 [3813 kB]
debconf: delaying package configuration, since apt-utils is not installed
Fetched 7055 kB in 0s (9939 kB/s)
Selecting previously deselected package libboost-iostreams1.42.0.
(Reading database ... 10175 files and directories currently installed.)
Unpacking libboost-iostreams1.42.0 (from .../libboost-iostreams1.42.0_1.42.0-4_i386.deb) ...
Selecting previously deselected package libncursesw5.
Unpacking libncursesw5 (from .../libncursesw5_5.7+20100313-5_i386.deb) ...
Selecting previously deselected package libsigc++-2.0-0c2a.
Unpacking libsigc++-2.0-0c2a (from .../libsigc++-2.0-0c2a_2.2.4.2-1_i386.deb) ...
Selecting previously deselected package libcwidget3.
Unpacking libcwidget3 (from .../libcwidget3_0.5.16-3_i386.deb) ...
Selecting previously deselected package libxapian22.
Unpacking libxapian22 (from .../libxapian22_1.2.3-2_i386.deb) ...
Selecting previously deselected package libept1.
Unpacking libept1 (from .../libept1_1.0.4_i386.deb) ...
Selecting previously deselected package libsqlite3-0.
Unpacking libsqlite3-0 (from .../libsqlite3-0_3.7.3-1_i386.deb) ...
Selecting previously deselected package aptitude.
Unpacking aptitude (from .../aptitude_0.6.3-3.2_i386.deb) ...
Setting up libboost-iostreams1.42.0 (1.42.0-4) ...
Setting up libncursesw5 (5.7+20100313-5) ...
Setting up libsigc++-2.0-0c2a (2.2.4.2-1) ...
Setting up libcwidget3 (0.5.16-3) ...
Setting up libxapian22 (1.2.3-2) ...
Setting up libept1 (1.0.4) ...
Setting up libsqlite3-0 (3.7.3-1) ...
Setting up aptitude (0.6.3-3.2) ...
update-alternatives: using /usr/bin/aptitude-curses to provide /usr/bin/aptitude (aptitude) in auto mode.
dpkg-deb: building package `sbuild-build-depends-samtools-dummy' in `/build/buildd-samtools_0.1.12a-1~bpo60+1-i386-1SPWgT/buildd-samtools-i386-L1TuvZ/sbuild-build-depends-samtools-dummy.deb'.
Selecting previously deselected package sbuild-build-depends-samtools-dummy.
(Reading database ... 10386 files and directories currently installed.)
Unpacking sbuild-build-depends-samtools-dummy (from .../sbuild-build-depends-samtools-dummy.deb) ...
dpkg: dependency problems prevent configuration of sbuild-build-depends-samtools-dummy:
 sbuild-build-depends-samtools-dummy depends on debhelper (>= 8); however:
  Package debhelper is not installed.
 sbuild-build-depends-samtools-dummy depends on cdbs; however:
  Package cdbs is not installed.
 sbuild-build-depends-samtools-dummy depends on libncurses5-dev; however:
  Package libncurses5-dev is not installed.
 sbuild-build-depends-samtools-dummy depends on zlib1g-dev; however:
  Package zlib1g-dev is not installed.
dpkg: error processing sbuild-build-depends-samtools-dummy (--install):
 dependency problems - leaving unconfigured
Errors were encountered while processing:
 sbuild-build-depends-samtools-dummy
aptitude -y --without-recommends -o APT::Install-Recommends=false -o Aptitude::ProblemResolver::StepScore=100 -o Aptitude::ProblemResolver::Hints::KeepDummy=reject sbuild-build-depends-samtools-dummy :UNINST -o Aptitude::ProblemResolver::Keep-All-Tier=55000 -o Aptitude::ProblemResolver::Remove-Essential-Tier=maximum install sbuild-build-depends-samtools-dummy
Reading package lists...
Building dependency tree...
Reading state information...
Initializing package states...
Writing extended state information...
The following NEW packages will be installed:
  bsdmainutils{a} cdbs{a} debhelper{a} file{a} gettext{a} gettext-base{a} 
  groff-base{a} html2text{a} intltool-debian{a} libcroco3{a} 
  libglib2.0-0{a} libmagic1{a} libncurses5-dev{a} libpcre3{a} 
  libunistring0{a} libxml2{a} man-db{a} po-debconf{a} zlib1g-dev{a} 
The following partially installed packages will be configured:
  sbuild-build-depends-samtools-dummy 
0 packages upgraded, 19 newly installed, 0 to remove and 2 not upgraded.
Need to get 11.4 MB of archives. After unpacking 34.5 MB will be used.
Writing extended state information...
Get:1 http://ftp.gr.debian.org/debian/ squeeze/main libmagic1 i386 5.04-5 [234 kB]
Get:2 http://ftp.gr.debian.org/debian/ squeeze/main file i386 5.04-5 [49.1 kB]
Get:3 http://ftp.gr.debian.org/debian/ squeeze/main html2text i386 1.3.2a-15 [101 kB]
Get:4 http://ftp.gr.debian.org/debian/ squeeze/main libpcre3 i386 8.02-1.1 [231 kB]
Get:5 http://ftp.gr.debian.org/debian/ squeeze/main libglib2.0-0 i386 2.24.2-1 [1029 kB]
Get:6 http://ftp.gr.debian.org/debian/ squeeze/main libxml2 i386 2.7.8.dfsg-2 [827 kB]
Get:7 http://ftp.gr.debian.org/debian/ squeeze/main libcroco3 i386 0.6.2-1 [116 kB]
Get:8 http://ftp.gr.debian.org/debian/ squeeze/main libunistring0 i386 0.9.3-3 [433 kB]
Get:9 http://ftp.gr.debian.org/debian/ squeeze/main gettext-base i386 0.18.1.1-3 [130 kB]
Get:10 http://ftp.gr.debian.org/debian/ squeeze/main gettext i386 0.18.1.1-3 [1973 kB]
Get:11 http://ftp.gr.debian.org/debian/ squeeze/main intltool-debian all 0.35.0+20060710.1 [30.8 kB]
Get:12 http://ftp.gr.debian.org/debian/ squeeze/main po-debconf all 1.0.16+nmu1 [223 kB]
Get:13 http://ftp.gr.debian.org/debian/ squeeze/main groff-base i386 1.20.1-10 [1128 kB]
Get:14 http://ftp.gr.debian.org/debian/ squeeze/main bsdmainutils i386 8.0.13 [198 kB]
Get:15 http://ftp.gr.debian.org/debian/ squeeze/main man-db i386 2.5.7-8 [1240 kB]
Get:16 http://ftp.gr.debian.org/debian/ squeeze/main debhelper all 8.0.0 [454 kB]
Get:17 http://ftp.gr.debian.org/debian/ squeeze/main cdbs all 0.4.89 [1240 kB]
Get:18 http://ftp.gr.debian.org/debian/ squeeze/main libncurses5-dev i386 5.7+20100313-5 [1597 kB]
Get:19 http://ftp.gr.debian.org/debian/ squeeze/main zlib1g-dev i386 1:1.2.3.4.dfsg-3 [186 kB]
debconf: delaying package configuration, since apt-utils is not installed
Fetched 11.4 MB in 1s (10.6 MB/s)
Selecting previously deselected package libmagic1.
(Reading database ... 10386 files and directories currently installed.)
Unpacking libmagic1 (from .../libmagic1_5.04-5_i386.deb) ...
Selecting previously deselected package file.
Unpacking file (from .../archives/file_5.04-5_i386.deb) ...
Selecting previously deselected package html2text.
Unpacking html2text (from .../html2text_1.3.2a-15_i386.deb) ...
Selecting previously deselected package libpcre3.
Unpacking libpcre3 (from .../libpcre3_8.02-1.1_i386.deb) ...
Selecting previously deselected package libglib2.0-0.
Unpacking libglib2.0-0 (from .../libglib2.0-0_2.24.2-1_i386.deb) ...
Selecting previously deselected package libxml2.
Unpacking libxml2 (from .../libxml2_2.7.8.dfsg-2_i386.deb) ...
Selecting previously deselected package libcroco3.
Unpacking libcroco3 (from .../libcroco3_0.6.2-1_i386.deb) ...
Selecting previously deselected package libunistring0.
Unpacking libunistring0 (from .../libunistring0_0.9.3-3_i386.deb) ...
Selecting previously deselected package gettext-base.
Unpacking gettext-base (from .../gettext-base_0.18.1.1-3_i386.deb) ...
Selecting previously deselected package gettext.
Unpacking gettext (from .../gettext_0.18.1.1-3_i386.deb) ...
Selecting previously deselected package intltool-debian.
Unpacking intltool-debian (from .../intltool-debian_0.35.0+20060710.1_all.deb) ...
Selecting previously deselected package po-debconf.
Unpacking po-debconf (from .../po-debconf_1.0.16+nmu1_all.deb) ...
Selecting previously deselected package groff-base.
Unpacking groff-base (from .../groff-base_1.20.1-10_i386.deb) ...
Selecting previously deselected package bsdmainutils.
Unpacking bsdmainutils (from .../bsdmainutils_8.0.13_i386.deb) ...
Selecting previously deselected package man-db.
Unpacking man-db (from .../man-db_2.5.7-8_i386.deb) ...
Selecting previously deselected package debhelper.
Unpacking debhelper (from .../debhelper_8.0.0_all.deb) ...
Selecting previously deselected package cdbs.
Unpacking cdbs (from .../archives/cdbs_0.4.89_all.deb) ...
Selecting previously deselected package libncurses5-dev.
Unpacking libncurses5-dev (from .../libncurses5-dev_5.7+20100313-5_i386.deb) ...
Selecting previously deselected package zlib1g-dev.
Unpacking zlib1g-dev (from .../zlib1g-dev_1%3a1.2.3.4.dfsg-3_i386.deb) ...
Setting up libmagic1 (5.04-5) ...
Setting up file (5.04-5) ...
Setting up html2text (1.3.2a-15) ...
Setting up libpcre3 (8.02-1.1) ...
Setting up libglib2.0-0 (2.24.2-1) ...
Setting up libxml2 (2.7.8.dfsg-2) ...
Setting up libcroco3 (0.6.2-1) ...
Setting up libunistring0 (0.9.3-3) ...
Setting up gettext-base (0.18.1.1-3) ...
Setting up gettext (0.18.1.1-3) ...
Setting up intltool-debian (0.35.0+20060710.1) ...
Setting up po-debconf (1.0.16+nmu1) ...
Setting up groff-base (1.20.1-10) ...
Setting up bsdmainutils (8.0.13) ...
update-alternatives: using /usr/bin/bsd-write to provide /usr/bin/write (write) in auto mode.
update-alternatives: using /usr/bin/bsd-from to provide /usr/bin/from (from) in auto mode.
Setting up man-db (2.5.7-8) ...
debconf: unable to initialize frontend: Dialog
debconf: (TERM is not set, so the dialog frontend is not usable.)
debconf: falling back to frontend: Readline
debconf: unable to initialize frontend: Readline
debconf: (This frontend requires a controlling tty.)
debconf: falling back to frontend: Teletype
Building database of manual pages ...
Setting up debhelper (8.0.0) ...
Setting up cdbs (0.4.89) ...
Setting up libncurses5-dev (5.7+20100313-5) ...
Setting up zlib1g-dev (1:1.2.3.4.dfsg-3) ...
Setting up sbuild-build-depends-samtools-dummy (0.invalid.0) ...
Reading package lists...
Building dependency tree...
Reading state information...
Reading extended state information...
Initializing package states...
Writing extended state information...
Kernel: Linux 2.6.26-2-amd64 i386 (x86_64)
Toolchain package versions: libc6-dev_2.11.2-10 dpkg-dev_1.15.8.10 linux-libc-dev_2.6.32-30 gcc-4.4_4.4.5-8 g++-4.4_4.4.5-8 binutils_2.20.1-16 libstdc++6-4.4-dev_4.4.5-8 libstdc++6_4.4.5-8
Package versions: apt_0.8.10.3 aptitude_0.6.3-3.2 base-files_6.0 base-passwd_3.5.22 bash_4.1-3 binutils_2.20.1-16 bsdmainutils_8.0.13 bsdutils_1:2.17.2-9 build-essential_11.5 bzip2_1.0.5-6 cdbs_0.4.89 coreutils_8.5-1 cpp_4:4.4.5-1 cpp-4.4_4.4.5-8 dash_0.5.5.1-7.4 debconf_1.5.36.1 debconf-i18n_1.5.36.1 debfoster_2.7-1.1 debhelper_8.0.0 debian-archive-keyring_2010.08.28 debianutils_3.4 diffutils_1:3.0-1 dpkg_1.15.8.10 dpkg-dev_1.15.8.10 e2fslibs_1.41.12-2 e2fsprogs_1.41.12-2 fakeroot_1.14.4-1 file_5.04-5 findutils_4.4.2-1+b1 g++_4:4.4.5-1 g++-4.4_4.4.5-8 gcc_4:4.4.5-1 gcc-4.4_4.4.5-8 gcc-4.4-base_4.4.5-8 gettext_0.18.1.1-3 gettext-base_0.18.1.1-3 gnupg_1.4.10-4 gpgv_1.4.10-4 grep_2.6.3-3 groff-base_1.20.1-10 gzip_1.3.12-9 hostname_3.04 html2text_1.3.2a-15 initscripts_2.88dsf-13.1 insserv_1.14.0-2 intltool-debian_0.35.0+20060710.1 libacl1_2.2.49-4 libattr1_1:2.4.44-2 libblkid1_2.17.2-9 libboost-iostreams1.42.0_1.42.0-4 libbz2-1.0_1.0.5-6 libc-bin_2.11.2-10 libc-dev-bin_2.11.2-10 libc6_2.11.2-10 libc6-dev_2.11.2-10 libcomerr2_1.41.12-2 libcroco3_0.6.2-1 libcwidget3_0.5.16-3 libdb4.7_4.7.25-9 libdb4.8_4.8.30-2 libdpkg-perl_1.15.8.10 libept1_1.0.4 libgc1c2_1:6.8-1.2 libgcc1_1:4.4.5-8 libgdbm3_1.8.3-9 libglib2.0-0_2.24.2-1 libgmp3c2_2:4.3.2+dfsg-1 libgomp1_4.4.5-8 liblocale-gettext-perl_1.05-6 liblzma2_5.0.0-2 libmagic1_5.04-5 libmpfr4_3.0.0-2 libncurses5_5.7+20100313-5 libncurses5-dev_5.7+20100313-5 libncursesw5_5.7+20100313-5 libpam-modules_1.1.1-6.1 libpam-runtime_1.1.1-6.1 libpam0g_1.1.1-6.1 libpcre3_8.02-1.1 libreadline6_6.1-3 libselinux1_2.0.96-1 libsepol1_2.0.41-1 libsigc++-2.0-0c2a_2.2.4.2-1 libslang2_2.2.2-4 libsqlite3-0_3.7.3-1 libss2_1.41.12-2 libstdc++6_4.4.5-8 libstdc++6-4.4-dev_4.4.5-8 libtext-charwidth-perl_0.04-6 libtext-iconv-perl_1.7-2 libtext-wrapi18n-perl_0.06-7 libtimedate-perl_1.2000-1 libunistring0_0.9.3-3 libusb-0.1-4_2:0.1.12-16 libuuid1_2.17.2-9 libxapian22_1.2.3-2 libxml2_2.7.8.dfsg-2 linux-libc-dev_2.6.32-30 login_1:4.1.4.2+svn3283-2 lsb-base_3.2-23.2squeeze1 make_3.81-8 man-db_2.5.7-8 mawk_1.3.3-15 mount_2.17.2-9 ncurses-base_5.7+20100313-5 ncurses-bin_5.7+20100313-5 passwd_1:4.1.4.2+svn3283-2 patch_2.6-2 perl_5.10.1-17 perl-base_5.10.1-17 perl-modules_5.10.1-17 po-debconf_1.0.16+nmu1 readline-common_6.1-3 sbuild-build-depends-samtools-dummy_0.invalid.0 sed_4.2.1-7 sensible-utils_0.0.4 sudo_1.7.4p4-2.squeeze.1 sysv-rc_2.88dsf-13.1 sysvinit_2.88dsf-13.1 sysvinit-utils_2.88dsf-13.1 tar_1.23-3 tzdata_2010o-1 util-linux_2.17.2-9 xz-utils_5.0.0-2 zlib1g_1:1.2.3.4.dfsg-3 zlib1g-dev_1:1.2.3.4.dfsg-3

┌──────────────────────────────────────────────────────────────────────────────┐
│ Build                                                                        │
└──────────────────────────────────────────────────────────────────────────────┘


Unpack source
─────────────

dpkg-source: warning: -sn is not a valid option for Dpkg::Source::Package::V3::quilt
gpgv: keyblock resource `/home/buildd/.gnupg/trustedkeys.gpg': file open error
gpgv: Signature made Thu Feb 17 08:40:32 2011 UTC using DSA key ID BAFEC7F2
gpgv: Can't check signature: public key not found
dpkg-source: warning: failed to verify signature on ./samtools_0.1.12a-1~bpo60+1.dsc
dpkg-source: info: extracting samtools in samtools-0.1.12a
dpkg-source: info: unpacking samtools_0.1.12a.orig.tar.bz2
dpkg-source: info: unpacking samtools_0.1.12a-1~bpo60+1.debian.tar.gz

Check disc space
────────────────


dpkg-buildpackage
─────────────────

dpkg-buildpackage: export CFLAGS from dpkg-buildflags (origin: vendor): -g -O2
dpkg-buildpackage: export CPPFLAGS from dpkg-buildflags (origin: vendor): 
dpkg-buildpackage: export CXXFLAGS from dpkg-buildflags (origin: vendor): -g -O2
dpkg-buildpackage: export FFLAGS from dpkg-buildflags (origin: vendor): -g -O2
dpkg-buildpackage: export LDFLAGS from dpkg-buildflags (origin: vendor): 
dpkg-buildpackage: source package samtools
dpkg-buildpackage: source version 0.1.12a-1~bpo60+1
 dpkg-source --before-build samtools-0.1.12a
dpkg-buildpackage: host architecture i386
 /usr/bin/fakeroot debian/rules clean
test -x debian/rules
dh_testroot
rm -f debian/stamp-makefile-build debian/stamp-makefile-install
/usr/bin/make  -C . CFLAGS="-g -O2 -g -Wall -O2 -fPIC" CXXFLAGS="-g -O2 -g -Wall -O2" CPPFLAGS="" LDFLAGS=""  -k clean
make[1]: Entering directory `/build/buildd-samtools_0.1.12a-1~bpo60+1-i386-1SPWgT/samtools-0.1.12a'
make[2]: Entering directory `/build/buildd-samtools_0.1.12a-1~bpo60+1-i386-1SPWgT/samtools-0.1.12a'
rm -fr gmon.out *.o a.out *.exe *.dSYM razip bgzip samtools *~ *.a *.so.* *.so *.dylib
make[2]: Leaving directory `/build/buildd-samtools_0.1.12a-1~bpo60+1-i386-1SPWgT/samtools-0.1.12a'
make[2]: Entering directory `/build/buildd-samtools_0.1.12a-1~bpo60+1-i386-1SPWgT/samtools-0.1.12a/bcftools'
rm -fr gmon.out *.o a.out *.dSYM bcftools *~ *.a bcf.aux bcf.log bcf.pdf *.class libbcf.*.dylib libbcf.so*
make[2]: Leaving directory `/build/buildd-samtools_0.1.12a-1~bpo60+1-i386-1SPWgT/samtools-0.1.12a/bcftools'
make[2]: Entering directory `/build/buildd-samtools_0.1.12a-1~bpo60+1-i386-1SPWgT/samtools-0.1.12a/misc'
rm -fr gmon.out *.o a.out *.exe *.dSYM md5sum-lite md5fa maq2sam-short maq2sam-long wgsim *~ *.a
make[2]: Leaving directory `/build/buildd-samtools_0.1.12a-1~bpo60+1-i386-1SPWgT/samtools-0.1.12a/misc'
make[1]: Leaving directory `/build/buildd-samtools_0.1.12a-1~bpo60+1-i386-1SPWgT/samtools-0.1.12a'
rm -f debian/stamp-makefile-check
dh_clean 
rm -f examples/calDepth examples/ex1.bam examples/ex1.bam.bai examples/ex1.fa.fai examples/ex1.glf examples/ex1.glfview.gz examples/ex1.pileup.gz examples/ex1a.bam examples/ex1b.bam examples/ex1f-rmduppe.bam examples/ex1f-rmdupse.bam examples/ex1f.bam examples/ex1f.rg examples/ex1.bcf
 debian/rules build
test -x debian/rules
mkdir -p "."
/usr/share/cdbs/1/rules/buildcore.mk:104: WARNING:  DEB_DH_BUILDDEB_ARGS is a deprecated variable
/usr/bin/make  -C . CFLAGS="-g -O2 -g -Wall -O2 -fPIC" CXXFLAGS="-g -O2 -g -Wall -O2" CPPFLAGS="" LDFLAGS=""  all all-recur razip lib
make[1]: Entering directory `/build/buildd-samtools_0.1.12a-1~bpo60+1-i386-1SPWgT/samtools-0.1.12a'
make[2]: Entering directory `/build/buildd-samtools_0.1.12a-1~bpo60+1-i386-1SPWgT/samtools-0.1.12a'
gcc -c -g -O2 -g -Wall -O2 -fPIC -D_FILE_OFFSET_BITS=64 -D_USE_KNETFILE -D_CURSES_LIB=1 -I. bgzf.c -o bgzf.o
gcc -c -g -O2 -g -Wall -O2 -fPIC -D_FILE_OFFSET_BITS=64 -D_USE_KNETFILE -D_CURSES_LIB=1 -I. kstring.c -o kstring.o
gcc -c -g -O2 -g -Wall -O2 -fPIC -D_FILE_OFFSET_BITS=64 -D_USE_KNETFILE -D_CURSES_LIB=1 -I. bam_aux.c -o bam_aux.o
gcc -c -g -O2 -g -Wall -O2 -fPIC -D_FILE_OFFSET_BITS=64 -D_USE_KNETFILE -D_CURSES_LIB=1 -I. bam.c -o bam.o
gcc -c -g -O2 -g -Wall -O2 -fPIC -D_FILE_OFFSET_BITS=64 -D_USE_KNETFILE -D_CURSES_LIB=1 -I. bam_import.c -o bam_import.o
bam_import.c: In function 'append_text':
bam_import.c:179: warning: format '%ld' expects type 'long int', but argument 3 has type 'size_t'
bam_import.c:186: warning: format '%ld' expects type 'long int', but argument 3 has type 'size_t'
bam_import.c:186: warning: format '%ld' expects type 'long int', but argument 4 has type 'size_t'
bam_import.c:186: warning: format '%ld' expects type 'long int', but argument 5 has type 'size_t'
bam_import.c:186: warning: format '%ld' expects type 'long int', but argument 6 has type 'size_t'
gcc -c -g -O2 -g -Wall -O2 -fPIC -D_FILE_OFFSET_BITS=64 -D_USE_KNETFILE -D_CURSES_LIB=1 -I. sam.c -o sam.o
gcc -c -g -O2 -g -Wall -O2 -fPIC -D_FILE_OFFSET_BITS=64 -D_USE_KNETFILE -D_CURSES_LIB=1 -I. bam_index.c -o bam_index.o
gcc -c -g -O2 -g -Wall -O2 -fPIC -D_FILE_OFFSET_BITS=64 -D_USE_KNETFILE -D_CURSES_LIB=1 -I. bam_pileup.c -o bam_pileup.o
gcc -c -g -O2 -g -Wall -O2 -fPIC -D_FILE_OFFSET_BITS=64 -D_USE_KNETFILE -D_CURSES_LIB=1 -I. bam_lpileup.c -o bam_lpileup.o
gcc -c -g -O2 -g -Wall -O2 -fPIC -D_FILE_OFFSET_BITS=64 -D_USE_KNETFILE -D_CURSES_LIB=1 -I. bam_md.c -o bam_md.o
gcc -c -g -O2 -g -Wall -O2 -fPIC -D_FILE_OFFSET_BITS=64 -D_USE_KNETFILE -D_CURSES_LIB=1 -I. glf.c -o glf.o
gcc -c -g -O2 -g -Wall -O2 -fPIC -D_FILE_OFFSET_BITS=64 -D_USE_KNETFILE -D_CURSES_LIB=1 -I. razf.c -o razf.o
gcc -c -g -O2 -g -Wall -O2 -fPIC -D_FILE_OFFSET_BITS=64 -D_USE_KNETFILE -D_CURSES_LIB=1 -I. faidx.c -o faidx.o
gcc -c -g -O2 -g -Wall -O2 -fPIC -D_FILE_OFFSET_BITS=64 -D_USE_KNETFILE -D_CURSES_LIB=1 -I. knetfile.c -o knetfile.o
gcc -c -g -O2 -g -Wall -O2 -fPIC -D_FILE_OFFSET_BITS=64 -D_USE_KNETFILE -D_CURSES_LIB=1 -I. bam_sort.c -o bam_sort.o
gcc -c -g -O2 -g -Wall -O2 -fPIC -D_FILE_OFFSET_BITS=64 -D_USE_KNETFILE -D_CURSES_LIB=1 -I. sam_header.c -o sam_header.o
gcc -c -g -O2 -g -Wall -O2 -fPIC -D_FILE_OFFSET_BITS=64 -D_USE_KNETFILE -D_CURSES_LIB=1 -I. bam_reheader.c -o bam_reheader.o
gcc -c -g -O2 -g -Wall -O2 -fPIC -D_FILE_OFFSET_BITS=64 -D_USE_KNETFILE -D_CURSES_LIB=1 -I. kprobaln.c -o kprobaln.o
ar -cru libbam.a bgzf.o kstring.o bam_aux.o bam.o bam_import.o sam.o bam_index.o bam_pileup.o bam_lpileup.o bam_md.o glf.o razf.o faidx.o knetfile.o bam_sort.o sam_header.o bam_reheader.o kprobaln.o
make[2]: Leaving directory `/build/buildd-samtools_0.1.12a-1~bpo60+1-i386-1SPWgT/samtools-0.1.12a'
make[2]: Entering directory `/build/buildd-samtools_0.1.12a-1~bpo60+1-i386-1SPWgT/samtools-0.1.12a/bcftools'
gcc -c -g -O2 -g -Wall -O2 -fPIC -D_FILE_OFFSET_BITS=64 -D_USE_KNETFILE -D_CURSES_LIB=1 -I.. -I. bcf.c -o bcf.o
gcc -c -g -O2 -g -Wall -O2 -fPIC -D_FILE_OFFSET_BITS=64 -D_USE_KNETFILE -D_CURSES_LIB=1 -I.. -I. vcf.c -o vcf.o
gcc -c -g -O2 -g -Wall -O2 -fPIC -D_FILE_OFFSET_BITS=64 -D_USE_KNETFILE -D_CURSES_LIB=1 -I.. -I. bcfutils.c -o bcfutils.o
gcc -c -g -O2 -g -Wall -O2 -fPIC -D_FILE_OFFSET_BITS=64 -D_USE_KNETFILE -D_CURSES_LIB=1 -I.. -I. prob1.c -o prob1.o
gcc -c -g -O2 -g -Wall -O2 -fPIC -D_FILE_OFFSET_BITS=64 -D_USE_KNETFILE -D_CURSES_LIB=1 -I.. -I. ld.c -o ld.o
gcc -c -g -O2 -g -Wall -O2 -fPIC -D_FILE_OFFSET_BITS=64 -D_USE_KNETFILE -D_CURSES_LIB=1 -I.. -I. kfunc.c -o kfunc.o
gcc -c -g -O2 -g -Wall -O2 -fPIC -D_FILE_OFFSET_BITS=64 -D_USE_KNETFILE -D_CURSES_LIB=1 -I.. -I. index.c -o index.o
gcc -c -g -O2 -g -Wall -O2 -fPIC -D_FILE_OFFSET_BITS=64 -D_USE_KNETFILE -D_CURSES_LIB=1 -I.. -I. fet.c -o fet.o
gcc -c -g -O2 -g -Wall -O2 -fPIC -D_FILE_OFFSET_BITS=64 -D_USE_KNETFILE -D_CURSES_LIB=1 -I.. -I. bcf2qcall.c -o bcf2qcall.o
ar -cru libbcf.a bcf.o vcf.o bcfutils.o prob1.o ld.o kfunc.o index.o fet.o bcf2qcall.o
make[2]: Leaving directory `/build/buildd-samtools_0.1.12a-1~bpo60+1-i386-1SPWgT/samtools-0.1.12a/bcftools'
make[2]: Entering directory `/build/buildd-samtools_0.1.12a-1~bpo60+1-i386-1SPWgT/samtools-0.1.12a/misc'
make[2]: Nothing to be done for `lib'.
make[2]: Leaving directory `/build/buildd-samtools_0.1.12a-1~bpo60+1-i386-1SPWgT/samtools-0.1.12a/misc'
gcc -c -g -O2 -g -Wall -O2 -fPIC -D_FILE_OFFSET_BITS=64 -D_USE_KNETFILE -D_CURSES_LIB=1 -I. bam_tview.c -o bam_tview.o
gcc -c -g -O2 -g -Wall -O2 -fPIC -D_FILE_OFFSET_BITS=64 -D_USE_KNETFILE -D_CURSES_LIB=1 -I. bam_maqcns.c -o bam_maqcns.o
gcc -c -g -O2 -g -Wall -O2 -fPIC -D_FILE_OFFSET_BITS=64 -D_USE_KNETFILE -D_CURSES_LIB=1 -I. bam_plcmd.c -o bam_plcmd.o
gcc -c -g -O2 -g -Wall -O2 -fPIC -D_FILE_OFFSET_BITS=64 -D_USE_KNETFILE -D_CURSES_LIB=1 -I. sam_view.c -o sam_view.o
gcc -c -g -O2 -g -Wall -O2 -fPIC -D_FILE_OFFSET_BITS=64 -D_USE_KNETFILE -D_CURSES_LIB=1 -I. bam_rmdup.c -o bam_rmdup.o
gcc -c -g -O2 -g -Wall -O2 -fPIC -D_FILE_OFFSET_BITS=64 -D_USE_KNETFILE -D_CURSES_LIB=1 -I. bam_rmdupse.c -o bam_rmdupse.o
gcc -c -g -O2 -g -Wall -O2 -fPIC -D_FILE_OFFSET_BITS=64 -D_USE_KNETFILE -D_CURSES_LIB=1 -I. bam_mate.c -o bam_mate.o
gcc -c -g -O2 -g -Wall -O2 -fPIC -D_FILE_OFFSET_BITS=64 -D_USE_KNETFILE -D_CURSES_LIB=1 -I. bam_stat.c -o bam_stat.o
gcc -c -g -O2 -g -Wall -O2 -fPIC -D_FILE_OFFSET_BITS=64 -D_USE_KNETFILE -D_CURSES_LIB=1 -I. bam_color.c -o bam_color.o
gcc -c -g -O2 -g -Wall -O2 -fPIC -D_FILE_OFFSET_BITS=64 -D_USE_KNETFILE -D_CURSES_LIB=1 -I. bamtk.c -o bamtk.o
gcc -c -g -O2 -g -Wall -O2 -fPIC -D_FILE_OFFSET_BITS=64 -D_USE_KNETFILE -D_CURSES_LIB=1 -I. kaln.c -o kaln.o
gcc -c -g -O2 -g -Wall -O2 -fPIC -D_FILE_OFFSET_BITS=64 -D_USE_KNETFILE -D_CURSES_LIB=1 -I. bam2bcf.c -o bam2bcf.o
gcc -c -g -O2 -g -Wall -O2 -fPIC -D_FILE_OFFSET_BITS=64 -D_USE_KNETFILE -D_CURSES_LIB=1 -I. bam2bcf_indel.c -o bam2bcf_indel.o
gcc -c -g -O2 -g -Wall -O2 -fPIC -D_FILE_OFFSET_BITS=64 -D_USE_KNETFILE -D_CURSES_LIB=1 -I. errmod.c -o errmod.o
gcc -c -g -O2 -g -Wall -O2 -fPIC -D_FILE_OFFSET_BITS=64 -D_USE_KNETFILE -D_CURSES_LIB=1 -I. sample.c -o sample.o
gcc -g -O2 -g -Wall -O2 -fPIC -o samtools bam_tview.o bam_maqcns.o bam_plcmd.o sam_view.o bam_rmdup.o bam_rmdupse.o bam_mate.o bam_stat.o bam_color.o bamtk.o kaln.o bam2bcf.o bam2bcf_indel.o errmod.o sample.o libbam.a -lm  -lcurses  -lz -Lbcftools -lbcf
make[2]: Entering directory `/build/buildd-samtools_0.1.12a-1~bpo60+1-i386-1SPWgT/samtools-0.1.12a'
make[3]: Entering directory `/build/buildd-samtools_0.1.12a-1~bpo60+1-i386-1SPWgT/samtools-0.1.12a'
make[3]: Nothing to be done for `lib'.
make[3]: Leaving directory `/build/buildd-samtools_0.1.12a-1~bpo60+1-i386-1SPWgT/samtools-0.1.12a'
make[3]: Entering directory `/build/buildd-samtools_0.1.12a-1~bpo60+1-i386-1SPWgT/samtools-0.1.12a/bcftools'
make[3]: Nothing to be done for `lib'.
make[3]: Leaving directory `/build/buildd-samtools_0.1.12a-1~bpo60+1-i386-1SPWgT/samtools-0.1.12a/bcftools'
make[3]: Entering directory `/build/buildd-samtools_0.1.12a-1~bpo60+1-i386-1SPWgT/samtools-0.1.12a/misc'
make[3]: Nothing to be done for `lib'.
make[3]: Leaving directory `/build/buildd-samtools_0.1.12a-1~bpo60+1-i386-1SPWgT/samtools-0.1.12a/misc'
gcc -g -O2 -g -Wall -O2 -fPIC -o samtools bam_tview.o bam_maqcns.o bam_plcmd.o sam_view.o bam_rmdup.o bam_rmdupse.o bam_mate.o bam_stat.o bam_color.o bamtk.o kaln.o bam2bcf.o bam2bcf_indel.o errmod.o sample.o libbam.a -lm  -lcurses  -lz -Lbcftools -lbcf
make[2]: Leaving directory `/build/buildd-samtools_0.1.12a-1~bpo60+1-i386-1SPWgT/samtools-0.1.12a'
make[2]: Entering directory `/build/buildd-samtools_0.1.12a-1~bpo60+1-i386-1SPWgT/samtools-0.1.12a/bcftools'
gcc -c -g -O2 -g -Wall -O2 -fPIC -D_FILE_OFFSET_BITS=64 -D_USE_KNETFILE -D_CURSES_LIB=1 -I.. -I. call1.c -o call1.o
gcc -c -g -O2 -g -Wall -O2 -fPIC -D_FILE_OFFSET_BITS=64 -D_USE_KNETFILE -D_CURSES_LIB=1 -I.. -I. main.c -o main.o
gcc -g -O2 -g -Wall -O2 -fPIC -o bcftools call1.o main.o ../kstring.o ../bgzf.o ../knetfile.o -lm  -lz -L. -lbcf
make[2]: Leaving directory `/build/buildd-samtools_0.1.12a-1~bpo60+1-i386-1SPWgT/samtools-0.1.12a/bcftools'
make[2]: Entering directory `/build/buildd-samtools_0.1.12a-1~bpo60+1-i386-1SPWgT/samtools-0.1.12a/misc'
gcc -c -g -O2 -g -Wall -O2 -fPIC -DMD5SUM_MAIN -o md5sum-lite.o md5.c
gcc -g -O2 -g -Wall -O2 -fPIC -o md5sum-lite md5sum-lite.o
gcc -c -g -O2 -g -Wall -O2 -fPIC -D_FILE_OFFSET_BITS=64 -D_USE_KNETFILE -D_CURSES_LIB=1 -I. md5.c -o md5.o
gcc -g -O2 -g -Wall -O2 -fPIC -c -I.. -o md5fa.o md5fa.c
gcc -g -O2 -g -Wall -O2 -fPIC -o md5fa md5.o md5fa.o -lz
gcc -g -O2 -g -Wall -O2 -fPIC -o maq2sam-short maq2sam.c -lz
gcc -g -O2 -g -Wall -O2 -fPIC -DMAQ_LONGREADS -o maq2sam-long maq2sam.c -lz
gcc -c -g -O2 -g -Wall -O2 -fPIC -D_FILE_OFFSET_BITS=64 -D_USE_KNETFILE -D_CURSES_LIB=1 -I. wgsim.c -o wgsim.o
gcc -g -O2 -g -Wall -O2 -fPIC -o wgsim wgsim.o -lm
make[2]: Leaving directory `/build/buildd-samtools_0.1.12a-1~bpo60+1-i386-1SPWgT/samtools-0.1.12a/misc'
gcc -c -g -O2 -g -Wall -O2 -fPIC -D_FILE_OFFSET_BITS=64 -D_USE_KNETFILE -D_CURSES_LIB=1 -I. razip.c -o razip.o
gcc -g -O2 -g -Wall -O2 -fPIC -o razip razf.o razip.o knetfile.o -lz
make[1]: Nothing to be done for `lib'.
make[1]: Leaving directory `/build/buildd-samtools_0.1.12a-1~bpo60+1-i386-1SPWgT/samtools-0.1.12a'
touch debian/stamp-makefile-build
/usr/bin/make  -C . CFLAGS="-g -O2 -g -Wall -O2 -fPIC" CXXFLAGS="-g -O2 -g -Wall -O2" CPPFLAGS="" LDFLAGS=""  -C examples all
make[1]: Entering directory `/build/buildd-samtools_0.1.12a-1~bpo60+1-i386-1SPWgT/samtools-0.1.12a/examples'
../samtools faidx ex1.fa
../samtools import ex1.fa.fai ex1.sam.gz ex1.bam
[sam_header_read2] 2 sequences loaded.
../samtools pileup -gf ex1.fa ex1.bam > ex1.glf
../samtools pileup -cf ex1.fa ex1.bam | gzip > ex1.pileup.gz
../samtools index ex1.bam
../samtools view -h ex1.bam | awk 'BEGIN{FS=OFS="\t"}{if(/^@/)print;else{$1=$1"a";print}}' | ../samtools view -bS - > ex1a.bam
[samopen] SAM header is present: 2 sequences.
../samtools view -h ex1.bam | awk 'BEGIN{FS=OFS="\t"}{if(/^@/)print;else{$1=$1"b";print}}' | ../samtools view -bS - > ex1b.bam
[samopen] SAM header is present: 2 sequences.
(echo "@RG	ID:ex1	LB:ex1	SM:ex1"; echo "@RG	ID:ex1a	LB:ex1	SM:ex1"; echo "@RG	ID:ex1b	LB:ex1b	SM:ex1b") > ex1f.rg
../samtools merge -rh ex1f.rg ex1f.bam ex1.bam ex1a.bam ex1b.bam
../samtools rmdup ex1f.bam ex1f-rmduppe.bam
[bam_rmdup_core] processing reference seq1...
[bam_rmdup_core] processing reference seq2...
[bam_rmdup_core] 1572 / 3144 = 0.5000 in library 'ex1'
[bam_rmdup_core] 0 / 1572 = 0.0000 in library 'ex1b'
../samtools rmdup -S ex1f.bam ex1f-rmdupse.bam
[bam_rmdupse_core] 4145 / 6542 = 0.6336 in library 'ex1'
[bam_rmdupse_core] 874 / 3271 = 0.2672 in library 'ex1b'
../samtools glfview ex1.glf | gzip > ex1.glfview.gz
../samtools mpileup -gf ex1.fa ex1.bam > ex1.bcf
[mpileup] 1 samples in 1 input files
<mpileup> Set max per-sample depth to 8000
gcc -g -Wall -O2 -I.. calDepth.c -o calDepth -lm -lz -L.. -lbam

# You can now launch the viewer with: 'samtools tview ex1.bam ex1.fa'

make[1]: Leaving directory `/build/buildd-samtools_0.1.12a-1~bpo60+1-i386-1SPWgT/samtools-0.1.12a/examples'
touch debian/stamp-makefile-check
 /usr/bin/fakeroot debian/rules binary-arch
test -x debian/rules
dh_testroot
dh_prep 
dh_installdirs -A 
mkdir -p "."
/usr/share/cdbs/1/rules/buildcore.mk:104: WARNING:  DEB_DH_BUILDDEB_ARGS is a deprecated variable
DEB_MAKE_INSTALL_TARGET unset, skipping default makefile.mk common-install target
Adding cdbs dependencies to debian/samtools.substvars
dh_installdirs -psamtools 
Adding cdbs dependencies to debian/libbam-dev.substvars
dh_installdirs -plibbam-dev 
dh_installdocs -psamtools ./NEWS ./AUTHORS 
dh_installexamples -psamtools 
dh_installman -psamtools  
dh_installinfo -psamtools  
dh_installmenu -psamtools 
dh_installcron -psamtools 
dh_installinit -psamtools  
dh_installdebconf -psamtools 
dh_installemacsen -psamtools   
dh_installcatalogs -psamtools 
dh_installpam -psamtools 
dh_installlogrotate -psamtools 
dh_installlogcheck -psamtools 
dh_installchangelogs -psamtools  ./ChangeLog 
dh_installudev -psamtools 
dh_lintian -psamtools 
dh_install -psamtools  
dh_link -psamtools  
dh_installmime -psamtools 
install -m 644 bcftools/README /build/buildd-samtools_0.1.12a-1~bpo60+1-i386-1SPWgT/samtools-0.1.12a/debian/samtools/usr/share/doc/samtools/README.bcftools
ln -s samtools.1.gz /build/buildd-samtools_0.1.12a-1~bpo60+1-i386-1SPWgT/samtools-0.1.12a/debian/samtools/usr/share/man/man1/bcftools.1.gz
dh_installdocs -plibbam-dev ./NEWS ./AUTHORS 
dh_installexamples -plibbam-dev 
dh_installman -plibbam-dev  
dh_installinfo -plibbam-dev  
dh_installmenu -plibbam-dev 
dh_installcron -plibbam-dev 
dh_installinit -plibbam-dev  
dh_installdebconf -plibbam-dev 
dh_installemacsen -plibbam-dev   
dh_installcatalogs -plibbam-dev 
dh_installpam -plibbam-dev 
dh_installlogrotate -plibbam-dev 
dh_installlogcheck -plibbam-dev 
dh_installchangelogs -plibbam-dev  ./ChangeLog 
dh_installudev -plibbam-dev 
dh_lintian -plibbam-dev 
dh_install -plibbam-dev  
dh_link -plibbam-dev  
dh_installmime -plibbam-dev 
dh_strip -psamtools  
dh_compress -psamtools  
dh_fixperms -psamtools  
dh_makeshlibs -psamtools  
sed -i 's|^#!/software/bin/python|#!/usr/bin/python|' /build/buildd-samtools_0.1.12a-1~bpo60+1-i386-1SPWgT/samtools-0.1.12a/debian/samtools/usr/share/samtools/varfilter.py
dh_strip -plibbam-dev  
dh_compress -plibbam-dev  
dh_fixperms -plibbam-dev  
dh_makeshlibs -plibbam-dev  
dh_installdeb -psamtools 
dh_perl -psamtools 
dh_shlibdeps -psamtools    
dh_installdeb -plibbam-dev 
dh_perl -plibbam-dev 
dh_shlibdeps -plibbam-dev    
dh_gencontrol -psamtools  
dpkg-gencontrol: warning: package samtools: unused substitution variable ${perl:Depends}
dh_md5sums -psamtools 
dh_builddeb -psamtools -- -Z=bzip2
dpkg-deb: building package `samtools' in `../samtools_0.1.12a-1~bpo60+1_i386.deb'.
dh_gencontrol -plibbam-dev  
dpkg-gencontrol: warning: Depends field of package libbam-dev: unknown substitution variable ${shlibs:Depends}
dh_md5sums -plibbam-dev 
dh_builddeb -plibbam-dev -- -Z=bzip2
dpkg-deb: building package `libbam-dev' in `../libbam-dev_0.1.12a-1~bpo60+1_i386.deb'.
 dpkg-genchanges -B -mi386 Build Daemon <buildd_i386-biber@buildd.debian.org> >../samtools_0.1.12a-1~bpo60+1_i386.changes
dpkg-genchanges: arch-specific upload - not including arch-independent packages
dpkg-genchanges: binary-only upload - not including any source code
 dpkg-source --after-build samtools-0.1.12a
dpkg-buildpackage: binary only upload (no source included)
────────────────────────────────────────────────────────────────────────────────
Build finished at 20110218-1630

samtools_0.1.12a-1~bpo60+1_i386.changes:
Format: 1.8
Date: Thu, 17 Feb 2011 13:13:09 +0900
Source: samtools
Binary: samtools libbam-dev
Architecture: i386
Version: 0.1.12a-1~bpo60+1
Distribution: squeeze-backports
Urgency: low
Maintainer: i386 Build Daemon <buildd_i386-biber@buildd.debian.org>
Changed-By: Charles Plessy <plessy@debian.org>
Description: 
 libbam-dev - manipulates nucleotide sequence alignments in BAM or SAM format
 samtools   - processing sequence alignments in SAM and BAM formats
Changes: 
 samtools (0.1.12a-1~bpo60+1) squeeze-backports; urgency=low
 .
   * Backported for Squeeze (no changes needed).
Checksums-Sha1: 
 6876a23cd9464e88eeb7c59bf1ddbf7f65a63169 546696 samtools_0.1.12a-1~bpo60+1_i386.deb
 af2f5688707680db91ce8f849822770b3528b737 157784 libbam-dev_0.1.12a-1~bpo60+1_i386.deb
Checksums-Sha256: 
 c400771f941c1433f922f552bc6ee7442732668444416f626c0a4f0506f09f61 546696 samtools_0.1.12a-1~bpo60+1_i386.deb
 a14f0ed289fd2d5059193026ef54dc746623165811a06bb0f0a39daebace566e 157784 libbam-dev_0.1.12a-1~bpo60+1_i386.deb
Files: 
 e0240f55af334bea6fc9511719d002f5 546696 science optional samtools_0.1.12a-1~bpo60+1_i386.deb
 04093a53a29365fd37ffc021896b6ecf 157784 libdevel optional libbam-dev_0.1.12a-1~bpo60+1_i386.deb

┌──────────────────────────────────────────────────────────────────────────────┐
│ Package contents                                                             │
└──────────────────────────────────────────────────────────────────────────────┘


samtools_0.1.12a-1~bpo60+1_i386.deb
───────────────────────────────────

 new debian package, version 2.0.
 size 546696 bytes: control archive= 1804 bytes.
     799 bytes,    16 lines      control              
    2517 bytes,    38 lines      md5sums              
 Package: samtools
 Version: 0.1.12a-1~bpo60+1
 Architecture: i386
 Maintainer: Debian Med Packaging Team <debian-med-packaging@lists.alioth.debian.org>
 Installed-Size: 976
 Depends: libc6 (>= 2.7), libncurses5 (>= 5.7+20100313), zlib1g (>= 1:1.2.3.3.dfsg)
 Suggests: python
 Section: science
 Priority: optional
 Homepage: http://samtools.sourceforge.net
 Description: processing sequence alignments in SAM and BAM formats
  Samtools is a set of utilities that manipulate nucleotide sequence alignments
  in the binary BAM format. It imports from and exports to the ascii SAM
  (Sequence Alignment/Map) format, does sorting, merging and indexing, and allows
  to retrieve reads in any regions swiftly. It is designed to work on a stream,
  and is able to open a BAM (not SAM) file on a remote FTP or HTTP server.

drwxr-xr-x root/root         0 2011-02-18 16:30 ./
drwxr-xr-x root/root         0 2011-02-18 16:30 ./usr/
drwxr-xr-x root/root         0 2011-02-18 16:30 ./usr/lib/
drwxr-xr-x root/root         0 2011-02-18 16:30 ./usr/lib/samtools/
-rwxr-xr-x root/root      6680 2011-02-18 16:30 ./usr/lib/samtools/md5sum-lite
-rwxr-xr-x root/root      6176 2011-02-18 16:30 ./usr/lib/samtools/maq2sam-long
-rwxr-xr-x root/root      6160 2011-02-18 16:30 ./usr/lib/samtools/maq2sam-short
-rwxr-xr-x root/root      9908 2011-02-18 16:30 ./usr/lib/samtools/md5fa
-rwxr-xr-x root/root     17224 2011-02-18 16:30 ./usr/lib/samtools/wgsim
drwxr-xr-x root/root         0 2011-02-18 16:30 ./usr/bin/
-rwxr-xr-x root/root     80068 2011-02-18 16:30 ./usr/bin/bcftools
-rwxr-xr-x root/root     23692 2011-02-18 16:30 ./usr/bin/razip
-rwxr-xr-x root/root    313964 2011-02-18 16:30 ./usr/bin/samtools
drwxr-xr-x root/root         0 2011-02-18 16:30 ./usr/share/
drwxr-xr-x root/root         0 2011-02-18 16:30 ./usr/share/doc/
drwxr-xr-x root/root         0 2011-02-18 16:30 ./usr/share/doc/samtools/
-rw-r--r-- root/root       916 2010-11-17 04:16 ./usr/share/doc/samtools/AUTHORS
-rw-r--r-- root/root     30752 2010-11-22 03:17 ./usr/share/doc/samtools/changelog.gz
-rw-r--r-- root/root       592 2011-02-15 05:37 ./usr/share/doc/samtools/reference
drwxr-xr-x root/root         0 2011-02-18 16:30 ./usr/share/doc/samtools/examples/
-rw-r--r-- root/root    114565 2010-11-17 04:16 ./usr/share/doc/samtools/examples/ex1.sam.gz
-rw-r--r-- root/root      3225 2010-11-17 04:16 ./usr/share/doc/samtools/examples/ex1.fa
-rw-r--r-- root/root    126609 2011-02-18 16:30 ./usr/share/doc/samtools/examples/ex1.bam.gz
-rw-r--r-- root/root       886 2010-11-17 04:16 ./usr/share/doc/samtools/examples/00README.txt
-rw-r--r-- root/root       764 2010-11-17 04:16 ./usr/share/doc/samtools/examples/toy.sam
-rw-r--r-- root/root        98 2010-11-17 04:16 ./usr/share/doc/samtools/examples/toy.fa
-rw-r--r-- root/root      6692 2010-12-02 21:16 ./usr/share/doc/samtools/NEWS.gz
-rw-r--r-- root/root      1966 2011-02-18 16:30 ./usr/share/doc/samtools/README.bcftools
-rw-r--r-- root/root      1179 2011-02-17 04:14 ./usr/share/doc/samtools/changelog.Debian.gz
-rw-r--r-- root/root      4927 2011-02-15 05:37 ./usr/share/doc/samtools/copyright
-rw-r--r-- root/root      1031 2011-02-15 05:37 ./usr/share/doc/samtools/README.Debian
drwxr-xr-x root/root         0 2011-02-18 16:30 ./usr/share/man/
drwxr-xr-x root/root         0 2011-02-18 16:30 ./usr/share/man/man1/
-rw-r--r-- root/root      7546 2011-02-18 16:30 ./usr/share/man/man1/samtools.1.gz
-rw-r--r-- root/root       430 2011-02-18 16:30 ./usr/share/man/man1/razip.1.gz
drwxr-xr-x root/root         0 2011-02-18 16:30 ./usr/share/samtools/
-rwxr-xr-x root/root     12567 2010-12-02 16:41 ./usr/share/samtools/vcfutils.pl
-rwxr-xr-x root/root      5989 2010-11-17 04:16 ./usr/share/samtools/novo2sam.pl
-rwxr-xr-x root/root      4996 2010-11-17 04:16 ./usr/share/samtools/interpolate_sam.pl
-rwxr-xr-x root/root      2112 2010-11-17 04:16 ./usr/share/samtools/bowtie2sam.pl
-rwxr-xr-x root/root      2397 2010-11-17 04:16 ./usr/share/samtools/zoom2sam.pl
-rwxr-xr-x root/root     15255 2010-11-17 04:16 ./usr/share/samtools/export2sam.pl
-rwxr-xr-x root/root      5778 2011-02-18 16:30 ./usr/share/samtools/varfilter.py
-rwxr-xr-x root/root      2022 2010-11-17 04:16 ./usr/share/samtools/psl2sam.pl
-rwxr-xr-x root/root      2696 2010-11-17 04:16 ./usr/share/samtools/soap2sam.pl
-rwxr-xr-x root/root      2729 2010-11-17 04:16 ./usr/share/samtools/wgsim_eval.pl
-rwxr-xr-x root/root      2415 2010-11-17 04:16 ./usr/share/samtools/blast2sam.pl
-rwxr-xr-x root/root     14299 2010-11-17 04:16 ./usr/share/samtools/samtools.pl
-rwxr-xr-x root/root      7881 2010-11-17 04:16 ./usr/share/samtools/sam2vcf.pl
-rwxr-xr-x root/root      3224 2010-11-17 04:16 ./usr/share/samtools/bcf-fix.pl
lrwxrwxrwx root/root         0 2011-02-18 16:30 ./usr/share/man/man1/bcftools.1.gz -> samtools.1.gz


libbam-dev_0.1.12a-1~bpo60+1_i386.deb
─────────────────────────────────────

 new debian package, version 2.0.
 size 157784 bytes: control archive= 904 bytes.
     682 bytes,    15 lines      control              
     618 bytes,    10 lines      md5sums              
 Package: libbam-dev
 Source: samtools
 Version: 0.1.12a-1~bpo60+1
 Architecture: i386
 Maintainer: Debian Med Packaging Team <debian-med-packaging@lists.alioth.debian.org>
 Installed-Size: 388
 Section: libdevel
 Priority: optional
 Homepage: http://samtools.sourceforge.net
 Description: manipulates nucleotide sequence alignments in BAM or SAM format
  The BAM library provides I/O and various operations on manipulating nucleotide
  sequence alignments in the BAM (Binary Alignment/Mapping) or SAM (Sequence
  Alignment/Map) format. It now supports importing from or exporting to SAM,
  sorting, merging, generating pileup, and quickly retrieval of reads overlapped
  with a specified region.

drwxr-xr-x root/root         0 2011-02-18 16:30 ./
drwxr-xr-x root/root         0 2011-02-18 16:30 ./usr/
drwxr-xr-x root/root         0 2011-02-18 16:30 ./usr/lib/
-rw-r--r-- root/root    243680 2011-02-18 16:30 ./usr/lib/libbam.a
drwxr-xr-x root/root         0 2011-02-18 16:30 ./usr/share/
drwxr-xr-x root/root         0 2011-02-18 16:30 ./usr/share/doc/
drwxr-xr-x root/root         0 2011-02-18 16:30 ./usr/share/doc/libbam-dev/
-rw-r--r-- root/root       916 2010-11-17 04:16 ./usr/share/doc/libbam-dev/AUTHORS
-rw-r--r-- root/root     30752 2010-11-22 03:17 ./usr/share/doc/libbam-dev/changelog.gz
-rw-r--r-- root/root      6692 2010-12-02 21:16 ./usr/share/doc/libbam-dev/NEWS.gz
-rw-r--r-- root/root      1179 2011-02-17 04:14 ./usr/share/doc/libbam-dev/changelog.Debian.gz
-rw-r--r-- root/root      4927 2011-02-15 05:37 ./usr/share/doc/libbam-dev/copyright
drwxr-xr-x root/root         0 2011-02-18 16:30 ./usr/include/
-rw-r--r-- root/root     16522 2010-11-17 04:16 ./usr/include/khash.h
-rw-r--r-- root/root     24124 2010-11-17 04:16 ./usr/include/bam.h
-rw-r--r-- root/root      4599 2010-11-17 04:16 ./usr/include/bgzf.h
-rw-r--r-- root/root      3188 2010-11-17 04:16 ./usr/include/faidx.h


┌──────────────────────────────────────────────────────────────────────────────┐
│ Finished                                                                     │
└──────────────────────────────────────────────────────────────────────────────┘

Built successfully
────────────────────────────────────────────────────────────────────────────────
Purging /var/lib/schroot/mount/squeeze-backports-i386-sbuild-72ac29b1-2514-4a84-bd64-2f217b4a4f55/build/buildd-samtools_0.1.12a-1~bpo60+1-i386-1SPWgT
Not removing build depends: cloned chroot in use
────────────────────────────────────────────────────────────────────────────────
Finished at 20110218-1630
Build needed 00:02:59, 8432k disc space

