From buildd@fano.debian.org Thu Sep 25 00:31:28 2014
Return-path: <buildd@fano.debian.org>
Received: from muffat.debian.org ([2607:f8f0:610:4000:6564:a62:ce0c:1392])
 from C=NA, ST=NA, L=Ankh Morpork, O=Debian SMTP, OU=Debian SMTP CA,
 CN=muffat.debian.org, EMAIL=hostmaster@muffat.debian.org (verified)
 by wuiet.debian.org with esmtps (TLS1.2:DHE_RSA_AES_128_CBC_SHA1:128)
 (Exim 4.80) (envelope-from <buildd@fano.debian.org>)
 id 1XWwy0-0007ye-EG
 for logs@buildd.debian.org; Thu, 25 Sep 2014 00:31:28 +0000
Received: from fano.debian.org ([2607:f8f0:610:4000:6564:a62:19:110])
 from C=NA, ST=NA, L=Ankh Morpork, O=Debian SMTP, OU=Debian SMTP CA,
 CN=fano.debian.org, EMAIL=hostmaster@fano.debian.org (verified)
 by muffat.debian.org with esmtps (TLS1.2:DHE_RSA_AES_128_CBC_SHA1:128)
 (Exim 4.80) (envelope-from <buildd@fano.debian.org>)
 id 1XWwxy-0005aW-Mh; Thu, 25 Sep 2014 00:31:26 +0000
Received: from buildd by fano.debian.org with local (Exim 4.80)
 (envelope-from <buildd@fano.debian.org>)
 id 1XWwxx-000Ir4-Vn; Thu, 25 Sep 2014 00:31:26 +0000
Content-Transfer-Encoding: binary
MIME-Version: 1.0
X-Mailer: MIME::Lite 3.028 (F2.82; B3.13; Q3.13)
Date: Thu, 25 Sep 2014 00:31:25 +0000
From: buildd on fano <buildd@fano.debian.org>
To: christoph@debian.org,logs@buildd.debian.org
Subject: Log for successful build of samtools_1.1-1 on kfreebsd-amd64
 (dist=sid)
Key-Id: 8C5D26F3
Message-Id: <E1XWwxx-000Ir4-Vn@fano.debian.org>
Delivered-To: logs@buildd.debian.org

sbuild (Debian sbuild) 0.64.0 (17 May 2013) on fano.debian.org

╔══════════════════════════════════════════════════════════════════════════════╗
║ samtools 1.1-1 (kfreebsd-amd64)                            25 Sep 2014 00:27 ║
╚══════════════════════════════════════════════════════════════════════════════╝

Package: samtools
Version: 1.1-1
Source Version: 1.1-1
Distribution: sid
Machine Architecture: kfreebsd-amd64
Host Architecture: kfreebsd-amd64
Build Architecture: kfreebsd-amd64

I: NOTICE: Log filtering will replace 'build/samtools-wRcBJH/samtools-1.1' with '«PKGBUILDDIR»'
I: NOTICE: Log filtering will replace 'build/samtools-wRcBJH' with '«BUILDDIR»'
I: NOTICE: Log filtering will replace 'var/lib/schroot/mount/sid-ka-sbuild-1411604862-68022' with '«CHROOT»'

┌──────────────────────────────────────────────────────────────────────────────┐
│ Update chroot                                                                │
└──────────────────────────────────────────────────────────────────────────────┘

Get:1 http://mirror-ubc.debian.org unstable InRelease [233 kB]
Get:2 http://mirror-ubc.debian.org unstable/main Sources [9757 kB]
Get:3 http://ftp.debian.org unstable InRelease [233 kB]
Get:4 http://incoming.debian.org buildd-unstable InRelease [110 kB]
Get:5 http://mirror-ubc.debian.org unstable/contrib Sources [67.0 kB]
Get:6 http://mirror-ubc.debian.org unstable/non-free Sources [127 kB]
Get:7 http://mirror-ubc.debian.org unstable/main kfreebsd-amd64 Packages [8650 kB]
Get:8 http://incoming.debian.org buildd-unstable/main Sources [450 kB]
Get:9 http://ftp.debian.org unstable/main Sources [9757 kB]
Get:10 http://mirror-ubc.debian.org unstable/contrib kfreebsd-amd64 Packages [46.3 kB]
Get:11 http://incoming.debian.org buildd-unstable/contrib Sources [1082 B]
Get:12 http://incoming.debian.org buildd-unstable/non-free Sources [1643 B]
Get:13 http://incoming.debian.org buildd-unstable/main kfreebsd-amd64 Packages [336 kB]
Get:14 http://incoming.debian.org buildd-unstable/contrib kfreebsd-amd64 Packages [773 B]
Get:15 http://ftp.debian.org unstable/contrib Sources [67.0 kB]
Get:16 http://ftp.debian.org unstable/non-free Sources [127 kB]
Get:17 http://ftp.debian.org unstable/main kfreebsd-amd64 Packages [8650 kB]
Get:18 http://ftp.debian.org unstable/contrib kfreebsd-amd64 Packages [46.3 kB]
Fetched 38.7 MB in 12s (3087 kB/s)
Reading package lists...

┌──────────────────────────────────────────────────────────────────────────────┐
│ Fetch source files                                                           │
└──────────────────────────────────────────────────────────────────────────────┘


Check APT
─────────

Checking available source versions...

Download source files with APT
──────────────────────────────

Reading package lists...
Building dependency tree...
Reading state information...
NOTICE: 'samtools' packaging is maintained in the 'Git' version control system at:
git://anonscm.debian.org/debian-med/samtools.git
Need to get 4333 kB of source archives.
Get:1 http://incoming.debian.org/debian-buildd/ buildd-unstable/main samtools 1.1-1 (dsc) [2104 B]
Get:2 http://incoming.debian.org/debian-buildd/ buildd-unstable/main samtools 1.1-1 (tar) [4321 kB]
Get:3 http://incoming.debian.org/debian-buildd/ buildd-unstable/main samtools 1.1-1 (diff) [10.2 kB]
Fetched 4333 kB in 5s (853 kB/s)
Download complete and in download only mode

Check arch
──────────

Merged Build-Depends: build-essential, fakeroot
Filtered Build-Depends: build-essential, fakeroot
dpkg-deb: building package `sbuild-build-depends-core-dummy' in `/«BUILDDIR»/resolver-jaSah8/apt_archive/sbuild-build-depends-core-dummy.deb'.
OK
Reading package lists...

┌──────────────────────────────────────────────────────────────────────────────┐
│ Install core build dependencies (apt-based resolver)                         │
└──────────────────────────────────────────────────────────────────────────────┘

Installing build dependencies
Reading package lists...
Building dependency tree...
Reading state information...
The following NEW packages will be installed:
  sbuild-build-depends-core-dummy
debconf: delaying package configuration, since apt-utils is not installed
0 upgraded, 1 newly installed, 0 to remove and 38 not upgraded.
Need to get 0 B/822 B of archives.
After this operation, 0 B of additional disk space will be used.
Selecting previously unselected package sbuild-build-depends-core-dummy.
(Reading database ... 11188 files and directories currently installed.)
Preparing to unpack .../sbuild-build-depends-core-dummy.deb ...
Unpacking sbuild-build-depends-core-dummy (0.invalid.0) ...
Setting up sbuild-build-depends-core-dummy (0.invalid.0) ...
Merged Build-Depends: libc6-dev | libc-dev, gcc (>= 4:4.9.1), g++ (>= 4:4.9.1), make, dpkg-dev (>= 1.17.11), debhelper (>= 9), bash-completion, libncurses5-dev, libhts-dev (>= 1.0), zlib1g-dev, tabix (>= 1.0)
Filtered Build-Depends: libc6-dev, gcc (>= 4:4.9.1), g++ (>= 4:4.9.1), make, dpkg-dev (>= 1.17.11), debhelper (>= 9), bash-completion, libncurses5-dev, libhts-dev (>= 1.0), zlib1g-dev, tabix (>= 1.0)
dpkg-deb: building package `sbuild-build-depends-samtools-dummy' in `/«BUILDDIR»/resolver-1LN58k/apt_archive/sbuild-build-depends-samtools-dummy.deb'.
OK
Reading package lists...

┌──────────────────────────────────────────────────────────────────────────────┐
│ Install samtools build dependencies (apt-based resolver)                     │
└──────────────────────────────────────────────────────────────────────────────┘

Installing build dependencies
Reading package lists...
Building dependency tree...
Reading state information...
The following extra packages will be installed:
  bash-completion bsdmainutils debhelper file gettext gettext-base groff-base
  intltool-debian libasprintf0c2 libcroco3 libffi6 libglib2.0-0 libhts-dev
  libhts1 libmagic1 libncurses5 libncurses5-dev libpipeline1 libtinfo-dev
  libtinfo5 libunistring0 libxml2 man-db ncurses-bin po-debconf tabix
  zlib1g-dev
Suggested packages:
  wamerican wordlist whois vacation dh-make gettext-doc groff ncurses-doc less
  www-browser libmail-box-perl
Recommended packages:
  curl wget lynx-cur autopoint libasprintf-dev libgettextpo-dev
  libglib2.0-data shared-mime-info xdg-user-dirs xml-core
  libmail-sendmail-perl
The following NEW packages will be installed:
  bash-completion bsdmainutils debhelper file gettext gettext-base groff-base
  intltool-debian libasprintf0c2 libcroco3 libffi6 libglib2.0-0 libhts-dev
  libhts1 libmagic1 libncurses5-dev libpipeline1 libtinfo-dev libunistring0
  libxml2 man-db po-debconf sbuild-build-depends-samtools-dummy tabix
  zlib1g-dev
The following packages will be upgraded:
  libncurses5 libtinfo5 ncurses-bin
3 upgraded, 25 newly installed, 0 to remove and 35 not upgraded.
Need to get 10.8 MB/10.8 MB of archives.
After this operation, 30.2 MB of additional disk space will be used.
Get:1 http://mirror-ubc.debian.org/debian/ unstable/main ncurses-bin kfreebsd-amd64 5.9+20140913-1 [347 kB]
Get:2 http://mirror-ubc.debian.org/debian/ unstable/main libtinfo5 kfreebsd-amd64 5.9+20140913-1 [283 kB]
Get:3 http://mirror-ubc.debian.org/debian/ unstable/main libncurses5 kfreebsd-amd64 5.9+20140913-1 [96.8 kB]
Get:4 http://mirror-ubc.debian.org/debian/ unstable/main libpipeline1 kfreebsd-amd64 1.3.1-1 [26.6 kB]
Get:5 http://mirror-ubc.debian.org/debian/ unstable/main groff-base kfreebsd-amd64 1.22.2-8 [1050 kB]
Get:6 http://mirror-ubc.debian.org/debian/ unstable/main bsdmainutils kfreebsd-amd64 9.0.5 [211 kB]
Get:7 http://mirror-ubc.debian.org/debian/ unstable/main man-db kfreebsd-amd64 2.7.0.1-1 [995 kB]
Get:8 http://mirror-ubc.debian.org/debian/ unstable/main bash-completion all 1:2.1-4 [182 kB]
Get:9 http://mirror-ubc.debian.org/debian/ unstable/main libasprintf0c2 kfreebsd-amd64 0.19.2-2 [30.8 kB]
Get:10 http://mirror-ubc.debian.org/debian/ unstable/main libmagic1 kfreebsd-amd64 1:5.19-2 [238 kB]
Get:11 http://mirror-ubc.debian.org/debian/ unstable/main libxml2 kfreebsd-amd64 2.9.1+dfsg1-4 [801 kB]
Get:12 http://mirror-ubc.debian.org/debian/ unstable/main libffi6 kfreebsd-amd64 3.1-2 [19.3 kB]
Get:13 http://mirror-ubc.debian.org/debian/ unstable/main libglib2.0-0 kfreebsd-amd64 2.42.0-1 [2480 kB]
Get:14 http://mirror-ubc.debian.org/debian/ unstable/main libcroco3 kfreebsd-amd64 0.6.8-3 [134 kB]
Get:15 http://mirror-ubc.debian.org/debian/ unstable/main libhts1 kfreebsd-amd64 1.1-1 [205 kB]
Get:16 http://mirror-ubc.debian.org/debian/ unstable/main libunistring0 kfreebsd-amd64 0.9.3-5.2 [283 kB]
Get:17 http://mirror-ubc.debian.org/debian/ unstable/main file kfreebsd-amd64 1:5.19-2 [58.2 kB]
Get:18 http://mirror-ubc.debian.org/debian/ unstable/main gettext-base kfreebsd-amd64 0.19.2-2 [120 kB]
Get:19 http://mirror-ubc.debian.org/debian/ unstable/main gettext kfreebsd-amd64 0.19.2-2 [1232 kB]
Get:20 http://mirror-ubc.debian.org/debian/ unstable/main intltool-debian all 0.35.0+20060710.1 [30.8 kB]
Get:21 http://mirror-ubc.debian.org/debian/ unstable/main po-debconf all 1.0.16+nmu3 [220 kB]
Get:22 http://mirror-ubc.debian.org/debian/ unstable/main debhelper all 9.20140817 [814 kB]
Get:23 http://mirror-ubc.debian.org/debian/ unstable/main libhts-dev kfreebsd-amd64 1.1-1 [250 kB]
Get:24 http://mirror-ubc.debian.org/debian/ unstable/main libtinfo-dev kfreebsd-amd64 5.9+20140913-1 [76.7 kB]
Get:25 http://mirror-ubc.debian.org/debian/ unstable/main libncurses5-dev kfreebsd-amd64 5.9+20140913-1 [173 kB]
Get:26 http://mirror-ubc.debian.org/debian/ unstable/main tabix kfreebsd-amd64 1.1-1 [190 kB]
Get:27 http://mirror-ubc.debian.org/debian/ unstable/main zlib1g-dev kfreebsd-amd64 1:1.2.8.dfsg-2 [206 kB]
debconf: delaying package configuration, since apt-utils is not installed
Fetched 10.8 MB in 0s (15.4 MB/s)
(Reading database ... 11188 files and directories currently installed.)
Preparing to unpack .../ncurses-bin_5.9+20140913-1_kfreebsd-amd64.deb ...
Unpacking ncurses-bin (5.9+20140913-1) over (5.9+20140712-2) ...
Setting up ncurses-bin (5.9+20140913-1) ...
(Reading database ... 11188 files and directories currently installed.)
Preparing to unpack .../libtinfo5_5.9+20140913-1_kfreebsd-amd64.deb ...
Unpacking libtinfo5:kfreebsd-amd64 (5.9+20140913-1) over (5.9+20140712-2) ...
Setting up libtinfo5:kfreebsd-amd64 (5.9+20140913-1) ...
Processing triggers for libc-bin (2.19-10) ...
(Reading database ... 11188 files and directories currently installed.)
Preparing to unpack .../libncurses5_5.9+20140913-1_kfreebsd-amd64.deb ...
Unpacking libncurses5:kfreebsd-amd64 (5.9+20140913-1) over (5.9+20140712-2) ...
Setting up libncurses5:kfreebsd-amd64 (5.9+20140913-1) ...
Processing triggers for libc-bin (2.19-10) ...
Selecting previously unselected package libpipeline1:kfreebsd-amd64.
(Reading database ... 11188 files and directories currently installed.)
Preparing to unpack .../libpipeline1_1.3.1-1_kfreebsd-amd64.deb ...
Unpacking libpipeline1:kfreebsd-amd64 (1.3.1-1) ...
Selecting previously unselected package groff-base.
Preparing to unpack .../groff-base_1.22.2-8_kfreebsd-amd64.deb ...
Unpacking groff-base (1.22.2-8) ...
Selecting previously unselected package bsdmainutils.
Preparing to unpack .../bsdmainutils_9.0.5_kfreebsd-amd64.deb ...
Unpacking bsdmainutils (9.0.5) ...
Selecting previously unselected package man-db.
Preparing to unpack .../man-db_2.7.0.1-1_kfreebsd-amd64.deb ...
Unpacking man-db (2.7.0.1-1) ...
Selecting previously unselected package bash-completion.
Preparing to unpack .../bash-completion_1%3a2.1-4_all.deb ...
Unpacking bash-completion (1:2.1-4) ...
Selecting previously unselected package libasprintf0c2:kfreebsd-amd64.
Preparing to unpack .../libasprintf0c2_0.19.2-2_kfreebsd-amd64.deb ...
Unpacking libasprintf0c2:kfreebsd-amd64 (0.19.2-2) ...
Selecting previously unselected package libmagic1:kfreebsd-amd64.
Preparing to unpack .../libmagic1_1%3a5.19-2_kfreebsd-amd64.deb ...
Unpacking libmagic1:kfreebsd-amd64 (1:5.19-2) ...
Selecting previously unselected package libxml2:kfreebsd-amd64.
Preparing to unpack .../libxml2_2.9.1+dfsg1-4_kfreebsd-amd64.deb ...
Unpacking libxml2:kfreebsd-amd64 (2.9.1+dfsg1-4) ...
Selecting previously unselected package libffi6:kfreebsd-amd64.
Preparing to unpack .../libffi6_3.1-2_kfreebsd-amd64.deb ...
Unpacking libffi6:kfreebsd-amd64 (3.1-2) ...
Selecting previously unselected package libglib2.0-0:kfreebsd-amd64.
Preparing to unpack .../libglib2.0-0_2.42.0-1_kfreebsd-amd64.deb ...
Unpacking libglib2.0-0:kfreebsd-amd64 (2.42.0-1) ...
Selecting previously unselected package libcroco3:kfreebsd-amd64.
Preparing to unpack .../libcroco3_0.6.8-3_kfreebsd-amd64.deb ...
Unpacking libcroco3:kfreebsd-amd64 (0.6.8-3) ...
Selecting previously unselected package libhts1:kfreebsd-amd64.
Preparing to unpack .../libhts1_1.1-1_kfreebsd-amd64.deb ...
Unpacking libhts1:kfreebsd-amd64 (1.1-1) ...
Selecting previously unselected package libunistring0:kfreebsd-amd64.
Preparing to unpack .../libunistring0_0.9.3-5.2_kfreebsd-amd64.deb ...
Unpacking libunistring0:kfreebsd-amd64 (0.9.3-5.2) ...
Selecting previously unselected package file.
Preparing to unpack .../file_1%3a5.19-2_kfreebsd-amd64.deb ...
Unpacking file (1:5.19-2) ...
Selecting previously unselected package gettext-base.
Preparing to unpack .../gettext-base_0.19.2-2_kfreebsd-amd64.deb ...
Unpacking gettext-base (0.19.2-2) ...
Selecting previously unselected package gettext.
Preparing to unpack .../gettext_0.19.2-2_kfreebsd-amd64.deb ...
Unpacking gettext (0.19.2-2) ...
Selecting previously unselected package intltool-debian.
Preparing to unpack .../intltool-debian_0.35.0+20060710.1_all.deb ...
Unpacking intltool-debian (0.35.0+20060710.1) ...
Selecting previously unselected package po-debconf.
Preparing to unpack .../po-debconf_1.0.16+nmu3_all.deb ...
Unpacking po-debconf (1.0.16+nmu3) ...
Selecting previously unselected package debhelper.
Preparing to unpack .../debhelper_9.20140817_all.deb ...
Unpacking debhelper (9.20140817) ...
Selecting previously unselected package libhts-dev:kfreebsd-amd64.
Preparing to unpack .../libhts-dev_1.1-1_kfreebsd-amd64.deb ...
Unpacking libhts-dev:kfreebsd-amd64 (1.1-1) ...
Selecting previously unselected package libtinfo-dev:kfreebsd-amd64.
Preparing to unpack .../libtinfo-dev_5.9+20140913-1_kfreebsd-amd64.deb ...
Unpacking libtinfo-dev:kfreebsd-amd64 (5.9+20140913-1) ...
Selecting previously unselected package libncurses5-dev:kfreebsd-amd64.
Preparing to unpack .../libncurses5-dev_5.9+20140913-1_kfreebsd-amd64.deb ...
Unpacking libncurses5-dev:kfreebsd-amd64 (5.9+20140913-1) ...
Selecting previously unselected package tabix.
Preparing to unpack .../tabix_1.1-1_kfreebsd-amd64.deb ...
Unpacking tabix (1.1-1) ...
Selecting previously unselected package zlib1g-dev:kfreebsd-amd64.
Preparing to unpack .../zlib1g-dev_1%3a1.2.8.dfsg-2_kfreebsd-amd64.deb ...
Unpacking zlib1g-dev:kfreebsd-amd64 (1:1.2.8.dfsg-2) ...
Selecting previously unselected package sbuild-build-depends-samtools-dummy.
Preparing to unpack .../sbuild-build-depends-samtools-dummy.deb ...
Unpacking sbuild-build-depends-samtools-dummy (0.invalid.0) ...
Setting up libpipeline1:kfreebsd-amd64 (1.3.1-1) ...
Setting up groff-base (1.22.2-8) ...
Setting up bsdmainutils (9.0.5) ...
update-alternatives: using /usr/bin/bsd-write to provide /usr/bin/write (write) in auto mode
update-alternatives: using /usr/bin/bsd-from to provide /usr/bin/from (from) in auto mode
Setting up man-db (2.7.0.1-1) ...
Not building database; man-db/auto-update is not 'true'.
Setting up bash-completion (1:2.1-4) ...
Setting up libasprintf0c2:kfreebsd-amd64 (0.19.2-2) ...
Setting up libmagic1:kfreebsd-amd64 (1:5.19-2) ...
Setting up libxml2:kfreebsd-amd64 (2.9.1+dfsg1-4) ...
Setting up libffi6:kfreebsd-amd64 (3.1-2) ...
Setting up libglib2.0-0:kfreebsd-amd64 (2.42.0-1) ...
No schema files found: doing nothing.
Setting up libcroco3:kfreebsd-amd64 (0.6.8-3) ...
Setting up libhts1:kfreebsd-amd64 (1.1-1) ...
Setting up libunistring0:kfreebsd-amd64 (0.9.3-5.2) ...
Setting up file (1:5.19-2) ...
Setting up gettext-base (0.19.2-2) ...
Setting up gettext (0.19.2-2) ...
Setting up intltool-debian (0.35.0+20060710.1) ...
Setting up po-debconf (1.0.16+nmu3) ...
Setting up debhelper (9.20140817) ...
Setting up libhts-dev:kfreebsd-amd64 (1.1-1) ...
Setting up libtinfo-dev:kfreebsd-amd64 (5.9+20140913-1) ...
Setting up libncurses5-dev:kfreebsd-amd64 (5.9+20140913-1) ...
Setting up tabix (1.1-1) ...
Setting up zlib1g-dev:kfreebsd-amd64 (1:1.2.8.dfsg-2) ...
Setting up sbuild-build-depends-samtools-dummy (0.invalid.0) ...
Processing triggers for libc-bin (2.19-10) ...

┌──────────────────────────────────────────────────────────────────────────────┐
│ Build environment                                                            │
└──────────────────────────────────────────────────────────────────────────────┘

Kernel: GNU/kFreeBSD 9.0-2-amd64 kfreebsd-amd64 (x86_64)
Toolchain package versions: binutils_2.24.51.20140903-1 dpkg-dev_1.17.13 g++-4.9_4.9.1-12 gcc-4.9_4.9.1-12 kfreebsd-kernel-headers_10.0~5 libc0.1-dev_2.19-10 libstdc++-4.9-dev_4.9.1-12 libstdc++6_4.9.1-12
Package versions: apt_1.0.7 base-files_7.5 base-passwd_3.5.36 bash_4.3-9 bash-completion_1:2.1-4 binutils_2.24.51.20140903-1 bsdmainutils_9.0.5 bsdutils_1:2.20.1-5.8 build-essential_11.7 bzip2_1.0.6-7 coreutils_8.23-2 cpp_4:4.9.1-4 cpp-4.9_4.9.1-12 dash_0.5.7-4 debconf_1.5.53 debfoster_2.7-2 debhelper_9.20140817 debian-archive-keyring_2014.1 debianutils_4.4 diffutils_1:3.3-1 dpkg_1.17.13 dpkg-dev_1.17.13 e2fslibs_1.42.12-1 e2fsprogs_1.42.12-1 fakeroot_1.20.1-1.1 file_1:5.19-2 findutils_4.4.2-9 freebsd-utils_10.0+ds1-1 g++_4:4.9.1-4 g++-4.9_4.9.1-12 gcc_4:4.9.1-4 gcc-4.9_4.9.1-12 gcc-4.9-base_4.9.1-12 gettext_0.19.2-2 gettext-base_0.19.2-2 gnupg_1.4.18-4 gpgv_1.4.18-4 grep_2.20-2 groff-base_1.22.2-8 gzip_1.6-3 hostname_3.15 init_1.21 initscripts_2.88dsf-53.4 insserv_1.14.0-5 intltool-debian_0.35.0+20060710.1 kbdcontrol_10.0+ds1-1 kfreebsd-kernel-headers_10.0~5 libacl1_2.2.52-2 libapt-pkg4.12_1.0.7 libarchive-extract-perl_0.72-1 libasprintf0c2_0.19.2-2 libatomic1_4.9.1-12 libattr1_1:2.4.47-1 libblkid1_2.20.1-5.8 libbsd0_0.7.0-2 libbz2-1.0_1.0.6-7 libc-bin_2.19-10 libc-dev-bin_2.19-10 libc0.1_2.19-10 libc0.1-dev_2.19-10 libcam6_10.0-7 libcloog-isl4_0.18.2-1 libcomerr2_1.42.12-1 libcroco3_0.6.8-3 libdb5.3_5.3.28-6 libdebconfclient0_0.191 libdpkg-perl_1.17.13 libexpat1_2.1.0-6 libfakeroot_1.20.1-1.1 libffi6_3.1-2 libfreebsd-glue-0_0.2.20 libgc1c2_1:7.2d-6.3 libgcc-4.9-dev_4.9.1-12 libgcc1_1:4.9.1-12 libgdbm3_1.8.3-13 libgeom1_10.0-7 libglib2.0-0_2.42.0-1 libgmp10_2:6.0.0+dfsg-6 libgomp1_4.9.1-12 libgssapi-krb5-2_1.12.1+dfsg-9 libhts-dev_1.1-1 libhts1_1.1-1 libisl10_0.12.2-2 libjail1_10.0-7 libk5crypto3_1.12.1+dfsg-9 libkiconv4_10.0-7 libkrb5-3_1.12.1+dfsg-9 libkrb5support0_1.12.1+dfsg-9 libkvm6_10.0-7 liblog-message-perl_0.8-1 liblog-message-simple-perl_0.10-2 liblzma5_5.1.1alpha+20120614-2 libmagic1_1:5.19-2 libmodule-pluggable-perl_5.1-1 libmpc3_1.0.2-1 libmpfr4_3.1.2-1 libncurses5_5.9+20140913-1 libncurses5-dev_5.9+20140913-1 libpam-modules_1.1.8-3.1 libpam-modules-bin_1.1.8-3.1 libpam-runtime_1.1.8-3.1 libpam0g_1.1.8-3.1 libpcre3_1:8.35-3 libpipeline1_1.3.1-1 libpod-latex-perl_0.61-1 libquadmath0_4.9.1-12 libreadline6_6.3-8 libsbuf6_10.0-7 libslang2_2.2.4-17 libss2_1.42.12-1 libstdc++-4.9-dev_4.9.1-12 libstdc++6_4.9.1-12 libterm-ui-perl_0.42-1 libtimedate-perl_2.3000-2 libtinfo-dev_5.9+20140913-1 libtinfo5_5.9+20140913-1 libtirpc1_0.2.4-2.1 libunistring0_0.9.3-5.2 libusb-0.1-4_2:0.1.12-24 libutil-freebsd-9_10.0-7 libuuid1_2.20.1-5.8 libxml2_2.9.1+dfsg1-4 login_1:4.2-2+b1 lsb-base_4.1+Debian13 make_4.0-8 man-db_2.7.0.1-1 mawk_1.3.3-17 multiarch-support_2.19-10 ncurses-base_5.9+20140712-2 ncurses-bin_5.9+20140913-1 passwd_1:4.2-2+b1 patch_2.7.1-6 perl_5.20.0-6 perl-base_5.20.0-6 perl-modules_5.20.0-6 po-debconf_1.0.16+nmu3 readline-common_6.3-8 rename_0.20-3 sbuild-build-depends-core-dummy_0.invalid.0 sbuild-build-depends-samtools-dummy_0.invalid.0 sed_4.2.2-4 sensible-utils_0.0.9 startpar_0.59-3 sysv-rc_2.88dsf-53.4 sysvinit-core_2.88dsf-53.4 sysvinit-utils_2.88dsf-53.4 tabix_1.1-1 tar_1.27.1-2 tzdata_2014g-1 util-linux_2.20.1-5.8 xz-utils_5.1.1alpha+20120614-2 zlib1g_1:1.2.8.dfsg-2 zlib1g-dev_1:1.2.8.dfsg-2

┌──────────────────────────────────────────────────────────────────────────────┐
│ Build                                                                        │
└──────────────────────────────────────────────────────────────────────────────┘


Unpack source
─────────────

gpgv: keyblock resource `/sbuild-nonexistent/.gnupg/trustedkeys.gpg': file open error
gpgv: Signature made Thu Sep 25 00:09:33 2014 UTC using RSA key ID 2295D502
gpgv: Can't check signature: public key not found
dpkg-source: warning: failed to verify signature on ./samtools_1.1-1.dsc
dpkg-source: info: extracting samtools in samtools-1.1
dpkg-source: info: unpacking samtools_1.1.orig.tar.gz
dpkg-source: info: unpacking samtools_1.1-1.debian.tar.xz
dpkg-source: info: applying fix_coverage_cap.patch
dpkg-source: info: applying fix_segfault_with_small_ref.patch
dpkg-source: info: applying dynamic-build.patch
dpkg-source: info: applying debian-changes

Check disc space
────────────────

Sufficient free space for build

User Environment
────────────────

DEB_BUILD_OPTIONS=parallel=2
HOME=/sbuild-nonexistent
LOGNAME=buildd
PATH=/usr/local/sbin:/usr/local/bin:/usr/sbin:/usr/bin:/sbin:/bin:/usr/games
SCHROOT_ALIAS_NAME=sid-kfreebsd-amd64-sbuild
SCHROOT_CHROOT_NAME=sid-ka-sbuild
SCHROOT_COMMAND=env
SCHROOT_GID=1009
SCHROOT_GROUP=buildd
SCHROOT_SESSION_ID=sid-ka-sbuild-1411604862-68022
SCHROOT_UID=2952
SCHROOT_USER=buildd
SHELL=/bin/sh
USER=buildd

dpkg-buildpackage
─────────────────

dpkg-buildpackage: source package samtools
dpkg-buildpackage: source version 1.1-1
dpkg-buildpackage: source distribution unstable
 dpkg-source --before-build samtools-1.1
dpkg-buildpackage: host architecture kfreebsd-amd64
dpkg-source: info: using options from samtools-1.1/debian/source/options: --single-debian-patch
 fakeroot debian/rules clean
dh clean --parallel
   dh_testdir -O--parallel
   dh_auto_clean -O--parallel
	make -j2 distclean
make[1]: Entering directory '/«PKGBUILDDIR»'
rm -f test/*.new test/*.tmp test/*/*.new test/*/*.tmp
cd test/mpileup && rm -f FAIL-*.out* PASS-*.out* anomalous.[bc]*am indels.[bc]*am mpileup.*.[cs]*am mpileup.*.crai overlap50.[bc]*am expected/1.out
rm -f *.o misc/*.o test/*.o test/*/*.o version.h
rm -f samtools libbam.a misc/ace2sam misc/maq2sam-long misc/maq2sam-short misc/md5fa misc/md5sum-lite misc/wgsim test/merge/test_bam_translate test/merge/test_pretty_header test/merge/test_rtrans_build test/merge/test_trans_tbl_init test/split/test_count_rg test/split/test_expand_format_string test/split/test_filter_header_rg test/split/test_parse_args test/vcf-miniview
rm -f TAGS
make[1]: Leaving directory '/«PKGBUILDDIR»'
   dh_clean -O--parallel
	rm -f debian/samtools.substvars
	rm -f debian/samtools.*.debhelper
	rm -rf debian/samtools/
	rm -f debian/samtools-test.substvars
	rm -f debian/samtools-test.*.debhelper
	rm -rf debian/samtools-test/
	rm -f debian/*.debhelper.log
	rm -f debian/files
	find .  \( \( -type f -a \
	        \( -name '#*#' -o -name '.*~' -o -name '*~' -o -name DEADJOE \
		 -o -name '*.orig' -o -name '*.rej' -o -name '*.bak' \
		 -o -name '.*.orig' -o -name .*.rej -o -name '.SUMS' \
		 -o -name TAGS -o \( -path '*/.deps/*' -a -name '*.P' \) \
		\) -exec rm -f {} + \) -o \
		\( -type d -a -name autom4te.cache -prune -exec rm -rf {} + \) \)
	rm -f *-stamp
 debian/rules build-arch
dh build-arch --parallel
   dh_testdir -a -O--parallel
   dh_auto_configure -a -O--parallel
   debian/rules override_dh_auto_build
make[1]: Entering directory '/«PKGBUILDDIR»'
dh_auto_build -- \
  HTSDIR="/usr/include" \
  HTSLIB=/usr/lib/x86_64-kfreebsd-gnu/libhts.a \
  CFLAGS="$(dpkg-buildflags --get CFLAGS)" \
  CPPFLAGS="\$(DFLAGS) \$(INCLUDES) $(dpkg-buildflags --get CPPFLAGS)" \
  LDFLAGS="$(dpkg-buildflags --get LDFLAGS)" \
  LDLIBS="-lhts"
	make -j2 HTSDIR=/usr/include HTSLIB=/usr/lib/x86_64-kfreebsd-gnu/libhts.a "CFLAGS=-g -O2 -fstack-protector-strong -Wformat -Werror=format-security" "CPPFLAGS=\$(DFLAGS) \$(INCLUDES) -D_FORTIFY_SOURCE=2" LDFLAGS=-Wl,-z,relro LDLIBS=-lhts
make[2]: Entering directory '/«PKGBUILDDIR»'
gcc -g -O2 -fstack-protector-strong -Wformat -Werror=format-security -D_FILE_OFFSET_BITS=64 -D_LARGEFILE64_SOURCE -D_CURSES_LIB=1 -I. -I/usr/include -D_FORTIFY_SOURCE=2 -c -o bam_index.o bam_index.c
gcc -g -O2 -fstack-protector-strong -Wformat -Werror=format-security -D_FILE_OFFSET_BITS=64 -D_LARGEFILE64_SOURCE -D_CURSES_LIB=1 -I. -I/usr/include -D_FORTIFY_SOURCE=2 -c -o bam_plcmd.o bam_plcmd.c
gcc -g -O2 -fstack-protector-strong -Wformat -Werror=format-security -D_FILE_OFFSET_BITS=64 -D_LARGEFILE64_SOURCE -D_CURSES_LIB=1 -I. -I/usr/include -D_FORTIFY_SOURCE=2 -c -o sam_view.o sam_view.c
gcc -g -O2 -fstack-protector-strong -Wformat -Werror=format-security -D_FILE_OFFSET_BITS=64 -D_LARGEFILE64_SOURCE -D_CURSES_LIB=1 -I. -I/usr/include -D_FORTIFY_SOURCE=2 -c -o bam_cat.o bam_cat.c
gcc -g -O2 -fstack-protector-strong -Wformat -Werror=format-security -D_FILE_OFFSET_BITS=64 -D_LARGEFILE64_SOURCE -D_CURSES_LIB=1 -I. -I/usr/include -D_FORTIFY_SOURCE=2 -c -o bam_md.o bam_md.c
gcc -g -O2 -fstack-protector-strong -Wformat -Werror=format-security -D_FILE_OFFSET_BITS=64 -D_LARGEFILE64_SOURCE -D_CURSES_LIB=1 -I. -I/usr/include -D_FORTIFY_SOURCE=2 -c -o bam_reheader.o bam_reheader.c
gcc -g -O2 -fstack-protector-strong -Wformat -Werror=format-security -D_FILE_OFFSET_BITS=64 -D_LARGEFILE64_SOURCE -D_CURSES_LIB=1 -I. -I/usr/include -D_FORTIFY_SOURCE=2 -c -o bam_sort.o bam_sort.c
gcc -g -O2 -fstack-protector-strong -Wformat -Werror=format-security -D_FILE_OFFSET_BITS=64 -D_LARGEFILE64_SOURCE -D_CURSES_LIB=1 -I. -I/usr/include -D_FORTIFY_SOURCE=2 -c -o bedidx.o bedidx.c
gcc -g -O2 -fstack-protector-strong -Wformat -Werror=format-security -D_FILE_OFFSET_BITS=64 -D_LARGEFILE64_SOURCE -D_CURSES_LIB=1 -I. -I/usr/include -D_FORTIFY_SOURCE=2 -c -o kprobaln.o kprobaln.c
gcc -g -O2 -fstack-protector-strong -Wformat -Werror=format-security -D_FILE_OFFSET_BITS=64 -D_LARGEFILE64_SOURCE -D_CURSES_LIB=1 -I. -I/usr/include -D_FORTIFY_SOURCE=2 -c -o bam_rmdup.o bam_rmdup.c
gcc -g -O2 -fstack-protector-strong -Wformat -Werror=format-security -D_FILE_OFFSET_BITS=64 -D_LARGEFILE64_SOURCE -D_CURSES_LIB=1 -I. -I/usr/include -D_FORTIFY_SOURCE=2 -c -o bam_rmdupse.o bam_rmdupse.c
gcc -g -O2 -fstack-protector-strong -Wformat -Werror=format-security -D_FILE_OFFSET_BITS=64 -D_LARGEFILE64_SOURCE -D_CURSES_LIB=1 -I. -I/usr/include -D_FORTIFY_SOURCE=2 -c -o bam_mate.o bam_mate.c
gcc -g -O2 -fstack-protector-strong -Wformat -Werror=format-security -D_FILE_OFFSET_BITS=64 -D_LARGEFILE64_SOURCE -D_CURSES_LIB=1 -I. -I/usr/include -D_FORTIFY_SOURCE=2 -c -o bam_stat.o bam_stat.c
gcc -g -O2 -fstack-protector-strong -Wformat -Werror=format-security -D_FILE_OFFSET_BITS=64 -D_LARGEFILE64_SOURCE -D_CURSES_LIB=1 -I. -I/usr/include -D_FORTIFY_SOURCE=2 -c -o bam_color.o bam_color.c
echo '#define SAMTOOLS_VERSION "1.1"' > version.h
gcc -g -O2 -fstack-protector-strong -Wformat -Werror=format-security -D_FILE_OFFSET_BITS=64 -D_LARGEFILE64_SOURCE -D_CURSES_LIB=1 -I. -I/usr/include -D_FORTIFY_SOURCE=2 -c -o kaln.o kaln.c
gcc -g -O2 -fstack-protector-strong -Wformat -Werror=format-security -D_FILE_OFFSET_BITS=64 -D_LARGEFILE64_SOURCE -D_CURSES_LIB=1 -I. -I/usr/include -D_FORTIFY_SOURCE=2 -c -o bam2bcf.o bam2bcf.c
gcc -g -O2 -fstack-protector-strong -Wformat -Werror=format-security -D_FILE_OFFSET_BITS=64 -D_LARGEFILE64_SOURCE -D_CURSES_LIB=1 -I. -I/usr/include -D_FORTIFY_SOURCE=2 -c -o bam2bcf_indel.o bam2bcf_indel.c
gcc -g -O2 -fstack-protector-strong -Wformat -Werror=format-security -D_FILE_OFFSET_BITS=64 -D_LARGEFILE64_SOURCE -D_CURSES_LIB=1 -I. -I/usr/include -D_FORTIFY_SOURCE=2 -c -o errmod.o errmod.c
gcc -g -O2 -fstack-protector-strong -Wformat -Werror=format-security -D_FILE_OFFSET_BITS=64 -D_LARGEFILE64_SOURCE -D_CURSES_LIB=1 -I. -I/usr/include -D_FORTIFY_SOURCE=2 -c -o sample.o sample.c
gcc -g -O2 -fstack-protector-strong -Wformat -Werror=format-security -D_FILE_OFFSET_BITS=64 -D_LARGEFILE64_SOURCE -D_CURSES_LIB=1 -I. -I/usr/include -D_FORTIFY_SOURCE=2 -c -o cut_target.o cut_target.c
gcc -g -O2 -fstack-protector-strong -Wformat -Werror=format-security -D_FILE_OFFSET_BITS=64 -D_LARGEFILE64_SOURCE -D_CURSES_LIB=1 -I. -I/usr/include -D_FORTIFY_SOURCE=2 -c -o phase.o phase.c
gcc -g -O2 -fstack-protector-strong -Wformat -Werror=format-security -D_FILE_OFFSET_BITS=64 -D_LARGEFILE64_SOURCE -D_CURSES_LIB=1 -I. -I/usr/include -D_FORTIFY_SOURCE=2 -c -o bam2depth.o bam2depth.c
gcc -g -O2 -fstack-protector-strong -Wformat -Werror=format-security -D_FILE_OFFSET_BITS=64 -D_LARGEFILE64_SOURCE -D_CURSES_LIB=1 -I. -I/usr/include -D_FORTIFY_SOURCE=2 -c -o padding.o padding.c
gcc -g -O2 -fstack-protector-strong -Wformat -Werror=format-security -D_FILE_OFFSET_BITS=64 -D_LARGEFILE64_SOURCE -D_CURSES_LIB=1 -I. -I/usr/include -D_FORTIFY_SOURCE=2 -c -o bedcov.o bedcov.c
gcc -g -O2 -fstack-protector-strong -Wformat -Werror=format-security -D_FILE_OFFSET_BITS=64 -D_LARGEFILE64_SOURCE -D_CURSES_LIB=1 -I. -I/usr/include -D_FORTIFY_SOURCE=2 -c -o bamshuf.o bamshuf.c
gcc -g -O2 -fstack-protector-strong -Wformat -Werror=format-security -D_FILE_OFFSET_BITS=64 -D_LARGEFILE64_SOURCE -D_CURSES_LIB=1 -I. -I/usr/include -D_FORTIFY_SOURCE=2 -c -o faidx.o faidx.c
gcc -g -O2 -fstack-protector-strong -Wformat -Werror=format-security -D_FILE_OFFSET_BITS=64 -D_LARGEFILE64_SOURCE -D_CURSES_LIB=1 -I. -I/usr/include -D_FORTIFY_SOURCE=2 -c -o stats.o stats.c
gcc -g -O2 -fstack-protector-strong -Wformat -Werror=format-security -D_FILE_OFFSET_BITS=64 -D_LARGEFILE64_SOURCE -D_CURSES_LIB=1 -I. -I/usr/include -D_FORTIFY_SOURCE=2 -c -o stats_isize.o stats_isize.c
gcc -g -O2 -fstack-protector-strong -Wformat -Werror=format-security -D_FILE_OFFSET_BITS=64 -D_LARGEFILE64_SOURCE -D_CURSES_LIB=1 -I. -I/usr/include -D_FORTIFY_SOURCE=2 -c -o bam_flags.o bam_flags.c
gcc -g -O2 -fstack-protector-strong -Wformat -Werror=format-security -D_FILE_OFFSET_BITS=64 -D_LARGEFILE64_SOURCE -D_CURSES_LIB=1 -I. -I/usr/include -D_FORTIFY_SOURCE=2 -c -o bam_split.o bam_split.c
gcc -g -O2 -fstack-protector-strong -Wformat -Werror=format-security -D_FILE_OFFSET_BITS=64 -D_LARGEFILE64_SOURCE -D_CURSES_LIB=1 -I. -I/usr/include -D_FORTIFY_SOURCE=2 -c -o bam_tview.o bam_tview.c
gcc -g -O2 -fstack-protector-strong -Wformat -Werror=format-security -D_FILE_OFFSET_BITS=64 -D_LARGEFILE64_SOURCE -D_CURSES_LIB=1 -I. -I/usr/include -D_FORTIFY_SOURCE=2 -c -o bam_tview_curses.o bam_tview_curses.c
gcc -g -O2 -fstack-protector-strong -Wformat -Werror=format-security -D_FILE_OFFSET_BITS=64 -D_LARGEFILE64_SOURCE -D_CURSES_LIB=1 -I. -I/usr/include -D_FORTIFY_SOURCE=2 -c -o bam_tview_html.o bam_tview_html.c
gcc -g -O2 -fstack-protector-strong -Wformat -Werror=format-security -D_FILE_OFFSET_BITS=64 -D_LARGEFILE64_SOURCE -D_CURSES_LIB=1 -I. -I/usr/include -D_FORTIFY_SOURCE=2 -c -o bam_lpileup.o bam_lpileup.c
gcc -g -O2 -fstack-protector-strong -Wformat -Werror=format-security -D_FILE_OFFSET_BITS=64 -D_LARGEFILE64_SOURCE -D_CURSES_LIB=1 -I. -I/usr/include -D_FORTIFY_SOURCE=2 -c -o bam_aux.o bam_aux.c
gcc -g -O2 -fstack-protector-strong -Wformat -Werror=format-security -D_FILE_OFFSET_BITS=64 -D_LARGEFILE64_SOURCE -D_CURSES_LIB=1 -I. -I/usr/include -D_FORTIFY_SOURCE=2 -c -o bam.o bam.c
gcc -g -O2 -fstack-protector-strong -Wformat -Werror=format-security -D_FILE_OFFSET_BITS=64 -D_LARGEFILE64_SOURCE -D_CURSES_LIB=1 -I. -I/usr/include -D_FORTIFY_SOURCE=2 -c -o bam_import.o bam_import.c
gcc -g -O2 -fstack-protector-strong -Wformat -Werror=format-security -D_FILE_OFFSET_BITS=64 -D_LARGEFILE64_SOURCE -D_CURSES_LIB=1 -I. -I/usr/include -D_FORTIFY_SOURCE=2 -c -o sam.o sam.c
gcc -g -O2 -fstack-protector-strong -Wformat -Werror=format-security -D_FILE_OFFSET_BITS=64 -D_LARGEFILE64_SOURCE -D_CURSES_LIB=1 -I. -I/usr/include -D_FORTIFY_SOURCE=2 -c -o sam_header.o sam_header.c
gcc -g -O2 -fstack-protector-strong -Wformat -Werror=format-security -D_FILE_OFFSET_BITS=64 -D_LARGEFILE64_SOURCE -D_CURSES_LIB=1 -I. -I/usr/include -D_FORTIFY_SOURCE=2 -c -o bam_plbuf.o bam_plbuf.c
gcc -g -O2 -fstack-protector-strong -Wformat -Werror=format-security -D_FILE_OFFSET_BITS=64 -D_LARGEFILE64_SOURCE -D_CURSES_LIB=1 -I. -I/usr/include -D_FORTIFY_SOURCE=2 -c -o misc/ace2sam.o misc/ace2sam.c
gcc -g -O2 -fstack-protector-strong -Wformat -Werror=format-security -D_FILE_OFFSET_BITS=64 -D_LARGEFILE64_SOURCE -D_CURSES_LIB=1 -I. -I/usr/include -D_FORTIFY_SOURCE=2 -DMAQ_LONGREADS -c -o misc/maq2sam-long.o misc/maq2sam.c
gcc -g -O2 -fstack-protector-strong -Wformat -Werror=format-security -D_FILE_OFFSET_BITS=64 -D_LARGEFILE64_SOURCE -D_CURSES_LIB=1 -I. -I/usr/include -D_FORTIFY_SOURCE=2 -c -o misc/maq2sam-short.o misc/maq2sam.c
gcc -g -O2 -fstack-protector-strong -Wformat -Werror=format-security -D_FILE_OFFSET_BITS=64 -D_LARGEFILE64_SOURCE -D_CURSES_LIB=1 -I. -I/usr/include -D_FORTIFY_SOURCE=2 -c -o misc/md5fa.o misc/md5fa.c
gcc -g -O2 -fstack-protector-strong -Wformat -Werror=format-security -D_FILE_OFFSET_BITS=64 -D_LARGEFILE64_SOURCE -D_CURSES_LIB=1 -I. -I/usr/include -D_FORTIFY_SOURCE=2 -c -o misc/md5.o misc/md5.c
gcc -g -O2 -fstack-protector-strong -Wformat -Werror=format-security -D_FILE_OFFSET_BITS=64 -D_LARGEFILE64_SOURCE -D_CURSES_LIB=1 -I. -I/usr/include -D_FORTIFY_SOURCE=2 -DMD5SUM_MAIN -c -o misc/md5sum-lite.o misc/md5.c
gcc -g -O2 -fstack-protector-strong -Wformat -Werror=format-security -D_FILE_OFFSET_BITS=64 -D_LARGEFILE64_SOURCE -D_CURSES_LIB=1 -I. -I/usr/include -D_FORTIFY_SOURCE=2 -c -o misc/wgsim.o misc/wgsim.c
gcc -g -O2 -fstack-protector-strong -Wformat -Werror=format-security -D_FILE_OFFSET_BITS=64 -D_LARGEFILE64_SOURCE -D_CURSES_LIB=1 -I. -I/usr/include -D_FORTIFY_SOURCE=2 -c -o test/merge/test_bam_translate.o test/merge/test_bam_translate.c
gcc -g -O2 -fstack-protector-strong -Wformat -Werror=format-security -D_FILE_OFFSET_BITS=64 -D_LARGEFILE64_SOURCE -D_CURSES_LIB=1 -I. -I/usr/include -D_FORTIFY_SOURCE=2 -c -o test/test.o test/test.c
gcc -g -O2 -fstack-protector-strong -Wformat -Werror=format-security -D_FILE_OFFSET_BITS=64 -D_LARGEFILE64_SOURCE -D_CURSES_LIB=1 -I. -I/usr/include -D_FORTIFY_SOURCE=2 -c -o test/merge/test_pretty_header.o test/merge/test_pretty_header.c
gcc -g -O2 -fstack-protector-strong -Wformat -Werror=format-security -D_FILE_OFFSET_BITS=64 -D_LARGEFILE64_SOURCE -D_CURSES_LIB=1 -I. -I/usr/include -D_FORTIFY_SOURCE=2 -c -o test/merge/test_rtrans_build.o test/merge/test_rtrans_build.c
gcc -g -O2 -fstack-protector-strong -Wformat -Werror=format-security -D_FILE_OFFSET_BITS=64 -D_LARGEFILE64_SOURCE -D_CURSES_LIB=1 -I. -I/usr/include -D_FORTIFY_SOURCE=2 -c -o test/merge/test_trans_tbl_init.o test/merge/test_trans_tbl_init.c
gcc -g -O2 -fstack-protector-strong -Wformat -Werror=format-security -D_FILE_OFFSET_BITS=64 -D_LARGEFILE64_SOURCE -D_CURSES_LIB=1 -I. -I/usr/include -D_FORTIFY_SOURCE=2 -c -o test/split/test_count_rg.o test/split/test_count_rg.c
gcc -g -O2 -fstack-protector-strong -Wformat -Werror=format-security -D_FILE_OFFSET_BITS=64 -D_LARGEFILE64_SOURCE -D_CURSES_LIB=1 -I. -I/usr/include -D_FORTIFY_SOURCE=2 -c -o test/split/test_expand_format_string.o test/split/test_expand_format_string.c
gcc -g -O2 -fstack-protector-strong -Wformat -Werror=format-security -D_FILE_OFFSET_BITS=64 -D_LARGEFILE64_SOURCE -D_CURSES_LIB=1 -I. -I/usr/include -D_FORTIFY_SOURCE=2 -c -o test/split/test_filter_header_rg.o test/split/test_filter_header_rg.c
gcc -g -O2 -fstack-protector-strong -Wformat -Werror=format-security -D_FILE_OFFSET_BITS=64 -D_LARGEFILE64_SOURCE -D_CURSES_LIB=1 -I. -I/usr/include -D_FORTIFY_SOURCE=2 -c -o test/split/test_parse_args.o test/split/test_parse_args.c
gcc -g -O2 -fstack-protector-strong -Wformat -Werror=format-security -D_FILE_OFFSET_BITS=64 -D_LARGEFILE64_SOURCE -D_CURSES_LIB=1 -I. -I/usr/include -D_FORTIFY_SOURCE=2 -c -o test/vcf-miniview.o test/vcf-miniview.c
gcc -g -O2 -fstack-protector-strong -Wformat -Werror=format-security -D_FILE_OFFSET_BITS=64 -D_LARGEFILE64_SOURCE -D_CURSES_LIB=1 -I. -I/usr/include -D_FORTIFY_SOURCE=2 -c -o bamtk.o bamtk.c
ar -csru libbam.a bam_aux.o bam.o bam_import.o sam.o sam_header.o bam_plbuf.o
gcc -Wl,-z,relro -o misc/ace2sam misc/ace2sam.o -lhts -lz
gcc -Wl,-z,relro -o misc/maq2sam-long misc/maq2sam-long.o -lhts -lz
gcc -Wl,-z,relro -o misc/maq2sam-short misc/maq2sam-short.o -lhts -lz
gcc -Wl,-z,relro -o misc/md5fa misc/md5fa.o misc/md5.o -lhts -lz
gcc -Wl,-z,relro -o misc/md5sum-lite misc/md5sum-lite.o -lhts
gcc -Wl,-z,relro -o misc/wgsim misc/wgsim.o -lhts -lm -lz
gcc -pthread -Wl,-z,relro -o test/merge/test_bam_translate test/merge/test_bam_translate.o test/test.o /usr/lib/x86_64-kfreebsd-gnu/libhts.a -lhts -lz
gcc -pthread -Wl,-z,relro -o test/merge/test_pretty_header test/merge/test_pretty_header.o /usr/lib/x86_64-kfreebsd-gnu/libhts.a -lhts -lz
gcc -pthread -Wl,-z,relro -o test/merge/test_rtrans_build test/merge/test_rtrans_build.o /usr/lib/x86_64-kfreebsd-gnu/libhts.a -lhts -lz
gcc -pthread -Wl,-z,relro -o test/merge/test_trans_tbl_init test/merge/test_trans_tbl_init.o /usr/lib/x86_64-kfreebsd-gnu/libhts.a -lhts -lz
gcc -pthread -Wl,-z,relro -o test/split/test_count_rg test/split/test_count_rg.o test/test.o /usr/lib/x86_64-kfreebsd-gnu/libhts.a -lhts -lz
gcc -pthread -Wl,-z,relro -o test/split/test_expand_format_string test/split/test_expand_format_string.o test/test.o /usr/lib/x86_64-kfreebsd-gnu/libhts.a -lhts -lz
gcc -pthread -Wl,-z,relro -o test/split/test_filter_header_rg test/split/test_filter_header_rg.o test/test.o /usr/lib/x86_64-kfreebsd-gnu/libhts.a -lhts -lz
gcc -pthread -Wl,-z,relro -o test/split/test_parse_args test/split/test_parse_args.o test/test.o /usr/lib/x86_64-kfreebsd-gnu/libhts.a -lhts -lz
gcc -pthread -Wl,-z,relro -o test/vcf-miniview test/vcf-miniview.o /usr/lib/x86_64-kfreebsd-gnu/libhts.a -lhts -lz
gcc -pthread -Wl,-z,relro -o samtools bam_index.o bam_plcmd.o sam_view.o bam_cat.o bam_md.o bam_reheader.o bam_sort.o bedidx.o kprobaln.o bam_rmdup.o bam_rmdupse.o bam_mate.o bam_stat.o bam_color.o bamtk.o kaln.o bam2bcf.o bam2bcf_indel.o errmod.o sample.o cut_target.o phase.o bam2depth.o padding.o bedcov.o bamshuf.o faidx.o stats.o stats_isize.o bam_flags.o bam_split.o bam_tview.o bam_tview_curses.o bam_tview_html.o bam_lpileup.o libbam.a /usr/lib/x86_64-kfreebsd-gnu/libhts.a -lhts -lcurses  -lm -lz
make[2]: Leaving directory '/«PKGBUILDDIR»'
make[1]: Leaving directory '/«PKGBUILDDIR»'
   debian/rules override_dh_auto_test
make[1]: Entering directory '/«PKGBUILDDIR»'
dh_auto_test -- \
  HTSDIR="/usr/include" \
  HTSLIB=/usr/lib/x86_64-kfreebsd-gnu/libhts.a \
  BGZIP=/usr/bin/bgzip
	make -j2 test HTSDIR=/usr/include HTSLIB=/usr/lib/x86_64-kfreebsd-gnu/libhts.a BGZIP=/usr/bin/bgzip
make[2]: Entering directory '/«PKGBUILDDIR»'
REF_PATH=: test/test.pl --exec bgzip=/usr/bin/bgzip
/usr/bin/bgzip -c -b 65272 -s 5 /tmp/2K2PBSgp_6/bgzip.dat.gz
.. ok

/usr/bin/bgzip -c -b 979200 -s 6 /tmp/2K2PBSgp_6/bgzip.dat.gz
.. ok

/usr/bin/bgzip -c -b 652804 -s 6 /tmp/2K2PBSgp_6/bgzip.dat.gz
.. ok

/«PKGBUILDDIR»/samtools faidx /tmp/2K2PBSgp_6/faidx.fa 3:11-13 | grep -v '^>'
.. ok

/«PKGBUILDDIR»/samtools faidx /tmp/2K2PBSgp_6/faidx.fa.gz 3:11-13 | grep -v '^>'
.. ok

/«PKGBUILDDIR»/samtools faidx /tmp/2K2PBSgp_6/faidx.fa 2:998-1003 | grep -v '^>'
.. ok

/«PKGBUILDDIR»/samtools faidx /tmp/2K2PBSgp_6/faidx.fa.gz 2:998-1003 | grep -v '^>'
.. ok

/«PKGBUILDDIR»/samtools faidx /tmp/2K2PBSgp_6/faidx.fa 1:100-104 | grep -v '^>'
.. ok

/«PKGBUILDDIR»/samtools faidx /tmp/2K2PBSgp_6/faidx.fa.gz 1:100-104 | grep -v '^>'
.. ok

/«PKGBUILDDIR»/samtools faidx /tmp/2K2PBSgp_6/faidx.fa 1:99998-100007 | grep -v '^>'
.. ok

/«PKGBUILDDIR»/samtools faidx /tmp/2K2PBSgp_6/faidx.fa.gz 1:99998-100007 | grep -v '^>'
.. ok

test_index:
	/«PKGBUILDDIR»/samtools index /tmp/2K2PBSgp_6/large_chrom.bam

.. expected failure

test_index:
	/«PKGBUILDDIR»/samtools view /tmp/2K2PBSgp_6/large_chrom.bam ref2

	The outputs stdout differ:
		/«PKGBUILDDIR»/test/dat/large_chrom.out
		/«PKGBUILDDIR»/test/dat/large_chrom.out.new
.. expected failure

test_index:
	/«PKGBUILDDIR»/samtools view /tmp/2K2PBSgp_6/large_chrom.bam ref2:1-541556283
.. ok

test_mpileup:
	/«PKGBUILDDIR»/samtools mpileup -b /tmp/2K2PBSgp_6/mpileup.bam.list -f /tmp/2K2PBSgp_6/mpileup.ref.fa.gz -r17:100-150
.. ok

test_mpileup:
	/«PKGBUILDDIR»/samtools mpileup -b /tmp/2K2PBSgp_6/mpileup.cram.list -f /tmp/2K2PBSgp_6/mpileup.ref.fa.gz -r17:100-150
.. ok

test_mpileup:
	/«PKGBUILDDIR»/samtools mpileup -uvDV -b /tmp/2K2PBSgp_6/mpileup.bam.list -f /tmp/2K2PBSgp_6/mpileup.ref.fa.gz -r17:100-600| grep -v ^##samtools | grep -v ^##ref
.. ok

test_mpileup:
	/«PKGBUILDDIR»/samtools mpileup -uvDV -b /tmp/2K2PBSgp_6/mpileup.cram.list -f /tmp/2K2PBSgp_6/mpileup.ref.fa.gz -r17:100-600| grep -v ^##samtools | grep -v ^##ref
.. ok

test_mpileup:
	/«PKGBUILDDIR»/samtools mpileup -uv -t DP,DPR,DV,DP4,INFO/DPR,SP -b /tmp/2K2PBSgp_6/mpileup.cram.list -f /tmp/2K2PBSgp_6/mpileup.ref.fa.gz -r17:100-600| grep -v ^##samtools | grep -v ^##ref
.. ok

test_mpileup:
	/«PKGBUILDDIR»/samtools mpileup -uv -t DP,DPR,DV,DP4,INFO/DPR,SP -b /tmp/2K2PBSgp_6/mpileup.cram.list -f /tmp/2K2PBSgp_6/mpileup.ref.fa.gz -r17:100-600| grep -v ^##samtools | grep -v ^##ref
.. ok

test_mpileup:
	/«PKGBUILDDIR»/samtools mpileup -B --ff 0x14 -f /tmp/2K2PBSgp_6/mpileup.ref.fa.gz -r17:1050-1060 /tmp/2K2PBSgp_6/mpileup.1.bam | grep -v mpileup
.. ok

test_mpileup:
	/«PKGBUILDDIR»/samtools mpileup -B --ff 0x14 -f /tmp/2K2PBSgp_6/mpileup.ref.fa.gz -r17:1050-1060 /tmp/2K2PBSgp_6/mpileup.1.cram | grep -v mpileup
test/test.pl: module IO::Pty not found; skipping usage tests
.. ok

test_usage:
	samtools
test_view:
	Generating test data file .................. done
	1: SAM -> BAM -> SAM                                        .. ok

	2: SAM -> uncompressed BAM                                  .. ok

	3: uncompressed BAM -> SAM and compare                      .. ok

	4: SAM -> fast compressed BAM                               .. ok

	5: fast compressed BAM -> SAM and compare                   .. ok

	6: SAM -> CRAM -> SAM (UR header tags)                      .. ok

	7: SAM -> CRAM -> SAM (M5 header tags)                      .. ok

	8: BAM -> CRAM with UR -> SAM                               .. ok

	9: SAM -> BAM (M5 header tags)                              .. ok

	10: SAM -> BAM -> CRAM -> SAM (M5 header tags)              .. ok

	11: CRAM -> BAM with UR                                     .. ok

	12: CRAM -> BAM with M5                                     .. ok

	13: SAM -> SAM via stdout                                   .. ok

	14: SAM -> BAM via stdout                                   .. ok

	15: SAM -> CRAM via stdout                                  .. ok

	16: SAM from stdin -> SAM                                   .. ok

	17: BAM from stdin -> SAM                                   .. ok

	18: CRAM from stdin -> SAM                                  .. ok

	19: samtools view -H (SAM input)                            .. ok

	20: samtools view -H (BAM input)                            .. ok

	21: samtools view -H (CRAM input)                           .. ok

	22: No headers (SAM input)                                  .. ok

	23: No headers (BAM input)                                  .. ok

	24: No headers (CRAM input)                                 .. ok

	25: Filter -f 128 (SAM input)                               .. ok

	26: Count -f 128 (SAM input)                                .. ok

	27: Filter -f 128 (BAM input)                               .. ok

	28: Count -f 128 (BAM input)                                .. ok

	29: Filter -f 128 (CRAM input)                              .. ok

	30: Count -f 128 (CRAM input)                               .. ok

	31: Filter -F 128 (SAM input)                               .. ok

	32: Count -F 128 (SAM input)                                .. ok

	33: Filter -F 128 (BAM input)                               .. ok

	34: Count -F 128 (BAM input)                                .. ok

	35: Filter -F 128 (CRAM input)                              .. ok

	36: Count -F 128 (CRAM input)                               .. ok

	37: Filter -F 128 -f 2 (SAM input)                          .. ok

	38: Count -F 128 -f 2 (SAM input)                           .. ok

	39: Filter -F 128 -f 2 (BAM input)                          .. ok

	40: Count -F 128 -f 2 (BAM input)                           .. ok

	41: Filter -F 128 -f 2 (CRAM input)                         .. ok

	42: Count -F 128 -f 2 (CRAM input)                          .. ok

	43: Filter -r grp2 (SAM input)                              .. ok

	44: Count -r grp2 (SAM input)                               .. ok

	45: Filter -r grp2 (BAM input)                              .. ok

	46: Count -r grp2 (BAM input)                               .. ok

	47: Filter -r grp2 (CRAM input)                             .. ok

	48: Count -r grp2 (CRAM input)                              .. ok

	49: Filter -R /tmp/2K2PBSgp_6/view.001.fogn (SAM input)     .. ok

	50: Count -R /tmp/2K2PBSgp_6/view.001.fogn (SAM input)      .. ok

	51: Filter -R /tmp/2K2PBSgp_6/view.001.fogn (BAM input)     .. ok

	52: Count -R /tmp/2K2PBSgp_6/view.001.fogn (BAM input)      .. ok

	53: Filter -R /tmp/2K2PBSgp_6/view.001.fogn (CRAM input)    .. ok

	54: Count -R /tmp/2K2PBSgp_6/view.001.fogn (CRAM input)     .. ok

	55: Filter -R /tmp/2K2PBSgp_6/view.001.fogn -r grp2 (SAM input).. ok

	56: Count -R /tmp/2K2PBSgp_6/view.001.fogn -r grp2 (SAM input).. ok

	57: Filter -R /tmp/2K2PBSgp_6/view.001.fogn -r grp2 (BAM input).. ok

	58: Count -R /tmp/2K2PBSgp_6/view.001.fogn -r grp2 (BAM input).. ok

	59: Filter -R /tmp/2K2PBSgp_6/view.001.fogn -r grp2 (CRAM input).. ok

	60: Count -R /tmp/2K2PBSgp_6/view.001.fogn -r grp2 (CRAM input).. ok

	61: Filter -r grp2 -R /tmp/2K2PBSgp_6/view.001.fogn (SAM input).. ok

	62: Count -r grp2 -R /tmp/2K2PBSgp_6/view.001.fogn (SAM input).. ok

	63: Filter -r grp2 -R /tmp/2K2PBSgp_6/view.001.fogn (BAM input).. ok

	64: Count -r grp2 -R /tmp/2K2PBSgp_6/view.001.fogn (BAM input).. ok

	65: Filter -r grp2 -R /tmp/2K2PBSgp_6/view.001.fogn (CRAM input).. ok

	66: Count -r grp2 -R /tmp/2K2PBSgp_6/view.001.fogn (CRAM input).. ok

Samtools-htslib-API: bam_get_library() not yet implemented
	67: Filter -l Library 2 (SAM input)                         	Failed command:
	/«PKGBUILDDIR»/samtools view -o /tmp/2K2PBSgp_6/view.test067.sam -h -l Library 2 /tmp/2K2PBSgp_6/view.001.sam


.. expected failure

Samtools-htslib-API: bam_get_library() not yet implemented
	68: Count -l Library 2 (SAM input)                          	Failed command:
	/«PKGBUILDDIR»/samtools view -c -l Library 2 /tmp/2K2PBSgp_6/view.001.sam


.. expected failure

Samtools-htslib-API: bam_get_library() not yet implemented
	69: Filter -l Library 2 (BAM input)                         	Failed command:
	/«PKGBUILDDIR»/samtools view -o /tmp/2K2PBSgp_6/view.test069.sam -h -l Library 2 /tmp/2K2PBSgp_6/view.test001.bam


.. expected failure

Samtools-htslib-API: bam_get_library() not yet implemented
	70: Count -l Library 2 (BAM input)                          	Failed command:
	/«PKGBUILDDIR»/samtools view -c -l Library 2 /tmp/2K2PBSgp_6/view.test001.bam


.. expected failure

Samtools-htslib-API: bam_get_library() not yet implemented
	71: Filter -l Library 2 (CRAM input)                        	Failed command:
	/«PKGBUILDDIR»/samtools view -o /tmp/2K2PBSgp_6/view.test071.sam -h -l Library 2 /tmp/2K2PBSgp_6/view.test006.cram


.. expected failure

Samtools-htslib-API: bam_get_library() not yet implemented
	72: Count -l Library 2 (CRAM input)                         	Failed command:
	/«PKGBUILDDIR»/samtools view -c -l Library 2 /tmp/2K2PBSgp_6/view.test006.cram


.. expected failure

	73: Filter -q 50 (SAM input)                                .. ok

	74: Count -q 50 (SAM input)                                 .. ok

	75: Filter -q 50 (BAM input)                                .. ok

	76: Count -q 50 (BAM input)                                 .. ok

	77: Filter -q 50 (CRAM input)                               .. ok

	78: Count -q 50 (CRAM input)                                .. ok

	79: Filter -q 99 (SAM input)                                .. ok

	80: Count -q 99 (SAM input)                                 .. ok

	81: Filter -q 99 (BAM input)                                .. ok

	82: Count -q 99 (BAM input)                                 .. ok

	83: Filter -q 99 (CRAM input)                               .. ok

	84: Count -q 99 (CRAM input)                                .. ok

	85: Filter -q 100 (SAM input)                               .. ok

	86: Count -q 100 (SAM input)                                .. ok

	87: Filter -q 100 (BAM input)                               .. ok

	88: Count -q 100 (BAM input)                                .. ok

	89: Filter -q 100 (CRAM input)                              .. ok

	90: Count -q 100 (CRAM input)                               .. ok

	91: Filter -x fa (SAM input)                                .. ok

	92: Count -x fa (SAM input)                                 .. ok

	93: Filter -x fa (BAM input)                                .. ok

	94: Count -x fa (BAM input)                                 .. ok

	95: Filter -x fa (CRAM input)                               .. ok

	96: Count -x fa (CRAM input)                                .. ok

	97: Filter -x fa -x ha (SAM input)                          .. ok

	98: Count -x fa -x ha (SAM input)                           .. ok

	99: Filter -x fa -x ha (BAM input)                          .. ok

	100: Count -x fa -x ha (BAM input)                          .. ok

	101: Filter -x fa -x ha (CRAM input)                        .. ok

	102: Count -x fa -x ha (CRAM input)                         .. ok

	103: Filter -x fa -r grp2 (SAM input)                       .. ok

	104: Count -x fa -r grp2 (SAM input)                        .. ok

	105: Filter -x fa -r grp2 (BAM input)                       .. ok

	106: Count -x fa -r grp2 (BAM input)                        .. ok

	107: Filter -x fa -r grp2 (CRAM input)                      .. ok

	108: Count -x fa -r grp2 (CRAM input)                       .. ok

	109: Filter -x RG -r grp2 (SAM input)                       .. ok

	110: Count -x RG -r grp2 (SAM input)                        .. ok

	111: Filter -x RG -r grp2 (BAM input)                       .. ok

	112: Count -x RG -r grp2 (BAM input)                        .. ok

	113: Filter -x RG -r grp2 (CRAM input)                      .. ok

	114: Count -x RG -r grp2 (CRAM input)                       .. ok

	115: Filter -m 10 (SAM input)                               .. ok

	116: Count -m 10 (SAM input)                                .. ok

	117: Filter -m 10 (BAM input)                               .. ok

	118: Count -m 10 (BAM input)                                .. ok

	119: Filter -m 10 (CRAM input)                              .. ok

	120: Count -m 10 (CRAM input)                               .. ok

	121: Filter -m 11 (SAM input)                               .. ok

	122: Count -m 11 (SAM input)                                .. ok

	123: Filter -m 11 (BAM input)                               .. ok

	124: Count -m 11 (BAM input)                                .. ok

	125: Filter -m 11 (CRAM input)                              .. ok

	126: Count -m 11 (CRAM input)                               .. ok

	127: Filter -m 15 (SAM input)                               .. ok

	128: Count -m 15 (SAM input)                                .. ok

	129: Filter -m 15 (BAM input)                               .. ok

	130: Count -m 15 (BAM input)                                .. ok

	131: Filter -m 15 (CRAM input)                              .. ok

	132: Count -m 15 (CRAM input)                               .. ok

	133: Filter -m 16 (SAM input)                               .. ok

	134: Count -m 16 (SAM input)                                .. ok

	135: Filter -m 16 (BAM input)                               .. ok

	136: Count -m 16 (BAM input)                                .. ok

	137: Filter -m 16 (CRAM input)                              .. ok

	138: Count -m 16 (CRAM input)                               .. ok

	139: 1bp reads file SAM -> BAM -> SAM                       .. ok

	140: 1bp reads file SAM -> CRAM -> SAM                      .. ok

	140: Region  Z (BAM input)                                  .. ok

	141: Count  Z (BAM input)                                   .. ok

	142: Region  Z (CRAM input)                                 .. ok

	143: Count  Z (CRAM input)                                  .. ok

	144: Region  Z:30 (BAM input)                               .. ok

	145: Count  Z:30 (BAM input)                                .. ok

	146: Region  Z:30 (CRAM input)                              .. ok

	147: Count  Z:30 (CRAM input)                               .. ok

	148: Region  Z:20-40 (BAM input)                            .. ok

	149: Count  Z:20-40 (BAM input)                             .. ok

	150: Region  Z:20-40 (CRAM input)                           .. ok

	151: Count  Z:20-40 (CRAM input)                            .. ok

	152: Region  ref1 (BAM input)                               .. ok

	153: Count  ref1 (BAM input)                                .. ok

	154: Region  ref1 (CRAM input)                              .. ok

	155: Count  ref1 (CRAM input)                               .. ok

	156: Region  ref1:15 (BAM input)                            .. ok

	157: Count  ref1:15 (BAM input)                             .. ok

	158: Region  ref1:15 (CRAM input)                           .. ok

	159: Count  ref1:15 (CRAM input)                            .. ok

	160: Region  ref1:15-45 (BAM input)                         .. ok

	161: Count  ref1:15-45 (BAM input)                          .. ok

	162: Region  ref1:15-45 (CRAM input)                        .. ok

	163: Count  ref1:15-45 (CRAM input)                         .. ok

	164: Region  ref1:15-45 ref2 (BAM input)                    .. ok

	165: Count  ref1:15-45 ref2 (BAM input)                     .. ok

	166: Region  ref1:15-45 ref2 (CRAM input)                   .. ok

	167: Count  ref1:15-45 ref2 (CRAM input)                    .. ok

	168: Region  ref1:15-45 ref2:16 (BAM input)                 .. ok

	169: Count  ref1:15-45 ref2:16 (BAM input)                  .. ok

	170: Region  ref1:15-45 ref2:16 (CRAM input)                .. ok

	171: Count  ref1:15-45 ref2:16 (CRAM input)                 .. ok

	172: Region  ref1:15-45 ref2:16-31 (BAM input)              .. ok

	173: Count  ref1:15-45 ref2:16-31 (BAM input)               .. ok

	174: Region  ref1:15-45 ref2:16-31 (CRAM input)             .. ok

	175: Count  ref1:15-45 ref2:16-31 (CRAM input)              .. ok

	176: Region  ref1:15-15 ref1:45-45 (BAM input)              .. ok

	177: Count  ref1:15-15 ref1:45-45 (BAM input)               .. ok

	178: Region  ref1:15-15 ref1:45-45 (CRAM input)             .. ok

	179: Count  ref1:15-15 ref1:45-45 (CRAM input)              .. ok

	180: Region -f 128 ref1 (BAM input)                         .. ok

	181: Count -f 128 ref1 (BAM input)                          .. ok

	182: Region -f 128 ref1 (CRAM input)                        .. ok

	183: Count -f 128 ref1 (CRAM input)                         .. ok

	184: Region -q 50 ref1:15-45 (BAM input)                    .. ok

	185: Count -q 50 ref1:15-45 (BAM input)                     .. ok

	186: Region -q 50 ref1:15-45 (CRAM input)                   .. ok

	187: Count -q 50 ref1:15-45 (CRAM input)                    .. ok

	188: Region -r grp2 ref1:15-45 (BAM input)                  .. ok

	189: Count -r grp2 ref1:15-45 (BAM input)                   .. ok

	190: Region -r grp2 ref1:15-45 (CRAM input)                 .. ok

	191: Count -r grp2 ref1:15-45 (CRAM input)                  .. ok

	192: Region -L /«PKGBUILDDIR»/test/dat/view.002.01.bed  (BAM input).. ok

	193: Count -L /«PKGBUILDDIR»/test/dat/view.002.01.bed  (BAM input).. ok

	194: Region -L /«PKGBUILDDIR»/test/dat/view.002.01.bed  (CRAM input).. ok

	195: Count -L /«PKGBUILDDIR»/test/dat/view.002.01.bed  (CRAM input).. ok

	196: Region -L /«PKGBUILDDIR»/test/dat/view.002.02.bed  (BAM input).. ok

	197: Count -L /«PKGBUILDDIR»/test/dat/view.002.02.bed  (BAM input).. ok

	198: Region -L /«PKGBUILDDIR»/test/dat/view.002.02.bed  (CRAM input).. ok

	199: Count -L /«PKGBUILDDIR»/test/dat/view.002.02.bed  (CRAM input).. ok

	200: Region -L /«PKGBUILDDIR»/test/dat/view.001.01.bed  (BAM input).. ok

	201: Count -L /«PKGBUILDDIR»/test/dat/view.001.01.bed  (BAM input).. ok

	202: Region -L /«PKGBUILDDIR»/test/dat/view.001.01.bed  (CRAM input).. ok

	203: Count -L /«PKGBUILDDIR»/test/dat/view.001.01.bed  (CRAM input).. ok

	204: Region -L /«PKGBUILDDIR»/test/dat/view.001.02.bed  (BAM input).. ok

	205: Count -L /«PKGBUILDDIR»/test/dat/view.001.02.bed  (BAM input).. ok

	206: Region -L /«PKGBUILDDIR»/test/dat/view.001.02.bed  (CRAM input).. ok

	207: Count -L /«PKGBUILDDIR»/test/dat/view.001.02.bed  (CRAM input).. ok

	208: Region -L /«PKGBUILDDIR»/test/dat/view.002.01.bed Z (BAM input).. ok

	209: Count -L /«PKGBUILDDIR»/test/dat/view.002.01.bed Z (BAM input).. ok

	210: Region -L /«PKGBUILDDIR»/test/dat/view.002.01.bed Z (CRAM input).. ok

	211: Count -L /«PKGBUILDDIR»/test/dat/view.002.01.bed Z (CRAM input).. ok

	212: Region -L /«PKGBUILDDIR»/test/dat/view.002.01.bed Z:30 (BAM input).. ok

	213: Count -L /«PKGBUILDDIR»/test/dat/view.002.01.bed Z:30 (BAM input).. ok

	214: Region -L /«PKGBUILDDIR»/test/dat/view.002.01.bed Z:30 (CRAM input).. ok

	215: Count -L /«PKGBUILDDIR»/test/dat/view.002.01.bed Z:30 (CRAM input).. ok

	216: Region -L /«PKGBUILDDIR»/test/dat/view.002.01.bed Z:10-30 (BAM input).. ok

	217: Count -L /«PKGBUILDDIR»/test/dat/view.002.01.bed Z:10-30 (BAM input).. ok

	218: Region -L /«PKGBUILDDIR»/test/dat/view.002.01.bed Z:10-30 (CRAM input).. ok

	219: Count -L /«PKGBUILDDIR»/test/dat/view.002.01.bed Z:10-30 (CRAM input).. ok

	220: Region -L /«PKGBUILDDIR»/test/dat/view.002.01.bed Z:25-35 (BAM input).. ok

	221: Count -L /«PKGBUILDDIR»/test/dat/view.002.01.bed Z:25-35 (BAM input).. ok

	222: Region -L /«PKGBUILDDIR»/test/dat/view.002.01.bed Z:25-35 (CRAM input).. ok

	223: Count -L /«PKGBUILDDIR»/test/dat/view.002.01.bed Z:25-35 (CRAM input).. ok

	224: Region -L /«PKGBUILDDIR»/test/dat/view.001.01.bed ref1:11-16 (BAM input).. ok

	225: Count -L /«PKGBUILDDIR»/test/dat/view.001.01.bed ref1:11-16 (BAM input).. ok

	226: Region -L /«PKGBUILDDIR»/test/dat/view.001.01.bed ref1:11-16 (CRAM input).. ok

	227: Count -L /«PKGBUILDDIR»/test/dat/view.001.01.bed ref1:11-16 (CRAM input).. ok

	228: Region -L /«PKGBUILDDIR»/test/dat/view.001.01.bed ref2 (BAM input).. ok

	229: Count -L /«PKGBUILDDIR»/test/dat/view.001.01.bed ref2 (BAM input).. ok

	230: Region -L /«PKGBUILDDIR»/test/dat/view.001.01.bed ref2 (CRAM input).. ok

	231: Count -L /«PKGBUILDDIR»/test/dat/view.001.01.bed ref2 (CRAM input).. ok

	232: Region -L /«PKGBUILDDIR»/test/dat/view.001.01.bed -r grp1  (BAM input).. ok

	233: Count -L /«PKGBUILDDIR»/test/dat/view.001.01.bed -r grp1  (BAM input).. ok

	234: Region -L /«PKGBUILDDIR»/test/dat/view.001.01.bed -r grp1  (CRAM input).. ok

	235: Count -L /«PKGBUILDDIR»/test/dat/view.001.01.bed -r grp1  (CRAM input).. ok

	236: Region -L /«PKGBUILDDIR»/test/dat/view.001.01.bed -f 128  (BAM input).. ok

	237: Count -L /«PKGBUILDDIR»/test/dat/view.001.01.bed -f 128  (BAM input).. ok

	238: Region -L /«PKGBUILDDIR»/test/dat/view.001.01.bed -f 128  (CRAM input).. ok

	239: Count -L /«PKGBUILDDIR»/test/dat/view.001.01.bed -f 128  (CRAM input).. ok

	240: Region -L /«PKGBUILDDIR»/test/dat/view.001.01.bed -q 5  (BAM input).. ok

	241: Count -L /«PKGBUILDDIR»/test/dat/view.001.01.bed -q 5  (BAM input).. ok

	242: Region -L /«PKGBUILDDIR»/test/dat/view.001.01.bed -q 5  (CRAM input).. ok

	243: Count -L /«PKGBUILDDIR»/test/dat/view.001.01.bed -q 5  (CRAM input).. ok

	244: Region -L /«PKGBUILDDIR»/test/dat/view.001.01.bed -r grp1 ref1:11-16 (BAM input).. ok

	245: Count -L /«PKGBUILDDIR»/test/dat/view.001.01.bed -r grp1 ref1:11-16 (BAM input).. ok

	246: Region -L /«PKGBUILDDIR»/test/dat/view.001.01.bed -r grp1 ref1:11-16 (CRAM input).. ok

	247: Count -L /«PKGBUILDDIR»/test/dat/view.001.01.bed -r grp1 ref1:11-16 (CRAM input).. ok

	248: Make BAM with no M5/UR tags                            .. ok

	249: Add @SQ with -t (SAM -> SAM)                           .. ok

	250: Add @SQ with -T (SAM -> SAM)                           .. ok

	251: Add @SQ with -t (BAM -> SAM)                           .. ok

	252: Add @SQ with -T (BAM -> SAM)                           .. ok

	253: Add @SQ with -t (SAM -> BAM)                           .. ok

	254: Add @SQ with -T (SAM -> BAM)                           .. ok

	255: Add @SQ with -t (BAM -> BAM)                           .. ok

	256: Add @SQ with -T (BAM -> BAM)                           .. ok

	257: Add @SQ with -t (SAM -> CRAM)                          .. ok

	258: Add @SQ with -T (SAM -> CRAM)                          .. ok

	259: Add @SQ with -t (BAM -> CRAM)                          .. ok

	260: Add @SQ with -T (BAM -> CRAM)                          .. ok

	261: CIGAR B-operator removal                               .. ok

	262: Big SAM -> BAM                                         .. ok

	263: Big SAM -> BAM (2 threads)                             .. ok

	264: Big SAM -> BAM (4 threads)                             .. ok

	265: Big SAM -> CRAM                                        .. ok

	266: Big SAM -> CRAM (2 threads)                            .. ok

	267: Big SAM -> CRAM (4 threads)                            .. ok

	268: Subsample 0.2 (SAM input) ............ ok

	269: Subsample 0.5 (SAM input) ............ ok

	270: Subsample 0.8 (SAM input) ............ ok

	271: Subsample 0.2 (BAM input) ............ ok

	272: Subsample 0.5 (BAM input) ............ ok

	273: Subsample 0.8 (BAM input) ............ ok

	274: Subsample 0.2 (CRAM input) ............ ok

	275: Subsample 0.5 (CRAM input) ............ ok

	276: Subsample 0.8 (CRAM input) ............ ok

test_cat:
	Generating test data file .................. done
	Generate BAM file #1                                        .. ok

	Generating test data file .................. done
	Generate BAM file #2                                        .. ok

	Generating test data file .................. done
	Generate BAM file #3                                        .. ok

	Generating test data file .................. done
	Generate BAM file #4                                        .. ok

	1: cat BAM files                                            .. ok

	2: cat recompressed BAM files                               .. ok

	3: cat BAM files to stdout                                  .. ok

	4: cat recompressed BAM files to stdout                     .. ok

	5: cat BAM files with new header                            .. ok

	6: cat recompressed BAM files with new header               .. ok

test_bam2fq:
	Generate BAM file                                           .. ok

	Generate CRAM file                                          .. ok

[M::main_bam2fq] processed 36 reads
	1: bam2fq  (SAM input)                                      .. ok

[M::main_bam2fq] processed 36 reads
	2: bam2fq -n (SAM input)                                    .. ok

[M::main_bam2fq] processed 36 reads
	3: bam2fq  (BAM input)                                      .. ok

[M::main_bam2fq] processed 36 reads
	4: bam2fq -n (BAM input)                                    .. ok

[M::main_bam2fq] processed 36 reads
	5: bam2fq  (CRAM input)                                     .. ok

[M::main_bam2fq] processed 36 reads
	6: bam2fq -n (CRAM input)                                   .. ok

test_depad:
	Generate BAM file                                           .. ok

Samtools-htslib: fix_header() header parsing not yet implemented
	depad  (SAM input)                                          	Failed command:
	/«PKGBUILDDIR»/samtools depad -T /«PKGBUILDDIR»/test/dat/depad.001.fa /«PKGBUILDDIR»/test/dat/depad.001p.sam


.. expected failure

Samtools-htslib: fix_header() header parsing not yet implemented
	depad -s (SAM input)                                        	Failed command:
	/«PKGBUILDDIR»/samtools depad -T /«PKGBUILDDIR»/test/dat/depad.001.fa -s /«PKGBUILDDIR»/test/dat/depad.001p.sam


.. expected failure

Samtools-htslib: fix_header() header parsing not yet implemented
	depad -u (SAM input)                                        	Failed command:
	/«PKGBUILDDIR»/samtools depad -T /«PKGBUILDDIR»/test/dat/depad.001.fa -u /«PKGBUILDDIR»/test/dat/depad.001p.sam


.. expected failure

Samtools-htslib: fix_header() header parsing not yet implemented
	depad -1 (SAM input)                                        	Failed command:
	/«PKGBUILDDIR»/samtools depad -T /«PKGBUILDDIR»/test/dat/depad.001.fa -1 /«PKGBUILDDIR»/test/dat/depad.001p.sam


.. expected failure

Samtools-htslib: fix_header() header parsing not yet implemented
	depad  (BAM input)                                          	Failed command:
	/«PKGBUILDDIR»/samtools depad -T /«PKGBUILDDIR»/test/dat/depad.001.fa /tmp/2K2PBSgp_6/depad.001p.bam


.. expected failure

Samtools-htslib: fix_header() header parsing not yet implemented
	depad -s (BAM input)                                        	Failed command:
	/«PKGBUILDDIR»/samtools depad -T /«PKGBUILDDIR»/test/dat/depad.001.fa -s /tmp/2K2PBSgp_6/depad.001p.bam


.. expected failure

Samtools-htslib: fix_header() header parsing not yet implemented
	depad -u (BAM input)                                        	Failed command:
	/«PKGBUILDDIR»/samtools depad -T /«PKGBUILDDIR»/test/dat/depad.001.fa -u /tmp/2K2PBSgp_6/depad.001p.bam


.. expected failure

Samtools-htslib: fix_header() header parsing not yet implemented
	depad -1 (BAM input)                                        	Failed command:
	/«PKGBUILDDIR»/samtools depad -T /«PKGBUILDDIR»/test/dat/depad.001.fa -1 /tmp/2K2PBSgp_6/depad.001p.bam


.. expected failure

test_stats:
	/«PKGBUILDDIR»/samtools stats -r /«PKGBUILDDIR»/test/stat/test.fa /«PKGBUILDDIR»/test/stat/1_map_cigar.sam | tail -n+3
.. ok

test_stats:
	/«PKGBUILDDIR»/samtools stats -r /«PKGBUILDDIR»/test/stat/test.fa /«PKGBUILDDIR»/test/stat/2_equal_cigar_full_seq.sam | tail -n+3
.. ok

test_stats:
	/«PKGBUILDDIR»/samtools stats -r /«PKGBUILDDIR»/test/stat/test.fa /«PKGBUILDDIR»/test/stat/3_map_cigar_equal_seq.sam | tail -n+3
.. ok

test_stats:
	/«PKGBUILDDIR»/samtools stats -r /«PKGBUILDDIR»/test/stat/test.fa /«PKGBUILDDIR»/test/stat/4_X_cigar_full_seq.sam | tail -n+3
.. ok

test_stats:
	/«PKGBUILDDIR»/samtools stats -r /«PKGBUILDDIR»/test/stat/test.fa /«PKGBUILDDIR»/test/stat/5_insert_cigar.sam | tail -n+3
.. ok

test_stats:
	/«PKGBUILDDIR»/samtools stats -r /«PKGBUILDDIR»/test/stat/test.fa -i 0 /«PKGBUILDDIR»/test/stat/5_insert_cigar.sam | tail -n+3
.. ok

test_merge:
	/«PKGBUILDDIR»/samtools merge -s 1 - /«PKGBUILDDIR»/test/dat/test_input_1_a.sam /«PKGBUILDDIR»/test/dat/test_input_1_b.sam /«PKGBUILDDIR»/test/dat/test_input_1_c.sam
/bin/bash: line 1: 70698 Aborted                 ( /«PKGBUILDDIR»/samtools merge -s 1 - /«PKGBUILDDIR»/test/dat/test_input_1_a.sam /«PKGBUILDDIR»/test/dat/test_input_1_b.sam /«PKGBUILDDIR»/test/dat/test_input_1_c.sam ) 2> /tmp/j8G9qPU9yq

.. expected failure

test_merge:
	/«PKGBUILDDIR»/samtools merge -s 1 - /«PKGBUILDDIR»/test/dat/test_input_1_a.bam /«PKGBUILDDIR»/test/dat/test_input_1_b.bam /«PKGBUILDDIR»/test/dat/test_input_1_c.bam
.. ok

test_merge:
	/«PKGBUILDDIR»/samtools merge -s 1 -b /tmp/qbbLiy2S7U - /«PKGBUILDDIR»/test/dat/test_input_1_a.bam
.. ok

test_fixmate:
	/«PKGBUILDDIR»/samtools fixmate -O sam /«PKGBUILDDIR»/test/fixmate/1_coord_sort.sam -

.. expected failure

test_fixmate:
	/«PKGBUILDDIR»/samtools fixmate -O sam /«PKGBUILDDIR»/test/fixmate/2_isize_overflow.sam -
.. ok

test_fixmate:
	/«PKGBUILDDIR»/samtools fixmate -O sam /«PKGBUILDDIR»/test/fixmate/3_reverse_read_pp_lt.sam -
.. ok

test_fixmate:
	/«PKGBUILDDIR»/samtools fixmate -O sam /«PKGBUILDDIR»/test/fixmate/4_reverse_read_pp_equal.sam -
.. ok

test_fixmate:
	/«PKGBUILDDIR»/samtools fixmate -cO sam /«PKGBUILDDIR»/test/fixmate/5_ct.sam -
.. ok

test_fixmate:
	/«PKGBUILDDIR»/samtools fixmate -cO sam /«PKGBUILDDIR»/test/fixmate/6_ct_replace.sam -
.. ok

test_idxstat:
	/«PKGBUILDDIR»/samtools idxstats /«PKGBUILDDIR»/test/dat/test_input_1_a.bam
.. ok


Number of tests:
    total            .. 342
    passed           .. 324
    failed           .. 0
    expected failure .. 18
    unexpected pass  .. 0

test/merge/test_bam_translate test/merge/test_bam_translate.tmp
test/merge/test_pretty_header
test/merge/test_rtrans_build
test/merge/test_trans_tbl_init
cd test/mpileup && ./regression.sh
Samtools mpileup tests:

EXPECTED FAIL: Task failed, but expected to fail;
when running $samtools mpileup -x -d 8500 -B -f mpileup.ref.fa deep.sam|awk '{print $4}'

Expected   passes:   123
Unexpected passes:   0
Expected   failures: 1
Unexpected failures: 0
=> PASS
test/split/test_count_rg
test/split/test_expand_format_string
test/split/test_filter_header_rg
test/split/test_parse_args
make[2]: Leaving directory '/«PKGBUILDDIR»'
make[1]: Leaving directory '/«PKGBUILDDIR»'
 fakeroot debian/rules binary-arch
dh binary-arch --parallel
   dh_testroot -a -O--parallel
   dh_prep -a -O--parallel
	rm -f debian/samtools.substvars
	rm -f debian/samtools.*.debhelper
	rm -rf debian/samtools/
   debian/rules override_dh_auto_install
make[1]: Entering directory '/«PKGBUILDDIR»'
dh_auto_install -- \
  prefix=/usr \
  HTSDIR="/usr/include" \
  HTSLIB=/usr/lib/x86_64-kfreebsd-gnu/libhts.a
	install -d debian/samtools
	make -j2 install DESTDIR=/«PKGBUILDDIR»/debian/tmp AM_UPDATE_INFO_DIR=no prefix=/usr HTSDIR=/usr/include HTSLIB=/usr/lib/x86_64-kfreebsd-gnu/libhts.a
make[2]: Entering directory '/«PKGBUILDDIR»'
mkdir -p -m 755 /«PKGBUILDDIR»/debian/tmp/usr/bin /«PKGBUILDDIR»/debian/tmp/usr/share/man/man1
install -p samtools misc/ace2sam misc/maq2sam-long misc/maq2sam-short misc/md5fa misc/md5sum-lite misc/wgsim misc/blast2sam.pl misc/bowtie2sam.pl misc/export2sam.pl misc/interpolate_sam.pl misc/novo2sam.pl misc/plot-bamstats misc/psl2sam.pl misc/sam2vcf.pl misc/samtools.pl misc/seq_cache_populate.pl misc/soap2sam.pl misc/varfilter.py misc/wgsim_eval.pl misc/zoom2sam.pl /«PKGBUILDDIR»/debian/tmp/usr/bin
install -p -m 644 samtools.1 /«PKGBUILDDIR»/debian/tmp/usr/share/man/man1
make[2]: Leaving directory '/«PKGBUILDDIR»'
make clean
make[2]: Entering directory '/«PKGBUILDDIR»'
rm -f test/*.new test/*.tmp test/*/*.new test/*/*.tmp
cd test/mpileup && rm -f FAIL-*.out* PASS-*.out* anomalous.[bc]*am indels.[bc]*am mpileup.*.[cs]*am mpileup.*.crai overlap50.[bc]*am expected/1.out
rm -f *.o misc/*.o test/*.o test/*/*.o version.h
rm -f samtools libbam.a misc/ace2sam misc/maq2sam-long misc/maq2sam-short misc/md5fa misc/md5sum-lite misc/wgsim test/merge/test_bam_translate test/merge/test_pretty_header test/merge/test_rtrans_build test/merge/test_trans_tbl_init test/split/test_count_rg test/split/test_expand_format_string test/split/test_filter_header_rg test/split/test_parse_args test/vcf-miniview
make[2]: Leaving directory '/«PKGBUILDDIR»'
make[1]: Leaving directory '/«PKGBUILDDIR»'
   dh_install -a -O--parallel
	install -d debian/samtools//usr
	cp -a debian/tmp/usr/bin debian/samtools//usr/
	install -d debian/samtools//usr/share/man
	cp -a debian/tmp/usr/share/man/man1 debian/samtools//usr/share/man/
   dh_installdocs -a -O--parallel
	install -g 0 -o 0 -d debian/samtools/usr/share/doc/samtools
	cp -a AUTHORS debian/samtools/usr/share/doc/samtools
	cp -a debian/reference debian/samtools/usr/share/doc/samtools
	chown -R 0:0 debian/samtools/usr/share/doc
	chmod -R go=rX debian/samtools/usr/share/doc
	chmod -R u\+rw debian/samtools/usr/share/doc
	install -g 0 -o 0 -m 644 -p debian/README.Debian debian/samtools/usr/share/doc/samtools/README.Debian
	install -g 0 -o 0 -m 644 -p debian/copyright debian/samtools/usr/share/doc/samtools/copyright
   dh_installchangelogs -a -O--parallel
	install -o 0 -g 0 -p -m644 debian/changelog debian/samtools/usr/share/doc/samtools/changelog.Debian
   dh_installman -a -O--parallel
	man --recode UTF-8 ./samtools\.1 > samtools\.1\.new
	chmod 644 samtools.1.new
	mv -f samtools.1.new samtools.1
   dh_perl -a -O--parallel
	(grep -s -v perl:Depends debian/samtools.substvars; echo perl:Depends=perl) > debian/samtools.substvars.new
	mv debian/samtools.substvars.new debian/samtools.substvars
   dh_link -a -O--parallel
   dh_compress -a -O--parallel
	cd debian/samtools
	chmod a-x usr/share/man/man1/samtools.1 usr/share/doc/samtools/changelog.Debian
	gzip -9nf usr/share/man/man1/samtools.1 usr/share/doc/samtools/changelog.Debian
	cd '/«PKGBUILDDIR»'
   dh_fixperms -a -O--parallel
	find debian/samtools  -print0 2>/dev/null | xargs -0r chown --no-dereference 0:0
	find debian/samtools ! -type l  -print0 2>/dev/null | xargs -0r chmod go=rX,u+rw,a-s
	find debian/samtools/usr/share/doc -type f  ! -regex 'debian/samtools/usr/share/doc/[^/]*/examples/.*' -print0 2>/dev/null | xargs -0r chmod 644
	find debian/samtools/usr/share/doc -type d  -print0 2>/dev/null | xargs -0r chmod 755
	find debian/samtools/usr/share/man debian/samtools/usr/man/ debian/samtools/usr/X11*/man/ -type f  -print0 2>/dev/null | xargs -0r chmod 644
	find debian/samtools -perm -5 -type f \( -name '*.so.*' -or -name '*.so' -or -name '*.la' -or -name '*.a' \)  -print0 2>/dev/null | xargs -0r chmod 644
	find debian/samtools/usr/include -type f  -print0 2>/dev/null | xargs -0r chmod 644
	find debian/samtools/usr/share/applications -type f  -print0 2>/dev/null | xargs -0r chmod 644
	find debian/samtools -perm -5 -type f \( -name '*.cmxs' \)  -print0 2>/dev/null | xargs -0r chmod 644
	find debian/samtools/usr/lib/x86_64-kfreebsd-gnu/perl5/5.20 debian/samtools/usr/share/perl5 -type f -perm -5 -name '*.pm'  -print0 2>/dev/null | xargs -0r chmod a-X
	find debian/samtools/usr/bin -type f  -print0 2>/dev/null | xargs -0r chmod a+x
	find debian/samtools/usr/lib -type f -name '*.ali'  -print0 2>/dev/null | xargs -0r chmod uga-w
   dh_strip -a -O--parallel
	strip --remove-section=.comment --remove-section=.note debian/samtools/usr/bin/samtools
	strip --remove-section=.comment --remove-section=.note debian/samtools/usr/bin/ace2sam
	strip --remove-section=.comment --remove-section=.note debian/samtools/usr/bin/maq2sam-long
	strip --remove-section=.comment --remove-section=.note debian/samtools/usr/bin/maq2sam-short
	strip --remove-section=.comment --remove-section=.note debian/samtools/usr/bin/md5fa
	strip --remove-section=.comment --remove-section=.note debian/samtools/usr/bin/md5sum-lite
	strip --remove-section=.comment --remove-section=.note debian/samtools/usr/bin/wgsim
   dh_makeshlibs -a -O--parallel
	rm -f debian/samtools/DEBIAN/shlibs
   dh_shlibdeps -a -O--parallel
	install -o 0 -g 0 -d debian/samtools/DEBIAN
	dpkg-shlibdeps -Tdebian/samtools.substvars debian/samtools/usr/bin/samtools debian/samtools/usr/bin/ace2sam debian/samtools/usr/bin/maq2sam-long debian/samtools/usr/bin/maq2sam-short debian/samtools/usr/bin/md5fa debian/samtools/usr/bin/md5sum-lite debian/samtools/usr/bin/wgsim
dpkg-shlibdeps: warning: package could avoid a useless dependency if debian/samtools/usr/bin/wgsim debian/samtools/usr/bin/samtools debian/samtools/usr/bin/ace2sam debian/samtools/usr/bin/md5sum-lite debian/samtools/usr/bin/md5fa debian/samtools/usr/bin/maq2sam-long debian/samtools/usr/bin/maq2sam-short were not linked against libhts.so.1 (they use none of the library's symbols)
   dh_installdeb -a -O--parallel
   dh_gencontrol -a -O--parallel
	echo misc:Depends= >> debian/samtools.substvars
	dpkg-gencontrol -psamtools -ldebian/changelog -Tdebian/samtools.substvars -Pdebian/samtools
dpkg-gencontrol: warning: File::FcntlLock not available; using flock which is not NFS-safe
dpkg-gencontrol: warning: package samtools: unused substitution variable ${perl:Depends}
	chmod 644 debian/samtools/DEBIAN/control
	chown 0:0 debian/samtools/DEBIAN/control
   dh_md5sums -a -O--parallel
	(cd debian/samtools >/dev/null ; find . -type f  ! -regex './DEBIAN/.*' -printf '%P\0' | LC_ALL=C sort -z | xargs -r0 md5sum > DEBIAN/md5sums) >/dev/null
	chmod 644 debian/samtools/DEBIAN/md5sums
	chown 0:0 debian/samtools/DEBIAN/md5sums
   dh_builddeb -a -O--parallel
	dpkg-deb --build debian/samtools ..
dpkg-deb: building package `samtools' in `../samtools_1.1-1_kfreebsd-amd64.deb'.
 dpkg-genchanges -B -mkfreebsd-amd64 Build Daemon (fano) <buildd_kfreebsd-amd64-fano@buildd.debian.org> >../samtools_1.1-1_kfreebsd-amd64.changes
dpkg-genchanges: binary-only arch-specific upload (source code and arch-indep packages not included)
 dpkg-source --after-build samtools-1.1
dpkg-source: info: using options from samtools-1.1/debian/source/options: --single-debian-patch
dpkg-buildpackage: binary-only upload (no source included)
────────────────────────────────────────────────────────────────────────────────
Build finished at 20140925-0031

Finished
────────

I: Built successfully

┌──────────────────────────────────────────────────────────────────────────────┐
│ Post Build Chroot                                                            │
└──────────────────────────────────────────────────────────────────────────────┘


┌──────────────────────────────────────────────────────────────────────────────┐
│ Changes                                                                      │
└──────────────────────────────────────────────────────────────────────────────┘


samtools_1.1-1_kfreebsd-amd64.changes:
──────────────────────────────────────

Format: 1.8
Date: Thu, 25 Sep 2014 09:04:20 +0900
Source: samtools
Binary: samtools samtools-test
Architecture: kfreebsd-amd64
Version: 1.1-1
Distribution: sid
Urgency: medium
Maintainer: kfreebsd-amd64 Build Daemon (fano) <buildd_kfreebsd-amd64-fano@buildd.debian.org>
Changed-By: Charles Plessy <plessy@debian.org>
Description:
 samtools   - processing sequence alignments in SAM and BAM formats
 samtools-test - test files for the samtools package.
Changes:
 samtools (1.1-1) unstable; urgency=medium
 .
   c448d48 Merge tag '1.1' into debian/unstable
   d12ab1e Merge branch 'develop' into debian/unstable to solve issue
           with regression tests needing a pseudo-terminal.
           See https://github.com/samtools/samtools/issues/300
   c87f8ce Add autopkg tests.
   7c50b7b Removed python-wrong-path-for-interpreter.patch
           (issue solved upstream).
Checksums-Sha1:
 b6e1ad13e7adbb686479035064d939bc6b756735 376830 samtools_1.1-1_kfreebsd-amd64.deb
Checksums-Sha256:
 6ce726976ac08ee869cc1814cbc87d52d9efc7b6c2328daadc14e0cbf349cecb 376830 samtools_1.1-1_kfreebsd-amd64.deb
Files:
 d0969c084ef2f415726914fc1baffe1d 376830 science optional samtools_1.1-1_kfreebsd-amd64.deb

┌──────────────────────────────────────────────────────────────────────────────┐
│ Package contents                                                             │
└──────────────────────────────────────────────────────────────────────────────┘


samtools_1.1-1_kfreebsd-amd64.deb
─────────────────────────────────

 new debian package, version 2.0.
 size 376830 bytes: control archive=1566 bytes.
     815 bytes,    16 lines      control              
    1557 bytes,    27 lines      md5sums              
 Package: samtools
 Version: 1.1-1
 Architecture: kfreebsd-amd64
 Maintainer: Debian Med Packaging Team <debian-med-packaging@lists.alioth.debian.org>
 Installed-Size: 1008
 Depends: libc0.1 (>= 2.17-91), libhts1 (>= 1.0), libncurses5 (>= 5.5-5~), libtinfo5, zlib1g (>= 1:1.2.3.3)
 Recommends: python
 Section: science
 Priority: optional
 Homepage: http://www.htslib.org/
 Description: processing sequence alignments in SAM and BAM formats
  Samtools is a set of utilities that manipulate nucleotide sequence alignments
  in the binary BAM format. It imports from and exports to the ascii SAM
  (Sequence Alignment/Map) format, does sorting, merging and indexing, and allows
  to retrieve reads in any regions swiftly. It is designed to work on a stream,
  and is able to open a BAM (not SAM) file on a remote FTP or HTTP server.

drwxr-xr-x root/root         0 2014-09-25 00:31 ./
drwxr-xr-x root/root         0 2014-09-25 00:31 ./usr/
drwxr-xr-x root/root         0 2014-09-25 00:31 ./usr/bin/
-rwxr-xr-x root/root    767928 2014-09-25 00:31 ./usr/bin/samtools
-rwxr-xr-x root/root     22664 2014-09-25 00:31 ./usr/bin/ace2sam
-rwxr-xr-x root/root     10336 2014-09-25 00:31 ./usr/bin/maq2sam-long
-rwxr-xr-x root/root     10336 2014-09-25 00:31 ./usr/bin/maq2sam-short
-rwxr-xr-x root/root     14440 2014-09-25 00:31 ./usr/bin/md5fa
-rwxr-xr-x root/root     10280 2014-09-25 00:31 ./usr/bin/md5sum-lite
-rwxr-xr-x root/root     22752 2014-09-25 00:31 ./usr/bin/wgsim
-rwxr-xr-x root/root      5328 2014-09-19 15:51 ./usr/bin/blast2sam.pl
-rwxr-xr-x root/root      3364 2014-09-19 15:51 ./usr/bin/bowtie2sam.pl
-rwxr-xr-x root/root     18032 2014-09-19 15:51 ./usr/bin/export2sam.pl
-rwxr-xr-x root/root      6125 2014-09-19 15:51 ./usr/bin/interpolate_sam.pl
-rwxr-xr-x root/root      6773 2014-09-19 15:51 ./usr/bin/novo2sam.pl
-rwxr-xr-x root/root     48023 2014-09-19 15:51 ./usr/bin/plot-bamstats
-rwxr-xr-x root/root      3208 2014-09-19 15:51 ./usr/bin/psl2sam.pl
-rwxr-xr-x root/root      8961 2014-09-19 15:51 ./usr/bin/sam2vcf.pl
-rwxr-xr-x root/root     16478 2014-09-19 15:51 ./usr/bin/samtools.pl
-rwxr-xr-x root/root     10789 2014-09-19 15:51 ./usr/bin/seq_cache_populate.pl
-rwxr-xr-x root/root      3909 2014-09-19 15:51 ./usr/bin/soap2sam.pl
-rwxr-xr-x root/root      7888 2014-09-19 15:51 ./usr/bin/varfilter.py
-rwxr-xr-x root/root      4157 2014-09-19 15:51 ./usr/bin/wgsim_eval.pl
-rwxr-xr-x root/root      3583 2014-09-19 15:51 ./usr/bin/zoom2sam.pl
drwxr-xr-x root/root         0 2014-09-25 00:31 ./usr/share/
drwxr-xr-x root/root         0 2014-09-25 00:31 ./usr/share/man/
drwxr-xr-x root/root         0 2014-09-25 00:31 ./usr/share/man/man1/
-rw-r--r-- root/root     12774 2014-09-25 00:31 ./usr/share/man/man1/samtools.1.gz
drwxr-xr-x root/root         0 2014-09-25 00:31 ./usr/share/doc/
drwxr-xr-x root/root         0 2014-09-25 00:31 ./usr/share/doc/samtools/
-rw-r--r-- root/root       828 2014-09-19 15:51 ./usr/share/doc/samtools/AUTHORS
-rw-r--r-- root/root       592 2014-09-24 23:56 ./usr/share/doc/samtools/reference
-rw-r--r-- root/root      1031 2014-09-24 23:56 ./usr/share/doc/samtools/README.Debian
-rw-r--r-- root/root      3462 2014-09-24 23:56 ./usr/share/doc/samtools/copyright
-rw-r--r-- root/root      3270 2014-09-25 00:05 ./usr/share/doc/samtools/changelog.Debian.gz


┌──────────────────────────────────────────────────────────────────────────────┐
│ Post Build                                                                   │
└──────────────────────────────────────────────────────────────────────────────┘


┌──────────────────────────────────────────────────────────────────────────────┐
│ Cleanup                                                                      │
└──────────────────────────────────────────────────────────────────────────────┘

Purging /«BUILDDIR»
Not cleaning session: cloned chroot in use

┌──────────────────────────────────────────────────────────────────────────────┐
│ Summary                                                                      │
└──────────────────────────────────────────────────────────────────────────────┘

Build Architecture: kfreebsd-amd64
Build-Space: 15254
Build-Time: 132
Distribution: sid
Host Architecture: kfreebsd-amd64
Install-Time: 32
Job: samtools_1.1-1
Machine Architecture: kfreebsd-amd64
Package: samtools
Package-Time: 217
Source-Version: 1.1-1
Space: 15254
Status: successful
Version: 1.1-1
────────────────────────────────────────────────────────────────────────────────
Finished at 20140925-0031
Build needed 00:03:37, 15254k disc space
Signature with key '8C5D26F3' requested:
 signfile /home/buildd/build/samtools_1.1-1_kfreebsd-amd64.changes 8C5D26F3

Successfully signed changes file
