From buildd@mayer.debian.org Thu May 19 04:51:16 2011
Return-path: <buildd@mayer.debian.org>
Received: from kokkonen.debian.org ([2001:41b8:202:deb:216:35ff:fec4:6340])
	from C=NA, ST=NA, L=Ankh Morpork, O=Debian SMTP, OU=Debian SMTP CA,
	CN=kokkonen.debian.org,
	EMAIL=hostmaster@kokkonen.debian.org (verified)
	by grieg.debian.org with esmtps (TLS1.0:RSA_AES_256_CBC_SHA1:32)
	(Exim 4.72) (envelope-from <buildd@mayer.debian.org>)
	id 1QMvCd-00009N-CD
	for logs@buildd.debian.org; Thu, 19 May 2011 04:51:16 +0000
Received: from mayer.debian.org ([140.211.166.78])
	from C=NA, ST=NA, L=Ankh Morpork, O=Debian SMTP, OU=Debian SMTP CA,
	CN=mayer.debian.org, EMAIL=hostmaster@mayer.debian.org (verified)
	by kokkonen.debian.org with esmtps (TLS1.0:RSA_AES_256_CBC_SHA1:32)
	(Exim 4.72) (envelope-from <buildd@mayer.debian.org>)
	id 1QMvCb-0008RR-Qe
	for logs@buildd.debian.org; Thu, 19 May 2011 04:51:14 +0000
Received: from buildd by mayer.debian.org with local (Exim 4.69)
	(envelope-from <buildd@mayer.debian.org>) id 1QMvCY-00052Y-48
	for logs@buildd.debian.org; Thu, 19 May 2011 04:51:10 +0000
From: buildd on mayer <buildd@mayer.debian.org>
To: logs@buildd.debian.org
Subject: Log for successful build of samtools_0.1.16-1 on mipsel (dist=sid)
Content-Type: text/plain; charset=UTF-8
Content-Transfer-Encoding: 8bit
Message-Id: <E1QMvCY-00052Y-48@mayer.debian.org>
Date: Thu, 19 May 2011 04:51:10 +0000
Delivered-To: logs@buildd.debian.org

sbuild (Debian sbuild) 0.61.0 (23 Feb 2011) on mayer.debian.org

╔══════════════════════════════════════════════════════════════════════════════╗
║ samtools 0.1.16-1 (mipsel)                                 19 May 2011 04:44 ║
╚══════════════════════════════════════════════════════════════════════════════╝

Package: samtools
Version: 0.1.16-1
Source Version: 0.1.16-1
Architecture: mipsel
Get:1 http://debian.oregonstate.edu sid InRelease [146 kB]
Get:2 http://incoming.debian.org sid InRelease [146 kB]
Get:3 http://debian.oregonstate.edu sid/main Sources [5221 kB]
Ign http://incoming.debian.org  InRelease
Get:4 http://incoming.debian.org  Release.gpg [836 B]
Get:5 http://incoming.debian.org sid/main Sources [5221 kB]
Get:6 http://debian.oregonstate.edu sid/contrib Sources [49.8 kB]
Get:7 http://debian.oregonstate.edu sid/main mipsel Packages [7108 kB]
Get:8 http://debian.oregonstate.edu sid/contrib mipsel Packages [54.7 kB]
Ign http://debian.oregonstate.edu sid/contrib TranslationIndex
Get:9 http://debian.oregonstate.edu sid/main TranslationIndex [2264 B]
Ign http://debian.oregonstate.edu sid/contrib Translation-en
Get:10 http://incoming.debian.org sid/contrib Sources [49.8 kB]
Get:11 http://incoming.debian.org sid/main mipsel Packages [7108 kB]
Get:12 http://incoming.debian.org sid/contrib mipsel Packages [54.7 kB]
Ign http://incoming.debian.org sid/contrib TranslationIndex
Get:13 http://incoming.debian.org sid/main TranslationIndex [2264 B]
Get:14 http://incoming.debian.org  Release [1604 B]
Get:15 http://incoming.debian.org  Sources [26.8 kB]
Get:16 http://incoming.debian.org  Packages [270 kB]
Ign http://incoming.debian.org sid/contrib Translation-en
Ign http://incoming.debian.org  Translation-en
Fetched 25.5 MB in 55s (457 kB/s)
Reading package lists...

┌──────────────────────────────────────────────────────────────────────────────┐
│ Fetch source files                                                           │
└──────────────────────────────────────────────────────────────────────────────┘


Check APT
─────────

Checking available source versions...

Download source files with APT
──────────────────────────────

Reading package lists...
Building dependency tree...
Reading state information...
NOTICE: 'samtools' packaging is maintained in the 'Git' version control system at:
git://git.debian.org/debian-med/samtools.git
Need to get 389 kB of source archives.
Get:1 http://incoming.debian.org/buildd-unstable/  samtools 0.1.16-1 (dsc) [1939 B]
Get:2 http://incoming.debian.org/buildd-unstable/  samtools 0.1.16-1 (tar) [380 kB]
Get:3 http://incoming.debian.org/buildd-unstable/  samtools 0.1.16-1 (diff) [7161 B]
Fetched 389 kB in 0s (426 kB/s)
Download complete and in download only mode

Check arch
──────────


┌──────────────────────────────────────────────────────────────────────────────┐
│ Install core build dependencies (internal resolver)                          │
└──────────────────────────────────────────────────────────────────────────────┘

Build-Depends: build-essential, fakeroot
Checking for already installed dependencies...
build-essential: already installed (11.5)
fakeroot: already installed (1.15.1-1)
Checking for dependency conflicts...
Installing positive dependencies: 
Reading package lists...
Building dependency tree...
Reading state information...
0 upgraded, 0 newly installed, 0 to remove and 20 not upgraded.
Removing negative dependencies: 
Reading package lists...
Building dependency tree...
Reading state information...
0 upgraded, 0 newly installed, 0 to remove and 20 not upgraded.
Checking correctness of dependencies...

┌──────────────────────────────────────────────────────────────────────────────┐
│ Install samtools build dependencies (internal resolver)                      │
└──────────────────────────────────────────────────────────────────────────────┘

Build-Depends: base-files, base-passwd, bash, coreutils, dash, debianutils, diffutils, dpkg, e2fsprogs, findutils, grep, gzip, hostname, ncurses-base, ncurses-bin, perl-base, sed, login, sysvinit-utils, sysvinit, tar, bsdutils, mount, util-linux, libc6-dev | libc-dev, gcc (>= 4:4.4.3), g++ (>= 4:4.4.3), make, dpkg-dev (>= 1.13.5), debhelper (>= 8), cdbs, libncurses5-dev, zlib1g-dev
Checking for already installed dependencies...
base-files: already installed (6.3)
base-passwd: already installed (3.5.22)
bash: already installed (4.1-3)
coreutils: already installed (8.5-1)
dash: already installed (0.5.5.1-7.4)
debianutils: already installed (3.4.4)
diffutils: already installed (1:3.0-1)
dpkg: already installed (1.16.0.2)
e2fsprogs: already installed (1.41.12-3)
findutils: already installed (4.4.2-1+b1)
grep: already installed (2.6.3-3)
gzip: already installed (1.3.12-9)
hostname: already installed (3.06)
ncurses-base: already installed (5.9-1)
ncurses-bin: already installed (5.9-1)
perl-base: already installed (5.12.3-6)
sed: already installed (4.2.1-9)
login: already installed (1:4.1.4.2+svn3283-3)
sysvinit-utils: already installed (2.88dsf-13.2)
sysvinit: already installed (2.88dsf-13.2)
tar: already installed (1.25-3)
bsdutils: already installed (1:2.17.2-9.1)
mount: already installed (2.17.2-9.1)
util-linux: already installed (2.17.2-9.1)
libc6-dev: already installed (2.13-2)
gcc: already installed (4:4.6.0-5 >= 4:4.4.3 is satisfied)
g++: already installed (4:4.6.0-5 >= 4:4.4.3 is satisfied)
make: already installed (3.81-8.1)
dpkg-dev: already installed (1.16.0.2 >= 1.13.5 is satisfied)
debhelper: already installed (8.1.6 >= 8 is satisfied)
cdbs: missing
libncurses5-dev: missing
zlib1g-dev: missing
Checking for dependency conflicts...
Installing positive dependencies: cdbs libncurses5-dev zlib1g-dev
Reading package lists...
Building dependency tree...
Reading state information...
Suggested packages:
  devscripts ncurses-doc
Recommended packages:
  autotools-dev
The following NEW packages will be installed:
  cdbs libncurses5-dev zlib1g-dev
debconf: delaying package configuration, since apt-utils is not installed
0 upgraded, 3 newly installed, 0 to remove and 20 not upgraded.
Need to get 0 B/774 kB of archives.
After this operation, 2384 kB of additional disk space will be used.
Selecting previously deselected package cdbs.
(Reading database ... 12237 files and directories currently installed.)
Unpacking cdbs (from .../archives/cdbs_0.4.93_all.deb) ...
Selecting previously deselected package libncurses5-dev.
Unpacking libncurses5-dev (from .../libncurses5-dev_5.9-1_mipsel.deb) ...
Selecting previously deselected package zlib1g-dev.
Unpacking zlib1g-dev (from .../zlib1g-dev_1%3a1.2.3.4.dfsg-3_mipsel.deb) ...
Processing triggers for man-db ...
Setting up cdbs (0.4.93) ...
Setting up libncurses5-dev (5.9-1) ...
Setting up zlib1g-dev (1:1.2.3.4.dfsg-3) ...
Removing negative dependencies: 
Reading package lists...
Building dependency tree...
Reading state information...
0 upgraded, 0 newly installed, 0 to remove and 20 not upgraded.
Checking correctness of dependencies...
Kernel: Linux 2.6.32-5-sb1-bcm91250a mipsel (mips64)
Toolchain package versions: binutils_2.21.51.20110421-4 dpkg-dev_1.16.0.2 g++-4.6_4.6.0-7 gcc-4.6_4.6.0-7 libc6-dev_2.13-2 libstdc++6_4.6.0-7 libstdc++6-4.6-dev_4.6.0-7 linux-libc-dev_2.6.38-4
Package versions: apt_0.8.14.1 base-files_6.3 base-passwd_3.5.22 bash_4.1-3 binutils_2.21.51.20110421-4 bsdmainutils_8.2.2 bsdutils_1:2.17.2-9.1 build-essential_11.5 bzip2_1.0.5-6 cdbs_0.4.93 coreutils_8.5-1 cpio_2.11-7 cpp_4:4.6.0-5 cpp-4.6_4.6.0-7 dash_0.5.5.1-7.4 debconf_1.5.39 debfoster_2.7-1.1 debhelper_8.1.6 debian-archive-keyring_2010.08.28 debianutils_3.4.4 diffutils_1:3.0-1 dmsetup_2:1.02.63-3 dpkg_1.16.0.2 dpkg-dev_1.16.0.2 e2fslibs_1.41.12-3 e2fsprogs_1.41.12-3 fakeroot_1.15.1-1 file_5.04-5+b1 findutils_4.4.2-1+b1 g++_4:4.6.0-5 g++-4.6_4.6.0-7 gcc_4:4.6.0-5 gcc-4.4-base_4.4.6-3 gcc-4.5-base_4.5.3-1 gcc-4.6_4.6.0-7 gcc-4.6-base_4.6.0-7 gettext_0.18.1.1-3 gettext-base_0.18.1.1-3 gnupg_1.4.11-3 gpgv_1.4.11-3 grep_2.6.3-3 groff-base_1.21-5 gzip_1.3.12-9 hostname_3.06 html2text_1.3.2a-15 initscripts_2.88dsf-13.2 insserv_1.14.0-2.1 intltool-debian_0.35.0+20060710.1 libacl1_2.2.49-4 libattr1_1:2.4.44-2 libblkid1_2.17.2-9.1 libbz2-1.0_1.0.5-6 libc-bin_2.13-2 libc-dev-bin_2.13-2 libc6_2.13-2 libc6-dev_2.13-2 libcloog-ppl0_0.15.9-3 libcomerr2_1.41.12-4 libcroco3_0.6.2-1 libdb5.1_5.1.25-10 libdevmapper1.02.1_2:1.02.63-3 libdpkg-perl_1.16.0.2 libgc1c2_1:7.1-7 libgcc1_1:4.6.0-7 libgdbm3_1.8.3-9 libglib2.0-0_2.28.6-1 libgmp10_2:5.0.1+dfsg-7 libgmpxx4ldbl_2:5.0.1+dfsg-7 libgomp1_4.6.0-7 liblzma2_5.0.0-2 libmagic1_5.04-5+b1 libmpc2_0.9-3 libmpfr4_3.0.1-3 libncurses5_5.9-1 libncurses5-dev_5.9-1 libncursesw5_5.9-1 libpam-modules_1.1.2-3 libpam-runtime_1.1.2-3 libpam0g_1.1.2-3 libpcre3_8.12-3 libpipeline1_1.2.0-1 libppl-c4_0.11.2-3 libppl9_0.11.2-3 libpwl5_0.11.2-3 libreadline6_6.2-2 libselinux1_2.0.98-1+b1 libsepol1_2.0.42-1 libslang2_2.2.4-2 libss2_1.41.12-2 libstdc++6_4.6.0-7 libstdc++6-4.6-dev_4.6.0-7 libtimedate-perl_1.2000-1 libudev0_168-1 libunistring0_0.9.3-4 libusb-0.1-4_2:0.1.12-17 libuuid1_2.17.2-9.1 libxml2_2.7.8.dfsg-2+b1 linux-libc-dev_2.6.38-4 login_1:4.1.4.2+svn3283-3 lsb-base_3.2-27 make_3.81-8.1 man-db_2.6.0.2-1 mawk_1.3.3-15 module-init-tools_3.12-1 mount_2.17.2-9.1 ncurses-base_5.9-1 ncurses-bin_5.9-1 passwd_1:4.1.4.2+svn3283-3 patch_2.6.1-1 perl_5.12.3-6 perl-base_5.12.3-6 perl-modules_5.12.3-6 po-debconf_1.0.16+nmu1 procps_1:3.2.8-10 readline-common_6.2-1 sed_4.2.1-9 sensible-utils_0.0.6 sysv-rc_2.88dsf-13.2 sysvinit_2.88dsf-13.2 sysvinit-utils_2.88dsf-13.2 tar_1.25-3 tzdata_2011g-1 udev_168-1 util-linux_2.17.2-9.1 xz-utils_5.0.0-2 zlib1g_1:1.2.3.4.dfsg-3 zlib1g-dev_1:1.2.3.4.dfsg-3

┌──────────────────────────────────────────────────────────────────────────────┐
│ Build                                                                        │
└──────────────────────────────────────────────────────────────────────────────┘


Unpack source
─────────────

Use of uninitialized value $ENV{"HOME"} in concatenation (.) or string at /usr/share/perl5/Dpkg/Source/Package.pm line 258.
gpgv: keyblock resource `/home/buildd/.gnupg/trustedkeys.gpg': file open error
gpgv: Signature made Thu May 19 04:26:30 2011 UTC using RSA key ID 2295D502
gpgv: Can't check signature: public key not found
dpkg-source: warning: failed to verify signature on ./samtools_0.1.16-1.dsc
dpkg-source: info: extracting samtools in samtools-0.1.16
dpkg-source: info: unpacking samtools_0.1.16.orig.tar.bz2
dpkg-source: info: unpacking samtools_0.1.16-1.debian.tar.gz

Check disc space
────────────────


dpkg-buildpackage
─────────────────

Use of uninitialized value $ENV{"HOME"} in concatenation (.) or string at /usr/share/perl5/Dpkg/BuildFlags.pm line 109.
dpkg-buildpackage: export CFLAGS from dpkg-buildflags (origin: vendor): -g -O2
dpkg-buildpackage: export CPPFLAGS from dpkg-buildflags (origin: vendor): 
dpkg-buildpackage: export CXXFLAGS from dpkg-buildflags (origin: vendor): -g -O2
dpkg-buildpackage: export FFLAGS from dpkg-buildflags (origin: vendor): -g -O2
dpkg-buildpackage: export LDFLAGS from dpkg-buildflags (origin: vendor): 
dpkg-buildpackage: source package samtools
dpkg-buildpackage: source version 0.1.16-1
 dpkg-source --before-build samtools-0.1.16
dpkg-buildpackage: host architecture mipsel
 fakeroot debian/rules clean
Use of uninitialized value $ENV{"HOME"} in concatenation (.) or string at /usr/share/perl5/Dpkg/BuildFlags.pm line 109.
Use of uninitialized value $ENV{"HOME"} in concatenation (.) or string at /usr/share/perl5/Dpkg/BuildFlags.pm line 109.
Use of uninitialized value $ENV{"HOME"} in concatenation (.) or string at /usr/share/perl5/Dpkg/BuildFlags.pm line 109.
Use of uninitialized value $ENV{"HOME"} in concatenation (.) or string at /usr/share/perl5/Dpkg/BuildFlags.pm line 109.
test -x debian/rules
dh_testroot
rm -f debian/stamp-makefile-build debian/stamp-makefile-install
/usr/bin/make  -C . CFLAGS="-g -O2 -g -O2 -Wall -fPIC" CXXFLAGS="-g -O2 -g -O2 -Wall" CPPFLAGS="" LDFLAGS=""  -k clean
make[1]: Entering directory `/build/buildd-samtools_0.1.16-1-mipsel-fZSyln/samtools-0.1.16'
make[2]: Entering directory `/build/buildd-samtools_0.1.16-1-mipsel-fZSyln/samtools-0.1.16'
rm -fr gmon.out *.o a.out *.exe *.dSYM razip bgzip samtools *~ *.a *.so.* *.so *.dylib
make[2]: Leaving directory `/build/buildd-samtools_0.1.16-1-mipsel-fZSyln/samtools-0.1.16'
make[2]: Entering directory `/build/buildd-samtools_0.1.16-1-mipsel-fZSyln/samtools-0.1.16/bcftools'
rm -fr gmon.out *.o a.out *.dSYM bcftools *~ *.a bcf.aux bcf.log bcf.pdf *.class libbcf.*.dylib libbcf.so*
make[2]: Leaving directory `/build/buildd-samtools_0.1.16-1-mipsel-fZSyln/samtools-0.1.16/bcftools'
make[2]: Entering directory `/build/buildd-samtools_0.1.16-1-mipsel-fZSyln/samtools-0.1.16/misc'
rm -fr gmon.out *.o a.out *.exe *.dSYM md5sum-lite md5fa maq2sam-short maq2sam-long wgsim *~ *.a
make[2]: Leaving directory `/build/buildd-samtools_0.1.16-1-mipsel-fZSyln/samtools-0.1.16/misc'
make[1]: Leaving directory `/build/buildd-samtools_0.1.16-1-mipsel-fZSyln/samtools-0.1.16'
rm -f debian/stamp-makefile-check
dh_clean 
rm -f examples/calDepth examples/ex1.bam examples/ex1.bam.bai examples/ex1.fa.fai examples/ex1.glf examples/ex1.glfview.gz examples/ex1.pileup.gz examples/ex1a.bam examples/ex1b.bam examples/ex1f-rmduppe.bam examples/ex1f-rmdupse.bam examples/ex1f.bam examples/ex1f.rg examples/ex1.bcf
 debian/rules build
Use of uninitialized value $ENV{"HOME"} in concatenation (.) or string at /usr/share/perl5/Dpkg/BuildFlags.pm line 109.
Use of uninitialized value $ENV{"HOME"} in concatenation (.) or string at /usr/share/perl5/Dpkg/BuildFlags.pm line 109.
Use of uninitialized value $ENV{"HOME"} in concatenation (.) or string at /usr/share/perl5/Dpkg/BuildFlags.pm line 109.
Use of uninitialized value $ENV{"HOME"} in concatenation (.) or string at /usr/share/perl5/Dpkg/BuildFlags.pm line 109.
test -x debian/rules
mkdir -p "."
/usr/share/cdbs/1/rules/buildcore.mk:109: WARNING:  DEB_DH_BUILDDEB_ARGS is a deprecated variable
/usr/bin/make  -C . CFLAGS="-g -O2 -g -O2 -Wall -fPIC" CXXFLAGS="-g -O2 -g -O2 -Wall" CPPFLAGS="" LDFLAGS=""  all all-recur razip lib
make[1]: Entering directory `/build/buildd-samtools_0.1.16-1-mipsel-fZSyln/samtools-0.1.16'
make[2]: Entering directory `/build/buildd-samtools_0.1.16-1-mipsel-fZSyln/samtools-0.1.16'
gcc -c -g -O2 -g -O2 -Wall -fPIC -D_FILE_OFFSET_BITS=64 -D_LARGEFILE64_SOURCE -D_USE_KNETFILE -D_CURSES_LIB=1 -I. bgzf.c -o bgzf.o
bgzf.c: In function 'bgzf_close':
bgzf.c:630:8: warning: variable 'count' set but not used [-Wunused-but-set-variable]
gcc -c -g -O2 -g -O2 -Wall -fPIC -D_FILE_OFFSET_BITS=64 -D_LARGEFILE64_SOURCE -D_USE_KNETFILE -D_CURSES_LIB=1 -I. kstring.c -o kstring.o
gcc -c -g -O2 -g -O2 -Wall -fPIC -D_FILE_OFFSET_BITS=64 -D_LARGEFILE64_SOURCE -D_USE_KNETFILE -D_CURSES_LIB=1 -I. bam_aux.c -o bam_aux.o
gcc -c -g -O2 -g -O2 -Wall -fPIC -D_FILE_OFFSET_BITS=64 -D_LARGEFILE64_SOURCE -D_USE_KNETFILE -D_CURSES_LIB=1 -I. bam.c -o bam.o
gcc -c -g -O2 -g -O2 -Wall -fPIC -D_FILE_OFFSET_BITS=64 -D_LARGEFILE64_SOURCE -D_USE_KNETFILE -D_CURSES_LIB=1 -I. bam_import.c -o bam_import.o
bam_import.c: In function 'append_text':
bam_import.c:179:13: warning: format '%ld' expects argument of type 'long int', but argument 3 has type 'size_t' [-Wformat]
bam_import.c:186:9: warning: format '%ld' expects argument of type 'long int', but argument 3 has type 'size_t' [-Wformat]
bam_import.c:186:9: warning: format '%ld' expects argument of type 'long int', but argument 4 has type 'size_t' [-Wformat]
bam_import.c:186:9: warning: format '%ld' expects argument of type 'long int', but argument 5 has type 'size_t' [-Wformat]
bam_import.c:186:9: warning: format '%ld' expects argument of type 'long int', but argument 6 has type 'size_t' [-Wformat]
gcc -c -g -O2 -g -O2 -Wall -fPIC -D_FILE_OFFSET_BITS=64 -D_LARGEFILE64_SOURCE -D_USE_KNETFILE -D_CURSES_LIB=1 -I. sam.c -o sam.o
gcc -c -g -O2 -g -O2 -Wall -fPIC -D_FILE_OFFSET_BITS=64 -D_LARGEFILE64_SOURCE -D_USE_KNETFILE -D_CURSES_LIB=1 -I. bam_index.c -o bam_index.o
gcc -c -g -O2 -g -O2 -Wall -fPIC -D_FILE_OFFSET_BITS=64 -D_LARGEFILE64_SOURCE -D_USE_KNETFILE -D_CURSES_LIB=1 -I. bam_pileup.c -o bam_pileup.o
bam_pileup.c: In function 'resolve_cigar2':
bam_pileup.c:75:9: warning: variable 'is_head' set but not used [-Wunused-but-set-variable]
gcc -c -g -O2 -g -O2 -Wall -fPIC -D_FILE_OFFSET_BITS=64 -D_LARGEFILE64_SOURCE -D_USE_KNETFILE -D_CURSES_LIB=1 -I. bam_lpileup.c -o bam_lpileup.o
gcc -c -g -O2 -g -O2 -Wall -fPIC -D_FILE_OFFSET_BITS=64 -D_LARGEFILE64_SOURCE -D_USE_KNETFILE -D_CURSES_LIB=1 -I. bam_md.c -o bam_md.o
gcc -c -g -O2 -g -O2 -Wall -fPIC -D_FILE_OFFSET_BITS=64 -D_LARGEFILE64_SOURCE -D_USE_KNETFILE -D_CURSES_LIB=1 -I. glf.c -o glf.o
gcc -c -g -O2 -g -O2 -Wall -fPIC -D_FILE_OFFSET_BITS=64 -D_LARGEFILE64_SOURCE -D_USE_KNETFILE -D_CURSES_LIB=1 -I. razf.c -o razf.o
gcc -c -g -O2 -g -O2 -Wall -fPIC -D_FILE_OFFSET_BITS=64 -D_LARGEFILE64_SOURCE -D_USE_KNETFILE -D_CURSES_LIB=1 -I. faidx.c -o faidx.o
gcc -c -g -O2 -g -O2 -Wall -fPIC -D_FILE_OFFSET_BITS=64 -D_LARGEFILE64_SOURCE -D_USE_KNETFILE -D_CURSES_LIB=1 -I. bedidx.c -o bedidx.o
gcc -c -g -O2 -g -O2 -Wall -fPIC -D_FILE_OFFSET_BITS=64 -D_LARGEFILE64_SOURCE -D_USE_KNETFILE -D_CURSES_LIB=1 -I. knetfile.c -o knetfile.o
gcc -c -g -O2 -g -O2 -Wall -fPIC -D_FILE_OFFSET_BITS=64 -D_LARGEFILE64_SOURCE -D_USE_KNETFILE -D_CURSES_LIB=1 -I. bam_sort.c -o bam_sort.o
gcc -c -g -O2 -g -O2 -Wall -fPIC -D_FILE_OFFSET_BITS=64 -D_LARGEFILE64_SOURCE -D_USE_KNETFILE -D_CURSES_LIB=1 -I. sam_header.c -o sam_header.o
gcc -c -g -O2 -g -O2 -Wall -fPIC -D_FILE_OFFSET_BITS=64 -D_LARGEFILE64_SOURCE -D_USE_KNETFILE -D_CURSES_LIB=1 -I. bam_reheader.c -o bam_reheader.o
bam_reheader.c: In function 'bam_reheader':
bam_reheader.c:11:16: warning: variable 'old' set but not used [-Wunused-but-set-variable]
gcc -c -g -O2 -g -O2 -Wall -fPIC -D_FILE_OFFSET_BITS=64 -D_LARGEFILE64_SOURCE -D_USE_KNETFILE -D_CURSES_LIB=1 -I. kprobaln.c -o kprobaln.o
kprobaln.c: In function 'kpa_glocal':
kprobaln.c:78:21: warning: variable 'is_diff' set but not used [-Wunused-but-set-variable]
gcc -c -g -O2 -g -O2 -Wall -fPIC -D_FILE_OFFSET_BITS=64 -D_LARGEFILE64_SOURCE -D_USE_KNETFILE -D_CURSES_LIB=1 -I. bam_cat.c -o bam_cat.o
ar -cru libbam.a bgzf.o kstring.o bam_aux.o bam.o bam_import.o sam.o bam_index.o bam_pileup.o bam_lpileup.o bam_md.o glf.o razf.o faidx.o bedidx.o knetfile.o bam_sort.o sam_header.o bam_reheader.o kprobaln.o bam_cat.o
make[2]: Leaving directory `/build/buildd-samtools_0.1.16-1-mipsel-fZSyln/samtools-0.1.16'
make[2]: Entering directory `/build/buildd-samtools_0.1.16-1-mipsel-fZSyln/samtools-0.1.16/bcftools'
gcc -c -g -O2 -g -O2 -Wall -fPIC -D_FILE_OFFSET_BITS=64 -D_LARGEFILE64_SOURCE -D_USE_KNETFILE -D_CURSES_LIB=1 -I.. -I. bcf.c -o bcf.o
gcc -c -g -O2 -g -O2 -Wall -fPIC -D_FILE_OFFSET_BITS=64 -D_LARGEFILE64_SOURCE -D_USE_KNETFILE -D_CURSES_LIB=1 -I.. -I. vcf.c -o vcf.o
gcc -c -g -O2 -g -O2 -Wall -fPIC -D_FILE_OFFSET_BITS=64 -D_LARGEFILE64_SOURCE -D_USE_KNETFILE -D_CURSES_LIB=1 -I.. -I. bcfutils.c -o bcfutils.o
gcc -c -g -O2 -g -O2 -Wall -fPIC -D_FILE_OFFSET_BITS=64 -D_LARGEFILE64_SOURCE -D_USE_KNETFILE -D_CURSES_LIB=1 -I.. -I. prob1.c -o prob1.o
gcc -c -g -O2 -g -O2 -Wall -fPIC -D_FILE_OFFSET_BITS=64 -D_LARGEFILE64_SOURCE -D_USE_KNETFILE -D_CURSES_LIB=1 -I.. -I. em.c -o em.o
em.c: In function 'bcf_em1':
em.c:174:12: warning: variable 'n2' set but not used [-Wunused-but-set-variable]
gcc -c -g -O2 -g -O2 -Wall -fPIC -D_FILE_OFFSET_BITS=64 -D_LARGEFILE64_SOURCE -D_USE_KNETFILE -D_CURSES_LIB=1 -I.. -I. kfunc.c -o kfunc.o
gcc -c -g -O2 -g -O2 -Wall -fPIC -D_FILE_OFFSET_BITS=64 -D_LARGEFILE64_SOURCE -D_USE_KNETFILE -D_CURSES_LIB=1 -I.. -I. kmin.c -o kmin.o
gcc -c -g -O2 -g -O2 -Wall -fPIC -D_FILE_OFFSET_BITS=64 -D_LARGEFILE64_SOURCE -D_USE_KNETFILE -D_CURSES_LIB=1 -I.. -I. index.c -o index.o
gcc -c -g -O2 -g -O2 -Wall -fPIC -D_FILE_OFFSET_BITS=64 -D_LARGEFILE64_SOURCE -D_USE_KNETFILE -D_CURSES_LIB=1 -I.. -I. fet.c -o fet.o
gcc -c -g -O2 -g -O2 -Wall -fPIC -D_FILE_OFFSET_BITS=64 -D_LARGEFILE64_SOURCE -D_USE_KNETFILE -D_CURSES_LIB=1 -I.. -I. bcf2qcall.c -o bcf2qcall.o
ar -cru libbcf.a bcf.o vcf.o bcfutils.o prob1.o em.o kfunc.o kmin.o index.o fet.o bcf2qcall.o
make[2]: Leaving directory `/build/buildd-samtools_0.1.16-1-mipsel-fZSyln/samtools-0.1.16/bcftools'
make[2]: Entering directory `/build/buildd-samtools_0.1.16-1-mipsel-fZSyln/samtools-0.1.16/misc'
make[2]: Nothing to be done for `lib'.
make[2]: Leaving directory `/build/buildd-samtools_0.1.16-1-mipsel-fZSyln/samtools-0.1.16/misc'
gcc -c -g -O2 -g -O2 -Wall -fPIC -D_FILE_OFFSET_BITS=64 -D_LARGEFILE64_SOURCE -D_USE_KNETFILE -D_CURSES_LIB=1 -I. bam_tview.c -o bam_tview.o
gcc -c -g -O2 -g -O2 -Wall -fPIC -D_FILE_OFFSET_BITS=64 -D_LARGEFILE64_SOURCE -D_USE_KNETFILE -D_CURSES_LIB=1 -I. bam_maqcns.c -o bam_maqcns.o
gcc -c -g -O2 -g -O2 -Wall -fPIC -D_FILE_OFFSET_BITS=64 -D_LARGEFILE64_SOURCE -D_USE_KNETFILE -D_CURSES_LIB=1 -I. bam_plcmd.c -o bam_plcmd.o
gcc -c -g -O2 -g -O2 -Wall -fPIC -D_FILE_OFFSET_BITS=64 -D_LARGEFILE64_SOURCE -D_USE_KNETFILE -D_CURSES_LIB=1 -I. sam_view.c -o sam_view.o
gcc -c -g -O2 -g -O2 -Wall -fPIC -D_FILE_OFFSET_BITS=64 -D_LARGEFILE64_SOURCE -D_USE_KNETFILE -D_CURSES_LIB=1 -I. bam_rmdup.c -o bam_rmdup.o
gcc -c -g -O2 -g -O2 -Wall -fPIC -D_FILE_OFFSET_BITS=64 -D_LARGEFILE64_SOURCE -D_USE_KNETFILE -D_CURSES_LIB=1 -I. bam_rmdupse.c -o bam_rmdupse.o
gcc -c -g -O2 -g -O2 -Wall -fPIC -D_FILE_OFFSET_BITS=64 -D_LARGEFILE64_SOURCE -D_USE_KNETFILE -D_CURSES_LIB=1 -I. bam_mate.c -o bam_mate.o
gcc -c -g -O2 -g -O2 -Wall -fPIC -D_FILE_OFFSET_BITS=64 -D_LARGEFILE64_SOURCE -D_USE_KNETFILE -D_CURSES_LIB=1 -I. bam_stat.c -o bam_stat.o
gcc -c -g -O2 -g -O2 -Wall -fPIC -D_FILE_OFFSET_BITS=64 -D_LARGEFILE64_SOURCE -D_USE_KNETFILE -D_CURSES_LIB=1 -I. bam_color.c -o bam_color.o
gcc -c -g -O2 -g -O2 -Wall -fPIC -D_FILE_OFFSET_BITS=64 -D_LARGEFILE64_SOURCE -D_USE_KNETFILE -D_CURSES_LIB=1 -I. bamtk.c -o bamtk.o
gcc -c -g -O2 -g -O2 -Wall -fPIC -D_FILE_OFFSET_BITS=64 -D_LARGEFILE64_SOURCE -D_USE_KNETFILE -D_CURSES_LIB=1 -I. kaln.c -o kaln.o
gcc -c -g -O2 -g -O2 -Wall -fPIC -D_FILE_OFFSET_BITS=64 -D_LARGEFILE64_SOURCE -D_USE_KNETFILE -D_CURSES_LIB=1 -I. bam2bcf.c -o bam2bcf.o
gcc -c -g -O2 -g -O2 -Wall -fPIC -D_FILE_OFFSET_BITS=64 -D_LARGEFILE64_SOURCE -D_USE_KNETFILE -D_CURSES_LIB=1 -I. bam2bcf_indel.c -o bam2bcf_indel.o
gcc -c -g -O2 -g -O2 -Wall -fPIC -D_FILE_OFFSET_BITS=64 -D_LARGEFILE64_SOURCE -D_USE_KNETFILE -D_CURSES_LIB=1 -I. errmod.c -o errmod.o
gcc -c -g -O2 -g -O2 -Wall -fPIC -D_FILE_OFFSET_BITS=64 -D_LARGEFILE64_SOURCE -D_USE_KNETFILE -D_CURSES_LIB=1 -I. sample.c -o sample.o
gcc -c -g -O2 -g -O2 -Wall -fPIC -D_FILE_OFFSET_BITS=64 -D_LARGEFILE64_SOURCE -D_USE_KNETFILE -D_CURSES_LIB=1 -I. cut_target.c -o cut_target.o
cut_target.c: In function 'main_cut_target':
cut_target.c:137:36: warning: variable 'lastpos' set but not used [-Wunused-but-set-variable]
gcc -c -g -O2 -g -O2 -Wall -fPIC -D_FILE_OFFSET_BITS=64 -D_LARGEFILE64_SOURCE -D_USE_KNETFILE -D_CURSES_LIB=1 -I. phase.c -o phase.o
gcc -c -g -O2 -g -O2 -Wall -fPIC -D_FILE_OFFSET_BITS=64 -D_LARGEFILE64_SOURCE -D_USE_KNETFILE -D_CURSES_LIB=1 -I. bam2depth.c -o bam2depth.o
gcc -g -O2 -g -O2 -Wall -fPIC -o samtools bam_tview.o bam_maqcns.o bam_plcmd.o sam_view.o bam_rmdup.o bam_rmdupse.o bam_mate.o bam_stat.o bam_color.o bamtk.o kaln.o bam2bcf.o bam2bcf_indel.o errmod.o sample.o cut_target.o phase.o bam2depth.o -Lbcftools  libbam.a -lbcf -lcurses  -lm -lz
make[2]: Entering directory `/build/buildd-samtools_0.1.16-1-mipsel-fZSyln/samtools-0.1.16'
make[3]: Entering directory `/build/buildd-samtools_0.1.16-1-mipsel-fZSyln/samtools-0.1.16'
make[3]: Nothing to be done for `lib'.
make[3]: Leaving directory `/build/buildd-samtools_0.1.16-1-mipsel-fZSyln/samtools-0.1.16'
make[3]: Entering directory `/build/buildd-samtools_0.1.16-1-mipsel-fZSyln/samtools-0.1.16/bcftools'
make[3]: Nothing to be done for `lib'.
make[3]: Leaving directory `/build/buildd-samtools_0.1.16-1-mipsel-fZSyln/samtools-0.1.16/bcftools'
make[3]: Entering directory `/build/buildd-samtools_0.1.16-1-mipsel-fZSyln/samtools-0.1.16/misc'
make[3]: Nothing to be done for `lib'.
make[3]: Leaving directory `/build/buildd-samtools_0.1.16-1-mipsel-fZSyln/samtools-0.1.16/misc'
gcc -g -O2 -g -O2 -Wall -fPIC -o samtools bam_tview.o bam_maqcns.o bam_plcmd.o sam_view.o bam_rmdup.o bam_rmdupse.o bam_mate.o bam_stat.o bam_color.o bamtk.o kaln.o bam2bcf.o bam2bcf_indel.o errmod.o sample.o cut_target.o phase.o bam2depth.o -Lbcftools  libbam.a -lbcf -lcurses  -lm -lz
make[2]: Leaving directory `/build/buildd-samtools_0.1.16-1-mipsel-fZSyln/samtools-0.1.16'
make[2]: Entering directory `/build/buildd-samtools_0.1.16-1-mipsel-fZSyln/samtools-0.1.16/bcftools'
gcc -c -g -O2 -g -O2 -Wall -fPIC -D_FILE_OFFSET_BITS=64 -D_LARGEFILE64_SOURCE -D_USE_KNETFILE -D_CURSES_LIB=1 -I.. -I. call1.c -o call1.o
gcc -c -g -O2 -g -O2 -Wall -fPIC -D_FILE_OFFSET_BITS=64 -D_LARGEFILE64_SOURCE -D_USE_KNETFILE -D_CURSES_LIB=1 -I.. -I. main.c -o main.o
gcc -g -O2 -g -O2 -Wall -fPIC -o bcftools call1.o main.o ../kstring.o ../bgzf.o ../knetfile.o ../bedidx.o -L.  -lbcf -lm -lz
make[2]: Leaving directory `/build/buildd-samtools_0.1.16-1-mipsel-fZSyln/samtools-0.1.16/bcftools'
make[2]: Entering directory `/build/buildd-samtools_0.1.16-1-mipsel-fZSyln/samtools-0.1.16/misc'
gcc -c -g -O2 -g -O2 -Wall -fPIC -DMD5SUM_MAIN -o md5sum-lite.o md5.c
gcc -g -O2 -g -O2 -Wall -fPIC -o md5sum-lite md5sum-lite.o
gcc -c -g -O2 -g -O2 -Wall -fPIC -D_FILE_OFFSET_BITS=64 -D_LARGEFILE64_SOURCE -D_USE_KNETFILE -D_CURSES_LIB=1 -I. md5.c -o md5.o
gcc -g -O2 -g -O2 -Wall -fPIC -c -I.. -o md5fa.o md5fa.c
gcc -g -O2 -g -O2 -Wall -fPIC -o md5fa md5.o md5fa.o -lz
gcc -g -O2 -g -O2 -Wall -fPIC -o maq2sam-short maq2sam.c -lz
gcc -g -O2 -g -O2 -Wall -fPIC -DMAQ_LONGREADS -o maq2sam-long maq2sam.c -lz
gcc -c -g -O2 -g -O2 -Wall -fPIC -D_FILE_OFFSET_BITS=64 -D_LARGEFILE64_SOURCE -D_USE_KNETFILE -D_CURSES_LIB=1 -I. wgsim.c -o wgsim.o
gcc -g -O2 -g -O2 -Wall -fPIC -o wgsim wgsim.o -lm
make[2]: Leaving directory `/build/buildd-samtools_0.1.16-1-mipsel-fZSyln/samtools-0.1.16/misc'
gcc -c -g -O2 -g -O2 -Wall -fPIC -D_FILE_OFFSET_BITS=64 -D_LARGEFILE64_SOURCE -D_USE_KNETFILE -D_CURSES_LIB=1 -I. razip.c -o razip.o
gcc -g -O2 -g -O2 -Wall -fPIC -o razip razf.o razip.o knetfile.o -lz
make[1]: Nothing to be done for `lib'.
make[1]: Leaving directory `/build/buildd-samtools_0.1.16-1-mipsel-fZSyln/samtools-0.1.16'
touch debian/stamp-makefile-build
/usr/bin/make  -C . CFLAGS="-g -O2 -g -O2 -Wall -fPIC" CXXFLAGS="-g -O2 -g -O2 -Wall" CPPFLAGS="" LDFLAGS=""  -C examples all
make[1]: Entering directory `/build/buildd-samtools_0.1.16-1-mipsel-fZSyln/samtools-0.1.16/examples'
../samtools faidx ex1.fa
../samtools import ex1.fa.fai ex1.sam.gz ex1.bam
[sam_header_read2] 2 sequences loaded.
../samtools pileup -gf ex1.fa ex1.bam > ex1.glf
../samtools pileup -cf ex1.fa ex1.bam | gzip > ex1.pileup.gz
../samtools index ex1.bam
../samtools view -h ex1.bam | awk 'BEGIN{FS=OFS="\t"}{if(/^@/)print;else{$1=$1"a";print}}' | ../samtools view -bS - > ex1a.bam
[samopen] SAM header is present: 2 sequences.
../samtools view -h ex1.bam | awk 'BEGIN{FS=OFS="\t"}{if(/^@/)print;else{$1=$1"b";print}}' | ../samtools view -bS - > ex1b.bam
[samopen] SAM header is present: 2 sequences.
(echo "@RG	ID:ex1	LB:ex1	SM:ex1"; echo "@RG	ID:ex1a	LB:ex1	SM:ex1"; echo "@RG	ID:ex1b	LB:ex1b	SM:ex1b") > ex1f.rg
../samtools merge -rh ex1f.rg ex1f.bam ex1.bam ex1a.bam ex1b.bam
../samtools rmdup ex1f.bam ex1f-rmduppe.bam
[bam_rmdup_core] processing reference seq1...
[bam_rmdup_core] processing reference seq2...
[bam_rmdup_core] 1572 / 3144 = 0.5000 in library 'ex1'
[bam_rmdup_core] 0 / 1572 = 0.0000 in library 'ex1b'
../samtools rmdup -S ex1f.bam ex1f-rmdupse.bam
[bam_rmdupse_core] 4145 / 6542 = 0.6336 in library 'ex1'
[bam_rmdupse_core] 874 / 3271 = 0.2672 in library 'ex1b'
../samtools glfview ex1.glf | gzip > ex1.glfview.gz
../samtools mpileup -gf ex1.fa ex1.bam > ex1.bcf
[mpileup] 1 samples in 1 input files
<mpileup> Set max per-file depth to 8000
gcc -g -Wall -O2 -I.. calDepth.c -o calDepth -L.. -lbam -lm -lz

# You can now launch the viewer with: 'samtools tview ex1.bam ex1.fa'

make[1]: Leaving directory `/build/buildd-samtools_0.1.16-1-mipsel-fZSyln/samtools-0.1.16/examples'
touch debian/stamp-makefile-check
 fakeroot debian/rules binary-arch
Use of uninitialized value $ENV{"HOME"} in concatenation (.) or string at /usr/share/perl5/Dpkg/BuildFlags.pm line 109.
Use of uninitialized value $ENV{"HOME"} in concatenation (.) or string at /usr/share/perl5/Dpkg/BuildFlags.pm line 109.
Use of uninitialized value $ENV{"HOME"} in concatenation (.) or string at /usr/share/perl5/Dpkg/BuildFlags.pm line 109.
Use of uninitialized value $ENV{"HOME"} in concatenation (.) or string at /usr/share/perl5/Dpkg/BuildFlags.pm line 109.
test -x debian/rules
dh_testroot
dh_prep 
dh_installdirs -A 
mkdir -p "."
/usr/share/cdbs/1/rules/buildcore.mk:109: WARNING:  DEB_DH_BUILDDEB_ARGS is a deprecated variable
DEB_MAKE_INSTALL_TARGET unset, skipping default makefile.mk common-install target
Adding cdbs dependencies to debian/samtools.substvars
dh_installdirs -psamtools 
Adding cdbs dependencies to debian/libbam-dev.substvars
dh_installdirs -plibbam-dev 
dh_installdocs -psamtools ./NEWS ./AUTHORS 
dh_installexamples -psamtools 
dh_installman -psamtools  
dh_installinfo -psamtools  
dh_installmenu -psamtools 
dh_installcron -psamtools 
dh_installinit -psamtools  
dh_installdebconf -psamtools 
dh_installemacsen -psamtools   
dh_installcatalogs -psamtools 
dh_installpam -psamtools 
dh_installlogrotate -psamtools 
dh_installlogcheck -psamtools 
dh_installgsettings -psamtools 
dh_installchangelogs -psamtools  ./ChangeLog 
dh_installudev -psamtools 
dh_lintian -psamtools 
dh_bugfiles -psamtools 
dh_install -psamtools  
dh_link -psamtools  
dh_installmime -psamtools 
install -m 644 bcftools/README /build/buildd-samtools_0.1.16-1-mipsel-fZSyln/samtools-0.1.16/debian/samtools/usr/share/doc/samtools/README.bcftools
dh_installdocs -plibbam-dev ./NEWS ./AUTHORS 
dh_installexamples -plibbam-dev 
dh_installman -plibbam-dev  
dh_installinfo -plibbam-dev  
dh_installmenu -plibbam-dev 
dh_installcron -plibbam-dev 
dh_installinit -plibbam-dev  
dh_installdebconf -plibbam-dev 
dh_installemacsen -plibbam-dev   
dh_installcatalogs -plibbam-dev 
dh_installpam -plibbam-dev 
dh_installlogrotate -plibbam-dev 
dh_installlogcheck -plibbam-dev 
dh_installgsettings -plibbam-dev 
dh_installchangelogs -plibbam-dev  ./ChangeLog 
dh_installudev -plibbam-dev 
dh_lintian -plibbam-dev 
dh_bugfiles -plibbam-dev 
dh_install -plibbam-dev  
dh_link -plibbam-dev  
dh_installmime -plibbam-dev 
dh_strip -psamtools  
dh_compress -psamtools  
dh_fixperms -psamtools  
dh_makeshlibs -psamtools  
sed -i 's|^#!/software/bin/python|#!/usr/bin/python|' /build/buildd-samtools_0.1.16-1-mipsel-fZSyln/samtools-0.1.16/debian/samtools/usr/share/samtools/varfilter.py
dh_strip -plibbam-dev  
dh_compress -plibbam-dev  
dh_fixperms -plibbam-dev  
dh_makeshlibs -plibbam-dev  
dh_installdeb -psamtools 
dh_perl -psamtools 
dh_shlibdeps -psamtools    
dh_installdeb -plibbam-dev 
dh_perl -plibbam-dev 
dh_shlibdeps -plibbam-dev    
dh_gencontrol -psamtools  
dpkg-gencontrol: warning: package samtools: unused substitution variable ${perl:Depends}
dh_md5sums -psamtools 
dh_builddeb -psamtools -- -Z=bzip2
dpkg-deb: building package `samtools' in `../samtools_0.1.16-1_mipsel.deb'.
dh_gencontrol -plibbam-dev  
dpkg-gencontrol: warning: Depends field of package libbam-dev: unknown substitution variable ${shlibs:Depends}
dh_md5sums -plibbam-dev 
dh_builddeb -plibbam-dev -- -Z=bzip2
dpkg-deb: building package `libbam-dev' in `../libbam-dev_0.1.16-1_mipsel.deb'.
 dpkg-genchanges -B -mmipsel Build Daemon (mayer) <buildd_mips-mayer@buildd.debian.org> >../samtools_0.1.16-1_mipsel.changes
dpkg-genchanges: arch-specific upload - not including arch-independent packages
dpkg-genchanges: binary-only upload - not including any source code
 dpkg-source --after-build samtools-0.1.16
dpkg-buildpackage: binary only upload (no source included)
────────────────────────────────────────────────────────────────────────────────
Build finished at 20110519-0450

samtools_0.1.16-1_mipsel.changes:
Format: 1.8
Date: Thu, 19 May 2011 13:24:25 +0900
Source: samtools
Binary: samtools libbam-dev
Architecture: mipsel
Version: 0.1.16-1
Distribution: sid
Urgency: low
Maintainer: mipsel Build Daemon (mayer) <buildd_mips-mayer@buildd.debian.org>
Changed-By: Charles Plessy <plessy@debian.org>
Description: 
 libbam-dev - manipulates nucleotide sequence alignments in BAM or SAM format
 samtools   - processing sequence alignments in SAM and BAM formats
Closes: 625622 626044
Changes: 
 samtools (0.1.16-1) unstable; urgency=low
 .
   * New upstream release, implementing SAM Spec v1.4.
   * Distribute sam.h and the other headers in /usr/include/samtools.
     Closes: #625622, #626044, LP: #690997.
Checksums-Sha1: 
 b2148541e752f5aaccabada3bb2717e861d896cc 642924 samtools_0.1.16-1_mipsel.deb
 fb651f8517cf3a151030cdfd03283bdf040f419c 200948 libbam-dev_0.1.16-1_mipsel.deb
Checksums-Sha256: 
 d14e7b7580a68da2f14a393e715ca8d3bab81830265b4052d3a59616be5843af 642924 samtools_0.1.16-1_mipsel.deb
 15428af9658f7601a743250beddf9012b150ade02b2339dbb53c6404dd51cae9 200948 libbam-dev_0.1.16-1_mipsel.deb
Files: 
 e7c7374c687aefca57d1ffdfc3e81f04 642924 science optional samtools_0.1.16-1_mipsel.deb
 2d7fe9dff0e0dc49ae911564a9a5a9cf 200948 libdevel optional libbam-dev_0.1.16-1_mipsel.deb

┌──────────────────────────────────────────────────────────────────────────────┐
│ Package contents                                                             │
└──────────────────────────────────────────────────────────────────────────────┘


samtools_0.1.16-1_mipsel.deb
────────────────────────────

 new debian package, version 2.0.
 size 642924 bytes: control archive= 1786 bytes.
     787 bytes,    16 lines      control              
    2520 bytes,    38 lines      md5sums              
 Package: samtools
 Version: 0.1.16-1
 Architecture: mipsel
 Maintainer: Debian Med Packaging Team <debian-med-packaging@lists.alioth.debian.org>
 Installed-Size: 1216
 Depends: libc6 (>= 2.7), libncurses5 (>= 5.5-5~), zlib1g (>= 1:1.2.3.3.dfsg)
 Suggests: python
 Section: science
 Priority: optional
 Homepage: http://samtools.sourceforge.net
 Description: processing sequence alignments in SAM and BAM formats
  Samtools is a set of utilities that manipulate nucleotide sequence alignments
  in the binary BAM format. It imports from and exports to the ascii SAM
  (Sequence Alignment/Map) format, does sorting, merging and indexing, and allows
  to retrieve reads in any regions swiftly. It is designed to work on a stream,
  and is able to open a BAM (not SAM) file on a remote FTP or HTTP server.

drwxr-xr-x root/root         0 2011-05-19 04:50 ./
drwxr-xr-x root/root         0 2011-05-19 04:50 ./usr/
drwxr-xr-x root/root         0 2011-05-19 04:50 ./usr/share/
drwxr-xr-x root/root         0 2011-05-19 04:50 ./usr/share/doc/
drwxr-xr-x root/root         0 2011-05-19 04:50 ./usr/share/doc/samtools/
-rw-r--r-- root/root       916 2010-11-17 04:16 ./usr/share/doc/samtools/AUTHORS
-rw-r--r-- root/root       592 2011-05-19 04:20 ./usr/share/doc/samtools/reference
-rw-r--r-- root/root      1031 2011-05-19 04:20 ./usr/share/doc/samtools/README.Debian
-rw-r--r-- root/root      5392 2011-05-19 04:20 ./usr/share/doc/samtools/copyright
drwxr-xr-x root/root         0 2011-05-19 04:50 ./usr/share/doc/samtools/examples/
-rw-r--r-- root/root      3225 2010-11-17 04:16 ./usr/share/doc/samtools/examples/ex1.fa
-rw-r--r-- root/root    114565 2010-11-17 04:16 ./usr/share/doc/samtools/examples/ex1.sam.gz
-rw-r--r-- root/root       886 2010-11-17 04:16 ./usr/share/doc/samtools/examples/00README.txt
-rw-r--r-- root/root        98 2010-11-17 04:16 ./usr/share/doc/samtools/examples/toy.fa
-rw-r--r-- root/root       786 2011-04-22 03:16 ./usr/share/doc/samtools/examples/toy.sam
-rw-r--r-- root/root    126609 2011-05-19 04:49 ./usr/share/doc/samtools/examples/ex1.bam.gz
-rw-r--r-- root/root     33578 2011-03-01 19:50 ./usr/share/doc/samtools/changelog.gz
-rw-r--r-- root/root      1966 2011-05-19 04:50 ./usr/share/doc/samtools/README.bcftools
-rw-r--r-- root/root      9373 2011-04-22 03:16 ./usr/share/doc/samtools/NEWS.gz
-rw-r--r-- root/root      1462 2011-05-19 04:24 ./usr/share/doc/samtools/changelog.Debian.gz
drwxr-xr-x root/root         0 2011-05-19 04:50 ./usr/share/man/
drwxr-xr-x root/root         0 2011-05-19 04:50 ./usr/share/man/man1/
-rw-r--r-- root/root       430 2011-05-19 04:50 ./usr/share/man/man1/razip.1.gz
-rw-r--r-- root/root      8438 2011-05-19 04:50 ./usr/share/man/man1/samtools.1.gz
-rw-r--r-- root/root      2101 2011-05-19 04:50 ./usr/share/man/man1/bcftools.1.gz
drwxr-xr-x root/root         0 2011-05-19 04:50 ./usr/share/samtools/
-rwxr-xr-x root/root     15437 2011-03-01 19:50 ./usr/share/samtools/vcfutils.pl
-rwxr-xr-x root/root      2415 2010-11-17 04:16 ./usr/share/samtools/blast2sam.pl
-rwxr-xr-x root/root      2112 2010-11-17 04:16 ./usr/share/samtools/bowtie2sam.pl
-rwxr-xr-x root/root     18572 2011-03-22 03:09 ./usr/share/samtools/export2sam.pl
-rwxr-xr-x root/root      4996 2010-11-17 04:16 ./usr/share/samtools/interpolate_sam.pl
-rwxr-xr-x root/root      5989 2010-11-17 04:16 ./usr/share/samtools/novo2sam.pl
-rwxr-xr-x root/root      2022 2010-11-17 04:16 ./usr/share/samtools/psl2sam.pl
-rwxr-xr-x root/root      7881 2010-11-17 04:16 ./usr/share/samtools/sam2vcf.pl
-rwxr-xr-x root/root     14299 2010-11-17 04:16 ./usr/share/samtools/samtools.pl
-rwxr-xr-x root/root      2696 2010-11-17 04:16 ./usr/share/samtools/soap2sam.pl
-rwxr-xr-x root/root      2729 2010-11-17 04:16 ./usr/share/samtools/wgsim_eval.pl
-rwxr-xr-x root/root      2397 2010-11-17 04:16 ./usr/share/samtools/zoom2sam.pl
-rwxr-xr-x root/root      5778 2011-05-19 04:50 ./usr/share/samtools/varfilter.py
drwxr-xr-x root/root         0 2011-05-19 04:50 ./usr/bin/
-rwxr-xr-x root/root    146724 2011-05-19 04:50 ./usr/bin/bcftools
-rwxr-xr-x root/root     29136 2011-05-19 04:50 ./usr/bin/razip
-rwxr-xr-x root/root    462692 2011-05-19 04:50 ./usr/bin/samtools
drwxr-xr-x root/root         0 2011-05-19 04:50 ./usr/lib/
drwxr-xr-x root/root         0 2011-05-19 04:50 ./usr/lib/samtools/
-rwxr-xr-x root/root     18676 2011-05-19 04:50 ./usr/lib/samtools/wgsim
-rwxr-xr-x root/root      7472 2011-05-19 04:50 ./usr/lib/samtools/maq2sam-long
-rwxr-xr-x root/root      7472 2011-05-19 04:50 ./usr/lib/samtools/maq2sam-short
-rwxr-xr-x root/root     12512 2011-05-19 04:50 ./usr/lib/samtools/md5fa
-rwxr-xr-x root/root      9252 2011-05-19 04:50 ./usr/lib/samtools/md5sum-lite


libbam-dev_0.1.16-1_mipsel.deb
──────────────────────────────

 new debian package, version 2.0.
 size 200948 bytes: control archive= 927 bytes.
     675 bytes,    15 lines      control              
     715 bytes,    11 lines      md5sums              
 Package: libbam-dev
 Source: samtools
 Version: 0.1.16-1
 Architecture: mipsel
 Maintainer: Debian Med Packaging Team <debian-med-packaging@lists.alioth.debian.org>
 Installed-Size: 500
 Section: libdevel
 Priority: optional
 Homepage: http://samtools.sourceforge.net
 Description: manipulates nucleotide sequence alignments in BAM or SAM format
  The BAM library provides I/O and various operations on manipulating nucleotide
  sequence alignments in the BAM (Binary Alignment/Mapping) or SAM (Sequence
  Alignment/Map) format. It now supports importing from or exporting to SAM,
  sorting, merging, generating pileup, and quickly retrieval of reads overlapped
  with a specified region.

drwxr-xr-x root/root         0 2011-05-19 04:50 ./
drwxr-xr-x root/root         0 2011-05-19 04:50 ./usr/
drwxr-xr-x root/root         0 2011-05-19 04:50 ./usr/share/
drwxr-xr-x root/root         0 2011-05-19 04:50 ./usr/share/doc/
drwxr-xr-x root/root         0 2011-05-19 04:50 ./usr/share/doc/libbam-dev/
-rw-r--r-- root/root       916 2010-11-17 04:16 ./usr/share/doc/libbam-dev/AUTHORS
-rw-r--r-- root/root      5392 2011-05-19 04:20 ./usr/share/doc/libbam-dev/copyright
-rw-r--r-- root/root     33578 2011-03-01 19:50 ./usr/share/doc/libbam-dev/changelog.gz
-rw-r--r-- root/root      9373 2011-04-22 03:16 ./usr/share/doc/libbam-dev/NEWS.gz
-rw-r--r-- root/root      1462 2011-05-19 04:24 ./usr/share/doc/libbam-dev/changelog.Debian.gz
drwxr-xr-x root/root         0 2011-05-19 04:50 ./usr/lib/
-rw-r--r-- root/root    340310 2011-05-19 04:50 ./usr/lib/libbam.a
drwxr-xr-x root/root         0 2011-05-19 04:50 ./usr/include/
drwxr-xr-x root/root         0 2011-05-19 04:50 ./usr/include/samtools/
-rw-r--r-- root/root     24548 2011-04-22 03:16 ./usr/include/samtools/bam.h
-rw-r--r-- root/root      4617 2011-04-10 22:33 ./usr/include/samtools/bgzf.h
-rw-r--r-- root/root     17815 2011-03-01 19:50 ./usr/include/samtools/khash.h
-rw-r--r-- root/root      3188 2010-11-17 04:16 ./usr/include/samtools/faidx.h
-rw-r--r-- root/root      2625 2010-11-17 04:16 ./usr/include/samtools/sam.h


┌──────────────────────────────────────────────────────────────────────────────┐
│ Finished                                                                     │
└──────────────────────────────────────────────────────────────────────────────┘

Built successfully
────────────────────────────────────────────────────────────────────────────────

┌──────────────────────────────────────────────────────────────────────────────┐
│ Post Build                                                                   │
└──────────────────────────────────────────────────────────────────────────────┘

Purging /var/lib/schroot/mount/sid-mipsel-sbuild-6a84821d-880a-40fd-b190-007198c56346/build/buildd-samtools_0.1.16-1-mipsel-fZSyln
Reading package lists...
Building dependency tree...
Reading state information...
0 upgraded, 0 newly installed, 0 to remove and 20 not upgraded.
Reading package lists...
Building dependency tree...
Reading state information...
The following packages will be REMOVED:
  cdbs* libncurses5-dev* zlib1g-dev*
0 upgraded, 0 newly installed, 3 to remove and 20 not upgraded.
After this operation, 2384 kB disk space will be freed.
(Reading database ... 12361 files and directories currently installed.)
Removing cdbs ...
Removing libncurses5-dev ...
Removing zlib1g-dev ...
Processing triggers for man-db ...

┌──────────────────────────────────────────────────────────────────────────────┐
│ Summary                                                                      │
└──────────────────────────────────────────────────────────────────────────────┘

Architecture: mipsel
Build-Space: 10972
Build-Time: 283
Distribution: sid
Install-Time: 34
Job: samtools_0.1.16-1
Package: samtools
Package-Time: 409
Source-Version: 0.1.16-1
Space: 10972
Status: successful
Version: 0.1.16-1
────────────────────────────────────────────────────────────────────────────────
Finished at 20110519-0450
Build needed 00:06:49, 10972k disc space
Signature with key '68D1B022' requested:

