From buildd@praetorius.debian.org Fri Jul 27 15:10:54 2012
Return-path: <buildd@praetorius.debian.org>
Received: from merikanto.debian.org ([2001:858:2:2:216:35ff:fec4:a49a])
	from C=NA, ST=NA, L=Ankh Morpork, O=Debian SMTP, OU=Debian SMTP CA,
	CN=merikanto.debian.org,
	EMAIL=hostmaster@merikanto.debian.org (verified)
	by grieg.debian.org with esmtps (TLS1.0:RSA_AES_256_CBC_SHA1:32)
	(Exim 4.72) (envelope-from <buildd@praetorius.debian.org>)
	id 1SumBp-0002aq-Tf
	for logs@buildd.debian.org; Fri, 27 Jul 2012 15:10:54 +0000
Received: from [2001:6b0:e:2a18:214:5eff:fe97:268a]
	(helo=praetorius.debian.org)
	from C=NA, ST=NA, L=Ankh Morpork, O=Debian SMTP, OU=Debian SMTP CA,
	CN=praetorius.debian.org,
	EMAIL=hostmaster@praetorius.debian.org (verified)
	by merikanto.debian.org with esmtps (TLS1.0:RSA_AES_256_CBC_SHA1:32)
	(Exim 4.72) (envelope-from <buildd@praetorius.debian.org>)
	id 1SumBo-00043a-7w; Fri, 27 Jul 2012 15:10:52 +0000
Received: from buildd by praetorius.debian.org with local (Exim 4.72)
	(envelope-from <buildd@praetorius.debian.org>)
	id 1SumBm-0003zD-Ln; Fri, 27 Jul 2012 15:10:50 +0000
Date: Fri, 27 Jul 2012 15:10:50 +0000
Message-Id: <E1SumBm-0003zD-Ln@praetorius.debian.org>
From: buildd on praetorius <buildd@praetorius.debian.org>
To: wouter@debian.org,logs@buildd.debian.org
Subject: Log for successful build of samtools_0.1.18-2 on powerpc (dist=sid)
Content-Type: text/plain; charset=UTF-8
Content-Transfer-Encoding: 8bit
Delivered-To: logs@buildd.debian.org

sbuild (Debian sbuild) 0.61.0 (23 Feb 2011) on praetorius.debian.org

╔══════════════════════════════════════════════════════════════════════════════╗
║ samtools 0.1.18-2 (powerpc)                                27 Jul 2012 15:07 ║
╚══════════════════════════════════════════════════════════════════════════════╝

Package: samtools
Version: 0.1.18-2
Source Version: 0.1.18-2
Architecture: powerpc
Get:1 http://ftp.se.debian.org unstable InRelease [249 kB]
Get:2 http://ftp.se.debian.org unstable/main Sources [6317 kB]
Get:3 http://incoming.debian.org unstable InRelease [249 kB]
Get:4 http://ftp.se.debian.org unstable/contrib Sources [53.9 kB]
Get:5 http://ftp.se.debian.org unstable/non-free Sources [98.1 kB]
Get:6 http://ftp.se.debian.org unstable/main powerpc Packages [6016 kB]
Ign http://incoming.debian.org  InRelease
Get:7 http://ftp.se.debian.org unstable/contrib powerpc Packages [37.7 kB]
Get:8 http://incoming.debian.org unstable/main Sources [6315 kB]
Get:9 http://incoming.debian.org unstable/contrib Sources [53.9 kB]
Get:10 http://incoming.debian.org unstable/non-free Sources [98.1 kB]
Get:11 http://incoming.debian.org unstable/main powerpc Packages [6016 kB]
Get:12 http://incoming.debian.org unstable/contrib powerpc Packages [37.7 kB]
Get:13 http://incoming.debian.org  Release.gpg [836 B]
Get:14 http://incoming.debian.org  Release [1601 B]
Get:15 http://incoming.debian.org  Sources [14.3 kB]
Get:16 http://incoming.debian.org  Packages [113 kB]
Fetched 25.7 MB in 21s (1178 kB/s)
Reading package lists...

┌──────────────────────────────────────────────────────────────────────────────┐
│ Fetch source files                                                           │
└──────────────────────────────────────────────────────────────────────────────┘


Check APT
─────────

Checking available source versions...

Download source files with APT
──────────────────────────────

Reading package lists...
Building dependency tree...
Reading state information...
NOTICE: 'samtools' packaging is maintained in the 'Git' version control system at:
git://git.debian.org/debian-med/samtools.git
Need to get 390 kB of source archives.
Get:1 http://incoming.debian.org/buildd-unstable/  samtools 0.1.18-2 (dsc) [1429 B]
Get:2 http://incoming.debian.org/buildd-unstable/  samtools 0.1.18-2 (tar) [379 kB]
Get:3 http://incoming.debian.org/buildd-unstable/  samtools 0.1.18-2 (diff) [8901 B]
Fetched 390 kB in 1s (234 kB/s)
Download complete and in download only mode

Check arch
──────────


┌──────────────────────────────────────────────────────────────────────────────┐
│ Install core build dependencies (internal resolver)                          │
└──────────────────────────────────────────────────────────────────────────────┘

Build-Depends: build-essential, fakeroot
Checking for already installed dependencies...
build-essential: already installed (11.5)
fakeroot: already installed (1.18.4-2)
Checking for dependency conflicts...
Installing positive dependencies: 
Reading package lists...
Building dependency tree...
Reading state information...
0 upgraded, 0 newly installed, 0 to remove and 34 not upgraded.
Removing negative dependencies: 
Reading package lists...
Building dependency tree...
Reading state information...
0 upgraded, 0 newly installed, 0 to remove and 34 not upgraded.
Checking correctness of dependencies...

┌──────────────────────────────────────────────────────────────────────────────┐
│ Install samtools build dependencies (internal resolver)                      │
└──────────────────────────────────────────────────────────────────────────────┘

Build-Depends: base-files, base-passwd, bash, coreutils, dash, debianutils, diffutils, dpkg, e2fsprogs, findutils, grep, gzip, hostname, ncurses-base, ncurses-bin, perl-base, sed, login, sysvinit-utils, sysvinit, tar, bsdutils, mount, util-linux, libc6-dev | libc-dev, gcc (>= 4:4.4.3), g++ (>= 4:4.4.3), make, dpkg-dev (>= 1.13.5), debhelper (>= 8), cdbs, quilt, libncurses5-dev, zlib1g-dev
Checking for already installed dependencies...
base-files: already installed (6.11)
base-passwd: already installed (3.5.26)
bash: already installed (4.2-2)
coreutils: already installed (8.13-3.2)
dash: already installed (0.5.7-3)
debianutils: already installed (4.3.1)
diffutils: already installed (1:3.2-6)
dpkg: already installed (1.16.4.3)
e2fsprogs: already installed (1.42.4-3)
findutils: already installed (4.4.2-4)
grep: already installed (2.12-2)
gzip: already installed (1.5-1.1)
hostname: already installed (3.11)
ncurses-base: already installed (5.9-9)
ncurses-bin: already installed (5.9-9)
perl-base: already installed (5.14.2-12)
sed: already installed (4.2.1-10)
login: already installed (1:4.1.5.1-1)
sysvinit-utils: already installed (2.88dsf-27)
sysvinit: already installed (2.88dsf-27)
tar: already installed (1.26-4)
bsdutils: already installed (1:2.20.1-5.1)
mount: already installed (2.20.1-5.1)
util-linux: already installed (2.20.1-5.1)
libc6-dev: already installed (2.13-33)
gcc: already installed (4:4.6.3-7 >= 4:4.4.3 is satisfied)
g++: already installed (4:4.6.3-7 >= 4:4.4.3 is satisfied)
make: already installed (3.81-8.2)
dpkg-dev: already installed (1.16.4.3 >= 1.13.5 is satisfied)
debhelper: missing
Using default version 9.20120608
cdbs: missing
quilt: missing
libncurses5-dev: missing
zlib1g-dev: missing
Checking for dependency conflicts...
Installing positive dependencies: debhelper cdbs quilt libncurses5-dev zlib1g-dev
Reading package lists...
Building dependency tree...
Reading state information...
The following extra packages will be installed:
  bsdmainutils diffstat file gettext gettext-base groff-base html2text
  intltool-debian libasprintf0c2 libcroco3 libffi5 libgettextpo0 libglib2.0-0
  libmagic1 libncurses5 libpcre3 libpipeline1 libtinfo-dev libtinfo5
  libunistring0 libxml2 man-db ncurses-bin po-debconf
Suggested packages:
  wamerican wordlist whois vacation devscripts dh-make gettext-doc groff
  ncurses-doc less www-browser libmail-box-perl procmail graphviz default-mta
  mail-transport-agent
Recommended packages:
  autotools-dev curl wget lynx-cur autopoint libglib2.0-data shared-mime-info
  libgpm2 xml-core libmail-sendmail-perl
The following NEW packages will be installed:
  bsdmainutils cdbs debhelper diffstat file gettext gettext-base groff-base
  html2text intltool-debian libasprintf0c2 libcroco3 libffi5 libgettextpo0
  libglib2.0-0 libmagic1 libncurses5-dev libpcre3 libpipeline1 libtinfo-dev
  libunistring0 libxml2 man-db po-debconf quilt zlib1g-dev
The following packages will be upgraded:
  libncurses5 libtinfo5 ncurses-bin
3 upgraded, 26 newly installed, 0 to remove and 31 not upgraded.
Need to get 11.5 MB of archives.
After this operation, 28.9 MB of additional disk space will be used.
Get:1 http://ftp.se.debian.org/debian/ unstable/main ncurses-bin powerpc 5.9-10 [333 kB]
Get:2 http://ftp.se.debian.org/debian/ unstable/main libtinfo5 powerpc 5.9-10 [272 kB]
Get:3 http://ftp.se.debian.org/debian/ unstable/main libncurses5 powerpc 5.9-10 [104 kB]
Get:4 http://ftp.se.debian.org/debian/ unstable/main libpipeline1 powerpc 1.2.1-1 [38.5 kB]
Get:5 http://ftp.se.debian.org/debian/ unstable/main libasprintf0c2 powerpc 0.18.1.1-9 [27.0 kB]
Get:6 http://ftp.se.debian.org/debian/ unstable/main libmagic1 powerpc 5.11-2 [201 kB]
Get:7 http://ftp.se.debian.org/debian/ unstable/main libpcre3 powerpc 1:8.30-5 [240 kB]
Get:8 http://ftp.se.debian.org/debian/ unstable/main libxml2 powerpc 2.8.0+dfsg1-5 [851 kB]
Get:9 http://ftp.se.debian.org/debian/ unstable/main libffi5 powerpc 3.0.10-3 [25.5 kB]
Get:10 http://ftp.se.debian.org/debian/ unstable/main libglib2.0-0 powerpc 2.32.3-1 [2044 kB]
Get:11 http://ftp.se.debian.org/debian/ unstable/main libcroco3 powerpc 0.6.5-1 [143 kB]
Get:12 http://ftp.se.debian.org/debian/ unstable/main libunistring0 powerpc 0.9.3-5 [421 kB]
Get:13 http://ftp.se.debian.org/debian/ unstable/main libgettextpo0 powerpc 0.18.1.1-9 [137 kB]
Get:14 http://ftp.se.debian.org/debian/ unstable/main bsdmainutils powerpc 9.0.3 [208 kB]
Get:15 http://ftp.se.debian.org/debian/ unstable/main groff-base powerpc 1.21-9 [1179 kB]
Get:16 http://ftp.se.debian.org/debian/ unstable/main man-db powerpc 2.6.2-1 [1062 kB]
Get:17 http://ftp.se.debian.org/debian/ unstable/main file powerpc 5.11-2 [51.7 kB]
Get:18 http://ftp.se.debian.org/debian/ unstable/main gettext-base powerpc 0.18.1.1-9 [131 kB]
Get:19 http://ftp.se.debian.org/debian/ unstable/main cdbs all 0.4.116 [79.9 kB]
Get:20 http://ftp.se.debian.org/debian/ unstable/main html2text powerpc 1.3.2a-15 [105 kB]
Get:21 http://ftp.se.debian.org/debian/ unstable/main gettext powerpc 0.18.1.1-9 [1929 kB]
Get:22 http://ftp.se.debian.org/debian/ unstable/main intltool-debian all 0.35.0+20060710.1 [30.8 kB]
Get:23 http://ftp.se.debian.org/debian/ unstable/main po-debconf all 1.0.16+nmu2 [224 kB]
Get:24 http://ftp.se.debian.org/debian/ unstable/main debhelper all 9.20120608 [700 kB]
Get:25 http://ftp.se.debian.org/debian/ unstable/main diffstat powerpc 1.55-3 [29.2 kB]
Get:26 http://ftp.se.debian.org/debian/ unstable/main libtinfo-dev powerpc 5.9-10 [105 kB]
Get:27 http://ftp.se.debian.org/debian/ unstable/main libncurses5-dev powerpc 5.9-10 [211 kB]
Get:28 http://ftp.se.debian.org/debian/ unstable/main quilt all 0.60-2 [377 kB]
Get:29 http://ftp.se.debian.org/debian/ unstable/main zlib1g-dev powerpc 1:1.2.7.dfsg-13 [213 kB]
debconf: delaying package configuration, since apt-utils is not installed
Fetched 11.5 MB in 2s (5676 kB/s)
(Reading database ... 10745 files and directories currently installed.)
Preparing to replace ncurses-bin 5.9-9 (using .../ncurses-bin_5.9-10_powerpc.deb) ...
Unpacking replacement ncurses-bin ...
Setting up ncurses-bin (5.9-10) ...
(Reading database ... 10745 files and directories currently installed.)
Preparing to replace libtinfo5:powerpc 5.9-9 (using .../libtinfo5_5.9-10_powerpc.deb) ...
Unpacking replacement libtinfo5:powerpc ...
Setting up libtinfo5:powerpc (5.9-10) ...
(Reading database ... 10745 files and directories currently installed.)
Preparing to replace libncurses5:powerpc 5.9-9 (using .../libncurses5_5.9-10_powerpc.deb) ...
Unpacking replacement libncurses5:powerpc ...
Setting up libncurses5:powerpc (5.9-10) ...
Selecting previously unselected package libpipeline1:powerpc.
(Reading database ... 10745 files and directories currently installed.)
Unpacking libpipeline1:powerpc (from .../libpipeline1_1.2.1-1_powerpc.deb) ...
Selecting previously unselected package libasprintf0c2:powerpc.
Unpacking libasprintf0c2:powerpc (from .../libasprintf0c2_0.18.1.1-9_powerpc.deb) ...
Selecting previously unselected package libmagic1:powerpc.
Unpacking libmagic1:powerpc (from .../libmagic1_5.11-2_powerpc.deb) ...
Selecting previously unselected package libpcre3:powerpc.
Unpacking libpcre3:powerpc (from .../libpcre3_1%3a8.30-5_powerpc.deb) ...
Selecting previously unselected package libxml2:powerpc.
Unpacking libxml2:powerpc (from .../libxml2_2.8.0+dfsg1-5_powerpc.deb) ...
Selecting previously unselected package libffi5:powerpc.
Unpacking libffi5:powerpc (from .../libffi5_3.0.10-3_powerpc.deb) ...
Selecting previously unselected package libglib2.0-0:powerpc.
Unpacking libglib2.0-0:powerpc (from .../libglib2.0-0_2.32.3-1_powerpc.deb) ...
Selecting previously unselected package libcroco3:powerpc.
Unpacking libcroco3:powerpc (from .../libcroco3_0.6.5-1_powerpc.deb) ...
Selecting previously unselected package libunistring0:powerpc.
Unpacking libunistring0:powerpc (from .../libunistring0_0.9.3-5_powerpc.deb) ...
Selecting previously unselected package libgettextpo0:powerpc.
Unpacking libgettextpo0:powerpc (from .../libgettextpo0_0.18.1.1-9_powerpc.deb) ...
Selecting previously unselected package bsdmainutils.
Unpacking bsdmainutils (from .../bsdmainutils_9.0.3_powerpc.deb) ...
Selecting previously unselected package groff-base.
Unpacking groff-base (from .../groff-base_1.21-9_powerpc.deb) ...
Selecting previously unselected package man-db.
Unpacking man-db (from .../man-db_2.6.2-1_powerpc.deb) ...
Selecting previously unselected package file.
Unpacking file (from .../file_5.11-2_powerpc.deb) ...
Selecting previously unselected package gettext-base.
Unpacking gettext-base (from .../gettext-base_0.18.1.1-9_powerpc.deb) ...
Selecting previously unselected package cdbs.
Unpacking cdbs (from .../archives/cdbs_0.4.116_all.deb) ...
Selecting previously unselected package html2text.
Unpacking html2text (from .../html2text_1.3.2a-15_powerpc.deb) ...
Selecting previously unselected package gettext.
Unpacking gettext (from .../gettext_0.18.1.1-9_powerpc.deb) ...
Selecting previously unselected package intltool-debian.
Unpacking intltool-debian (from .../intltool-debian_0.35.0+20060710.1_all.deb) ...
Selecting previously unselected package po-debconf.
Unpacking po-debconf (from .../po-debconf_1.0.16+nmu2_all.deb) ...
Selecting previously unselected package debhelper.
Unpacking debhelper (from .../debhelper_9.20120608_all.deb) ...
Selecting previously unselected package diffstat.
Unpacking diffstat (from .../diffstat_1.55-3_powerpc.deb) ...
Selecting previously unselected package libtinfo-dev:powerpc.
Unpacking libtinfo-dev:powerpc (from .../libtinfo-dev_5.9-10_powerpc.deb) ...
Selecting previously unselected package libncurses5-dev.
Unpacking libncurses5-dev (from .../libncurses5-dev_5.9-10_powerpc.deb) ...
Selecting previously unselected package quilt.
Unpacking quilt (from .../archives/quilt_0.60-2_all.deb) ...
Selecting previously unselected package zlib1g-dev:powerpc.
Unpacking zlib1g-dev:powerpc (from .../zlib1g-dev_1%3a1.2.7.dfsg-13_powerpc.deb) ...
Setting up libpipeline1:powerpc (1.2.1-1) ...
Setting up libasprintf0c2:powerpc (0.18.1.1-9) ...
Setting up libmagic1:powerpc (5.11-2) ...
Setting up libpcre3:powerpc (1:8.30-5) ...
Setting up libxml2:powerpc (2.8.0+dfsg1-5) ...
Setting up libffi5:powerpc (3.0.10-3) ...
Setting up libglib2.0-0:powerpc (2.32.3-1) ...
No schema files found: doing nothing.
Setting up libcroco3:powerpc (0.6.5-1) ...
Setting up libunistring0:powerpc (0.9.3-5) ...
Setting up libgettextpo0:powerpc (0.18.1.1-9) ...
Setting up bsdmainutils (9.0.3) ...
update-alternatives: using /usr/bin/bsd-write to provide /usr/bin/write (write) in auto mode.
update-alternatives: using /usr/bin/bsd-from to provide /usr/bin/from (from) in auto mode.
Setting up groff-base (1.21-9) ...
Setting up man-db (2.6.2-1) ...
Building database of manual pages ...
Setting up file (5.11-2) ...
Setting up gettext-base (0.18.1.1-9) ...
Setting up cdbs (0.4.116) ...
Setting up html2text (1.3.2a-15) ...
Setting up gettext (0.18.1.1-9) ...
Setting up intltool-debian (0.35.0+20060710.1) ...
Setting up po-debconf (1.0.16+nmu2) ...
Setting up debhelper (9.20120608) ...
Setting up diffstat (1.55-3) ...
Setting up libtinfo-dev:powerpc (5.9-10) ...
Setting up libncurses5-dev (5.9-10) ...
Setting up quilt (0.60-2) ...
Setting up zlib1g-dev:powerpc (1:1.2.7.dfsg-13) ...
Removing negative dependencies: 
Reading package lists...
Building dependency tree...
Reading state information...
0 upgraded, 0 newly installed, 0 to remove and 31 not upgraded.
Checking correctness of dependencies...
Kernel: Linux 2.6.32-5-powerpc64 powerpc (ppc64)
Toolchain package versions: binutils_2.22-6.1 dpkg-dev_1.16.4.3 g++-4.6_4.6.3-8 gcc-4.6_4.6.3-8 libc6-dev_2.13-33 libstdc++6_4.7.1-2 libstdc++6-4.6-dev_4.6.3-8 linux-libc-dev_3.2.21-2
Package versions: apt_0.9.6 base-files_6.11 base-passwd_3.5.26 bash_4.2-2 binutils_2.22-6.1 bsdmainutils_9.0.3 bsdutils_1:2.20.1-5.1 build-essential_11.5 bzip2_1.0.6-3 cdbs_0.4.116 coreutils_8.13-3.2 cpp_4:4.6.3-7 cpp-4.6_4.6.3-8 dash_0.5.7-3 debconf_1.5.44 debfoster_2.7-1.1 debhelper_9.20120608 debian-archive-keyring_2012.4 debianutils_4.3.1 diffstat_1.55-3 diffutils_1:3.2-6 dpkg_1.16.4.3 dpkg-dev_1.16.4.3 e2fslibs_1.42.4-3 e2fsprogs_1.42.4-3 fakeroot_1.18.4-2 file_5.11-2 findutils_4.4.2-4 g++_4:4.6.3-7 g++-4.6_4.6.3-8 gcc_4:4.6.3-7 gcc-4.4-base_4.4.7-1 gcc-4.5-base_4.5.3-12 gcc-4.6_4.6.3-8 gcc-4.6-base_4.6.3-8 gcc-4.7-base_4.7.1-2 gettext_0.18.1.1-9 gettext-base_0.18.1.1-9 gnupg_1.4.12-4+b1 gpgv_1.4.12-4+b1 grep_2.12-2 groff-base_1.21-9 gzip_1.5-1.1 hostname_3.11 html2text_1.3.2a-15 initscripts_2.88dsf-27 insserv_1.14.0-3 intltool-debian_0.35.0+20060710.1 libacl1_2.2.51-8 libapt-pkg4.12_0.9.6 libasprintf0c2_0.18.1.1-9 libattr1_1:2.4.46-8 libblkid1_2.20.1-5.1 libbz2-1.0_1.0.6-3 libc-bin_2.13-33 libc-dev-bin_2.13-33 libc6_2.13-33 libc6-dev_2.13-33 libclass-isa-perl_0.36-3 libcomerr2_1.42.4-3 libcroco3_0.6.5-1 libdb5.1_5.1.29-4 libdpkg-perl_1.16.4.3 libffi5_3.0.10-3 libfile-fcntllock-perl_0.14-2 libgc1c2_1:7.1-8 libgcc1_1:4.7.1-2 libgdbm3_1.8.3-11 libgettextpo0_0.18.1.1-9 libglib2.0-0_2.32.3-1 libgmp10_2:5.0.5+dfsg-2 libgomp1_4.7.1-2 liblzma2_5.1.1alpha+20110809-2 liblzma5_5.1.1alpha+20120614-1 libmagic1_5.11-2 libmount1_2.20.1-5.1 libmpc2_0.9-4 libmpfr4_3.1.0-5 libncurses5_5.9-10 libncurses5-dev_5.9-10 libpam-modules_1.1.3-7.1 libpam-modules-bin_1.1.3-7.1 libpam-runtime_1.1.3-7.1 libpam0g_1.1.3-7.1 libpcre3_1:8.30-5 libpipeline1_1.2.1-1 libreadline6_6.2-8 libselinux1_2.1.9-5 libsemanage-common_2.1.6-6 libsemanage1_2.1.6-6 libsepol1_2.1.4-3 libslang2_2.2.4-13 libss2_1.42.4-3 libstdc++6_4.7.1-2 libstdc++6-4.6-dev_4.6.3-8 libswitch-perl_2.16-2 libtimedate-perl_1.2000-1 libtinfo-dev_5.9-10 libtinfo5_5.9-10 libunistring0_0.9.3-5 libusb-0.1-4_2:0.1.12-23 libustr-1.0-1_1.0.4-3 libuuid1_2.20.1-5.1 libxml2_2.8.0+dfsg1-5 linux-libc-dev_3.2.21-2 login_1:4.1.5.1-1 lsb-base_4.1+Debian7 make_3.81-8.2 man-db_2.6.2-1 mawk_1.3.3-17 mount_2.20.1-5.1 multiarch-support_2.13-33 ncurses-base_5.9-9 ncurses-bin_5.9-10 passwd_1:4.1.5.1-1 patch_2.6.1-3 perl_5.14.2-12 perl-base_5.14.2-12 perl-modules_5.14.2-12 po-debconf_1.0.16+nmu2 quilt_0.60-2 readline-common_6.2-8 sed_4.2.1-10 sensible-utils_0.0.7 sudo_1.8.3p2-1.1 sysv-rc_2.88dsf-27 sysvinit_2.88dsf-27 sysvinit-utils_2.88dsf-27 tar_1.26-4 tzdata_2012c-1 util-linux_2.20.1-5.1 xz-utils_5.1.1alpha+20120614-1 zlib1g_1:1.2.7.dfsg-13 zlib1g-dev_1:1.2.7.dfsg-13

┌──────────────────────────────────────────────────────────────────────────────┐
│ Build                                                                        │
└──────────────────────────────────────────────────────────────────────────────┘


Unpack source
─────────────

gpgv: keyblock resource `/home/buildd/.gnupg/trustedkeys.gpg': file open error
gpgv: Signature made Fri Jul 27 13:09:06 2012 UTC using DSA key ID B351A900
gpgv: Can't check signature: public key not found
dpkg-source: warning: failed to verify signature on ./samtools_0.1.18-2.dsc
dpkg-source: info: extracting samtools in samtools-0.1.18
dpkg-source: info: unpacking samtools_0.1.18.orig.tar.bz2
dpkg-source: info: unpacking samtools_0.1.18-2.debian.tar.gz
dpkg-source: info: applying no-pileup-tests.patch
dpkg-source: info: applying fix_segfault_with_small_ref.patch
dpkg-source: info: applying fix_coverage_cap.patch

Check disc space
────────────────


dpkg-buildpackage
─────────────────

dpkg-buildpackage: source package samtools
dpkg-buildpackage: source version 0.1.18-2
 dpkg-source --before-build samtools-0.1.18
dpkg-buildpackage: host architecture powerpc
 fakeroot debian/rules clean
test -x debian/rules
dh_testroot
rm -f debian/stamp-makefile-build debian/stamp-makefile-install
/usr/bin/make  -C . CFLAGS="-g -O2 -fstack-protector --param=ssp-buffer-size=4 -Wformat -Werror=format-security -Wall -fPIC" CXXFLAGS="-g -O2 -fstack-protector --param=ssp-buffer-size=4 -Wformat -Werror=format-security -Wall" CPPFLAGS="-D_FORTIFY_SOURCE=2" LDFLAGS="-Wl,-z,relro"  -k clean
make[1]: Entering directory `/build/buildd-samtools_0.1.18-2-powerpc-gR0dcB/samtools-0.1.18'
make[2]: Entering directory `/build/buildd-samtools_0.1.18-2-powerpc-gR0dcB/samtools-0.1.18'
rm -fr gmon.out *.o a.out *.exe *.dSYM razip bgzip samtools *~ *.a *.so.* *.so *.dylib
make[2]: Leaving directory `/build/buildd-samtools_0.1.18-2-powerpc-gR0dcB/samtools-0.1.18'
make[2]: Entering directory `/build/buildd-samtools_0.1.18-2-powerpc-gR0dcB/samtools-0.1.18/bcftools'
rm -fr gmon.out *.o a.out *.dSYM bcftools *~ *.a bcf.aux bcf.log bcf.pdf *.class libbcf.*.dylib libbcf.so*
make[2]: Leaving directory `/build/buildd-samtools_0.1.18-2-powerpc-gR0dcB/samtools-0.1.18/bcftools'
make[2]: Entering directory `/build/buildd-samtools_0.1.18-2-powerpc-gR0dcB/samtools-0.1.18/misc'
rm -fr gmon.out *.o a.out *.exe *.dSYM md5sum-lite md5fa maq2sam-short maq2sam-long wgsim seqtk *~ *.a
make[2]: Leaving directory `/build/buildd-samtools_0.1.18-2-powerpc-gR0dcB/samtools-0.1.18/misc'
make[1]: Leaving directory `/build/buildd-samtools_0.1.18-2-powerpc-gR0dcB/samtools-0.1.18'
rm -f debian/stamp-makefile-check
dh_clean 
/usr/bin/make -f debian/rules reverse-config
make[1]: Entering directory `/build/buildd-samtools_0.1.18-2-powerpc-gR0dcB/samtools-0.1.18'
make[1]: Nothing to be done for `reverse-config'.
make[1]: Leaving directory `/build/buildd-samtools_0.1.18-2-powerpc-gR0dcB/samtools-0.1.18'
if [ -d "." ]; then \
	  cd . && QUILT_PATCHES=/build/buildd-samtools_0.1.18-2-powerpc-gR0dcB/samtools-0.1.18/debian/patches quilt --quiltrc /dev/null pop -a -R || test $? = 2 ; \
	fi
Removing patch fix_coverage_cap.patch
Restoring bam2depth.c

Removing patch fix_segfault_with_small_ref.patch
Restoring bam_plcmd.c

Removing patch no-pileup-tests.patch
Restoring examples/Makefile

No patches applied
rm -rf ./.pc
rm -f debian/stamp-patch*
rm -f examples/calDepth examples/ex1.bam examples/ex1.bam.bai examples/ex1.fa.fai examples/ex1.glf examples/ex1.glfview.gz examples/ex1.pileup.gz examples/ex1a.bam examples/ex1b.bam examples/ex1f-rmduppe.bam examples/ex1f-rmdupse.bam examples/ex1f.bam examples/ex1f.rg examples/ex1.bcf
 debian/rules build-arch
test -x debian/rules
mkdir -p "."
/usr/share/cdbs/1/rules/buildcore.mk:109: WARNING:  DEB_DH_BUILDDEB_ARGS is a deprecated variable
/usr/bin/make -f debian/rules reverse-config
make[1]: Entering directory `/build/buildd-samtools_0.1.18-2-powerpc-gR0dcB/samtools-0.1.18'
make[1]: Nothing to be done for `reverse-config'.
make[1]: Leaving directory `/build/buildd-samtools_0.1.18-2-powerpc-gR0dcB/samtools-0.1.18'
cd . && QUILT_PATCHES=/build/buildd-samtools_0.1.18-2-powerpc-gR0dcB/samtools-0.1.18/debian/patches quilt --quiltrc /dev/null push -a || test $? = 2
Applying patch no-pileup-tests.patch
patching file examples/Makefile

Applying patch fix_segfault_with_small_ref.patch
patching file bam_plcmd.c

Applying patch fix_coverage_cap.patch
patching file bam2depth.c

Now at patch fix_coverage_cap.patch
touch debian/stamp-patched
/usr/bin/make -f debian/rules update-config
make[1]: Entering directory `/build/buildd-samtools_0.1.18-2-powerpc-gR0dcB/samtools-0.1.18'
make[1]: Nothing to be done for `update-config'.
make[1]: Leaving directory `/build/buildd-samtools_0.1.18-2-powerpc-gR0dcB/samtools-0.1.18'
/usr/bin/make  -C . CFLAGS="-g -O2 -fstack-protector --param=ssp-buffer-size=4 -Wformat -Werror=format-security -Wall -fPIC" CXXFLAGS="-g -O2 -fstack-protector --param=ssp-buffer-size=4 -Wformat -Werror=format-security -Wall" CPPFLAGS="-D_FORTIFY_SOURCE=2" LDFLAGS="-Wl,-z,relro"  all all-recur razip lib
make[1]: Entering directory `/build/buildd-samtools_0.1.18-2-powerpc-gR0dcB/samtools-0.1.18'
make[2]: Entering directory `/build/buildd-samtools_0.1.18-2-powerpc-gR0dcB/samtools-0.1.18'
gcc -c -g -O2 -fstack-protector --param=ssp-buffer-size=4 -Wformat -Werror=format-security -Wall -fPIC -D_FILE_OFFSET_BITS=64 -D_LARGEFILE64_SOURCE -D_USE_KNETFILE -D_CURSES_LIB=1 -I. bgzf.c -o bgzf.o
bgzf.c: In function 'bgzf_close':
bgzf.c:630:8: warning: variable 'count' set but not used [-Wunused-but-set-variable]
gcc -c -g -O2 -fstack-protector --param=ssp-buffer-size=4 -Wformat -Werror=format-security -Wall -fPIC -D_FILE_OFFSET_BITS=64 -D_LARGEFILE64_SOURCE -D_USE_KNETFILE -D_CURSES_LIB=1 -I. kstring.c -o kstring.o
gcc -c -g -O2 -fstack-protector --param=ssp-buffer-size=4 -Wformat -Werror=format-security -Wall -fPIC -D_FILE_OFFSET_BITS=64 -D_LARGEFILE64_SOURCE -D_USE_KNETFILE -D_CURSES_LIB=1 -I. bam_aux.c -o bam_aux.o
gcc -c -g -O2 -fstack-protector --param=ssp-buffer-size=4 -Wformat -Werror=format-security -Wall -fPIC -D_FILE_OFFSET_BITS=64 -D_LARGEFILE64_SOURCE -D_USE_KNETFILE -D_CURSES_LIB=1 -I. bam.c -o bam.o
gcc -c -g -O2 -fstack-protector --param=ssp-buffer-size=4 -Wformat -Werror=format-security -Wall -fPIC -D_FILE_OFFSET_BITS=64 -D_LARGEFILE64_SOURCE -D_USE_KNETFILE -D_CURSES_LIB=1 -I. bam_import.c -o bam_import.o
bam_import.c: In function 'append_text':
bam_import.c:179:13: warning: format '%ld' expects argument of type 'long int', but argument 3 has type 'size_t' [-Wformat]
bam_import.c:186:9: warning: format '%ld' expects argument of type 'long int', but argument 3 has type 'size_t' [-Wformat]
bam_import.c:186:9: warning: format '%ld' expects argument of type 'long int', but argument 4 has type 'size_t' [-Wformat]
bam_import.c:186:9: warning: format '%ld' expects argument of type 'long int', but argument 5 has type 'size_t' [-Wformat]
bam_import.c:186:9: warning: format '%ld' expects argument of type 'long int', but argument 6 has type 'size_t' [-Wformat]
gcc -c -g -O2 -fstack-protector --param=ssp-buffer-size=4 -Wformat -Werror=format-security -Wall -fPIC -D_FILE_OFFSET_BITS=64 -D_LARGEFILE64_SOURCE -D_USE_KNETFILE -D_CURSES_LIB=1 -I. sam.c -o sam.o
gcc -c -g -O2 -fstack-protector --param=ssp-buffer-size=4 -Wformat -Werror=format-security -Wall -fPIC -D_FILE_OFFSET_BITS=64 -D_LARGEFILE64_SOURCE -D_USE_KNETFILE -D_CURSES_LIB=1 -I. bam_index.c -o bam_index.o
gcc -c -g -O2 -fstack-protector --param=ssp-buffer-size=4 -Wformat -Werror=format-security -Wall -fPIC -D_FILE_OFFSET_BITS=64 -D_LARGEFILE64_SOURCE -D_USE_KNETFILE -D_CURSES_LIB=1 -I. bam_pileup.c -o bam_pileup.o
bam_pileup.c: In function 'resolve_cigar2':
bam_pileup.c:75:9: warning: variable 'is_head' set but not used [-Wunused-but-set-variable]
gcc -c -g -O2 -fstack-protector --param=ssp-buffer-size=4 -Wformat -Werror=format-security -Wall -fPIC -D_FILE_OFFSET_BITS=64 -D_LARGEFILE64_SOURCE -D_USE_KNETFILE -D_CURSES_LIB=1 -I. bam_lpileup.c -o bam_lpileup.o
gcc -c -g -O2 -fstack-protector --param=ssp-buffer-size=4 -Wformat -Werror=format-security -Wall -fPIC -D_FILE_OFFSET_BITS=64 -D_LARGEFILE64_SOURCE -D_USE_KNETFILE -D_CURSES_LIB=1 -I. bam_md.c -o bam_md.o
gcc -c -g -O2 -fstack-protector --param=ssp-buffer-size=4 -Wformat -Werror=format-security -Wall -fPIC -D_FILE_OFFSET_BITS=64 -D_LARGEFILE64_SOURCE -D_USE_KNETFILE -D_CURSES_LIB=1 -I. razf.c -o razf.o
gcc -c -g -O2 -fstack-protector --param=ssp-buffer-size=4 -Wformat -Werror=format-security -Wall -fPIC -D_FILE_OFFSET_BITS=64 -D_LARGEFILE64_SOURCE -D_USE_KNETFILE -D_CURSES_LIB=1 -I. faidx.c -o faidx.o
gcc -c -g -O2 -fstack-protector --param=ssp-buffer-size=4 -Wformat -Werror=format-security -Wall -fPIC -D_FILE_OFFSET_BITS=64 -D_LARGEFILE64_SOURCE -D_USE_KNETFILE -D_CURSES_LIB=1 -I. bedidx.c -o bedidx.o
gcc -c -g -O2 -fstack-protector --param=ssp-buffer-size=4 -Wformat -Werror=format-security -Wall -fPIC -D_FILE_OFFSET_BITS=64 -D_LARGEFILE64_SOURCE -D_USE_KNETFILE -D_CURSES_LIB=1 -I. knetfile.c -o knetfile.o
gcc -c -g -O2 -fstack-protector --param=ssp-buffer-size=4 -Wformat -Werror=format-security -Wall -fPIC -D_FILE_OFFSET_BITS=64 -D_LARGEFILE64_SOURCE -D_USE_KNETFILE -D_CURSES_LIB=1 -I. bam_sort.c -o bam_sort.o
gcc -c -g -O2 -fstack-protector --param=ssp-buffer-size=4 -Wformat -Werror=format-security -Wall -fPIC -D_FILE_OFFSET_BITS=64 -D_LARGEFILE64_SOURCE -D_USE_KNETFILE -D_CURSES_LIB=1 -I. sam_header.c -o sam_header.o
gcc -c -g -O2 -fstack-protector --param=ssp-buffer-size=4 -Wformat -Werror=format-security -Wall -fPIC -D_FILE_OFFSET_BITS=64 -D_LARGEFILE64_SOURCE -D_USE_KNETFILE -D_CURSES_LIB=1 -I. bam_reheader.c -o bam_reheader.o
bam_reheader.c: In function 'bam_reheader':
bam_reheader.c:11:16: warning: variable 'old' set but not used [-Wunused-but-set-variable]
gcc -c -g -O2 -fstack-protector --param=ssp-buffer-size=4 -Wformat -Werror=format-security -Wall -fPIC -D_FILE_OFFSET_BITS=64 -D_LARGEFILE64_SOURCE -D_USE_KNETFILE -D_CURSES_LIB=1 -I. kprobaln.c -o kprobaln.o
kprobaln.c: In function 'kpa_glocal':
kprobaln.c:78:21: warning: variable 'is_diff' set but not used [-Wunused-but-set-variable]
gcc -c -g -O2 -fstack-protector --param=ssp-buffer-size=4 -Wformat -Werror=format-security -Wall -fPIC -D_FILE_OFFSET_BITS=64 -D_LARGEFILE64_SOURCE -D_USE_KNETFILE -D_CURSES_LIB=1 -I. bam_cat.c -o bam_cat.o
ar -csru libbam.a bgzf.o kstring.o bam_aux.o bam.o bam_import.o sam.o bam_index.o bam_pileup.o bam_lpileup.o bam_md.o razf.o faidx.o bedidx.o knetfile.o bam_sort.o sam_header.o bam_reheader.o kprobaln.o bam_cat.o
make[2]: Leaving directory `/build/buildd-samtools_0.1.18-2-powerpc-gR0dcB/samtools-0.1.18'
make[2]: Entering directory `/build/buildd-samtools_0.1.18-2-powerpc-gR0dcB/samtools-0.1.18/bcftools'
gcc -c -g -O2 -fstack-protector --param=ssp-buffer-size=4 -Wformat -Werror=format-security -Wall -fPIC -D_FILE_OFFSET_BITS=64 -D_LARGEFILE64_SOURCE -D_USE_KNETFILE -D_CURSES_LIB=1 -I.. -I. bcf.c -o bcf.o
gcc -c -g -O2 -fstack-protector --param=ssp-buffer-size=4 -Wformat -Werror=format-security -Wall -fPIC -D_FILE_OFFSET_BITS=64 -D_LARGEFILE64_SOURCE -D_USE_KNETFILE -D_CURSES_LIB=1 -I.. -I. vcf.c -o vcf.o
gcc -c -g -O2 -fstack-protector --param=ssp-buffer-size=4 -Wformat -Werror=format-security -Wall -fPIC -D_FILE_OFFSET_BITS=64 -D_LARGEFILE64_SOURCE -D_USE_KNETFILE -D_CURSES_LIB=1 -I.. -I. bcfutils.c -o bcfutils.o
gcc -c -g -O2 -fstack-protector --param=ssp-buffer-size=4 -Wformat -Werror=format-security -Wall -fPIC -D_FILE_OFFSET_BITS=64 -D_LARGEFILE64_SOURCE -D_USE_KNETFILE -D_CURSES_LIB=1 -I.. -I. prob1.c -o prob1.o
gcc -c -g -O2 -fstack-protector --param=ssp-buffer-size=4 -Wformat -Werror=format-security -Wall -fPIC -D_FILE_OFFSET_BITS=64 -D_LARGEFILE64_SOURCE -D_USE_KNETFILE -D_CURSES_LIB=1 -I.. -I. em.c -o em.o
em.c: In function 'bcf_em1':
em.c:174:12: warning: variable 'n2' set but not used [-Wunused-but-set-variable]
gcc -c -g -O2 -fstack-protector --param=ssp-buffer-size=4 -Wformat -Werror=format-security -Wall -fPIC -D_FILE_OFFSET_BITS=64 -D_LARGEFILE64_SOURCE -D_USE_KNETFILE -D_CURSES_LIB=1 -I.. -I. kfunc.c -o kfunc.o
gcc -c -g -O2 -fstack-protector --param=ssp-buffer-size=4 -Wformat -Werror=format-security -Wall -fPIC -D_FILE_OFFSET_BITS=64 -D_LARGEFILE64_SOURCE -D_USE_KNETFILE -D_CURSES_LIB=1 -I.. -I. kmin.c -o kmin.o
gcc -c -g -O2 -fstack-protector --param=ssp-buffer-size=4 -Wformat -Werror=format-security -Wall -fPIC -D_FILE_OFFSET_BITS=64 -D_LARGEFILE64_SOURCE -D_USE_KNETFILE -D_CURSES_LIB=1 -I.. -I. index.c -o index.o
gcc -c -g -O2 -fstack-protector --param=ssp-buffer-size=4 -Wformat -Werror=format-security -Wall -fPIC -D_FILE_OFFSET_BITS=64 -D_LARGEFILE64_SOURCE -D_USE_KNETFILE -D_CURSES_LIB=1 -I.. -I. fet.c -o fet.o
gcc -c -g -O2 -fstack-protector --param=ssp-buffer-size=4 -Wformat -Werror=format-security -Wall -fPIC -D_FILE_OFFSET_BITS=64 -D_LARGEFILE64_SOURCE -D_USE_KNETFILE -D_CURSES_LIB=1 -I.. -I. mut.c -o mut.o
gcc -c -g -O2 -fstack-protector --param=ssp-buffer-size=4 -Wformat -Werror=format-security -Wall -fPIC -D_FILE_OFFSET_BITS=64 -D_LARGEFILE64_SOURCE -D_USE_KNETFILE -D_CURSES_LIB=1 -I.. -I. bcf2qcall.c -o bcf2qcall.o
ar -csru libbcf.a bcf.o vcf.o bcfutils.o prob1.o em.o kfunc.o kmin.o index.o fet.o mut.o bcf2qcall.o
make[2]: Leaving directory `/build/buildd-samtools_0.1.18-2-powerpc-gR0dcB/samtools-0.1.18/bcftools'
make[2]: Entering directory `/build/buildd-samtools_0.1.18-2-powerpc-gR0dcB/samtools-0.1.18/misc'
make[2]: Nothing to be done for `lib'.
make[2]: Leaving directory `/build/buildd-samtools_0.1.18-2-powerpc-gR0dcB/samtools-0.1.18/misc'
gcc -c -g -O2 -fstack-protector --param=ssp-buffer-size=4 -Wformat -Werror=format-security -Wall -fPIC -D_FILE_OFFSET_BITS=64 -D_LARGEFILE64_SOURCE -D_USE_KNETFILE -D_CURSES_LIB=1 -I. bam_tview.c -o bam_tview.o
gcc -c -g -O2 -fstack-protector --param=ssp-buffer-size=4 -Wformat -Werror=format-security -Wall -fPIC -D_FILE_OFFSET_BITS=64 -D_LARGEFILE64_SOURCE -D_USE_KNETFILE -D_CURSES_LIB=1 -I. bam_plcmd.c -o bam_plcmd.o
gcc -c -g -O2 -fstack-protector --param=ssp-buffer-size=4 -Wformat -Werror=format-security -Wall -fPIC -D_FILE_OFFSET_BITS=64 -D_LARGEFILE64_SOURCE -D_USE_KNETFILE -D_CURSES_LIB=1 -I. sam_view.c -o sam_view.o
gcc -c -g -O2 -fstack-protector --param=ssp-buffer-size=4 -Wformat -Werror=format-security -Wall -fPIC -D_FILE_OFFSET_BITS=64 -D_LARGEFILE64_SOURCE -D_USE_KNETFILE -D_CURSES_LIB=1 -I. bam_rmdup.c -o bam_rmdup.o
gcc -c -g -O2 -fstack-protector --param=ssp-buffer-size=4 -Wformat -Werror=format-security -Wall -fPIC -D_FILE_OFFSET_BITS=64 -D_LARGEFILE64_SOURCE -D_USE_KNETFILE -D_CURSES_LIB=1 -I. bam_rmdupse.c -o bam_rmdupse.o
gcc -c -g -O2 -fstack-protector --param=ssp-buffer-size=4 -Wformat -Werror=format-security -Wall -fPIC -D_FILE_OFFSET_BITS=64 -D_LARGEFILE64_SOURCE -D_USE_KNETFILE -D_CURSES_LIB=1 -I. bam_mate.c -o bam_mate.o
gcc -c -g -O2 -fstack-protector --param=ssp-buffer-size=4 -Wformat -Werror=format-security -Wall -fPIC -D_FILE_OFFSET_BITS=64 -D_LARGEFILE64_SOURCE -D_USE_KNETFILE -D_CURSES_LIB=1 -I. bam_stat.c -o bam_stat.o
gcc -c -g -O2 -fstack-protector --param=ssp-buffer-size=4 -Wformat -Werror=format-security -Wall -fPIC -D_FILE_OFFSET_BITS=64 -D_LARGEFILE64_SOURCE -D_USE_KNETFILE -D_CURSES_LIB=1 -I. bam_color.c -o bam_color.o
gcc -c -g -O2 -fstack-protector --param=ssp-buffer-size=4 -Wformat -Werror=format-security -Wall -fPIC -D_FILE_OFFSET_BITS=64 -D_LARGEFILE64_SOURCE -D_USE_KNETFILE -D_CURSES_LIB=1 -I. bamtk.c -o bamtk.o
gcc -c -g -O2 -fstack-protector --param=ssp-buffer-size=4 -Wformat -Werror=format-security -Wall -fPIC -D_FILE_OFFSET_BITS=64 -D_LARGEFILE64_SOURCE -D_USE_KNETFILE -D_CURSES_LIB=1 -I. kaln.c -o kaln.o
gcc -c -g -O2 -fstack-protector --param=ssp-buffer-size=4 -Wformat -Werror=format-security -Wall -fPIC -D_FILE_OFFSET_BITS=64 -D_LARGEFILE64_SOURCE -D_USE_KNETFILE -D_CURSES_LIB=1 -I. bam2bcf.c -o bam2bcf.o
gcc -c -g -O2 -fstack-protector --param=ssp-buffer-size=4 -Wformat -Werror=format-security -Wall -fPIC -D_FILE_OFFSET_BITS=64 -D_LARGEFILE64_SOURCE -D_USE_KNETFILE -D_CURSES_LIB=1 -I. bam2bcf_indel.c -o bam2bcf_indel.o
gcc -c -g -O2 -fstack-protector --param=ssp-buffer-size=4 -Wformat -Werror=format-security -Wall -fPIC -D_FILE_OFFSET_BITS=64 -D_LARGEFILE64_SOURCE -D_USE_KNETFILE -D_CURSES_LIB=1 -I. errmod.c -o errmod.o
gcc -c -g -O2 -fstack-protector --param=ssp-buffer-size=4 -Wformat -Werror=format-security -Wall -fPIC -D_FILE_OFFSET_BITS=64 -D_LARGEFILE64_SOURCE -D_USE_KNETFILE -D_CURSES_LIB=1 -I. sample.c -o sample.o
gcc -c -g -O2 -fstack-protector --param=ssp-buffer-size=4 -Wformat -Werror=format-security -Wall -fPIC -D_FILE_OFFSET_BITS=64 -D_LARGEFILE64_SOURCE -D_USE_KNETFILE -D_CURSES_LIB=1 -I. cut_target.c -o cut_target.o
cut_target.c: In function 'main_cut_target':
cut_target.c:137:36: warning: variable 'lastpos' set but not used [-Wunused-but-set-variable]
gcc -c -g -O2 -fstack-protector --param=ssp-buffer-size=4 -Wformat -Werror=format-security -Wall -fPIC -D_FILE_OFFSET_BITS=64 -D_LARGEFILE64_SOURCE -D_USE_KNETFILE -D_CURSES_LIB=1 -I. phase.c -o phase.o
gcc -c -g -O2 -fstack-protector --param=ssp-buffer-size=4 -Wformat -Werror=format-security -Wall -fPIC -D_FILE_OFFSET_BITS=64 -D_LARGEFILE64_SOURCE -D_USE_KNETFILE -D_CURSES_LIB=1 -I. bam2depth.c -o bam2depth.o
gcc -g -O2 -fstack-protector --param=ssp-buffer-size=4 -Wformat -Werror=format-security -Wall -fPIC -o samtools bam_tview.o bam_plcmd.o sam_view.o bam_rmdup.o bam_rmdupse.o bam_mate.o bam_stat.o bam_color.o bamtk.o kaln.o bam2bcf.o bam2bcf_indel.o errmod.o sample.o cut_target.o phase.o bam2depth.o -Lbcftools  libbam.a -lbcf -lcurses  -lm -lz
make[2]: Entering directory `/build/buildd-samtools_0.1.18-2-powerpc-gR0dcB/samtools-0.1.18'
make[3]: Entering directory `/build/buildd-samtools_0.1.18-2-powerpc-gR0dcB/samtools-0.1.18'
make[3]: Nothing to be done for `lib'.
make[3]: Leaving directory `/build/buildd-samtools_0.1.18-2-powerpc-gR0dcB/samtools-0.1.18'
make[3]: Entering directory `/build/buildd-samtools_0.1.18-2-powerpc-gR0dcB/samtools-0.1.18/bcftools'
make[3]: Nothing to be done for `lib'.
make[3]: Leaving directory `/build/buildd-samtools_0.1.18-2-powerpc-gR0dcB/samtools-0.1.18/bcftools'
make[3]: Entering directory `/build/buildd-samtools_0.1.18-2-powerpc-gR0dcB/samtools-0.1.18/misc'
make[3]: Nothing to be done for `lib'.
make[3]: Leaving directory `/build/buildd-samtools_0.1.18-2-powerpc-gR0dcB/samtools-0.1.18/misc'
gcc -g -O2 -fstack-protector --param=ssp-buffer-size=4 -Wformat -Werror=format-security -Wall -fPIC -o samtools bam_tview.o bam_plcmd.o sam_view.o bam_rmdup.o bam_rmdupse.o bam_mate.o bam_stat.o bam_color.o bamtk.o kaln.o bam2bcf.o bam2bcf_indel.o errmod.o sample.o cut_target.o phase.o bam2depth.o -Lbcftools  libbam.a -lbcf -lcurses  -lm -lz
make[2]: Leaving directory `/build/buildd-samtools_0.1.18-2-powerpc-gR0dcB/samtools-0.1.18'
make[2]: Entering directory `/build/buildd-samtools_0.1.18-2-powerpc-gR0dcB/samtools-0.1.18/bcftools'
gcc -c -g -O2 -fstack-protector --param=ssp-buffer-size=4 -Wformat -Werror=format-security -Wall -fPIC -D_FILE_OFFSET_BITS=64 -D_LARGEFILE64_SOURCE -D_USE_KNETFILE -D_CURSES_LIB=1 -I.. -I. call1.c -o call1.o
gcc -c -g -O2 -fstack-protector --param=ssp-buffer-size=4 -Wformat -Werror=format-security -Wall -fPIC -D_FILE_OFFSET_BITS=64 -D_LARGEFILE64_SOURCE -D_USE_KNETFILE -D_CURSES_LIB=1 -I.. -I. main.c -o main.o
gcc -g -O2 -fstack-protector --param=ssp-buffer-size=4 -Wformat -Werror=format-security -Wall -fPIC -o bcftools call1.o main.o ../kstring.o ../bgzf.o ../knetfile.o ../bedidx.o -L.  -lbcf -lm -lz
make[2]: Leaving directory `/build/buildd-samtools_0.1.18-2-powerpc-gR0dcB/samtools-0.1.18/bcftools'
make[2]: Entering directory `/build/buildd-samtools_0.1.18-2-powerpc-gR0dcB/samtools-0.1.18/misc'
gcc -c -g -O2 -fstack-protector --param=ssp-buffer-size=4 -Wformat -Werror=format-security -Wall -fPIC -DMD5SUM_MAIN -o md5sum-lite.o md5.c
gcc -g -O2 -fstack-protector --param=ssp-buffer-size=4 -Wformat -Werror=format-security -Wall -fPIC -o md5sum-lite md5sum-lite.o
gcc -c -g -O2 -fstack-protector --param=ssp-buffer-size=4 -Wformat -Werror=format-security -Wall -fPIC -D_FILE_OFFSET_BITS=64 -D_LARGEFILE64_SOURCE -D_USE_KNETFILE -D_CURSES_LIB=1 -I. md5.c -o md5.o
gcc -g -O2 -fstack-protector --param=ssp-buffer-size=4 -Wformat -Werror=format-security -Wall -fPIC -c -I.. -o md5fa.o md5fa.c
gcc -g -O2 -fstack-protector --param=ssp-buffer-size=4 -Wformat -Werror=format-security -Wall -fPIC -o md5fa md5.o md5fa.o -lz
gcc -g -O2 -fstack-protector --param=ssp-buffer-size=4 -Wformat -Werror=format-security -Wall -fPIC -o maq2sam-short maq2sam.c -lz
gcc -g -O2 -fstack-protector --param=ssp-buffer-size=4 -Wformat -Werror=format-security -Wall -fPIC -DMAQ_LONGREADS -o maq2sam-long maq2sam.c -lz
gcc -g -O2 -fstack-protector --param=ssp-buffer-size=4 -Wformat -Werror=format-security -Wall -fPIC -c -I.. -o wgsim.o wgsim.c
gcc -g -O2 -fstack-protector --param=ssp-buffer-size=4 -Wformat -Werror=format-security -Wall -fPIC -o wgsim wgsim.o -lm -lz
gcc -g -O2 -fstack-protector --param=ssp-buffer-size=4 -Wformat -Werror=format-security -Wall -fPIC -c -I.. -o seqtk.o seqtk.c
seqtk.c: In function 'stk_comp':
seqtk.c:143:16: warning: variable 'lc' set but not used [-Wunused-but-set-variable]
seqtk.c: In function 'stk_subseq':
seqtk.c:427:5: warning: format '%ld' expects argument of type 'long int', but argument 5 has type 'size_t' [-Wformat]
seqtk.c: In function 'stk_mergefa':
seqtk.c:495:4: warning: format '%ld' expects argument of type 'long int', but argument 4 has type 'size_t' [-Wformat]
seqtk.c:495:4: warning: format '%ld' expects argument of type 'long int', but argument 5 has type 'size_t' [-Wformat]
seqtk.c: In function 'stk_famask':
seqtk.c:546:4: warning: format '%ld' expects argument of type 'long int', but argument 4 has type 'size_t' [-Wformat]
seqtk.c:546:4: warning: format '%ld' expects argument of type 'long int', but argument 5 has type 'size_t' [-Wformat]
gcc -g -O2 -fstack-protector --param=ssp-buffer-size=4 -Wformat -Werror=format-security -Wall -fPIC -o seqtk seqtk.o -lm -lz
make[2]: Leaving directory `/build/buildd-samtools_0.1.18-2-powerpc-gR0dcB/samtools-0.1.18/misc'
gcc -c -g -O2 -fstack-protector --param=ssp-buffer-size=4 -Wformat -Werror=format-security -Wall -fPIC -D_FILE_OFFSET_BITS=64 -D_LARGEFILE64_SOURCE -D_USE_KNETFILE -D_CURSES_LIB=1 -I. razip.c -o razip.o
gcc -g -O2 -fstack-protector --param=ssp-buffer-size=4 -Wformat -Werror=format-security -Wall -fPIC -o razip razf.o razip.o knetfile.o -lz
make[1]: Nothing to be done for `lib'.
make[1]: Leaving directory `/build/buildd-samtools_0.1.18-2-powerpc-gR0dcB/samtools-0.1.18'
touch debian/stamp-makefile-build
/usr/bin/make  -C . CFLAGS="-g -O2 -fstack-protector --param=ssp-buffer-size=4 -Wformat -Werror=format-security -Wall -fPIC" CXXFLAGS="-g -O2 -fstack-protector --param=ssp-buffer-size=4 -Wformat -Werror=format-security -Wall" CPPFLAGS="-D_FORTIFY_SOURCE=2" LDFLAGS="-Wl,-z,relro"  -C examples all
make[1]: Entering directory `/build/buildd-samtools_0.1.18-2-powerpc-gR0dcB/samtools-0.1.18/examples'
../samtools faidx ex1.fa
../samtools import ex1.fa.fai ex1.sam.gz ex1.bam
[sam_header_read2] 2 sequences loaded.
../samtools index ex1.bam
../samtools view -h ex1.bam | awk 'BEGIN{FS=OFS="\t"}{if(/^@/)print;else{$1=$1"a";print}}' | ../samtools view -bS - > ex1a.bam
[samopen] SAM header is present: 2 sequences.
../samtools view -h ex1.bam | awk 'BEGIN{FS=OFS="\t"}{if(/^@/)print;else{$1=$1"b";print}}' | ../samtools view -bS - > ex1b.bam
[samopen] SAM header is present: 2 sequences.
(echo "@RG	ID:ex1	LB:ex1	SM:ex1"; echo "@RG	ID:ex1a	LB:ex1	SM:ex1"; echo "@RG	ID:ex1b	LB:ex1b	SM:ex1b") > ex1f.rg
../samtools merge -rh ex1f.rg ex1f.bam ex1.bam ex1a.bam ex1b.bam
../samtools rmdup ex1f.bam ex1f-rmduppe.bam
[bam_rmdup_core] processing reference seq1...
[bam_rmdup_core] processing reference seq2...
[bam_rmdup_core] 1572 / 3144 = 0.5000 in library 'ex1'
[bam_rmdup_core] 0 / 1572 = 0.0000 in library 'ex1b'
../samtools rmdup -S ex1f.bam ex1f-rmdupse.bam
[bam_rmdupse_core] 4145 / 6542 = 0.6336 in library 'ex1'
[bam_rmdupse_core] 874 / 3271 = 0.2672 in library 'ex1b'
../samtools mpileup -gf ex1.fa ex1.bam > ex1.bcf
[mpileup] 1 samples in 1 input files
<mpileup> Set max per-file depth to 8000
gcc -g -Wall -O2 -I.. calDepth.c -o calDepth -L.. -lbam -lm -lz

# You can now launch the viewer with: 'samtools tview ex1.bam ex1.fa'

make[1]: Leaving directory `/build/buildd-samtools_0.1.18-2-powerpc-gR0dcB/samtools-0.1.18/examples'
touch debian/stamp-makefile-check
 fakeroot debian/rules binary-arch
test -x debian/rules
dh_testroot
dh_prep 
dh_installdirs -A 
mkdir -p "."
/usr/share/cdbs/1/rules/buildcore.mk:109: WARNING:  DEB_DH_BUILDDEB_ARGS is a deprecated variable
DEB_MAKE_INSTALL_TARGET unset, skipping default makefile.mk common-install target
Adding cdbs dependencies to debian/samtools.substvars
dh_installdirs -psamtools 
Adding cdbs dependencies to debian/libbam-dev.substvars
dh_installdirs -plibbam-dev 
dh_installdocs -psamtools ./NEWS ./AUTHORS 
dh_installexamples -psamtools 
dh_installman -psamtools  
dh_installinfo -psamtools  
dh_installmenu -psamtools 
dh_installcron -psamtools 
dh_installinit -psamtools  
dh_installdebconf -psamtools 
dh_installemacsen -psamtools   
dh_installcatalogs -psamtools 
dh_installpam -psamtools 
dh_installlogrotate -psamtools 
dh_installlogcheck -psamtools 
dh_installchangelogs -psamtools  ./ChangeLog 
dh_installudev -psamtools 
dh_lintian -psamtools 
dh_bugfiles -psamtools 
dh_install -psamtools  
dh_link -psamtools  
dh_installmime -psamtools 
dh_installgsettings -psamtools 
install -m 644 bcftools/README /build/buildd-samtools_0.1.18-2-powerpc-gR0dcB/samtools-0.1.18/debian/samtools/usr/share/doc/samtools/README.bcftools
ln -s samtools.1.gz /build/buildd-samtools_0.1.18-2-powerpc-gR0dcB/samtools-0.1.18/debian/samtools/usr/share/man/man1/bcftools.1.gz
dh_installdocs -plibbam-dev ./NEWS ./AUTHORS 
dh_installexamples -plibbam-dev 
dh_installman -plibbam-dev  
dh_installinfo -plibbam-dev  
dh_installmenu -plibbam-dev 
dh_installcron -plibbam-dev 
dh_installinit -plibbam-dev  
dh_installdebconf -plibbam-dev 
dh_installemacsen -plibbam-dev   
dh_installcatalogs -plibbam-dev 
dh_installpam -plibbam-dev 
dh_installlogrotate -plibbam-dev 
dh_installlogcheck -plibbam-dev 
dh_installchangelogs -plibbam-dev  ./ChangeLog 
dh_installudev -plibbam-dev 
dh_lintian -plibbam-dev 
dh_bugfiles -plibbam-dev 
dh_install -plibbam-dev  
dh_link -plibbam-dev  
dh_installmime -plibbam-dev 
dh_installgsettings -plibbam-dev 
dh_strip -psamtools  
dh_compress -psamtools  
dh_fixperms -psamtools  
dh_makeshlibs -psamtools  
sed -i 's|^#!/software/bin/python|#!/usr/bin/python|' /build/buildd-samtools_0.1.18-2-powerpc-gR0dcB/samtools-0.1.18/debian/samtools/usr/share/samtools/varfilter.py
dh_strip -plibbam-dev  
dh_compress -plibbam-dev  
dh_fixperms -plibbam-dev  
dh_makeshlibs -plibbam-dev  
dh_installdeb -psamtools 
dh_perl -psamtools 
dh_shlibdeps -psamtools    
dh_installdeb -plibbam-dev 
dh_perl -plibbam-dev 
dh_shlibdeps -plibbam-dev    
dh_gencontrol -psamtools  
dpkg-gencontrol: warning: package samtools: unused substitution variable ${perl:Depends}
dh_md5sums -psamtools 
dh_builddeb -psamtools -- -Z=xz
dpkg-deb: building package `samtools' in `../samtools_0.1.18-2_powerpc.deb'.
dh_gencontrol -plibbam-dev  
dpkg-gencontrol: warning: Depends field of package libbam-dev: unknown substitution variable ${shlibs:Depends}
dh_md5sums -plibbam-dev 
dh_builddeb -plibbam-dev -- -Z=xz
dpkg-deb: building package `libbam-dev' in `../libbam-dev_0.1.18-2_powerpc.deb'.
 dpkg-genchanges -B -mpowerpc Build Daemon (praetorius) <buildd_powerpc-praetorius@buildd.debian.org> >../samtools_0.1.18-2_powerpc.changes
dpkg-genchanges: arch-specific upload - not including arch-independent packages
dpkg-genchanges: binary-only upload - not including any source code
 dpkg-source --after-build samtools-0.1.18
dpkg-buildpackage: binary only upload (no source included)
────────────────────────────────────────────────────────────────────────────────
Build finished at 20120727-1510

samtools_0.1.18-2_powerpc.changes:
Format: 1.8
Date: Thu, 26 Jul 2012 18:30:48 -0400
Source: samtools
Binary: samtools libbam-dev
Architecture: powerpc
Version: 0.1.18-2
Distribution: sid
Urgency: low
Maintainer: powerpc Build Daemon (praetorius) <buildd_powerpc-praetorius@buildd.debian.org>
Changed-By: Dominique Belhachemi <domibel@debian.org>
Description: 
 libbam-dev - manipulates nucleotide sequence alignments in BAM or SAM format
 samtools   - processing sequence alignments in SAM and BAM formats
Closes: 544976 671524
Changes: 
 samtools (0.1.18-2) unstable; urgency=low
 .
   * added patch to fix segfault in mpileup (Closes: #544976)
   * added patch to fix coverage cap (Closes: #671524)
Checksums-Sha1: 
 526e893c91a8c60e7379b4bb2ead4c2371a49812 513788 samtools_0.1.18-2_powerpc.deb
 a1d4325586bf89cbc9e97e1be73bd0ae128c36a5 150414 libbam-dev_0.1.18-2_powerpc.deb
Checksums-Sha256: 
 24e3c29d3ae4f99efb75dee2648f1990e2b704d2c8bfcb832fe94cc01e987c17 513788 samtools_0.1.18-2_powerpc.deb
 03a4fb47ea65f56b8358f36590aea108c1129e0892bb80d4bd03876b243b2185 150414 libbam-dev_0.1.18-2_powerpc.deb
Files: 
 60a3c941233db871ec58cb293307936d 513788 science optional samtools_0.1.18-2_powerpc.deb
 ace1b0d9145133516849a955abc2dd39 150414 libdevel optional libbam-dev_0.1.18-2_powerpc.deb

┌──────────────────────────────────────────────────────────────────────────────┐
│ Package contents                                                             │
└──────────────────────────────────────────────────────────────────────────────┘


samtools_0.1.18-2_powerpc.deb
─────────────────────────────

 new debian package, version 2.0.
 size 513788 bytes: control archive= 1763 bytes.
     794 bytes,    16 lines      control              
    2453 bytes,    37 lines      md5sums              
 Package: samtools
 Version: 0.1.18-2
 Architecture: powerpc
 Maintainer: Debian Med Packaging Team <debian-med-packaging@lists.alioth.debian.org>
 Installed-Size: 1013
 Depends: libc6 (>= 2.7), libncurses5 (>= 5.5-5~), libtinfo5, zlib1g (>= 1:1.2.3.3)
 Suggests: python
 Section: science
 Priority: optional
 Homepage: http://samtools.sourceforge.net
 Description: processing sequence alignments in SAM and BAM formats
  Samtools is a set of utilities that manipulate nucleotide sequence alignments
  in the binary BAM format. It imports from and exports to the ascii SAM
  (Sequence Alignment/Map) format, does sorting, merging and indexing, and allows
  to retrieve reads in any regions swiftly. It is designed to work on a stream,
  and is able to open a BAM (not SAM) file on a remote FTP or HTTP server.

drwxr-xr-x root/root         0 2012-07-27 15:10 ./
drwxr-xr-x root/root         0 2012-07-27 15:10 ./usr/
drwxr-xr-x root/root         0 2012-07-27 15:10 ./usr/bin/
-rwxr-xr-x root/root    130976 2012-07-27 15:10 ./usr/bin/bcftools
-rwxr-xr-x root/root     25484 2012-07-27 15:10 ./usr/bin/razip
-rwxr-xr-x root/root    375080 2012-07-27 15:10 ./usr/bin/samtools
drwxr-xr-x root/root         0 2012-07-27 15:10 ./usr/lib/
drwxr-xr-x root/root         0 2012-07-27 15:10 ./usr/lib/samtools/
-rwxr-xr-x root/root      7348 2012-07-27 15:10 ./usr/lib/samtools/maq2sam-long
-rwxr-xr-x root/root     11080 2012-07-27 15:10 ./usr/lib/samtools/md5fa
-rwxr-xr-x root/root     18528 2012-07-27 15:10 ./usr/lib/samtools/wgsim
-rwxr-xr-x root/root      7348 2012-07-27 15:10 ./usr/lib/samtools/maq2sam-short
-rwxr-xr-x root/root      8036 2012-07-27 15:10 ./usr/lib/samtools/md5sum-lite
drwxr-xr-x root/root         0 2012-07-27 15:10 ./usr/share/
drwxr-xr-x root/root         0 2012-07-27 15:10 ./usr/share/man/
drwxr-xr-x root/root         0 2012-07-27 15:10 ./usr/share/man/man1/
-rw-r--r-- root/root      9890 2012-07-27 15:10 ./usr/share/man/man1/samtools.1.gz
-rw-r--r-- root/root       430 2012-07-27 15:10 ./usr/share/man/man1/razip.1.gz
drwxr-xr-x root/root         0 2012-07-27 15:10 ./usr/share/doc/
drwxr-xr-x root/root         0 2012-07-27 15:10 ./usr/share/doc/samtools/
-rw-r--r-- root/root      1031 2011-09-06 07:01 ./usr/share/doc/samtools/README.Debian
-rw-r--r-- root/root      1772 2012-07-27 12:17 ./usr/share/doc/samtools/changelog.Debian.gz
-rw-r--r-- root/root       916 2010-11-17 04:16 ./usr/share/doc/samtools/AUTHORS
-rw-r--r-- root/root      5502 2011-09-06 07:01 ./usr/share/doc/samtools/copyright
-rw-r--r-- root/root     10122 2011-09-02 16:58 ./usr/share/doc/samtools/NEWS.gz
drwxr-xr-x root/root         0 2012-07-27 15:10 ./usr/share/doc/samtools/examples/
-rw-r--r-- root/root    126609 2012-07-27 15:10 ./usr/share/doc/samtools/examples/ex1.bam.gz
-rw-r--r-- root/root    114565 2010-11-17 04:16 ./usr/share/doc/samtools/examples/ex1.sam.gz
-rw-r--r-- root/root      3225 2010-11-17 04:16 ./usr/share/doc/samtools/examples/ex1.fa
-rw-r--r-- root/root       886 2010-11-17 04:16 ./usr/share/doc/samtools/examples/00README.txt
-rw-r--r-- root/root       786 2011-04-22 03:16 ./usr/share/doc/samtools/examples/toy.sam
-rw-r--r-- root/root        98 2010-11-17 04:16 ./usr/share/doc/samtools/examples/toy.fa
-rw-r--r-- root/root      1966 2012-07-27 15:10 ./usr/share/doc/samtools/README.bcftools
-rw-r--r-- root/root     33578 2011-03-01 19:50 ./usr/share/doc/samtools/changelog.gz
-rw-r--r-- root/root       592 2011-09-06 07:01 ./usr/share/doc/samtools/reference
drwxr-xr-x root/root         0 2012-07-27 15:10 ./usr/share/samtools/
-rwxr-xr-x root/root      2729 2010-11-17 04:16 ./usr/share/samtools/wgsim_eval.pl
-rwxr-xr-x root/root      5778 2012-07-27 15:10 ./usr/share/samtools/varfilter.py
-rwxr-xr-x root/root      2397 2010-11-17 04:16 ./usr/share/samtools/zoom2sam.pl
-rwxr-xr-x root/root      4996 2010-11-17 04:16 ./usr/share/samtools/interpolate_sam.pl
-rwxr-xr-x root/root      2696 2010-11-17 04:16 ./usr/share/samtools/soap2sam.pl
-rwxr-xr-x root/root      2022 2010-11-17 04:16 ./usr/share/samtools/psl2sam.pl
-rwxr-xr-x root/root     18572 2011-03-22 03:09 ./usr/share/samtools/export2sam.pl
-rwxr-xr-x root/root     14299 2010-11-17 04:16 ./usr/share/samtools/samtools.pl
-rwxr-xr-x root/root      2112 2010-11-17 04:16 ./usr/share/samtools/bowtie2sam.pl
-rwxr-xr-x root/root      5989 2010-11-17 04:16 ./usr/share/samtools/novo2sam.pl
-rwxr-xr-x root/root      2415 2010-11-17 04:16 ./usr/share/samtools/blast2sam.pl
-rwxr-xr-x root/root      7881 2010-11-17 04:16 ./usr/share/samtools/sam2vcf.pl
-rwxr-xr-x root/root     15707 2011-07-07 02:59 ./usr/share/samtools/vcfutils.pl
lrwxrwxrwx root/root         0 2012-07-27 15:10 ./usr/share/man/man1/bcftools.1.gz -> samtools.1.gz


libbam-dev_0.1.18-2_powerpc.deb
───────────────────────────────

 new debian package, version 2.0.
 size 150414 bytes: control archive= 926 bytes.
     676 bytes,    15 lines      control              
     715 bytes,    11 lines      md5sums              
 Package: libbam-dev
 Source: samtools
 Version: 0.1.18-2
 Architecture: powerpc
 Maintainer: Debian Med Packaging Team <debian-med-packaging@lists.alioth.debian.org>
 Installed-Size: 409
 Section: libdevel
 Priority: optional
 Homepage: http://samtools.sourceforge.net
 Description: manipulates nucleotide sequence alignments in BAM or SAM format
  The BAM library provides I/O and various operations on manipulating nucleotide
  sequence alignments in the BAM (Binary Alignment/Mapping) or SAM (Sequence
  Alignment/Map) format. It now supports importing from or exporting to SAM,
  sorting, merging, generating pileup, and quickly retrieval of reads overlapped
  with a specified region.

drwxr-xr-x root/root         0 2012-07-27 15:10 ./
drwxr-xr-x root/root         0 2012-07-27 15:10 ./usr/
drwxr-xr-x root/root         0 2012-07-27 15:10 ./usr/lib/
-rw-r--r-- root/root    276222 2012-07-27 15:10 ./usr/lib/libbam.a
drwxr-xr-x root/root         0 2012-07-27 15:10 ./usr/include/
drwxr-xr-x root/root         0 2012-07-27 15:10 ./usr/include/samtools/
-rw-r--r-- root/root     17815 2011-03-01 19:50 ./usr/include/samtools/khash.h
-rw-r--r-- root/root      4617 2011-04-10 22:33 ./usr/include/samtools/bgzf.h
-rw-r--r-- root/root     24720 2011-09-02 16:58 ./usr/include/samtools/bam.h
-rw-r--r-- root/root      2625 2010-11-17 04:16 ./usr/include/samtools/sam.h
-rw-r--r-- root/root      3188 2010-11-17 04:16 ./usr/include/samtools/faidx.h
drwxr-xr-x root/root         0 2012-07-27 15:10 ./usr/share/
drwxr-xr-x root/root         0 2012-07-27 15:10 ./usr/share/doc/
drwxr-xr-x root/root         0 2012-07-27 15:10 ./usr/share/doc/libbam-dev/
-rw-r--r-- root/root      1772 2012-07-27 12:17 ./usr/share/doc/libbam-dev/changelog.Debian.gz
-rw-r--r-- root/root       916 2010-11-17 04:16 ./usr/share/doc/libbam-dev/AUTHORS
-rw-r--r-- root/root      5502 2011-09-06 07:01 ./usr/share/doc/libbam-dev/copyright
-rw-r--r-- root/root     10122 2011-09-02 16:58 ./usr/share/doc/libbam-dev/NEWS.gz
-rw-r--r-- root/root     33578 2011-03-01 19:50 ./usr/share/doc/libbam-dev/changelog.gz


┌──────────────────────────────────────────────────────────────────────────────┐
│ Finished                                                                     │
└──────────────────────────────────────────────────────────────────────────────┘

Built successfully
────────────────────────────────────────────────────────────────────────────────

┌──────────────────────────────────────────────────────────────────────────────┐
│ Post Build                                                                   │
└──────────────────────────────────────────────────────────────────────────────┘

Purging /var/lib/schroot/mount/sid-powerpc-sbuild-105a1aa5-a0a8-46f0-a2ca-b14adcdb81dc/build/buildd-samtools_0.1.18-2-powerpc-gR0dcB
Not cleaning session: cloned chroot in use

┌──────────────────────────────────────────────────────────────────────────────┐
│ Summary                                                                      │
└──────────────────────────────────────────────────────────────────────────────┘

Architecture: powerpc
Build-Space: 10504
Build-Time: 86
Distribution: sid
Install-Time: 79
Job: samtools_0.1.18-2
Package: samtools
Package-Time: 207
Source-Version: 0.1.18-2
Space: 10504
Status: successful
Version: 0.1.18-2
────────────────────────────────────────────────────────────────────────────────
Finished at 20120727-1510
Build needed 00:03:27, 10504k disc space

