<!DOCTYPE HTML PUBLIC "-//W3C//DTD HTML 4.01 Transitional//EN">
<html><head><title>File `log' in samtools_0.1.12a-1_powerpcspe (Dec 3 17:51)</title><meta http-equiv="content-type" content="text/html;charset=utf-8"></head><body bgcolor="#ffffff">
<table width="100%"><tr valign=top><td align=left><h2>File `log' in samtools_0.1.12a-1_powerpcspe (Dec 3 17:51)</h2></td><td align=right><a href="build.php?&pkg=samtools&arch=powerpcspe">samtools</a> &gt;&gt; <a href="build.php?&pkg=samtools&ver=0.1.12a-1&arch=powerpcspe">0.1.12a-1</a> &gt;&gt; <a href="build.php?&pkg=samtools&ver=0.1.12a-1&arch=powerpcspe&stamp=1291398710">Dec&nbsp;3&nbsp;17:51</a> &gt;&gt; log</td></tr></table><p><pre>
sbuild (Debian sbuild) 0.60.0 (23 Feb 2010) on baako.tec.linutronix.de

╔══════════════════════════════════════════════════════════════════════════════╗
║ samtools 0.1.12a-1 (powerpcspe)                            04 Dec 2010 18:45 ║
╚══════════════════════════════════════════════════════════════════════════════╝

Package: samtools
Version: 0.1.12a-1
Architecture: powerpcspe
Chroot Build Dir: /var/lib/schroot/mount/spestage-0fea459c-6bbb-4543-9144-91e0da2cf54a/spestage/build/buildd-samtools_0.1.12a-1-powerpcspe-cmP2NQ
Start Time: 20101204-1845
Hit http://merkur sid Release.gpg
Hit http://merkur sid Release.gpg
Ign http://merkur/debian/debian-ports/ sid/main Translation-en
Hit http://merkur unreleased Release.gpg
Ign http://merkur/debian/debian-ports/ unreleased/main Translation-en
Hit http://merkur sid Release
Hit http://merkur sid Release
Hit http://merkur unreleased Release
Hit http://merkur sid/main Sources/DiffIndex
Hit http://ftp.de.debian.org sid Release.gpg
Get:1 http://incoming.debian-ports.org unstable Release.gpg [835 B]
Ign http://incoming.debian-ports.org/buildd/ unstable/main Translation-en
Hit http://merkur sid/main powerpcspe Packages
Hit http://merkur unreleased/main powerpcspe Packages
Hit http://ftp.de.debian.org sid Release
Get:2 http://incoming.debian-ports.org unstable Release [8817 B]
Hit http://ftp.de.debian.org sid/main Sources/DiffIndex
Hit http://incoming.debian-ports.org unstable/main Sources
Hit http://incoming.debian-ports.org unstable/main powerpcspe Packages
Fetched 9652 B in 1s (5146 B/s)
Reading package lists...

┌──────────────────────────────────────────────────────────────────────────────┐
│ Fetch source files                                                           │
└──────────────────────────────────────────────────────────────────────────────┘


Check APT
─────────

Checking available source versions...

Download source files with APT
──────────────────────────────

Reading package lists...
Building dependency tree...
Reading state information...
NOTICE: 'samtools' packaging is maintained in the 'Git' version control system at:
git://git.debian.org/debian-med/samtools.git
Need to get 364 kB of source archives.
Get:1 http://ftp.de.debian.org/debian/ sid/main samtools 0.1.12a-1 (dsc) [1946 B]
Get:2 http://ftp.de.debian.org/debian/ sid/main samtools 0.1.12a-1 (tar) [356 kB]
Get:3 http://ftp.de.debian.org/debian/ sid/main samtools 0.1.12a-1 (diff) [6337 B]
Fetched 364 kB in 1s (206 kB/s)
Download complete and in download only mode

Check arch
──────────

** Using build dependencies supplied by package:
Build-Depends: debhelper (&gt;= 8), cdbs, libncurses5-dev, zlib1g-dev

┌──────────────────────────────────────────────────────────────────────────────┐
│ Install build dependencies (internal resolver)                               │
└──────────────────────────────────────────────────────────────────────────────┘

Checking for already installed source dependencies...
debhelper: missing
Using default version 8.0.0
cdbs: missing
libncurses5-dev: missing
zlib1g-dev: missing
Checking for source dependency conflicts...
Installing positive dependencies: debhelper cdbs libncurses5-dev zlib1g-dev
Reading package lists...
Building dependency tree...
Reading state information...
The following extra packages will be installed:
  bsdmainutils file gettext gettext-base groff-base html2text intltool-debian
  libcroco3 libglib2.0-0 libmagic1 libpcre3 libunistring0 libxml2 man-db
  po-debconf
Suggested packages:
  wamerican wordlist whois vacation devscripts doc-base dh-make gettext-doc
  groff less www-browser libmail-box-perl
Recommended packages:
  autotools-dev curl wget lynx-cur autopoint libglib2.0-data shared-mime-info
  xml-core libmail-sendmail-perl
The following NEW packages will be installed:
  bsdmainutils cdbs debhelper file gettext gettext-base groff-base html2text
  intltool-debian libcroco3 libglib2.0-0 libmagic1 libncurses5-dev libpcre3
  libunistring0 libxml2 man-db po-debconf zlib1g-dev
0 upgraded, 19 newly installed, 0 to remove and 0 not upgraded.
Need to get 11.7 MB of archives.
After this operation, 35.6 MB of additional disk space will be used.
Get:1 http://merkur/debian/debian-ports/ sid/main bsdmainutils powerpcspe 8.0.17 [203 kB]
Get:2 http://merkur/debian/debian-ports/ sid/main groff-base powerpcspe 1.20.1-10+b100 [1195 kB]
Get:3 http://merkur/debian/debian-ports/ sid/main man-db powerpcspe 2.5.7-6 [1256 kB]
Get:4 http://merkur/debian/debian-ports/ sid/main libmagic1 powerpcspe 5.04-5 [240 kB]
Get:5 http://merkur/debian/debian-ports/ sid/main file powerpcspe 5.04-5 [49.4 kB]
Get:6 http://merkur/debian/debian-ports/ sid/main gettext-base powerpcspe 0.18.1.1-3 [131 kB]
Get:7 http://merkur/debian/debian-ports/ sid/main libpcre3 powerpcspe 8.02-1.1 [232 kB]
Get:8 http://merkur/debian/debian-ports/ sid/main libxml2 powerpcspe 2.7.8.dfsg-1 [838 kB]
Get:9 http://merkur/debian/debian-ports/ sid/main html2text powerpcspe 1.3.2a-15+b100 [104 kB]
Get:10 http://merkur/debian/debian-ports/ sid/main libglib2.0-0 powerpcspe 2.24.2-1 [1101 kB]
Get:11 http://merkur/debian/debian-ports/ sid/main libcroco3 powerpcspe 0.6.2-1+b100 [117 kB]
Get:12 http://merkur/debian/debian-ports/ sid/main libunistring0 powerpcspe 0.9.3-3 [428 kB]
Get:13 http://merkur/debian/debian-ports/ sid/main gettext powerpcspe 0.18.1.1-3 [2017 kB]
Get:14 http://merkur/debian/debian-ports/ sid/main intltool-debian all 0.35.0+20060710.1 [30.8 kB]
Get:15 http://merkur/debian/debian-ports/ sid/main po-debconf all 1.0.16+nmu1 [223 kB]
Get:16 http://merkur/debian/debian-ports/ sid/main debhelper all 8.0.0 [454 kB]
Get:17 http://merkur/debian/debian-ports/ sid/main cdbs all 0.4.89 [1240 kB]
Get:18 http://merkur/debian/debian-ports/ sid/main libncurses5-dev powerpcspe 5.7+20100313-4 [1631 kB]
Get:19 http://merkur/debian/debian-ports/ sid/main zlib1g-dev powerpcspe 1:1.2.3.4.dfsg-3+b110 [190 kB]
debconf: delaying package configuration, since apt-utils is not installed
Fetched 11.7 MB in 0s (16.2 MB/s)
Selecting previously deselected package bsdmainutils.
(Reading database ... 10209 files and directories currently installed.)
Unpacking bsdmainutils (from .../bsdmainutils_8.0.17_powerpcspe.deb) ...
Selecting previously deselected package groff-base.
Unpacking groff-base (from .../groff-base_1.20.1-10+b100_powerpcspe.deb) ...
Selecting previously deselected package man-db.
Unpacking man-db (from .../man-db_2.5.7-6_powerpcspe.deb) ...
Selecting previously deselected package libmagic1.
Unpacking libmagic1 (from .../libmagic1_5.04-5_powerpcspe.deb) ...
Selecting previously deselected package file.
Unpacking file (from .../file_5.04-5_powerpcspe.deb) ...
Selecting previously deselected package gettext-base.
Unpacking gettext-base (from .../gettext-base_0.18.1.1-3_powerpcspe.deb) ...
Selecting previously deselected package libpcre3.
Unpacking libpcre3 (from .../libpcre3_8.02-1.1_powerpcspe.deb) ...
Selecting previously deselected package libxml2.
Unpacking libxml2 (from .../libxml2_2.7.8.dfsg-1_powerpcspe.deb) ...
Selecting previously deselected package html2text.
Unpacking html2text (from .../html2text_1.3.2a-15+b100_powerpcspe.deb) ...
Selecting previously deselected package libglib2.0-0.
Unpacking libglib2.0-0 (from .../libglib2.0-0_2.24.2-1_powerpcspe.deb) ...
Selecting previously deselected package libcroco3.
Unpacking libcroco3 (from .../libcroco3_0.6.2-1+b100_powerpcspe.deb) ...
Selecting previously deselected package libunistring0.
Unpacking libunistring0 (from .../libunistring0_0.9.3-3_powerpcspe.deb) ...
Selecting previously deselected package gettext.
Unpacking gettext (from .../gettext_0.18.1.1-3_powerpcspe.deb) ...
Selecting previously deselected package intltool-debian.
Unpacking intltool-debian (from .../intltool-debian_0.35.0+20060710.1_all.deb) ...
Selecting previously deselected package po-debconf.
Unpacking po-debconf (from .../po-debconf_1.0.16+nmu1_all.deb) ...
Selecting previously deselected package debhelper.
Unpacking debhelper (from .../debhelper_8.0.0_all.deb) ...
Selecting previously deselected package cdbs.
Unpacking cdbs (from .../archives/cdbs_0.4.89_all.deb) ...
Selecting previously deselected package libncurses5-dev.
Unpacking libncurses5-dev (from .../libncurses5-dev_5.7+20100313-4_powerpcspe.deb) ...
Selecting previously deselected package zlib1g-dev.
Unpacking zlib1g-dev (from .../zlib1g-dev_1%3a1.2.3.4.dfsg-3+b110_powerpcspe.deb) ...
Setting up bsdmainutils (8.0.17) ...
update-alternatives: using /usr/bin/bsd-write to provide /usr/bin/write (write) in auto mode.
update-alternatives: using /usr/bin/bsd-from to provide /usr/bin/from (from) in auto mode.
Setting up groff-base (1.20.1-10+b100) ...
Setting up man-db (2.5.7-6) ...
Building database of manual pages ...
Setting up libmagic1 (5.04-5) ...
Setting up file (5.04-5) ...
Setting up gettext-base (0.18.1.1-3) ...
Setting up libpcre3 (8.02-1.1) ...
Setting up libxml2 (2.7.8.dfsg-1) ...
Setting up html2text (1.3.2a-15+b100) ...
Setting up libglib2.0-0 (2.24.2-1) ...
Setting up libcroco3 (0.6.2-1+b100) ...
Setting up libunistring0 (0.9.3-3) ...
Setting up gettext (0.18.1.1-3) ...
Setting up intltool-debian (0.35.0+20060710.1) ...
Setting up po-debconf (1.0.16+nmu1) ...
Setting up debhelper (8.0.0) ...
Setting up cdbs (0.4.89) ...
Setting up libncurses5-dev (5.7+20100313-4) ...
Setting up zlib1g-dev (1:1.2.3.4.dfsg-3+b110) ...
Removing negative dependencies: 
Checking correctness of source dependencies...
Kernel: Linux 2.6.36 powerpcspe (ppc)
Toolchain package versions: libc6-dev_2.11.1-2+powerpcspe1 dpkg-dev_1.15.8.6 linux-libc-dev_2.6.32-27+powerpcspe1 gcc-4.4_4.4.4-4+powerpcspe4.5 g++-4.4_4.4.4-4+powerpcspe4.5 binutils_2.20.1-15 libstdc++6-4.4-dev_4.4.4-4+powerpcspe4.5 libstdc++6_4.4.4-4+powerpcspe4.5
Package versions: apt_0.8.10 base-files_5.10 base-passwd_3.5.22+b110 bash_4.1-3+b111 binutils_2.20.1-15 bsdmainutils_8.0.17 bsdutils_1:2.17.2-3.3 build-essential_11.5+b100 bzip2_1.0.5-6 cdbs_0.4.89 coreutils_8.5-1+b1 cpio_2.11-5 cpp_4:4.4.4-2+powerpcspe1 cpp-4.4_4.4.4-4+powerpcspe4.5 dash_0.5.5.1-7.3 debconf_1.5.37 debconf-i18n_1.5.37 debhelper_8.0.0 debian-archive-keyring_2010.08.28 debian-powerpcspe-archive-keyring_2009.10.13-2 debianutils_3.4.2 diff_1:3.0-1 diffutils_1:3.0-1+b110 dmsetup_2:1.02.48-4 dpkg_1.15.8.6 dpkg-dev_1.15.8.6 e2fslibs_1.41.12-2+b100 e2fsprogs_1.41.12-2+b100 fakeroot_1.14.4-2 file_5.04-5 findutils_4.4.2-1+b110 g++_4:4.4.4-2+powerpcspe1 g++-4.4_4.4.4-4+powerpcspe4.5 gcc_4:4.4.4-2+powerpcspe1 gcc-4.4_4.4.4-4+powerpcspe4.5 gcc-4.4-base_4.4.4-4+powerpcspe4.5 gettext_0.18.1.1-3 gettext-base_0.18.1.1-3 gnupg_1.4.10-4+b100 gpgv_1.4.10-4+b100 grep_2.6.3-3+b110 groff-base_1.20.1-10+b100 gzip_1.3.12-9+b110 hostname_3.05 html2text_1.3.2a-15+b100 initscripts_2.88!
 dsf-13 insserv_1.14.0-2+b100 intltool-debian_0.35.0+20060710.1 libacl1_2.2.49-4 libattr1_1:2.4.44-2+b110 libblkid1_2.17.2-3.3 libbz2-1.0_1.0.5-6 libc-bin_2.11.1-2+powerpcspe1 libc-dev-bin_2.11.1-2+powerpcspe1 libc6_2.11.1-2+powerpcspe1 libc6-dev_2.11.1-2+powerpcspe1 libcomerr2_1.41.12-2+b100 libcroco3_0.6.2-1+b100 libdb4.7_4.7.25-10 libdb4.8_4.8.30-3 libdevmapper1.02.1_2:1.02.48-4 libdpkg-perl_1.15.8.6 libgcc1_1:4.4.4-4+powerpcspe4.5 libgdbm3_1.8.3-9+b110 libglib2.0-0_2.24.2-1 libgmp3c2_2:4.3.2+dfsg-1+b3 libgomp1_4.4.4-4+powerpcspe4.5 liblocale-gettext-perl_1.05-6+b110 liblzma2_5.0.0-2 libmagic1_5.04-5 libmpfr1ldbl_2.4.2-3+b2 libmudflap0_4.4.4-4+powerpcspe4.5 libncurses5_5.7+20100313-4 libncurses5-dev_5.7+20100313-4 libncursesw5_5.7+20100313-4 libpam-modules_1.1.1-6.1 libpam-runtime_1.1.1-6.1 libpam0g_1.1.1-6.1 libpcre3_8.02-1.1 libreadline5_5.2-7+b100 libreadline6_6.1-3+b100 libselinux1_2.0.96-1 libsepol1_2.0.41-1+b110 libslang2_2.2.2-4+b100 libss2_1.41.12-2+b100 libstdc++!
 6_4.4.4-4+powerpcspe4.5 libstdc++6-4.4-dev_4.4.4-4+powerpcspe4.5 libte
xt-charwidth-perl_0.04-6+b110 libtext-iconv-perl_1.7-2+b110 libtext-wrapi18n-perl_0.06-7 libtimedate-perl_1.2000-1 libudev0_164-2 libunistring0_0.9.3-3 libusb-0.1-4_2:0.1.12-16 libuuid1_2.17.2-3.3 libxml2_2.7.8.dfsg-1 linux-libc-dev_2.6.32-27+powerpcspe1 login_1:4.1.4.2+svn3283-2 lsb-base_3.2-26 lzma_4.43-14+b100 make_3.81-8+b1 makedev_2.3.1-89 man-db_2.5.7-6 mawk_1.3.3-15+b111 mktemp_8.5-1 mount_2.17.2-3.3 ncurses-base_5.7+20100313-4 ncurses-bin_5.7+20100313-4 passwd_1:4.1.4.2+svn3283-2 patch_2.6-3 perl_5.10.1-16 perl-base_5.10.1-16 perl-modules_5.10.1-16 po-debconf_1.0.16+nmu1 procps_1:3.2.8-10 readline-common_6.1-3 sed_4.2.1-8 sensible-utils_0.0.6 sysv-rc_2.88dsf-13 sysvinit_2.88dsf-13 sysvinit-utils_2.88dsf-13 tar_1.25-2 tzdata_2010o-1 util-linux_2.17.2-3.3 xz-utils_5.0.0-2 zlib1g_1:1.2.3.4.dfsg-3+b110 zlib1g-dev_1:1.2.3.4.dfsg-3+b110

┌──────────────────────────────────────────────────────────────────────────────┐
│ Build                                                                        │
└──────────────────────────────────────────────────────────────────────────────┘


Unpack source
─────────────

dpkg-source: warning: -sn is not a valid option for Dpkg::Source::Package::V3::quilt
gpgv: keyblock resource `/var/lib/buildd/.gnupg/trustedkeys.gpg': file open error
gpgv: Signature made Fri Dec  3 06:37:23 2010 UTC using RSA key ID 2295D502
gpgv: Can't check signature: public key not found
dpkg-source: warning: failed to verify signature on ./samtools_0.1.12a-1.dsc
dpkg-source: info: extracting samtools in samtools-0.1.12a
dpkg-source: info: unpacking samtools_0.1.12a.orig.tar.bz2
dpkg-source: info: unpacking samtools_0.1.12a-1.debian.tar.gz

Check disc space
────────────────


dpkg-buildpackage
─────────────────

dpkg-buildpackage: export CFLAGS from dpkg-buildflags (origin: vendor): -g -O2
dpkg-buildpackage: export CPPFLAGS from dpkg-buildflags (origin: vendor): 
dpkg-buildpackage: export CXXFLAGS from dpkg-buildflags (origin: vendor): -g -O2
dpkg-buildpackage: export FFLAGS from dpkg-buildflags (origin: vendor): -g -O2
dpkg-buildpackage: export LDFLAGS from dpkg-buildflags (origin: vendor): 
dpkg-buildpackage: source package samtools
dpkg-buildpackage: source version 0.1.12a-1
 dpkg-source --before-build samtools-0.1.12a
dpkg-buildpackage: host architecture powerpcspe
 /usr/bin/fakeroot debian/rules clean
test -x debian/rules
dh_testroot
rm -f debian/stamp-makefile-build debian/stamp-makefile-install
/usr/bin/make  -C . CFLAGS="-g -O2 -g -Wall -O2 -fPIC" CXXFLAGS="-g -O2 -g -Wall -O2" CPPFLAGS="" LDFLAGS=""  -k clean
make[1]: Entering directory `/build/buildd-samtools_0.1.12a-1-powerpcspe-cmP2NQ/samtools-0.1.12a'
make[2]: Entering directory `/build/buildd-samtools_0.1.12a-1-powerpcspe-cmP2NQ/samtools-0.1.12a'
rm -fr gmon.out *.o a.out *.exe *.dSYM razip bgzip samtools *~ *.a *.so.* *.so *.dylib
make[2]: Leaving directory `/build/buildd-samtools_0.1.12a-1-powerpcspe-cmP2NQ/samtools-0.1.12a'
make[2]: Entering directory `/build/buildd-samtools_0.1.12a-1-powerpcspe-cmP2NQ/samtools-0.1.12a/bcftools'
rm -fr gmon.out *.o a.out *.dSYM bcftools *~ *.a bcf.aux bcf.log bcf.pdf *.class libbcf.*.dylib libbcf.so*
make[2]: Leaving directory `/build/buildd-samtools_0.1.12a-1-powerpcspe-cmP2NQ/samtools-0.1.12a/bcftools'
make[2]: Entering directory `/build/buildd-samtools_0.1.12a-1-powerpcspe-cmP2NQ/samtools-0.1.12a/misc'
rm -fr gmon.out *.o a.out *.exe *.dSYM md5sum-lite md5fa maq2sam-short maq2sam-long wgsim *~ *.a
make[2]: Leaving directory `/build/buildd-samtools_0.1.12a-1-powerpcspe-cmP2NQ/samtools-0.1.12a/misc'
make[1]: Leaving directory `/build/buildd-samtools_0.1.12a-1-powerpcspe-cmP2NQ/samtools-0.1.12a'
rm -f debian/stamp-makefile-check
dh_clean 
rm -f examples/calDepth examples/ex1.bam examples/ex1.bam.bai examples/ex1.fa.fai examples/ex1.glf examples/ex1.glfview.gz examples/ex1.pileup.gz examples/ex1a.bam examples/ex1b.bam examples/ex1f-rmduppe.bam examples/ex1f-rmdupse.bam examples/ex1f.bam examples/ex1f.rg examples/ex1.bcf
 debian/rules build
test -x debian/rules
mkdir -p "."
/usr/share/cdbs/1/rules/buildcore.mk:104: WARNING:  DEB_DH_BUILDDEB_ARGS is a deprecated variable
/usr/bin/make  -C . CFLAGS="-g -O2 -g -Wall -O2 -fPIC" CXXFLAGS="-g -O2 -g -Wall -O2" CPPFLAGS="" LDFLAGS=""  all all-recur razip lib
make[1]: Entering directory `/build/buildd-samtools_0.1.12a-1-powerpcspe-cmP2NQ/samtools-0.1.12a'
make[2]: Entering directory `/build/buildd-samtools_0.1.12a-1-powerpcspe-cmP2NQ/samtools-0.1.12a'
gcc -c -g -O2 -g -Wall -O2 -fPIC -D_FILE_OFFSET_BITS=64 -D_USE_KNETFILE -D_CURSES_LIB=1 -I. bgzf.c -o bgzf.o
gcc -c -g -O2 -g -Wall -O2 -fPIC -D_FILE_OFFSET_BITS=64 -D_USE_KNETFILE -D_CURSES_LIB=1 -I. kstring.c -o kstring.o
gcc -c -g -O2 -g -Wall -O2 -fPIC -D_FILE_OFFSET_BITS=64 -D_USE_KNETFILE -D_CURSES_LIB=1 -I. bam_aux.c -o bam_aux.o
gcc -c -g -O2 -g -Wall -O2 -fPIC -D_FILE_OFFSET_BITS=64 -D_USE_KNETFILE -D_CURSES_LIB=1 -I. bam.c -o bam.o
gcc -c -g -O2 -g -Wall -O2 -fPIC -D_FILE_OFFSET_BITS=64 -D_USE_KNETFILE -D_CURSES_LIB=1 -I. bam_import.c -o bam_import.o
bam_import.c: In function 'append_text':
bam_import.c:179: warning: format '%ld' expects type 'long int', but argument 3 has type 'size_t'
bam_import.c:186: warning: format '%ld' expects type 'long int', but argument 3 has type 'size_t'
bam_import.c:186: warning: format '%ld' expects type 'long int', but argument 4 has type 'size_t'
bam_import.c:186: warning: format '%ld' expects type 'long int', but argument 5 has type 'size_t'
bam_import.c:186: warning: format '%ld' expects type 'long int', but argument 6 has type 'size_t'
gcc -c -g -O2 -g -Wall -O2 -fPIC -D_FILE_OFFSET_BITS=64 -D_USE_KNETFILE -D_CURSES_LIB=1 -I. sam.c -o sam.o
gcc -c -g -O2 -g -Wall -O2 -fPIC -D_FILE_OFFSET_BITS=64 -D_USE_KNETFILE -D_CURSES_LIB=1 -I. bam_index.c -o bam_index.o
gcc -c -g -O2 -g -Wall -O2 -fPIC -D_FILE_OFFSET_BITS=64 -D_USE_KNETFILE -D_CURSES_LIB=1 -I. bam_pileup.c -o bam_pileup.o
gcc -c -g -O2 -g -Wall -O2 -fPIC -D_FILE_OFFSET_BITS=64 -D_USE_KNETFILE -D_CURSES_LIB=1 -I. bam_lpileup.c -o bam_lpileup.o
gcc -c -g -O2 -g -Wall -O2 -fPIC -D_FILE_OFFSET_BITS=64 -D_USE_KNETFILE -D_CURSES_LIB=1 -I. bam_md.c -o bam_md.o
gcc -c -g -O2 -g -Wall -O2 -fPIC -D_FILE_OFFSET_BITS=64 -D_USE_KNETFILE -D_CURSES_LIB=1 -I. glf.c -o glf.o
gcc -c -g -O2 -g -Wall -O2 -fPIC -D_FILE_OFFSET_BITS=64 -D_USE_KNETFILE -D_CURSES_LIB=1 -I. razf.c -o razf.o
gcc -c -g -O2 -g -Wall -O2 -fPIC -D_FILE_OFFSET_BITS=64 -D_USE_KNETFILE -D_CURSES_LIB=1 -I. faidx.c -o faidx.o
gcc -c -g -O2 -g -Wall -O2 -fPIC -D_FILE_OFFSET_BITS=64 -D_USE_KNETFILE -D_CURSES_LIB=1 -I. knetfile.c -o knetfile.o
gcc -c -g -O2 -g -Wall -O2 -fPIC -D_FILE_OFFSET_BITS=64 -D_USE_KNETFILE -D_CURSES_LIB=1 -I. bam_sort.c -o bam_sort.o
gcc -c -g -O2 -g -Wall -O2 -fPIC -D_FILE_OFFSET_BITS=64 -D_USE_KNETFILE -D_CURSES_LIB=1 -I. sam_header.c -o sam_header.o
gcc -c -g -O2 -g -Wall -O2 -fPIC -D_FILE_OFFSET_BITS=64 -D_USE_KNETFILE -D_CURSES_LIB=1 -I. bam_reheader.c -o bam_reheader.o
gcc -c -g -O2 -g -Wall -O2 -fPIC -D_FILE_OFFSET_BITS=64 -D_USE_KNETFILE -D_CURSES_LIB=1 -I. kprobaln.c -o kprobaln.o
ar -cru libbam.a bgzf.o kstring.o bam_aux.o bam.o bam_import.o sam.o bam_index.o bam_pileup.o bam_lpileup.o bam_md.o glf.o razf.o faidx.o knetfile.o bam_sort.o sam_header.o bam_reheader.o kprobaln.o
make[2]: Leaving directory `/build/buildd-samtools_0.1.12a-1-powerpcspe-cmP2NQ/samtools-0.1.12a'
make[2]: Entering directory `/build/buildd-samtools_0.1.12a-1-powerpcspe-cmP2NQ/samtools-0.1.12a/bcftools'
gcc -c -g -O2 -g -Wall -O2 -fPIC -D_FILE_OFFSET_BITS=64 -D_USE_KNETFILE -D_CURSES_LIB=1 -I.. -I. bcf.c -o bcf.o
gcc -c -g -O2 -g -Wall -O2 -fPIC -D_FILE_OFFSET_BITS=64 -D_USE_KNETFILE -D_CURSES_LIB=1 -I.. -I. vcf.c -o vcf.o
gcc -c -g -O2 -g -Wall -O2 -fPIC -D_FILE_OFFSET_BITS=64 -D_USE_KNETFILE -D_CURSES_LIB=1 -I.. -I. bcfutils.c -o bcfutils.o
gcc -c -g -O2 -g -Wall -O2 -fPIC -D_FILE_OFFSET_BITS=64 -D_USE_KNETFILE -D_CURSES_LIB=1 -I.. -I. prob1.c -o prob1.o
gcc -c -g -O2 -g -Wall -O2 -fPIC -D_FILE_OFFSET_BITS=64 -D_USE_KNETFILE -D_CURSES_LIB=1 -I.. -I. ld.c -o ld.o
gcc -c -g -O2 -g -Wall -O2 -fPIC -D_FILE_OFFSET_BITS=64 -D_USE_KNETFILE -D_CURSES_LIB=1 -I.. -I. kfunc.c -o kfunc.o
gcc -c -g -O2 -g -Wall -O2 -fPIC -D_FILE_OFFSET_BITS=64 -D_USE_KNETFILE -D_CURSES_LIB=1 -I.. -I. index.c -o index.o
gcc -c -g -O2 -g -Wall -O2 -fPIC -D_FILE_OFFSET_BITS=64 -D_USE_KNETFILE -D_CURSES_LIB=1 -I.. -I. fet.c -o fet.o
gcc -c -g -O2 -g -Wall -O2 -fPIC -D_FILE_OFFSET_BITS=64 -D_USE_KNETFILE -D_CURSES_LIB=1 -I.. -I. bcf2qcall.c -o bcf2qcall.o
ar -cru libbcf.a bcf.o vcf.o bcfutils.o prob1.o ld.o kfunc.o index.o fet.o bcf2qcall.o
make[2]: Leaving directory `/build/buildd-samtools_0.1.12a-1-powerpcspe-cmP2NQ/samtools-0.1.12a/bcftools'
make[2]: Entering directory `/build/buildd-samtools_0.1.12a-1-powerpcspe-cmP2NQ/samtools-0.1.12a/misc'
make[2]: Nothing to be done for `lib'.
make[2]: Leaving directory `/build/buildd-samtools_0.1.12a-1-powerpcspe-cmP2NQ/samtools-0.1.12a/misc'
gcc -c -g -O2 -g -Wall -O2 -fPIC -D_FILE_OFFSET_BITS=64 -D_USE_KNETFILE -D_CURSES_LIB=1 -I. bam_tview.c -o bam_tview.o
gcc -c -g -O2 -g -Wall -O2 -fPIC -D_FILE_OFFSET_BITS=64 -D_USE_KNETFILE -D_CURSES_LIB=1 -I. bam_maqcns.c -o bam_maqcns.o
gcc -c -g -O2 -g -Wall -O2 -fPIC -D_FILE_OFFSET_BITS=64 -D_USE_KNETFILE -D_CURSES_LIB=1 -I. bam_plcmd.c -o bam_plcmd.o
gcc -c -g -O2 -g -Wall -O2 -fPIC -D_FILE_OFFSET_BITS=64 -D_USE_KNETFILE -D_CURSES_LIB=1 -I. sam_view.c -o sam_view.o
gcc -c -g -O2 -g -Wall -O2 -fPIC -D_FILE_OFFSET_BITS=64 -D_USE_KNETFILE -D_CURSES_LIB=1 -I. bam_rmdup.c -o bam_rmdup.o
gcc -c -g -O2 -g -Wall -O2 -fPIC -D_FILE_OFFSET_BITS=64 -D_USE_KNETFILE -D_CURSES_LIB=1 -I. bam_rmdupse.c -o bam_rmdupse.o
gcc -c -g -O2 -g -Wall -O2 -fPIC -D_FILE_OFFSET_BITS=64 -D_USE_KNETFILE -D_CURSES_LIB=1 -I. bam_mate.c -o bam_mate.o
gcc -c -g -O2 -g -Wall -O2 -fPIC -D_FILE_OFFSET_BITS=64 -D_USE_KNETFILE -D_CURSES_LIB=1 -I. bam_stat.c -o bam_stat.o
gcc -c -g -O2 -g -Wall -O2 -fPIC -D_FILE_OFFSET_BITS=64 -D_USE_KNETFILE -D_CURSES_LIB=1 -I. bam_color.c -o bam_color.o
gcc -c -g -O2 -g -Wall -O2 -fPIC -D_FILE_OFFSET_BITS=64 -D_USE_KNETFILE -D_CURSES_LIB=1 -I. bamtk.c -o bamtk.o
gcc -c -g -O2 -g -Wall -O2 -fPIC -D_FILE_OFFSET_BITS=64 -D_USE_KNETFILE -D_CURSES_LIB=1 -I. kaln.c -o kaln.o
gcc -c -g -O2 -g -Wall -O2 -fPIC -D_FILE_OFFSET_BITS=64 -D_USE_KNETFILE -D_CURSES_LIB=1 -I. bam2bcf.c -o bam2bcf.o
gcc -c -g -O2 -g -Wall -O2 -fPIC -D_FILE_OFFSET_BITS=64 -D_USE_KNETFILE -D_CURSES_LIB=1 -I. bam2bcf_indel.c -o bam2bcf_indel.o
gcc -c -g -O2 -g -Wall -O2 -fPIC -D_FILE_OFFSET_BITS=64 -D_USE_KNETFILE -D_CURSES_LIB=1 -I. errmod.c -o errmod.o
gcc -c -g -O2 -g -Wall -O2 -fPIC -D_FILE_OFFSET_BITS=64 -D_USE_KNETFILE -D_CURSES_LIB=1 -I. sample.c -o sample.o
gcc -g -O2 -g -Wall -O2 -fPIC -o samtools bam_tview.o bam_maqcns.o bam_plcmd.o sam_view.o bam_rmdup.o bam_rmdupse.o bam_mate.o bam_stat.o bam_color.o bamtk.o kaln.o bam2bcf.o bam2bcf_indel.o errmod.o sample.o libbam.a -lm  -lcurses  -lz -Lbcftools -lbcf
make[2]: Entering directory `/build/buildd-samtools_0.1.12a-1-powerpcspe-cmP2NQ/samtools-0.1.12a'
make[3]: Entering directory `/build/buildd-samtools_0.1.12a-1-powerpcspe-cmP2NQ/samtools-0.1.12a'
make[3]: Nothing to be done for `lib'.
make[3]: Leaving directory `/build/buildd-samtools_0.1.12a-1-powerpcspe-cmP2NQ/samtools-0.1.12a'
make[3]: Entering directory `/build/buildd-samtools_0.1.12a-1-powerpcspe-cmP2NQ/samtools-0.1.12a/bcftools'
make[3]: Nothing to be done for `lib'.
make[3]: Leaving directory `/build/buildd-samtools_0.1.12a-1-powerpcspe-cmP2NQ/samtools-0.1.12a/bcftools'
make[3]: Entering directory `/build/buildd-samtools_0.1.12a-1-powerpcspe-cmP2NQ/samtools-0.1.12a/misc'
make[3]: Nothing to be done for `lib'.
make[3]: Leaving directory `/build/buildd-samtools_0.1.12a-1-powerpcspe-cmP2NQ/samtools-0.1.12a/misc'
gcc -g -O2 -g -Wall -O2 -fPIC -o samtools bam_tview.o bam_maqcns.o bam_plcmd.o sam_view.o bam_rmdup.o bam_rmdupse.o bam_mate.o bam_stat.o bam_color.o bamtk.o kaln.o bam2bcf.o bam2bcf_indel.o errmod.o sample.o libbam.a -lm  -lcurses  -lz -Lbcftools -lbcf
make[2]: Leaving directory `/build/buildd-samtools_0.1.12a-1-powerpcspe-cmP2NQ/samtools-0.1.12a'
make[2]: Entering directory `/build/buildd-samtools_0.1.12a-1-powerpcspe-cmP2NQ/samtools-0.1.12a/bcftools'
gcc -c -g -O2 -g -Wall -O2 -fPIC -D_FILE_OFFSET_BITS=64 -D_USE_KNETFILE -D_CURSES_LIB=1 -I.. -I. call1.c -o call1.o
gcc -c -g -O2 -g -Wall -O2 -fPIC -D_FILE_OFFSET_BITS=64 -D_USE_KNETFILE -D_CURSES_LIB=1 -I.. -I. main.c -o main.o
gcc -g -O2 -g -Wall -O2 -fPIC -o bcftools call1.o main.o ../kstring.o ../bgzf.o ../knetfile.o -lm  -lz -L. -lbcf
make[2]: Leaving directory `/build/buildd-samtools_0.1.12a-1-powerpcspe-cmP2NQ/samtools-0.1.12a/bcftools'
make[2]: Entering directory `/build/buildd-samtools_0.1.12a-1-powerpcspe-cmP2NQ/samtools-0.1.12a/misc'
gcc -c -g -O2 -g -Wall -O2 -fPIC -DMD5SUM_MAIN -o md5sum-lite.o md5.c
gcc -g -O2 -g -Wall -O2 -fPIC -o md5sum-lite md5sum-lite.o
gcc -c -g -O2 -g -Wall -O2 -fPIC -D_FILE_OFFSET_BITS=64 -D_USE_KNETFILE -D_CURSES_LIB=1 -I. md5.c -o md5.o
gcc -g -O2 -g -Wall -O2 -fPIC -c -I.. -o md5fa.o md5fa.c
gcc -g -O2 -g -Wall -O2 -fPIC -o md5fa md5.o md5fa.o -lz
gcc -g -O2 -g -Wall -O2 -fPIC -o maq2sam-short maq2sam.c -lz
gcc -g -O2 -g -Wall -O2 -fPIC -DMAQ_LONGREADS -o maq2sam-long maq2sam.c -lz
gcc -c -g -O2 -g -Wall -O2 -fPIC -D_FILE_OFFSET_BITS=64 -D_USE_KNETFILE -D_CURSES_LIB=1 -I. wgsim.c -o wgsim.o
gcc -g -O2 -g -Wall -O2 -fPIC -o wgsim wgsim.o -lm
make[2]: Leaving directory `/build/buildd-samtools_0.1.12a-1-powerpcspe-cmP2NQ/samtools-0.1.12a/misc'
gcc -c -g -O2 -g -Wall -O2 -fPIC -D_FILE_OFFSET_BITS=64 -D_USE_KNETFILE -D_CURSES_LIB=1 -I. razip.c -o razip.o
gcc -g -O2 -g -Wall -O2 -fPIC -o razip razf.o razip.o knetfile.o -lz
make[1]: Nothing to be done for `lib'.
make[1]: Leaving directory `/build/buildd-samtools_0.1.12a-1-powerpcspe-cmP2NQ/samtools-0.1.12a'
touch debian/stamp-makefile-build
/usr/bin/make  -C . CFLAGS="-g -O2 -g -Wall -O2 -fPIC" CXXFLAGS="-g -O2 -g -Wall -O2" CPPFLAGS="" LDFLAGS=""  -C examples all
make[1]: Entering directory `/build/buildd-samtools_0.1.12a-1-powerpcspe-cmP2NQ/samtools-0.1.12a/examples'
../samtools faidx ex1.fa
../samtools import ex1.fa.fai ex1.sam.gz ex1.bam
[sam_header_read2] 2 sequences loaded.
../samtools pileup -gf ex1.fa ex1.bam &gt; ex1.glf
../samtools pileup -cf ex1.fa ex1.bam | gzip &gt; ex1.pileup.gz
../samtools index ex1.bam
../samtools view -h ex1.bam | awk 'BEGIN{FS=OFS="\t"}{if(/^@/)print;else{$1=$1"a";print}}' | ../samtools view -bS - &gt; ex1a.bam
[samopen] SAM header is present: 2 sequences.
../samtools view -h ex1.bam | awk 'BEGIN{FS=OFS="\t"}{if(/^@/)print;else{$1=$1"b";print}}' | ../samtools view -bS - &gt; ex1b.bam
[samopen] SAM header is present: 2 sequences.
(echo "@RG	ID:ex1	LB:ex1	SM:ex1"; echo "@RG	ID:ex1a	LB:ex1	SM:ex1"; echo "@RG	ID:ex1b	LB:ex1b	SM:ex1b") &gt; ex1f.rg
../samtools merge -rh ex1f.rg ex1f.bam ex1.bam ex1a.bam ex1b.bam
../samtools rmdup ex1f.bam ex1f-rmduppe.bam
[bam_rmdup_core] processing reference seq1...
[bam_rmdup_core] processing reference seq2...
[bam_rmdup_core] 1572 / 3144 = 0.5000 in library 'ex1'
[bam_rmdup_core] 0 / 1572 = 0.0000 in library 'ex1b'
../samtools rmdup -S ex1f.bam ex1f-rmdupse.bam
[bam_rmdupse_core] 4145 / 6542 = 0.6336 in library 'ex1'
[bam_rmdupse_core] 874 / 3271 = 0.2672 in library 'ex1b'
../samtools glfview ex1.glf | gzip &gt; ex1.glfview.gz
../samtools mpileup -gf ex1.fa ex1.bam &gt; ex1.bcf
[mpileup] 1 samples in 1 input files
&lt;mpileup&gt; Set max per-sample depth to 8000
gcc -g -Wall -O2 -I.. calDepth.c -o calDepth -lm -lz -L.. -lbam

# You can now launch the viewer with: 'samtools tview ex1.bam ex1.fa'

make[1]: Leaving directory `/build/buildd-samtools_0.1.12a-1-powerpcspe-cmP2NQ/samtools-0.1.12a/examples'
touch debian/stamp-makefile-check
 /usr/bin/fakeroot debian/rules binary-arch
test -x debian/rules
dh_testroot
dh_prep 
dh_installdirs -A 
mkdir -p "."
/usr/share/cdbs/1/rules/buildcore.mk:104: WARNING:  DEB_DH_BUILDDEB_ARGS is a deprecated variable
DEB_MAKE_INSTALL_TARGET unset, skipping default makefile.mk common-install target
Adding cdbs dependencies to debian/samtools.substvars
dh_installdirs -psamtools 
Adding cdbs dependencies to debian/libbam-dev.substvars
dh_installdirs -plibbam-dev 
dh_installdocs -psamtools ./NEWS ./AUTHORS 
dh_installexamples -psamtools 
dh_installman -psamtools  
dh_installinfo -psamtools  
dh_installmenu -psamtools 
dh_installcron -psamtools 
dh_installinit -psamtools  
dh_installdebconf -psamtools 
dh_installemacsen -psamtools   
dh_installcatalogs -psamtools 
dh_installpam -psamtools 
dh_installlogrotate -psamtools 
dh_installlogcheck -psamtools 
dh_installchangelogs -psamtools  ./ChangeLog 
dh_installudev -psamtools 
dh_lintian -psamtools 
dh_install -psamtools  
dh_link -psamtools  
dh_installmime -psamtools 
install -m 644 bcftools/README /build/buildd-samtools_0.1.12a-1-powerpcspe-cmP2NQ/samtools-0.1.12a/debian/samtools/usr/share/doc/samtools/README.bcftools
ln -s samtools.1.gz /build/buildd-samtools_0.1.12a-1-powerpcspe-cmP2NQ/samtools-0.1.12a/debian/samtools/usr/share/man/man1/bcftools.1.gz
dh_installdocs -plibbam-dev ./NEWS ./AUTHORS 
dh_installexamples -plibbam-dev 
dh_installman -plibbam-dev  
dh_installinfo -plibbam-dev  
dh_installmenu -plibbam-dev 
dh_installcron -plibbam-dev 
dh_installinit -plibbam-dev  
dh_installdebconf -plibbam-dev 
dh_installemacsen -plibbam-dev   
dh_installcatalogs -plibbam-dev 
dh_installpam -plibbam-dev 
dh_installlogrotate -plibbam-dev 
dh_installlogcheck -plibbam-dev 
dh_installchangelogs -plibbam-dev  ./ChangeLog 
dh_installudev -plibbam-dev 
dh_lintian -plibbam-dev 
dh_install -plibbam-dev  
dh_link -plibbam-dev  
dh_installmime -plibbam-dev 
dh_strip -psamtools  
dh_compress -psamtools  
dh_fixperms -psamtools  
dh_makeshlibs -psamtools  
sed -i 's|^#!/software/bin/python|#!/usr/bin/python|' /build/buildd-samtools_0.1.12a-1-powerpcspe-cmP2NQ/samtools-0.1.12a/debian/samtools/usr/share/samtools/varfilter.py
dh_strip -plibbam-dev  
dh_compress -plibbam-dev  
dh_fixperms -plibbam-dev  
dh_makeshlibs -plibbam-dev  
dh_installdeb -psamtools 
dh_perl -psamtools 
dh_shlibdeps -psamtools    
dh_installdeb -plibbam-dev 
dh_perl -plibbam-dev 
dh_shlibdeps -plibbam-dev    
dh_gencontrol -psamtools  
dpkg-gencontrol: warning: package samtools: unused substitution variable ${perl:Depends}
dh_md5sums -psamtools 
dh_builddeb -psamtools -- -Z=bzip2
dpkg-deb: building package `samtools' in `../samtools_0.1.12a-1_powerpcspe.deb'.
dh_gencontrol -plibbam-dev  
dpkg-gencontrol: warning: Depends field of package libbam-dev: unknown substitution variable ${shlibs:Depends}
dh_md5sums -plibbam-dev 
dh_builddeb -plibbam-dev -- -Z=bzip2
dpkg-deb: building package `libbam-dev' in `../libbam-dev_0.1.12a-1_powerpcspe.deb'.
dpkg-genchanges -B
dpkg-genchanges: arch-specific upload - not including arch-independent packages
dpkg-genchanges: binary-only upload - not including any source code
 dpkg-source --after-build samtools-0.1.12a
dpkg-buildpackage: binary only upload (no source included)
────────────────────────────────────────────────────────────────────────────────
Build finished at 20101204-1851

samtools_0.1.12a-1_powerpcspe.changes:
Format: 1.8
Date: Fri, 03 Dec 2010 13:32:21 +0900
Source: samtools
Binary: samtools libbam-dev
Architecture: powerpcspe
Version: 0.1.12a-1
Distribution: unstable
Urgency: low
Maintainer: powerpcspe Build Daemon (baako) &lt;baako@breakpoint...&gt;
Changed-By: Charles Plessy &lt;plessy@debian...&gt;
Description: 
 libbam-dev - manipulates nucleotide sequence alignments in BAM or SAM format
 samtools   - processing sequence alignments in SAM and BAM formats
Changes: 
 samtools (0.1.12a-1) unstable; urgency=low
 .
   * New upstream release.
   * Use bzip2 compression for the binary packages (debian/rules).
   * Incremented debhelper compatibility level to 8, in case ‘--‘ is not
     available in earlier versions (debian/compat, debian/control).
Checksums-Sha1: 
 1520872c020f97f4567636194b16a0487e2c59c1 575364 samtools_0.1.12a-1_powerpcspe.deb
 291ec6c5b5a441cb73a4fac22e0875ab2ad4c3f3 159186 libbam-dev_0.1.12a-1_powerpcspe.deb
Checksums-Sha256: 
 f43f8492b43496d5653d05f6c61d304d1d3e61179a2543838f0eee0433ba8f21 575364 samtools_0.1.12a-1_powerpcspe.deb
 3ef5a014338bcd39f6d3a8ddcbd84a6eaba024dce1d04fe7a97c3a56897fe378 159186 libbam-dev_0.1.12a-1_powerpcspe.deb
Files: 
 f3aba6c099b24d7b68fc75bf96aed0e9 575364 science optional samtools_0.1.12a-1_powerpcspe.deb
 d2d9e4322736fa4095491f62b806876e 159186 libdevel optional libbam-dev_0.1.12a-1_powerpcspe.deb

┌──────────────────────────────────────────────────────────────────────────────┐
│ Package contents                                                             │
└──────────────────────────────────────────────────────────────────────────────┘


samtools_0.1.12a-1_powerpcspe.deb
─────────────────────────────────

 new debian package, version 2.0.
 size 575364 bytes: control archive= 1799 bytes.
     799 bytes,    16 lines      control              
    2517 bytes,    38 lines      md5sums              
 Package: samtools
 Version: 0.1.12a-1
 Architecture: powerpcspe
 Maintainer: Debian Med Packaging Team &lt;debian-med-packaging@lists...&gt;
 Installed-Size: 1044
 Depends: libc6 (&gt;= 2.11), libncurses5 (&gt;= 5.7+20100313), zlib1g (&gt;= 1:1.2.3.3.dfsg)
 Suggests: python
 Section: science
 Priority: optional
 Homepage: http://samtools.sourceforge.net
 Description: processing sequence alignments in SAM and BAM formats
  Samtools is a set of utilities that manipulate nucleotide sequence alignments
  in the binary BAM format. It imports from and exports to the ascii SAM
  (Sequence Alignment/Map) format, does sorting, merging and indexing, and allows
  to retrieve reads in any regions swiftly. It is designed to work on a stream,
  and is able to open a BAM (not SAM) file on a remote FTP or HTTP server.

drwxr-xr-x root/root         0 2010-12-04 18:51 ./
drwxr-xr-x root/root         0 2010-12-04 18:51 ./usr/
drwxr-xr-x root/root         0 2010-12-04 18:51 ./usr/bin/
-rwxr-xr-x root/root    340232 2010-12-04 18:51 ./usr/bin/samtools
-rwxr-xr-x root/root    106488 2010-12-04 18:51 ./usr/bin/bcftools
-rwxr-xr-x root/root     24036 2010-12-04 18:51 ./usr/bin/razip
drwxr-xr-x root/root         0 2010-12-04 18:51 ./usr/lib/
drwxr-xr-x root/root         0 2010-12-04 18:51 ./usr/lib/samtools/
-rwxr-xr-x root/root     36448 2010-12-04 18:51 ./usr/lib/samtools/wgsim
-rwxr-xr-x root/root      7536 2010-12-04 18:51 ./usr/lib/samtools/md5sum-lite
-rwxr-xr-x root/root     10384 2010-12-04 18:51 ./usr/lib/samtools/md5fa
-rwxr-xr-x root/root      6736 2010-12-04 18:51 ./usr/lib/samtools/maq2sam-short
-rwxr-xr-x root/root      6736 2010-12-04 18:51 ./usr/lib/samtools/maq2sam-long
drwxr-xr-x root/root         0 2010-12-04 18:51 ./usr/share/
drwxr-xr-x root/root         0 2010-12-04 18:51 ./usr/share/samtools/
-rwxr-xr-x root/root      2696 2010-11-17 05:16 ./usr/share/samtools/soap2sam.pl
-rwxr-xr-x root/root      2022 2010-11-17 05:16 ./usr/share/samtools/psl2sam.pl
-rwxr-xr-x root/root      4996 2010-11-17 05:16 ./usr/share/samtools/interpolate_sam.pl
-rwxr-xr-x root/root      3224 2010-11-17 05:16 ./usr/share/samtools/bcf-fix.pl
-rwxr-xr-x root/root      5989 2010-11-17 05:16 ./usr/share/samtools/novo2sam.pl
-rwxr-xr-x root/root      7881 2010-11-17 05:16 ./usr/share/samtools/sam2vcf.pl
-rwxr-xr-x root/root      2397 2010-11-17 05:16 ./usr/share/samtools/zoom2sam.pl
-rwxr-xr-x root/root      2112 2010-11-17 05:16 ./usr/share/samtools/bowtie2sam.pl
-rwxr-xr-x root/root      2415 2010-11-17 05:16 ./usr/share/samtools/blast2sam.pl
-rwxr-xr-x root/root     15255 2010-11-17 05:16 ./usr/share/samtools/export2sam.pl
-rwxr-xr-x root/root      5778 2010-12-04 18:51 ./usr/share/samtools/varfilter.py
-rwxr-xr-x root/root      2729 2010-11-17 05:16 ./usr/share/samtools/wgsim_eval.pl
-rwxr-xr-x root/root     12567 2010-12-02 17:41 ./usr/share/samtools/vcfutils.pl
-rwxr-xr-x root/root     14299 2010-11-17 05:16 ./usr/share/samtools/samtools.pl
drwxr-xr-x root/root         0 2010-12-04 18:51 ./usr/share/man/
drwxr-xr-x root/root         0 2010-12-04 18:51 ./usr/share/man/man1/
-rw-r--r-- root/root      7546 2010-12-04 18:51 ./usr/share/man/man1/samtools.1.gz
-rw-r--r-- root/root       430 2010-12-04 18:51 ./usr/share/man/man1/razip.1.gz
drwxr-xr-x root/root         0 2010-12-04 18:51 ./usr/share/doc/
drwxr-xr-x root/root         0 2010-12-04 18:51 ./usr/share/doc/samtools/
-rw-r--r-- root/root      6692 2010-12-02 22:16 ./usr/share/doc/samtools/NEWS.gz
-rw-r--r-- root/root      4927 2010-12-03 06:06 ./usr/share/doc/samtools/copyright
-rw-r--r-- root/root       592 2010-12-03 06:06 ./usr/share/doc/samtools/reference
-rw-r--r-- root/root     30752 2010-11-22 04:17 ./usr/share/doc/samtools/changelog.gz
-rw-r--r-- root/root       916 2010-11-17 05:16 ./usr/share/doc/samtools/AUTHORS
-rw-r--r-- root/root      1031 2010-12-03 06:06 ./usr/share/doc/samtools/README.Debian
-rw-r--r-- root/root      1128 2010-12-03 06:07 ./usr/share/doc/samtools/changelog.Debian.gz
drwxr-xr-x root/root         0 2010-12-04 18:51 ./usr/share/doc/samtools/examples/
-rw-r--r-- root/root       764 2010-11-17 05:16 ./usr/share/doc/samtools/examples/toy.sam
-rw-r--r-- root/root    126609 2010-12-04 18:47 ./usr/share/doc/samtools/examples/ex1.bam.gz
-rw-r--r-- root/root       886 2010-11-17 05:16 ./usr/share/doc/samtools/examples/00README.txt
-rw-r--r-- root/root        98 2010-11-17 05:16 ./usr/share/doc/samtools/examples/toy.fa
-rw-r--r-- root/root      3225 2010-11-17 05:16 ./usr/share/doc/samtools/examples/ex1.fa
-rw-r--r-- root/root    114565 2010-11-17 05:16 ./usr/share/doc/samtools/examples/ex1.sam.gz
-rw-r--r-- root/root      1966 2010-12-04 18:51 ./usr/share/doc/samtools/README.bcftools
lrwxrwxrwx root/root         0 2010-12-04 18:51 ./usr/share/man/man1/bcftools.1.gz -&gt; samtools.1.gz


libbam-dev_0.1.12a-1_powerpcspe.deb
───────────────────────────────────

 new debian package, version 2.0.
 size 159186 bytes: control archive= 903 bytes.
     680 bytes,    15 lines      control              
     618 bytes,    10 lines      md5sums              
 Package: libbam-dev
 Source: samtools
 Version: 0.1.12a-1
 Architecture: powerpcspe
 Maintainer: Debian Med Packaging Team &lt;debian-med-packaging@lists...&gt;
 Installed-Size: 388
 Section: libdevel
 Priority: optional
 Homepage: http://samtools.sourceforge.net
 Description: manipulates nucleotide sequence alignments in BAM or SAM format
  The BAM library provides I/O and various operations on manipulating nucleotide
  sequence alignments in the BAM (Binary Alignment/Mapping) or SAM (Sequence
  Alignment/Map) format. It now supports importing from or exporting to SAM,
  sorting, merging, generating pileup, and quickly retrieval of reads overlapped
  with a specified region.

drwxr-xr-x root/root         0 2010-12-04 18:51 ./
drwxr-xr-x root/root         0 2010-12-04 18:51 ./usr/
drwxr-xr-x root/root         0 2010-12-04 18:51 ./usr/include/
-rw-r--r-- root/root      3188 2010-11-17 05:16 ./usr/include/faidx.h
-rw-r--r-- root/root     16522 2010-11-17 05:16 ./usr/include/khash.h
-rw-r--r-- root/root     24124 2010-11-17 05:16 ./usr/include/bam.h
-rw-r--r-- root/root      4599 2010-11-17 05:16 ./usr/include/bgzf.h
drwxr-xr-x root/root         0 2010-12-04 18:51 ./usr/lib/
-rw-r--r-- root/root    245202 2010-12-04 18:51 ./usr/lib/libbam.a
drwxr-xr-x root/root         0 2010-12-04 18:51 ./usr/share/
drwxr-xr-x root/root         0 2010-12-04 18:51 ./usr/share/doc/
drwxr-xr-x root/root         0 2010-12-04 18:51 ./usr/share/doc/libbam-dev/
-rw-r--r-- root/root      6692 2010-12-02 22:16 ./usr/share/doc/libbam-dev/NEWS.gz
-rw-r--r-- root/root      4927 2010-12-03 06:06 ./usr/share/doc/libbam-dev/copyright
-rw-r--r-- root/root     30752 2010-11-22 04:17 ./usr/share/doc/libbam-dev/changelog.gz
-rw-r--r-- root/root       916 2010-11-17 05:16 ./usr/share/doc/libbam-dev/AUTHORS
-rw-r--r-- root/root      1128 2010-12-03 06:07 ./usr/share/doc/libbam-dev/changelog.Debian.gz


┌──────────────────────────────────────────────────────────────────────────────┐
│ Finished                                                                     │
└──────────────────────────────────────────────────────────────────────────────┘

Built successfully
────────────────────────────────────────────────────────────────────────────────
Purging /var/lib/schroot/mount/spestage-0fea459c-6bbb-4543-9144-91e0da2cf54a/spestage/build/buildd-samtools_0.1.12a-1-powerpcspe-cmP2NQ
(Reading database ... 12586 files and directories currently installed.)
Removing zlib1g-dev ...
Removing cdbs ...
Removing debhelper ...
Removing po-debconf ...
Removing libncurses5-dev ...
Removing man-db ...
Purging configuration files for man-db ...
Removing intltool-debian ...
Removing groff-base ...
Purging configuration files for groff-base ...
Removing gettext ...
Removing file ...
Removing html2text ...
Purging configuration files for html2text ...
Removing gettext-base ...
Removing libunistring0 ...
Purging configuration files for libunistring0 ...
Removing libcroco3 ...
Purging configuration files for libcroco3 ...
Removing libmagic1 ...
Purging configuration files for libmagic1 ...
Removing libxml2 ...
Purging configuration files for libxml2 ...
Removing bsdmainutils ...
Purging configuration files for bsdmainutils ...
Removing libglib2.0-0 ...
Purging configuration files for libglib2.0-0 ...
Removing libpcre3 ...
Purging configuration files for libpcre3 ...
────────────────────────────────────────────────────────────────────────────────
Finished at 20101204-1851
Build needed 00:06:13, 8948k disc space

</pre>
<p>

<!-- Footer menu bar -->

<table width="100%">
<tr valign=top>
  <td align=left>
    <address>

      These scripts were derived from the buildd.debian.org, thanks to Ryan Murray.<br>
      Contact address: &lt;<a href="mailto:admin@debian-ports.org">admin@debian-ports.org</a>&gt;
    </address>
  </td>
  <td align=right>
    <font size=-1>(
      <a href="index.php">index</a> |
      <a href="build.php">build logs</a>
    )</font>
  </td>
</tr>
</table>
<br>
</body>
