From buildd@zandonai.debian.org Wed Mar 02 05:22:51 2011
Return-path: <buildd@zandonai.debian.org>
Received: from kokkonen.debian.org ([2001:41b8:202:deb:216:35ff:fec4:6340])
	from C=NA, ST=NA, L=Ankh Morpork, O=Debian SMTP, OU=Debian SMTP CA,
	CN=kokkonen.debian.org,
	EMAIL=hostmaster@kokkonen.debian.org (verified)
	by grieg.debian.org with esmtps (TLS1.0:RSA_AES_256_CBC_SHA1:32)
	(Exim 4.69) (envelope-from <buildd@zandonai.debian.org>)
	id 1PueWQ-0001hb-T1
	for logs@buildd.debian.org; Wed, 02 Mar 2011 05:22:51 +0000
Received: from zandonai.debian.org ([80.245.147.46])
	from C=NA, ST=NA, L=Ankh Morpork, O=Debian SMTP, OU=Debian SMTP CA,
	CN=zandonai.debian.org,
	EMAIL=hostmaster@zandonai.debian.org (verified)
	by kokkonen.debian.org with esmtps (TLS1.0:RSA_AES_256_CBC_SHA1:32)
	(Exim 4.69) (envelope-from <buildd@zandonai.debian.org>)
	id 1PueWO-00019m-QS; Wed, 02 Mar 2011 05:22:48 +0000
Received: from buildd by zandonai.debian.org with local (Exim 4.69)
	(envelope-from <buildd@zandonai.debian.org>)
	id 1PueWN-0002FS-EF; Wed, 02 Mar 2011 05:22:47 +0000
From: buildd on zandonai <buildd@zandonai.debian.org>
To: phil+buildd@philkern.de,logs@buildd.debian.org
Subject: Log for successful build of samtools_0.1.13-1 on s390 (dist=sid)
Content-Type: text/plain; charset=UTF-8
Content-Transfer-Encoding: 8bit
Message-Id: <E1PueWN-0002FS-EF@zandonai.debian.org>
Date: Wed, 02 Mar 2011 05:22:47 +0000
Delivered-To: logs@buildd.debian.org

sbuild (Debian sbuild) 0.60.5 (14 Nov 2010) on zandonai.debian.org

╔══════════════════════════════════════════════════════════════════════════════╗
║ samtools 0.1.13-1 (s390)                                   02 Mar 2011 05:21 ║
╚══════════════════════════════════════════════════════════════════════════════╝

Package: samtools
Version: 0.1.13-1
Architecture: s390
Chroot Build Dir: /var/lib/schroot/mount/sid-s390-sbuild-043a721a-9346-4640-90d0-b639032ed477/build/buildd-samtools_0.1.13-1-s390-Msk1pi
Start Time: 20110302-0521
Get:1 http://ftp.de.debian.org unstable InRelease [147 kB]
Get:2 http://incoming.debian.org unstable InRelease [147 kB]
Get:3 http://ftp.de.debian.org unstable/main Sources [4156 kB]
Ign http://incoming.debian.org  InRelease
Get:4 http://incoming.debian.org  Release.gpg [835 B]
Get:5 http://incoming.debian.org unstable/main Sources [4156 kB]
Get:6 http://ftp.de.debian.org unstable/contrib Sources [38.5 kB]
Get:7 http://ftp.de.debian.org unstable/non-free Sources [82.8 kB]
Get:8 http://ftp.de.debian.org unstable/main s390 Packages [6828 kB]
Get:9 http://ftp.de.debian.org unstable/contrib s390 Packages [49.9 kB]
Ign http://ftp.de.debian.org unstable/contrib TranslationIndex
Get:10 http://ftp.de.debian.org unstable/main TranslationIndex [2232 B]
Ign http://ftp.de.debian.org unstable/contrib Translation-en
Get:11 http://incoming.debian.org unstable/contrib Sources [38.5 kB]
Get:12 http://incoming.debian.org unstable/non-free Sources [82.8 kB]
Get:13 http://incoming.debian.org unstable/main s390 Packages [6828 kB]
Get:14 http://incoming.debian.org unstable/contrib s390 Packages [49.9 kB]
Ign http://incoming.debian.org unstable/contrib TranslationIndex
Get:15 http://incoming.debian.org unstable/main TranslationIndex [2232 B]
Get:16 http://incoming.debian.org  Release [1604 B]
Get:17 http://incoming.debian.org  Sources [19.2 kB]
Get:18 http://incoming.debian.org  Packages [373 kB]
Ign http://incoming.debian.org unstable/contrib Translation-en
Ign http://incoming.debian.org  Translation-en
Fetched 23.0 MB in 26s (855 kB/s)
Reading package lists...

┌──────────────────────────────────────────────────────────────────────────────┐
│ Fetch source files                                                           │
└──────────────────────────────────────────────────────────────────────────────┘


Check APT
─────────

Checking available source versions...

Download source files with APT
──────────────────────────────

Reading package lists...
Building dependency tree...
Reading state information...
NOTICE: 'samtools' packaging is maintained in the 'Git' version control system at:
git://git.debian.org/debian-med/samtools.git
Need to get 374 kB of source archives.
Get:1 http://incoming.debian.org/buildd-unstable/  samtools 0.1.13-1 (dsc) [1939 B]
Get:2 http://incoming.debian.org/buildd-unstable/  samtools 0.1.13-1 (tar) [365 kB]
Get:3 http://incoming.debian.org/buildd-unstable/  samtools 0.1.13-1 (diff) [6523 B]
Fetched 374 kB in 1s (287 kB/s)
Download complete and in download only mode

Check arch
──────────

** Using build dependencies supplied by package:
Build-Depends: debhelper (>= 8), cdbs, libncurses5-dev, zlib1g-dev

┌──────────────────────────────────────────────────────────────────────────────┐
│ Install build dependencies (internal resolver)                               │
└──────────────────────────────────────────────────────────────────────────────┘

Checking for already installed source dependencies...
debhelper: missing
Using default version 8.1.2
cdbs: missing
libncurses5-dev: missing
zlib1g-dev: missing
Checking for source dependency conflicts...
Installing positive dependencies: debhelper cdbs libncurses5-dev zlib1g-dev
Reading package lists...
Building dependency tree...
Reading state information...
The following extra packages will be installed:
  bsdmainutils file gettext gettext-base groff-base html2text intltool-debian
  libcroco3 libglib2.0-0 libmagic1 libpcre3 libpipeline1 libunistring0 libxml2
  man-db po-debconf
Suggested packages:
  wamerican wordlist whois vacation devscripts doc-base dh-make gettext-doc
  groff less www-browser libmail-box-perl
Recommended packages:
  autotools-dev curl wget lynx-cur autopoint libglib2.0-data shared-mime-info
  xml-core libmail-sendmail-perl
The following NEW packages will be installed:
  bsdmainutils cdbs debhelper file gettext gettext-base groff-base html2text
  intltool-debian libcroco3 libglib2.0-0 libmagic1 libncurses5-dev libpcre3
  libpipeline1 libunistring0 libxml2 man-db po-debconf zlib1g-dev
0 upgraded, 20 newly installed, 0 to remove and 0 not upgraded.
Need to get 12.2 MB of archives.
After this operation, 36.5 MB of additional disk space will be used.
Get:1 http://ftp.de.debian.org/debian/ unstable/main bsdmainutils s390 8.2.2 [208 kB]
Get:2 http://ftp.de.debian.org/debian/ unstable/main groff-base s390 1.21-4 [1158 kB]
Get:3 http://ftp.de.debian.org/debian/ unstable/main libpipeline1 s390 1.1.0-1 [38.0 kB]
Get:4 http://ftp.de.debian.org/debian/ unstable/main man-db s390 2.5.9-4 [1015 kB]
Get:5 http://ftp.de.debian.org/debian/ unstable/main libmagic1 s390 5.04-5 [243 kB]
Get:6 http://ftp.de.debian.org/debian/ unstable/main file s390 5.04-5 [50.0 kB]
Get:7 http://ftp.de.debian.org/debian/ unstable/main gettext-base s390 0.18.1.1-3 [142 kB]
Get:8 http://ftp.de.debian.org/debian/ unstable/main libpcre3 s390 8.12-3 [262 kB]
Get:9 http://ftp.de.debian.org/debian/ unstable/main libxml2 s390 2.7.8.dfsg-2 [873 kB]
Get:10 http://ftp.de.debian.org/debian/ unstable/main html2text s390 1.3.2a-15 [101 kB]
Get:11 http://ftp.de.debian.org/debian/ unstable/main libglib2.0-0 s390 2.28.1-1+b1 [1629 kB]
Get:12 http://ftp.de.debian.org/debian/ unstable/main libcroco3 s390 0.6.2-1 [128 kB]
Get:13 http://ftp.de.debian.org/debian/ unstable/main libunistring0 s390 0.9.3-3 [431 kB]
Get:14 http://ftp.de.debian.org/debian/ unstable/main gettext s390 0.18.1.1-3 [2068 kB]
Get:15 http://ftp.de.debian.org/debian/ unstable/main intltool-debian all 0.35.0+20060710.1 [30.8 kB]
Get:16 http://ftp.de.debian.org/debian/ unstable/main po-debconf all 1.0.16+nmu1 [223 kB]
Get:17 http://ftp.de.debian.org/debian/ unstable/main debhelper all 8.1.2 [553 kB]
Get:18 http://ftp.de.debian.org/debian/ unstable/main cdbs all 0.4.92 [1268 kB]
Get:19 http://ftp.de.debian.org/debian/ unstable/main libncurses5-dev s390 5.7+20100313-5 [1634 kB]
Get:20 http://ftp.de.debian.org/debian/ unstable/main zlib1g-dev s390 1:1.2.3.4.dfsg-3 [193 kB]
debconf: delaying package configuration, since apt-utils is not installed
Fetched 12.2 MB in 3s (3519 kB/s)
Selecting previously deselected package bsdmainutils.
(Reading database ... 10125 files and directories currently installed.)
Unpacking bsdmainutils (from .../bsdmainutils_8.2.2_s390.deb) ...
Selecting previously deselected package groff-base.
Unpacking groff-base (from .../groff-base_1.21-4_s390.deb) ...
Selecting previously deselected package libpipeline1.
Unpacking libpipeline1 (from .../libpipeline1_1.1.0-1_s390.deb) ...
Selecting previously deselected package man-db.
Unpacking man-db (from .../man-db_2.5.9-4_s390.deb) ...
Selecting previously deselected package libmagic1.
Unpacking libmagic1 (from .../libmagic1_5.04-5_s390.deb) ...
Selecting previously deselected package file.
Unpacking file (from .../archives/file_5.04-5_s390.deb) ...
Selecting previously deselected package gettext-base.
Unpacking gettext-base (from .../gettext-base_0.18.1.1-3_s390.deb) ...
Selecting previously deselected package libpcre3.
Unpacking libpcre3 (from .../libpcre3_8.12-3_s390.deb) ...
Selecting previously deselected package libxml2.
Unpacking libxml2 (from .../libxml2_2.7.8.dfsg-2_s390.deb) ...
Selecting previously deselected package html2text.
Unpacking html2text (from .../html2text_1.3.2a-15_s390.deb) ...
Selecting previously deselected package libglib2.0-0.
Unpacking libglib2.0-0 (from .../libglib2.0-0_2.28.1-1+b1_s390.deb) ...
Selecting previously deselected package libcroco3.
Unpacking libcroco3 (from .../libcroco3_0.6.2-1_s390.deb) ...
Selecting previously deselected package libunistring0.
Unpacking libunistring0 (from .../libunistring0_0.9.3-3_s390.deb) ...
Selecting previously deselected package gettext.
Unpacking gettext (from .../gettext_0.18.1.1-3_s390.deb) ...
Selecting previously deselected package intltool-debian.
Unpacking intltool-debian (from .../intltool-debian_0.35.0+20060710.1_all.deb) ...
Selecting previously deselected package po-debconf.
Unpacking po-debconf (from .../po-debconf_1.0.16+nmu1_all.deb) ...
Selecting previously deselected package debhelper.
Unpacking debhelper (from .../debhelper_8.1.2_all.deb) ...
Selecting previously deselected package cdbs.
Unpacking cdbs (from .../archives/cdbs_0.4.92_all.deb) ...
Selecting previously deselected package libncurses5-dev.
Unpacking libncurses5-dev (from .../libncurses5-dev_5.7+20100313-5_s390.deb) ...
Selecting previously deselected package zlib1g-dev.
Unpacking zlib1g-dev (from .../zlib1g-dev_1%3a1.2.3.4.dfsg-3_s390.deb) ...
Setting up bsdmainutils (8.2.2) ...
update-alternatives: using /usr/bin/bsd-write to provide /usr/bin/write (write) in auto mode.
update-alternatives: using /usr/bin/bsd-from to provide /usr/bin/from (from) in auto mode.
Setting up groff-base (1.21-4) ...
Setting up libpipeline1 (1.1.0-1) ...
Setting up man-db (2.5.9-4) ...
Building database of manual pages ...
Setting up libmagic1 (5.04-5) ...
Setting up file (5.04-5) ...
Setting up gettext-base (0.18.1.1-3) ...
Setting up libpcre3 (8.12-3) ...
Setting up libxml2 (2.7.8.dfsg-2) ...
Setting up html2text (1.3.2a-15) ...
Setting up libglib2.0-0 (2.28.1-1+b1) ...
No schema files found: doing nothing.
Setting up libcroco3 (0.6.2-1) ...
Setting up libunistring0 (0.9.3-3) ...
Setting up gettext (0.18.1.1-3) ...
Setting up intltool-debian (0.35.0+20060710.1) ...
Setting up po-debconf (1.0.16+nmu1) ...
Setting up debhelper (8.1.2) ...
Setting up cdbs (0.4.92) ...
Setting up libncurses5-dev (5.7+20100313-5) ...
Setting up zlib1g-dev (1:1.2.3.4.dfsg-3) ...
Removing negative dependencies: 
Checking correctness of source dependencies...
Kernel: Linux 2.6.32-bpo.5-s390x s390 (s390x)
Toolchain package versions: libc6-dev_2.11.2-11 dpkg-dev_1.15.8.10 linux-libc-dev_2.6.37-2 gcc-4.4_4.4.5-13 g++-4.4_4.4.5-13 binutils_2.21.0.20110216-2 libstdc++6-4.4-dev_4.4.5-13 libstdc++6_4.5.2-4
Package versions: apt_0.8.11.5 base-files_6.1 base-passwd_3.5.22 bash_4.1-3 binutils_2.21.0.20110216-2 bsdmainutils_8.2.2 bsdutils_1:2.17.2-9.1 build-essential_11.5 bzip2_1.0.5-6 cdbs_0.4.92 coreutils_8.5-1 cpp_4:4.4.5-2 cpp-4.4_4.4.5-13 dash_0.5.5.1-7.4 debconf_1.5.38 debconf-i18n_1.5.38 debfoster_2.7-1.1 debhelper_8.1.2 debian-archive-keyring_2010.08.28 debianutils_3.4.4 diffutils_1:3.0-1 dpkg_1.15.8.10 dpkg-dev_1.15.8.10 e2fslibs_1.41.12-2 e2fsprogs_1.41.12-2 fakeroot_1.14.5-2 file_5.04-5 findutils_4.4.2-1+b1 g++_4:4.4.5-2 g++-4.4_4.4.5-13 gcc_4:4.4.5-2 gcc-4.4_4.4.5-13 gcc-4.4-base_4.4.5-13 gcc-4.5-base_4.5.2-4 gettext_0.18.1.1-3 gettext-base_0.18.1.1-3 gnupg_1.4.11-3 gpgv_1.4.11-3 grep_2.6.3-3 groff-base_1.21-4 gzip_1.3.12-9 hostname_3.05 html2text_1.3.2a-15 initscripts_2.88dsf-13.1 insserv_1.14.0-2 intltool-debian_0.35.0+20060710.1 libacl1_2.2.49-4 libattr1_1:2.4.44-2 libblkid1_2.17.2-9.1 libbz2-1.0_1.0.5-6 libc-bin_2.11.2-11 libc-dev-bin_2.11.2-11 libc6_2.11.2-11 libc6-dev_2.11.2-11 libcomerr2_1.41.12-2 libcroco3_0.6.2-1 libdb4.7_4.7.25-12 libdb4.8_4.8.30-5 libdpkg-perl_1.15.8.10 libgc1c2_1:7.1-6 libgcc1_1:4.5.2-4 libgdbm3_1.8.3-9 libglib2.0-0_2.28.1-1+b1 libgmp3c2_2:4.3.2+dfsg-1 libgomp1_4.5.2-4 liblocale-gettext-perl_1.05-6 liblzma2_5.0.0-2 libmagic1_5.04-5 libmpfr4_3.0.0-7 libncurses5_5.7+20100313-5 libncurses5-dev_5.7+20100313-5 libpam-modules_1.1.2-2 libpam-runtime_1.1.2-2 libpam0g_1.1.2-2 libpcre3_8.12-3 libpipeline1_1.1.0-1 libreadline6_6.1-3 libselinux1_2.0.96-1 libsepol1_2.0.42-1 libslang2_2.2.2-4 libss2_1.41.12-2 libstdc++6_4.5.2-4 libstdc++6-4.4-dev_4.4.5-13 libtext-charwidth-perl_0.04-6 libtext-iconv-perl_1.7-2 libtext-wrapi18n-perl_0.06-7 libtimedate-perl_1.2000-1 libunistring0_0.9.3-3 libusb-0.1-4_2:0.1.12-17 libuuid1_2.17.2-9.1 libxml2_2.7.8.dfsg-2 linux-libc-dev_2.6.37-2 login_1:4.1.4.2+svn3283-3 lsb-base_3.2-27 make_3.81-8 man-db_2.5.9-4 mawk_1.3.3-15 mount_2.17.2-9.1 ncurses-base_5.7+20100313-5 ncurses-bin_5.7+20100313-5 passwd_1:4.1.4.2+svn3283-3 patch_2.6.1-1 perl_5.10.1-17 perl-base_5.10.1-17 perl-modules_5.10.1-17 po-debconf_1.0.16+nmu1 readline-common_6.1-3 sed_4.2.1-9 sensible-utils_0.0.6 sudo_1.7.4p6-1 sysv-rc_2.88dsf-13.1 sysvinit_2.88dsf-13.1 sysvinit-utils_2.88dsf-13.1 tar_1.25-3 tzdata_2011b-2 util-linux_2.17.2-9.1 xz-utils_5.0.0-2 zlib1g_1:1.2.3.4.dfsg-3 zlib1g-dev_1:1.2.3.4.dfsg-3

┌──────────────────────────────────────────────────────────────────────────────┐
│ Build                                                                        │
└──────────────────────────────────────────────────────────────────────────────┘


Unpack source
─────────────

dpkg-source: warning: -sn is not a valid option for Dpkg::Source::Package::V3::quilt
gpgv: keyblock resource `/home/buildd/.gnupg/trustedkeys.gpg': file open error
gpgv: Signature made Wed Mar  2 05:08:33 2011 UTC using RSA key ID 2295D502
gpgv: Can't check signature: public key not found
dpkg-source: warning: failed to verify signature on ./samtools_0.1.13-1.dsc
dpkg-source: info: extracting samtools in samtools-0.1.13
dpkg-source: info: unpacking samtools_0.1.13.orig.tar.bz2
dpkg-source: info: unpacking samtools_0.1.13-1.debian.tar.gz

Check disc space
────────────────


dpkg-buildpackage
─────────────────

dpkg-buildpackage: export CFLAGS from dpkg-buildflags (origin: vendor): -g -O2
dpkg-buildpackage: export CPPFLAGS from dpkg-buildflags (origin: vendor): 
dpkg-buildpackage: export CXXFLAGS from dpkg-buildflags (origin: vendor): -g -O2
dpkg-buildpackage: export FFLAGS from dpkg-buildflags (origin: vendor): -g -O2
dpkg-buildpackage: export LDFLAGS from dpkg-buildflags (origin: vendor): 
dpkg-buildpackage: source package samtools
dpkg-buildpackage: source version 0.1.13-1
 dpkg-source --before-build samtools-0.1.13
dpkg-buildpackage: host architecture s390
 /usr/bin/fakeroot debian/rules clean
test -x debian/rules
dh_testroot
rm -f debian/stamp-makefile-build debian/stamp-makefile-install
/usr/bin/make  -C . CFLAGS="-g -O2 -g -O2 -fPIC" CXXFLAGS="-g -O2 -g -O2" CPPFLAGS="" LDFLAGS=""  -k clean
make[1]: Entering directory `/build/buildd-samtools_0.1.13-1-s390-Msk1pi/samtools-0.1.13'
make[2]: Entering directory `/build/buildd-samtools_0.1.13-1-s390-Msk1pi/samtools-0.1.13'
rm -fr gmon.out *.o a.out *.exe *.dSYM razip bgzip samtools *~ *.a *.so.* *.so *.dylib
make[2]: Leaving directory `/build/buildd-samtools_0.1.13-1-s390-Msk1pi/samtools-0.1.13'
make[2]: Entering directory `/build/buildd-samtools_0.1.13-1-s390-Msk1pi/samtools-0.1.13/bcftools'
rm -fr gmon.out *.o a.out *.dSYM bcftools *~ *.a bcf.aux bcf.log bcf.pdf *.class libbcf.*.dylib libbcf.so*
make[2]: Leaving directory `/build/buildd-samtools_0.1.13-1-s390-Msk1pi/samtools-0.1.13/bcftools'
make[2]: Entering directory `/build/buildd-samtools_0.1.13-1-s390-Msk1pi/samtools-0.1.13/misc'
rm -fr gmon.out *.o a.out *.exe *.dSYM md5sum-lite md5fa maq2sam-short maq2sam-long wgsim *~ *.a
make[2]: Leaving directory `/build/buildd-samtools_0.1.13-1-s390-Msk1pi/samtools-0.1.13/misc'
make[1]: Leaving directory `/build/buildd-samtools_0.1.13-1-s390-Msk1pi/samtools-0.1.13'
rm -f debian/stamp-makefile-check
dh_clean 
rm -f examples/calDepth examples/ex1.bam examples/ex1.bam.bai examples/ex1.fa.fai examples/ex1.glf examples/ex1.glfview.gz examples/ex1.pileup.gz examples/ex1a.bam examples/ex1b.bam examples/ex1f-rmduppe.bam examples/ex1f-rmdupse.bam examples/ex1f.bam examples/ex1f.rg examples/ex1.bcf
 debian/rules build
test -x debian/rules
mkdir -p "."
/usr/share/cdbs/1/rules/buildcore.mk:109: WARNING:  DEB_DH_BUILDDEB_ARGS is a deprecated variable
/usr/bin/make  -C . CFLAGS="-g -O2 -g -O2 -fPIC" CXXFLAGS="-g -O2 -g -O2" CPPFLAGS="" LDFLAGS=""  all all-recur razip lib
make[1]: Entering directory `/build/buildd-samtools_0.1.13-1-s390-Msk1pi/samtools-0.1.13'
make[2]: Entering directory `/build/buildd-samtools_0.1.13-1-s390-Msk1pi/samtools-0.1.13'
gcc -c -g -O2 -g -O2 -fPIC -D_FILE_OFFSET_BITS=64 -D_LARGEFILE64_SOURCE -D_USE_KNETFILE -D_CURSES_LIB=1 -I. bgzf.c -o bgzf.o
gcc -c -g -O2 -g -O2 -fPIC -D_FILE_OFFSET_BITS=64 -D_LARGEFILE64_SOURCE -D_USE_KNETFILE -D_CURSES_LIB=1 -I. kstring.c -o kstring.o
gcc -c -g -O2 -g -O2 -fPIC -D_FILE_OFFSET_BITS=64 -D_LARGEFILE64_SOURCE -D_USE_KNETFILE -D_CURSES_LIB=1 -I. bam_aux.c -o bam_aux.o
gcc -c -g -O2 -g -O2 -fPIC -D_FILE_OFFSET_BITS=64 -D_LARGEFILE64_SOURCE -D_USE_KNETFILE -D_CURSES_LIB=1 -I. bam.c -o bam.o
gcc -c -g -O2 -g -O2 -fPIC -D_FILE_OFFSET_BITS=64 -D_LARGEFILE64_SOURCE -D_USE_KNETFILE -D_CURSES_LIB=1 -I. bam_import.c -o bam_import.o
gcc -c -g -O2 -g -O2 -fPIC -D_FILE_OFFSET_BITS=64 -D_LARGEFILE64_SOURCE -D_USE_KNETFILE -D_CURSES_LIB=1 -I. sam.c -o sam.o
gcc -c -g -O2 -g -O2 -fPIC -D_FILE_OFFSET_BITS=64 -D_LARGEFILE64_SOURCE -D_USE_KNETFILE -D_CURSES_LIB=1 -I. bam_index.c -o bam_index.o
gcc -c -g -O2 -g -O2 -fPIC -D_FILE_OFFSET_BITS=64 -D_LARGEFILE64_SOURCE -D_USE_KNETFILE -D_CURSES_LIB=1 -I. bam_pileup.c -o bam_pileup.o
gcc -c -g -O2 -g -O2 -fPIC -D_FILE_OFFSET_BITS=64 -D_LARGEFILE64_SOURCE -D_USE_KNETFILE -D_CURSES_LIB=1 -I. bam_lpileup.c -o bam_lpileup.o
gcc -c -g -O2 -g -O2 -fPIC -D_FILE_OFFSET_BITS=64 -D_LARGEFILE64_SOURCE -D_USE_KNETFILE -D_CURSES_LIB=1 -I. bam_md.c -o bam_md.o
gcc -c -g -O2 -g -O2 -fPIC -D_FILE_OFFSET_BITS=64 -D_LARGEFILE64_SOURCE -D_USE_KNETFILE -D_CURSES_LIB=1 -I. glf.c -o glf.o
gcc -c -g -O2 -g -O2 -fPIC -D_FILE_OFFSET_BITS=64 -D_LARGEFILE64_SOURCE -D_USE_KNETFILE -D_CURSES_LIB=1 -I. razf.c -o razf.o
gcc -c -g -O2 -g -O2 -fPIC -D_FILE_OFFSET_BITS=64 -D_LARGEFILE64_SOURCE -D_USE_KNETFILE -D_CURSES_LIB=1 -I. faidx.c -o faidx.o
gcc -c -g -O2 -g -O2 -fPIC -D_FILE_OFFSET_BITS=64 -D_LARGEFILE64_SOURCE -D_USE_KNETFILE -D_CURSES_LIB=1 -I. knetfile.c -o knetfile.o
gcc -c -g -O2 -g -O2 -fPIC -D_FILE_OFFSET_BITS=64 -D_LARGEFILE64_SOURCE -D_USE_KNETFILE -D_CURSES_LIB=1 -I. bam_sort.c -o bam_sort.o
gcc -c -g -O2 -g -O2 -fPIC -D_FILE_OFFSET_BITS=64 -D_LARGEFILE64_SOURCE -D_USE_KNETFILE -D_CURSES_LIB=1 -I. sam_header.c -o sam_header.o
gcc -c -g -O2 -g -O2 -fPIC -D_FILE_OFFSET_BITS=64 -D_LARGEFILE64_SOURCE -D_USE_KNETFILE -D_CURSES_LIB=1 -I. bam_reheader.c -o bam_reheader.o
gcc -c -g -O2 -g -O2 -fPIC -D_FILE_OFFSET_BITS=64 -D_LARGEFILE64_SOURCE -D_USE_KNETFILE -D_CURSES_LIB=1 -I. kprobaln.c -o kprobaln.o
ar -cru libbam.a bgzf.o kstring.o bam_aux.o bam.o bam_import.o sam.o bam_index.o bam_pileup.o bam_lpileup.o bam_md.o glf.o razf.o faidx.o knetfile.o bam_sort.o sam_header.o bam_reheader.o kprobaln.o
make[2]: Leaving directory `/build/buildd-samtools_0.1.13-1-s390-Msk1pi/samtools-0.1.13'
make[2]: Entering directory `/build/buildd-samtools_0.1.13-1-s390-Msk1pi/samtools-0.1.13/bcftools'
gcc -c -g -O2 -g -O2 -fPIC -D_FILE_OFFSET_BITS=64 -D_LARGEFILE64_SOURCE -D_USE_KNETFILE -D_CURSES_LIB=1 -I.. -I. bcf.c -o bcf.o
gcc -c -g -O2 -g -O2 -fPIC -D_FILE_OFFSET_BITS=64 -D_LARGEFILE64_SOURCE -D_USE_KNETFILE -D_CURSES_LIB=1 -I.. -I. vcf.c -o vcf.o
gcc -c -g -O2 -g -O2 -fPIC -D_FILE_OFFSET_BITS=64 -D_LARGEFILE64_SOURCE -D_USE_KNETFILE -D_CURSES_LIB=1 -I.. -I. bcfutils.c -o bcfutils.o
gcc -c -g -O2 -g -O2 -fPIC -D_FILE_OFFSET_BITS=64 -D_LARGEFILE64_SOURCE -D_USE_KNETFILE -D_CURSES_LIB=1 -I.. -I. prob1.c -o prob1.o
gcc -c -g -O2 -g -O2 -fPIC -D_FILE_OFFSET_BITS=64 -D_LARGEFILE64_SOURCE -D_USE_KNETFILE -D_CURSES_LIB=1 -I.. -I. ld.c -o ld.o
gcc -c -g -O2 -g -O2 -fPIC -D_FILE_OFFSET_BITS=64 -D_LARGEFILE64_SOURCE -D_USE_KNETFILE -D_CURSES_LIB=1 -I.. -I. kfunc.c -o kfunc.o
gcc -c -g -O2 -g -O2 -fPIC -D_FILE_OFFSET_BITS=64 -D_LARGEFILE64_SOURCE -D_USE_KNETFILE -D_CURSES_LIB=1 -I.. -I. index.c -o index.o
gcc -c -g -O2 -g -O2 -fPIC -D_FILE_OFFSET_BITS=64 -D_LARGEFILE64_SOURCE -D_USE_KNETFILE -D_CURSES_LIB=1 -I.. -I. fet.c -o fet.o
gcc -c -g -O2 -g -O2 -fPIC -D_FILE_OFFSET_BITS=64 -D_LARGEFILE64_SOURCE -D_USE_KNETFILE -D_CURSES_LIB=1 -I.. -I. bcf2qcall.c -o bcf2qcall.o
ar -cru libbcf.a bcf.o vcf.o bcfutils.o prob1.o ld.o kfunc.o index.o fet.o bcf2qcall.o
make[2]: Leaving directory `/build/buildd-samtools_0.1.13-1-s390-Msk1pi/samtools-0.1.13/bcftools'
make[2]: Entering directory `/build/buildd-samtools_0.1.13-1-s390-Msk1pi/samtools-0.1.13/misc'
make[2]: Nothing to be done for `lib'.
make[2]: Leaving directory `/build/buildd-samtools_0.1.13-1-s390-Msk1pi/samtools-0.1.13/misc'
gcc -c -g -O2 -g -O2 -fPIC -D_FILE_OFFSET_BITS=64 -D_LARGEFILE64_SOURCE -D_USE_KNETFILE -D_CURSES_LIB=1 -I. bam_tview.c -o bam_tview.o
gcc -c -g -O2 -g -O2 -fPIC -D_FILE_OFFSET_BITS=64 -D_LARGEFILE64_SOURCE -D_USE_KNETFILE -D_CURSES_LIB=1 -I. bam_maqcns.c -o bam_maqcns.o
gcc -c -g -O2 -g -O2 -fPIC -D_FILE_OFFSET_BITS=64 -D_LARGEFILE64_SOURCE -D_USE_KNETFILE -D_CURSES_LIB=1 -I. bam_plcmd.c -o bam_plcmd.o
gcc -c -g -O2 -g -O2 -fPIC -D_FILE_OFFSET_BITS=64 -D_LARGEFILE64_SOURCE -D_USE_KNETFILE -D_CURSES_LIB=1 -I. sam_view.c -o sam_view.o
gcc -c -g -O2 -g -O2 -fPIC -D_FILE_OFFSET_BITS=64 -D_LARGEFILE64_SOURCE -D_USE_KNETFILE -D_CURSES_LIB=1 -I. bam_rmdup.c -o bam_rmdup.o
gcc -c -g -O2 -g -O2 -fPIC -D_FILE_OFFSET_BITS=64 -D_LARGEFILE64_SOURCE -D_USE_KNETFILE -D_CURSES_LIB=1 -I. bam_rmdupse.c -o bam_rmdupse.o
gcc -c -g -O2 -g -O2 -fPIC -D_FILE_OFFSET_BITS=64 -D_LARGEFILE64_SOURCE -D_USE_KNETFILE -D_CURSES_LIB=1 -I. bam_mate.c -o bam_mate.o
gcc -c -g -O2 -g -O2 -fPIC -D_FILE_OFFSET_BITS=64 -D_LARGEFILE64_SOURCE -D_USE_KNETFILE -D_CURSES_LIB=1 -I. bam_stat.c -o bam_stat.o
gcc -c -g -O2 -g -O2 -fPIC -D_FILE_OFFSET_BITS=64 -D_LARGEFILE64_SOURCE -D_USE_KNETFILE -D_CURSES_LIB=1 -I. bam_color.c -o bam_color.o
gcc -c -g -O2 -g -O2 -fPIC -D_FILE_OFFSET_BITS=64 -D_LARGEFILE64_SOURCE -D_USE_KNETFILE -D_CURSES_LIB=1 -I. bamtk.c -o bamtk.o
gcc -c -g -O2 -g -O2 -fPIC -D_FILE_OFFSET_BITS=64 -D_LARGEFILE64_SOURCE -D_USE_KNETFILE -D_CURSES_LIB=1 -I. kaln.c -o kaln.o
gcc -c -g -O2 -g -O2 -fPIC -D_FILE_OFFSET_BITS=64 -D_LARGEFILE64_SOURCE -D_USE_KNETFILE -D_CURSES_LIB=1 -I. bam2bcf.c -o bam2bcf.o
gcc -c -g -O2 -g -O2 -fPIC -D_FILE_OFFSET_BITS=64 -D_LARGEFILE64_SOURCE -D_USE_KNETFILE -D_CURSES_LIB=1 -I. bam2bcf_indel.c -o bam2bcf_indel.o
gcc -c -g -O2 -g -O2 -fPIC -D_FILE_OFFSET_BITS=64 -D_LARGEFILE64_SOURCE -D_USE_KNETFILE -D_CURSES_LIB=1 -I. errmod.c -o errmod.o
gcc -c -g -O2 -g -O2 -fPIC -D_FILE_OFFSET_BITS=64 -D_LARGEFILE64_SOURCE -D_USE_KNETFILE -D_CURSES_LIB=1 -I. sample.c -o sample.o
gcc -c -g -O2 -g -O2 -fPIC -D_FILE_OFFSET_BITS=64 -D_LARGEFILE64_SOURCE -D_USE_KNETFILE -D_CURSES_LIB=1 -I. cut_target.c -o cut_target.o
gcc -c -g -O2 -g -O2 -fPIC -D_FILE_OFFSET_BITS=64 -D_LARGEFILE64_SOURCE -D_USE_KNETFILE -D_CURSES_LIB=1 -I. phase.c -o phase.o
gcc -g -O2 -g -O2 -fPIC -o samtools bam_tview.o bam_maqcns.o bam_plcmd.o sam_view.o bam_rmdup.o bam_rmdupse.o bam_mate.o bam_stat.o bam_color.o bamtk.o kaln.o bam2bcf.o bam2bcf_indel.o errmod.o sample.o cut_target.o phase.o -Lbcftools  libbam.a -lbcf -lcurses  -lm -lz
make[2]: Entering directory `/build/buildd-samtools_0.1.13-1-s390-Msk1pi/samtools-0.1.13'
make[3]: Entering directory `/build/buildd-samtools_0.1.13-1-s390-Msk1pi/samtools-0.1.13'
make[3]: Nothing to be done for `lib'.
make[3]: Leaving directory `/build/buildd-samtools_0.1.13-1-s390-Msk1pi/samtools-0.1.13'
make[3]: Entering directory `/build/buildd-samtools_0.1.13-1-s390-Msk1pi/samtools-0.1.13/bcftools'
make[3]: Nothing to be done for `lib'.
make[3]: Leaving directory `/build/buildd-samtools_0.1.13-1-s390-Msk1pi/samtools-0.1.13/bcftools'
make[3]: Entering directory `/build/buildd-samtools_0.1.13-1-s390-Msk1pi/samtools-0.1.13/misc'
make[3]: Nothing to be done for `lib'.
make[3]: Leaving directory `/build/buildd-samtools_0.1.13-1-s390-Msk1pi/samtools-0.1.13/misc'
gcc -g -O2 -g -O2 -fPIC -o samtools bam_tview.o bam_maqcns.o bam_plcmd.o sam_view.o bam_rmdup.o bam_rmdupse.o bam_mate.o bam_stat.o bam_color.o bamtk.o kaln.o bam2bcf.o bam2bcf_indel.o errmod.o sample.o cut_target.o phase.o -Lbcftools  libbam.a -lbcf -lcurses  -lm -lz
make[2]: Leaving directory `/build/buildd-samtools_0.1.13-1-s390-Msk1pi/samtools-0.1.13'
make[2]: Entering directory `/build/buildd-samtools_0.1.13-1-s390-Msk1pi/samtools-0.1.13/bcftools'
gcc -c -g -O2 -g -O2 -fPIC -D_FILE_OFFSET_BITS=64 -D_LARGEFILE64_SOURCE -D_USE_KNETFILE -D_CURSES_LIB=1 -I.. -I. call1.c -o call1.o
gcc -c -g -O2 -g -O2 -fPIC -D_FILE_OFFSET_BITS=64 -D_LARGEFILE64_SOURCE -D_USE_KNETFILE -D_CURSES_LIB=1 -I.. -I. main.c -o main.o
gcc -g -O2 -g -O2 -fPIC -o bcftools call1.o main.o ../kstring.o ../bgzf.o ../knetfile.o -L.  -lbcf -lm -lz
make[2]: Leaving directory `/build/buildd-samtools_0.1.13-1-s390-Msk1pi/samtools-0.1.13/bcftools'
make[2]: Entering directory `/build/buildd-samtools_0.1.13-1-s390-Msk1pi/samtools-0.1.13/misc'
gcc -c -g -O2 -g -O2 -fPIC -DMD5SUM_MAIN -o md5sum-lite.o md5.c
gcc -g -O2 -g -O2 -fPIC -o md5sum-lite md5sum-lite.o
gcc -c -g -O2 -g -O2 -fPIC -D_FILE_OFFSET_BITS=64 -D_LARGEFILE64_SOURCE -D_USE_KNETFILE -D_CURSES_LIB=1 -I. md5.c -o md5.o
gcc -g -O2 -g -O2 -fPIC -c -I.. -o md5fa.o md5fa.c
gcc -g -O2 -g -O2 -fPIC -o md5fa md5.o md5fa.o -lz
gcc -g -O2 -g -O2 -fPIC -o maq2sam-short maq2sam.c -lz
gcc -g -O2 -g -O2 -fPIC -DMAQ_LONGREADS -o maq2sam-long maq2sam.c -lz
gcc -c -g -O2 -g -O2 -fPIC -D_FILE_OFFSET_BITS=64 -D_LARGEFILE64_SOURCE -D_USE_KNETFILE -D_CURSES_LIB=1 -I. wgsim.c -o wgsim.o
gcc -g -O2 -g -O2 -fPIC -o wgsim wgsim.o -lm
make[2]: Leaving directory `/build/buildd-samtools_0.1.13-1-s390-Msk1pi/samtools-0.1.13/misc'
gcc -c -g -O2 -g -O2 -fPIC -D_FILE_OFFSET_BITS=64 -D_LARGEFILE64_SOURCE -D_USE_KNETFILE -D_CURSES_LIB=1 -I. razip.c -o razip.o
gcc -g -O2 -g -O2 -fPIC -o razip razf.o razip.o knetfile.o -lz
make[1]: Nothing to be done for `lib'.
make[1]: Leaving directory `/build/buildd-samtools_0.1.13-1-s390-Msk1pi/samtools-0.1.13'
touch debian/stamp-makefile-build
/usr/bin/make  -C . CFLAGS="-g -O2 -g -O2 -fPIC" CXXFLAGS="-g -O2 -g -O2" CPPFLAGS="" LDFLAGS=""  -C examples all
make[1]: Entering directory `/build/buildd-samtools_0.1.13-1-s390-Msk1pi/samtools-0.1.13/examples'
../samtools faidx ex1.fa
../samtools import ex1.fa.fai ex1.sam.gz ex1.bam
[sam_header_read2] 2 sequences loaded.
../samtools pileup -gf ex1.fa ex1.bam > ex1.glf
../samtools pileup -cf ex1.fa ex1.bam | gzip > ex1.pileup.gz
../samtools index ex1.bam
../samtools view -h ex1.bam | awk 'BEGIN{FS=OFS="\t"}{if(/^@/)print;else{$1=$1"a";print}}' | ../samtools view -bS - > ex1a.bam
[samopen] SAM header is present: 2 sequences.
../samtools view -h ex1.bam | awk 'BEGIN{FS=OFS="\t"}{if(/^@/)print;else{$1=$1"b";print}}' | ../samtools view -bS - > ex1b.bam
[samopen] SAM header is present: 2 sequences.
(echo "@RG	ID:ex1	LB:ex1	SM:ex1"; echo "@RG	ID:ex1a	LB:ex1	SM:ex1"; echo "@RG	ID:ex1b	LB:ex1b	SM:ex1b") > ex1f.rg
../samtools merge -rh ex1f.rg ex1f.bam ex1.bam ex1a.bam ex1b.bam
../samtools rmdup ex1f.bam ex1f-rmduppe.bam
[bam_rmdup_core] processing reference seq1...
[bam_rmdup_core] processing reference seq2...
[bam_rmdup_core] 1572 / 3144 = 0.5000 in library 'ex1'
[bam_rmdup_core] 0 / 1572 = 0.0000 in library 'ex1b'
../samtools rmdup -S ex1f.bam ex1f-rmdupse.bam
[bam_rmdupse_core] 4145 / 6542 = 0.6336 in library 'ex1'
[bam_rmdupse_core] 874 / 3271 = 0.2672 in library 'ex1b'
../samtools glfview ex1.glf | gzip > ex1.glfview.gz
../samtools mpileup -gf ex1.fa ex1.bam > ex1.bcf
[mpileup] 1 samples in 1 input files
<mpileup> Set max per-sample depth to 8000
gcc -g -Wall -O2 -I.. calDepth.c -o calDepth -L.. -lbam -lm -lz

# You can now launch the viewer with: 'samtools tview ex1.bam ex1.fa'

make[1]: Leaving directory `/build/buildd-samtools_0.1.13-1-s390-Msk1pi/samtools-0.1.13/examples'
touch debian/stamp-makefile-check
 /usr/bin/fakeroot debian/rules binary-arch
test -x debian/rules
dh_testroot
dh_prep 
dh_installdirs -A 
mkdir -p "."
/usr/share/cdbs/1/rules/buildcore.mk:109: WARNING:  DEB_DH_BUILDDEB_ARGS is a deprecated variable
DEB_MAKE_INSTALL_TARGET unset, skipping default makefile.mk common-install target
Adding cdbs dependencies to debian/samtools.substvars
dh_installdirs -psamtools 
Adding cdbs dependencies to debian/libbam-dev.substvars
dh_installdirs -plibbam-dev 
dh_installdocs -psamtools ./NEWS ./AUTHORS 
dh_installexamples -psamtools 
dh_installman -psamtools  
dh_installinfo -psamtools  
dh_installmenu -psamtools 
dh_installcron -psamtools 
dh_installinit -psamtools  
dh_installdebconf -psamtools 
dh_installemacsen -psamtools   
dh_installcatalogs -psamtools 
dh_installpam -psamtools 
dh_installlogrotate -psamtools 
dh_installlogcheck -psamtools 
dh_installchangelogs -psamtools  ./ChangeLog 
dh_installudev -psamtools 
dh_lintian -psamtools 
dh_bugfiles -psamtools 
dh_install -psamtools  
dh_link -psamtools  
dh_installmime -psamtools 
install -m 644 bcftools/README /build/buildd-samtools_0.1.13-1-s390-Msk1pi/samtools-0.1.13/debian/samtools/usr/share/doc/samtools/README.bcftools
dh_installdocs -plibbam-dev ./NEWS ./AUTHORS 
dh_installexamples -plibbam-dev 
dh_installman -plibbam-dev  
dh_installinfo -plibbam-dev  
dh_installmenu -plibbam-dev 
dh_installcron -plibbam-dev 
dh_installinit -plibbam-dev  
dh_installdebconf -plibbam-dev 
dh_installemacsen -plibbam-dev   
dh_installcatalogs -plibbam-dev 
dh_installpam -plibbam-dev 
dh_installlogrotate -plibbam-dev 
dh_installlogcheck -plibbam-dev 
dh_installchangelogs -plibbam-dev  ./ChangeLog 
dh_installudev -plibbam-dev 
dh_lintian -plibbam-dev 
dh_bugfiles -plibbam-dev 
dh_install -plibbam-dev  
dh_link -plibbam-dev  
dh_installmime -plibbam-dev 
dh_strip -psamtools  
dh_compress -psamtools  
dh_fixperms -psamtools  
dh_makeshlibs -psamtools  
sed -i 's|^#!/software/bin/python|#!/usr/bin/python|' /build/buildd-samtools_0.1.13-1-s390-Msk1pi/samtools-0.1.13/debian/samtools/usr/share/samtools/varfilter.py
dh_strip -plibbam-dev  
dh_compress -plibbam-dev  
dh_fixperms -plibbam-dev  
dh_makeshlibs -plibbam-dev  
dh_installdeb -psamtools 
dh_perl -psamtools 
dh_shlibdeps -psamtools    
dh_installdeb -plibbam-dev 
dh_perl -plibbam-dev 
dh_shlibdeps -plibbam-dev    
dh_gencontrol -psamtools  
dpkg-gencontrol: warning: package samtools: unused substitution variable ${perl:Depends}
dh_md5sums -psamtools 
dh_builddeb -psamtools -- -Z=bzip2
dpkg-deb: building package `samtools' in `../samtools_0.1.13-1_s390.deb'.
dh_gencontrol -plibbam-dev  
dpkg-gencontrol: warning: Depends field of package libbam-dev: unknown substitution variable ${shlibs:Depends}
dh_md5sums -plibbam-dev 
dh_builddeb -plibbam-dev -- -Z=bzip2
dpkg-deb: building package `libbam-dev' in `../libbam-dev_0.1.13-1_s390.deb'.
 dpkg-genchanges -B -ms390 Build Daemon (zandonai) <buildd_s390-zandonai@buildd.debian.org> >../samtools_0.1.13-1_s390.changes
dpkg-genchanges: arch-specific upload - not including arch-independent packages
dpkg-genchanges: binary-only upload - not including any source code
 dpkg-source --after-build samtools-0.1.13
dpkg-buildpackage: binary only upload (no source included)
────────────────────────────────────────────────────────────────────────────────
Build finished at 20110302-0522

samtools_0.1.13-1_s390.changes:
Format: 1.8
Date: Wed, 02 Mar 2011 13:54:34 +0900
Source: samtools
Binary: samtools libbam-dev
Architecture: s390
Version: 0.1.13-1
Distribution: sid
Urgency: low
Maintainer: s390 Build Daemon (zandonai) <buildd_s390-zandonai@buildd.debian.org>
Changed-By: Charles Plessy <plessy@debian.org>
Description: 
 libbam-dev - manipulates nucleotide sequence alignments in BAM or SAM format
 samtools   - processing sequence alignments in SAM and BAM formats
Closes: 606004 616025
Changes: 
 samtools (0.1.13-1) unstable; urgency=low
 .
   * New upstream release:
     - backward incompatible with VCF/BCF generated by samtools older
       than r921 inclusive (0.1.12a is r862);
     - buildable with with ld --as-needed (Closes: #606004);
     - the helper tool bcf-fix.pl was removed.
   * Install the manual page of bcftools (debian/rules,
     debian/samtools.manpages). Closes: #616025.
Checksums-Sha1: 
 46e902da61e714377fe849430ef98c069f158890 592758 samtools_0.1.13-1_s390.deb
 6c100382b345290d249c94504122c864636f3e80 169590 libbam-dev_0.1.13-1_s390.deb
Checksums-Sha256: 
 2396f980b7c9a6bbe8104b1cffc8918221794b14a2fa4f16fd4416df1eda84d9 592758 samtools_0.1.13-1_s390.deb
 13987d40937564a92cb650132863f65cf9d21295b3c748efc6d3069ba1a1ffff 169590 libbam-dev_0.1.13-1_s390.deb
Files: 
 7dce94745af66705410759840c4bb6cc 592758 science optional samtools_0.1.13-1_s390.deb
 ce14ed862c383d2110c6655b4dd2c9e7 169590 libdevel optional libbam-dev_0.1.13-1_s390.deb

┌──────────────────────────────────────────────────────────────────────────────┐
│ Package contents                                                             │
└──────────────────────────────────────────────────────────────────────────────┘


samtools_0.1.13-1_s390.deb
──────────────────────────

 new debian package, version 2.0.
 size 592758 bytes: control archive= 1783 bytes.
     791 bytes,    16 lines      control              
    2520 bytes,    38 lines      md5sums              
 Package: samtools
 Version: 0.1.13-1
 Architecture: s390
 Maintainer: Debian Med Packaging Team <debian-med-packaging@lists.alioth.debian.org>
 Installed-Size: 1092
 Depends: libc6 (>= 2.7), libncurses5 (>= 5.7+20100313), zlib1g (>= 1:1.2.3.3.dfsg)
 Suggests: python
 Section: science
 Priority: optional
 Homepage: http://samtools.sourceforge.net
 Description: processing sequence alignments in SAM and BAM formats
  Samtools is a set of utilities that manipulate nucleotide sequence alignments
  in the binary BAM format. It imports from and exports to the ascii SAM
  (Sequence Alignment/Map) format, does sorting, merging and indexing, and allows
  to retrieve reads in any regions swiftly. It is designed to work on a stream,
  and is able to open a BAM (not SAM) file on a remote FTP or HTTP server.

drwxr-xr-x root/root         0 2011-03-02 05:22 ./
drwxr-xr-x root/root         0 2011-03-02 05:22 ./usr/
drwxr-xr-x root/root         0 2011-03-02 05:22 ./usr/bin/
-rwxr-xr-x root/root    104532 2011-03-02 05:22 ./usr/bin/bcftools
-rwxr-xr-x root/root    399072 2011-03-02 05:22 ./usr/bin/samtools
-rwxr-xr-x root/root     27380 2011-03-02 05:22 ./usr/bin/razip
drwxr-xr-x root/root         0 2011-03-02 05:22 ./usr/lib/
drwxr-xr-x root/root         0 2011-03-02 05:22 ./usr/lib/samtools/
-rwxr-xr-x root/root     11324 2011-03-02 05:22 ./usr/lib/samtools/md5fa
-rwxr-xr-x root/root      7188 2011-03-02 05:22 ./usr/lib/samtools/maq2sam-short
-rwxr-xr-x root/root      7188 2011-03-02 05:22 ./usr/lib/samtools/maq2sam-long
-rwxr-xr-x root/root      7932 2011-03-02 05:22 ./usr/lib/samtools/md5sum-lite
-rwxr-xr-x root/root     18564 2011-03-02 05:22 ./usr/lib/samtools/wgsim
drwxr-xr-x root/root         0 2011-03-02 05:22 ./usr/share/
drwxr-xr-x root/root         0 2011-03-02 05:22 ./usr/share/man/
drwxr-xr-x root/root         0 2011-03-02 05:22 ./usr/share/man/man1/
-rw-r--r-- root/root      8164 2011-03-02 05:22 ./usr/share/man/man1/samtools.1.gz
-rw-r--r-- root/root       430 2011-03-02 05:22 ./usr/share/man/man1/razip.1.gz
-rw-r--r-- root/root      1229 2011-03-02 05:22 ./usr/share/man/man1/bcftools.1.gz
drwxr-xr-x root/root         0 2011-03-02 05:22 ./usr/share/samtools/
-rwxr-xr-x root/root     15255 2010-11-17 04:16 ./usr/share/samtools/export2sam.pl
-rwxr-xr-x root/root      2729 2010-11-17 04:16 ./usr/share/samtools/wgsim_eval.pl
-rwxr-xr-x root/root      2397 2010-11-17 04:16 ./usr/share/samtools/zoom2sam.pl
-rwxr-xr-x root/root      5989 2010-11-17 04:16 ./usr/share/samtools/novo2sam.pl
-rwxr-xr-x root/root     15437 2011-03-01 19:50 ./usr/share/samtools/vcfutils.pl
-rwxr-xr-x root/root      7881 2010-11-17 04:16 ./usr/share/samtools/sam2vcf.pl
-rwxr-xr-x root/root      2415 2010-11-17 04:16 ./usr/share/samtools/blast2sam.pl
-rwxr-xr-x root/root      2696 2010-11-17 04:16 ./usr/share/samtools/soap2sam.pl
-rwxr-xr-x root/root      2022 2010-11-17 04:16 ./usr/share/samtools/psl2sam.pl
-rwxr-xr-x root/root      5778 2011-03-02 05:22 ./usr/share/samtools/varfilter.py
-rwxr-xr-x root/root      2112 2010-11-17 04:16 ./usr/share/samtools/bowtie2sam.pl
-rwxr-xr-x root/root     14299 2010-11-17 04:16 ./usr/share/samtools/samtools.pl
-rwxr-xr-x root/root      4996 2010-11-17 04:16 ./usr/share/samtools/interpolate_sam.pl
drwxr-xr-x root/root         0 2011-03-02 05:22 ./usr/share/doc/
drwxr-xr-x root/root         0 2011-03-02 05:22 ./usr/share/doc/samtools/
-rw-r--r-- root/root      7887 2011-03-01 19:50 ./usr/share/doc/samtools/NEWS.gz
-rw-r--r-- root/root      1031 2011-03-02 04:30 ./usr/share/doc/samtools/README.Debian
-rw-r--r-- root/root       916 2010-11-17 04:16 ./usr/share/doc/samtools/AUTHORS
-rw-r--r-- root/root       592 2011-03-02 04:30 ./usr/share/doc/samtools/reference
-rw-r--r-- root/root      1966 2011-03-02 05:22 ./usr/share/doc/samtools/README.bcftools
-rw-r--r-- root/root     33578 2011-03-01 19:50 ./usr/share/doc/samtools/changelog.gz
-rw-r--r-- root/root      1280 2011-03-02 04:54 ./usr/share/doc/samtools/changelog.Debian.gz
-rw-r--r-- root/root      5171 2011-03-02 04:37 ./usr/share/doc/samtools/copyright
drwxr-xr-x root/root         0 2011-03-02 05:22 ./usr/share/doc/samtools/examples/
-rw-r--r-- root/root    114565 2010-11-17 04:16 ./usr/share/doc/samtools/examples/ex1.sam.gz
-rw-r--r-- root/root    126609 2011-03-02 05:22 ./usr/share/doc/samtools/examples/ex1.bam.gz
-rw-r--r-- root/root       886 2010-11-17 04:16 ./usr/share/doc/samtools/examples/00README.txt
-rw-r--r-- root/root      3225 2010-11-17 04:16 ./usr/share/doc/samtools/examples/ex1.fa
-rw-r--r-- root/root        98 2010-11-17 04:16 ./usr/share/doc/samtools/examples/toy.fa
-rw-r--r-- root/root       764 2010-11-17 04:16 ./usr/share/doc/samtools/examples/toy.sam


libbam-dev_0.1.13-1_s390.deb
────────────────────────────

 new debian package, version 2.0.
 size 169590 bytes: control archive= 891 bytes.
     673 bytes,    15 lines      control              
     618 bytes,    10 lines      md5sums              
 Package: libbam-dev
 Source: samtools
 Version: 0.1.13-1
 Architecture: s390
 Maintainer: Debian Med Packaging Team <debian-med-packaging@lists.alioth.debian.org>
 Installed-Size: 408
 Section: libdevel
 Priority: optional
 Homepage: http://samtools.sourceforge.net
 Description: manipulates nucleotide sequence alignments in BAM or SAM format
  The BAM library provides I/O and various operations on manipulating nucleotide
  sequence alignments in the BAM (Binary Alignment/Mapping) or SAM (Sequence
  Alignment/Map) format. It now supports importing from or exporting to SAM,
  sorting, merging, generating pileup, and quickly retrieval of reads overlapped
  with a specified region.

drwxr-xr-x root/root         0 2011-03-02 05:22 ./
drwxr-xr-x root/root         0 2011-03-02 05:22 ./usr/
drwxr-xr-x root/root         0 2011-03-02 05:22 ./usr/include/
-rw-r--r-- root/root     24165 2011-03-01 19:50 ./usr/include/bam.h
-rw-r--r-- root/root      4599 2010-11-17 04:16 ./usr/include/bgzf.h
-rw-r--r-- root/root      3188 2010-11-17 04:16 ./usr/include/faidx.h
-rw-r--r-- root/root     17815 2011-03-01 19:50 ./usr/include/khash.h
drwxr-xr-x root/root         0 2011-03-02 05:22 ./usr/lib/
-rw-r--r-- root/root    258332 2011-03-02 05:22 ./usr/lib/libbam.a
drwxr-xr-x root/root         0 2011-03-02 05:22 ./usr/share/
drwxr-xr-x root/root         0 2011-03-02 05:22 ./usr/share/doc/
drwxr-xr-x root/root         0 2011-03-02 05:22 ./usr/share/doc/libbam-dev/
-rw-r--r-- root/root      7887 2011-03-01 19:50 ./usr/share/doc/libbam-dev/NEWS.gz
-rw-r--r-- root/root       916 2010-11-17 04:16 ./usr/share/doc/libbam-dev/AUTHORS
-rw-r--r-- root/root     33578 2011-03-01 19:50 ./usr/share/doc/libbam-dev/changelog.gz
-rw-r--r-- root/root      1280 2011-03-02 04:54 ./usr/share/doc/libbam-dev/changelog.Debian.gz
-rw-r--r-- root/root      5171 2011-03-02 04:37 ./usr/share/doc/libbam-dev/copyright


┌──────────────────────────────────────────────────────────────────────────────┐
│ Finished                                                                     │
└──────────────────────────────────────────────────────────────────────────────┘

Built successfully
────────────────────────────────────────────────────────────────────────────────
Purging /var/lib/schroot/mount/sid-s390-sbuild-043a721a-9346-4640-90d0-b639032ed477/build/buildd-samtools_0.1.13-1-s390-Msk1pi
Not removing build depends: cloned chroot in use
────────────────────────────────────────────────────────────────────────────────
Finished at 20110302-0522
Build needed 00:01:38, 9672k disc space

