From buildd@spontini.debian.org Tue Sep 06 18:25:37 2011
Return-path: <buildd@spontini.debian.org>
Received: from kokkonen.debian.org ([2001:41b8:202:deb:1a1a:0:52c3:4b61])
	from C=NA, ST=NA, L=Ankh Morpork, O=Debian SMTP, OU=Debian SMTP CA,
	CN=kokkonen.debian.org,
	EMAIL=hostmaster@kokkonen.debian.org (verified)
	by grieg.debian.org with esmtps (TLS1.0:RSA_AES_256_CBC_SHA1:32)
	(Exim 4.72) (envelope-from <buildd@spontini.debian.org>)
	id 1R10L3-0004DW-5z
	for logs@buildd.debian.org; Tue, 06 Sep 2011 18:25:37 +0000
Received: from spontini.debian.org ([2607:f8f0:610:4000:a00:20ff:fea0:918b])
	from C=NA, ST=NA, L=Ankh Morpork, O=Debian SMTP, OU=Debian SMTP CA,
	CN=spontini.debian.org,
	EMAIL=hostmaster@spontini.debian.org (verified)
	by kokkonen.debian.org with esmtps (TLS1.0:RSA_AES_256_CBC_SHA1:32)
	(Exim 4.72) (envelope-from <buildd@spontini.debian.org>)
	id 1R10Kr-0003Ih-Dv
	for logs@buildd.debian.org; Tue, 06 Sep 2011 18:25:25 +0000
Received: from buildd by spontini.debian.org with local (Exim 4.72)
	(envelope-from <buildd@spontini.debian.org>)
	id 1R10Ke-0006ZI-U6; Tue, 06 Sep 2011 18:25:13 +0000
Message-Id: <E1R10Ke-0006ZI-U6@spontini.debian.org>
MIME-Version: 1.0
Content-Transfer-Encoding: binary
X-Mailer: MIME::Lite 3.027 (F2.77; B3.08; Q3.08)
Date: Tue, 6 Sep 2011 18:25:12 +0000
From: buildd on spontini <buildd@spontini.debian.org>
To: logs@buildd.debian.org,buildd-admin@spontini.debian.org
Subject: Log for attempted build of samtools_0.1.18-1 on sparc (dist=sid)
Key-Id: 4B280692
Delivered-To: logs@buildd.debian.org

sbuild (Debian sbuild) 0.61.0 (23 Feb 2011) on spontini.debian.org

╔══════════════════════════════════════════════════════════════════════════════╗
║ samtools 0.1.18-1 (sparc)                                  06 Sep 2011 18:16 ║
╚══════════════════════════════════════════════════════════════════════════════╝

Package: samtools
Version: 0.1.18-1
Source Version: 0.1.18-1
Architecture: sparc
Get:1 http://mirror-ubc.debian.org unstable InRelease [146 kB]
Get:2 http://incoming.debian.org unstable InRelease [146 kB]
Get:3 http://mirror-ubc.debian.org unstable/main Sources [5481 kB]
Ign http://incoming.debian.org  InRelease
Get:4 http://incoming.debian.org  Release.gpg [836 B]
Get:5 http://incoming.debian.org  Release [1604 B]
Get:6 http://incoming.debian.org unstable/main Sources [5481 kB]
Get:7 http://mirror-ubc.debian.org unstable/contrib Sources [53.9 kB]
Get:8 http://mirror-ubc.debian.org unstable/non-free Sources [95.2 kB]
Get:9 http://mirror-ubc.debian.org unstable/main sparc Packages [7513 kB]
Get:10 http://mirror-ubc.debian.org unstable/contrib sparc Packages [55.8 kB]
Ign http://mirror-ubc.debian.org unstable/contrib TranslationIndex
Get:11 http://mirror-ubc.debian.org unstable/main TranslationIndex [2045 B]
Ign http://mirror-ubc.debian.org unstable/contrib Translation-en
Get:12 http://incoming.debian.org unstable/contrib Sources [53.9 kB]
Get:13 http://incoming.debian.org unstable/non-free Sources [95.2 kB]
Get:14 http://incoming.debian.org unstable/main sparc Packages [7513 kB]
Get:15 http://incoming.debian.org unstable/contrib sparc Packages [55.8 kB]
Ign http://incoming.debian.org unstable/contrib TranslationIndex
Get:16 http://incoming.debian.org unstable/main TranslationIndex [2045 B]
Get:17 http://incoming.debian.org  Sources [53.9 kB]
Get:18 http://incoming.debian.org  Packages [387 kB]
Ign http://incoming.debian.org  Translation-en
Ign http://incoming.debian.org unstable/contrib Translation-en
Fetched 27.1 MB in 1min 1s (443 kB/s)
Reading package lists...

┌──────────────────────────────────────────────────────────────────────────────┐
│ Fetch source files                                                           │
└──────────────────────────────────────────────────────────────────────────────┘


Check APT
─────────

Checking available source versions...

Download source files with APT
──────────────────────────────

Reading package lists...
Building dependency tree...
Reading state information...
NOTICE: 'samtools' packaging is maintained in the 'Git' version control system at:
git://git.debian.org/debian-med/samtools.git
Need to get 389 kB of source archives.
Get:1 http://mirror-ubc.debian.org/debian/ unstable/main samtools 0.1.18-1 (dsc) [1946 B]
Get:2 http://mirror-ubc.debian.org/debian/ unstable/main samtools 0.1.18-1 (tar) [379 kB]
Get:3 http://mirror-ubc.debian.org/debian/ unstable/main samtools 0.1.18-1 (diff) [7593 B]
Fetched 389 kB in 0s (898 kB/s)
Download complete and in download only mode

Check arch
──────────


┌──────────────────────────────────────────────────────────────────────────────┐
│ Install core build dependencies (internal resolver)                          │
└──────────────────────────────────────────────────────────────────────────────┘

Build-Depends: build-essential, fakeroot
Checking for already installed dependencies...
build-essential: already installed (11.5)
fakeroot: already installed (1.18-1)
Checking for dependency conflicts...
Installing positive dependencies: 
Reading package lists...
Building dependency tree...
Reading state information...
0 upgraded, 0 newly installed, 0 to remove and 9 not upgraded.
Removing negative dependencies: 
Reading package lists...
Building dependency tree...
Reading state information...
0 upgraded, 0 newly installed, 0 to remove and 9 not upgraded.
Checking correctness of dependencies...

┌──────────────────────────────────────────────────────────────────────────────┐
│ Install samtools build dependencies (internal resolver)                      │
└──────────────────────────────────────────────────────────────────────────────┘

Build-Depends: base-files, base-passwd, bash, coreutils, dash, debianutils, diffutils, dpkg, e2fsprogs, findutils, grep, gzip, hostname, ncurses-base, ncurses-bin, perl-base, sed, login, sysvinit-utils, sysvinit, tar, bsdutils, mount, util-linux, libc6-dev | libc-dev, libc6-dev-sparc64, gcc (>= 4:4.4.3), g++ (>= 4:4.4.3), make, dpkg-dev (>= 1.13.5), debhelper (>= 8), cdbs, quilt, libncurses5-dev, zlib1g-dev
Checking for already installed dependencies...
base-files: already installed (6.5)
base-passwd: already installed (3.5.23)
bash: already installed (4.1-3)
coreutils: already installed (8.5-1)
dash: already installed (0.5.7-1)
debianutils: already installed (4.0.2)
diffutils: already installed (1:3.0-1)
dpkg: already installed (1.16.0.3)
e2fsprogs: already installed (1.42~WIP-2011-07-02-1)
findutils: already installed (4.4.2-1+b2)
grep: already installed (2.9-2)
gzip: already installed (1.4-1)
hostname: already installed (3.06)
ncurses-base: already installed (5.9-1)
ncurses-bin: already installed (5.9-1)
perl-base: already installed (5.12.4-4)
sed: already installed (4.2.1-9)
login: already installed (1:4.1.4.2+svn3283-3)
sysvinit-utils: already installed (2.88dsf-13.11)
sysvinit: already installed (2.88dsf-13.11)
tar: already installed (1.26-2)
bsdutils: already installed (1:2.19.1-5)
mount: already installed (2.19.1-5)
util-linux: already installed (2.19.1-5)
libc6-dev: already installed (2.13-18)
libc6-dev-sparc64: already installed (2.13-18)
gcc: already installed (4:4.6.1-2 >= 4:4.4.3 is satisfied)
g++: already installed (4:4.6.1-2 >= 4:4.4.3 is satisfied)
make: already installed (3.81-8.1)
dpkg-dev: already installed (1.16.0.3 >= 1.13.5 is satisfied)
debhelper: missing
Using default version 8.9.6
cdbs: missing
quilt: missing
libncurses5-dev: missing
zlib1g-dev: missing
Checking for dependency conflicts...
Installing positive dependencies: debhelper cdbs quilt libncurses5-dev zlib1g-dev
Reading package lists...
Building dependency tree...
Reading state information...
The following extra packages will be installed:
  bsdmainutils diffstat file gettext gettext-base groff-base html2text
  intltool-debian libcroco3 libglib2.0-0 libmagic1 libpcre3 libpipeline1
  libunistring0 libxml2 man-db po-debconf
Suggested packages:
  wamerican wordlist whois vacation devscripts dh-make gettext-doc groff
  ncurses-doc less www-browser libmail-box-perl procmail graphviz
Recommended packages:
  autotools-dev curl wget lynx-cur autopoint libglib2.0-data shared-mime-info
  xml-core libmail-sendmail-perl
The following NEW packages will be installed:
  bsdmainutils cdbs debhelper diffstat file gettext gettext-base groff-base
  html2text intltool-debian libcroco3 libglib2.0-0 libmagic1 libncurses5-dev
  libpcre3 libpipeline1 libunistring0 libxml2 man-db po-debconf quilt
  zlib1g-dev
0 upgraded, 22 newly installed, 0 to remove and 9 not upgraded.
Need to get 9998 kB of archives.
After this operation, 30.4 MB of additional disk space will be used.
Get:1 http://mirror-ubc.debian.org/debian/ unstable/main libpipeline1 sparc 1.2.0-3 [36.0 kB]
Get:2 http://mirror-ubc.debian.org/debian/ unstable/main libpcre3 sparc 8.12-4 [231 kB]
Get:3 http://mirror-ubc.debian.org/debian/ unstable/main bsdmainutils sparc 8.2.3 [206 kB]
Get:4 http://mirror-ubc.debian.org/debian/ unstable/main groff-base sparc 1.21-6 [1155 kB]
Get:5 http://mirror-ubc.debian.org/debian/ unstable/main man-db sparc 2.6.0.2-2 [1005 kB]
Get:6 http://mirror-ubc.debian.org/debian/ unstable/main libmagic1 sparc 5.04-5+b1 [239 kB]
Get:7 http://mirror-ubc.debian.org/debian/ unstable/main file sparc 5.04-5+b1 [49.6 kB]
Get:8 http://mirror-ubc.debian.org/debian/ unstable/main gettext-base sparc 0.18.1.1-4 [132 kB]
Get:9 http://mirror-ubc.debian.org/debian/ unstable/main libxml2 sparc 2.7.8.dfsg-4 [816 kB]
Get:10 http://mirror-ubc.debian.org/debian/ unstable/main html2text sparc 1.3.2a-15 [100 kB]
Get:11 http://mirror-ubc.debian.org/debian/ unstable/main libglib2.0-0 sparc 2.28.6-1 [1556 kB]
Get:12 http://mirror-ubc.debian.org/debian/ unstable/main libcroco3 sparc 0.6.2-1 [119 kB]
Get:13 http://mirror-ubc.debian.org/debian/ unstable/main libunistring0 sparc 0.9.3-4 [424 kB]
Get:14 http://mirror-ubc.debian.org/debian/ unstable/main gettext sparc 0.18.1.1-4 [1985 kB]
Get:15 http://mirror-ubc.debian.org/debian/ unstable/main intltool-debian all 0.35.0+20060710.1 [30.8 kB]
Get:16 http://mirror-ubc.debian.org/debian/ unstable/main po-debconf all 1.0.16+nmu1 [223 kB]
Get:17 http://mirror-ubc.debian.org/debian/ unstable/main debhelper all 8.9.6 [562 kB]
Get:18 http://mirror-ubc.debian.org/debian/ unstable/main cdbs all 0.4.96 [75.8 kB]
Get:19 http://mirror-ubc.debian.org/debian/ unstable/main diffstat sparc 1.54-1 [28.3 kB]
Get:20 http://mirror-ubc.debian.org/debian/ unstable/main libncurses5-dev sparc 5.9-1 [481 kB]
Get:21 http://mirror-ubc.debian.org/debian/ unstable/main quilt all 0.48-7 [354 kB]
Get:22 http://mirror-ubc.debian.org/debian/ unstable/main zlib1g-dev sparc 1:1.2.3.4.dfsg-3 [189 kB]
debconf: delaying package configuration, since apt-utils is not installed
Fetched 9998 kB in 3s (3005 kB/s)
Selecting previously deselected package libpipeline1.
(Reading database ... 10977 files and directories currently installed.)
Unpacking libpipeline1 (from .../libpipeline1_1.2.0-3_sparc.deb) ...
Selecting previously deselected package libpcre3.
Unpacking libpcre3 (from .../libpcre3_8.12-4_sparc.deb) ...
Selecting previously deselected package bsdmainutils.
Unpacking bsdmainutils (from .../bsdmainutils_8.2.3_sparc.deb) ...
Selecting previously deselected package groff-base.
Unpacking groff-base (from .../groff-base_1.21-6_sparc.deb) ...
Selecting previously deselected package man-db.
Unpacking man-db (from .../man-db_2.6.0.2-2_sparc.deb) ...
Selecting previously deselected package libmagic1.
Unpacking libmagic1 (from .../libmagic1_5.04-5+b1_sparc.deb) ...
Selecting previously deselected package file.
Unpacking file (from .../file_5.04-5+b1_sparc.deb) ...
Selecting previously deselected package gettext-base.
Unpacking gettext-base (from .../gettext-base_0.18.1.1-4_sparc.deb) ...
Selecting previously deselected package libxml2.
Unpacking libxml2 (from .../libxml2_2.7.8.dfsg-4_sparc.deb) ...
Selecting previously deselected package html2text.
Unpacking html2text (from .../html2text_1.3.2a-15_sparc.deb) ...
Selecting previously deselected package libglib2.0-0.
Unpacking libglib2.0-0 (from .../libglib2.0-0_2.28.6-1_sparc.deb) ...
Selecting previously deselected package libcroco3.
Unpacking libcroco3 (from .../libcroco3_0.6.2-1_sparc.deb) ...
Selecting previously deselected package libunistring0.
Unpacking libunistring0 (from .../libunistring0_0.9.3-4_sparc.deb) ...
Selecting previously deselected package gettext.
Unpacking gettext (from .../gettext_0.18.1.1-4_sparc.deb) ...
Selecting previously deselected package intltool-debian.
Unpacking intltool-debian (from .../intltool-debian_0.35.0+20060710.1_all.deb) ...
Selecting previously deselected package po-debconf.
Unpacking po-debconf (from .../po-debconf_1.0.16+nmu1_all.deb) ...
Selecting previously deselected package debhelper.
Unpacking debhelper (from .../debhelper_8.9.6_all.deb) ...
Selecting previously deselected package cdbs.
Unpacking cdbs (from .../archives/cdbs_0.4.96_all.deb) ...
Selecting previously deselected package diffstat.
Unpacking diffstat (from .../diffstat_1.54-1_sparc.deb) ...
Selecting previously deselected package libncurses5-dev.
Unpacking libncurses5-dev (from .../libncurses5-dev_5.9-1_sparc.deb) ...
Selecting previously deselected package quilt.
Unpacking quilt (from .../archives/quilt_0.48-7_all.deb) ...
Selecting previously deselected package zlib1g-dev.
Unpacking zlib1g-dev (from .../zlib1g-dev_1%3a1.2.3.4.dfsg-3_sparc.deb) ...
Setting up libpipeline1 (1.2.0-3) ...
Setting up libpcre3 (8.12-4) ...
Setting up bsdmainutils (8.2.3) ...
update-alternatives: using /usr/bin/bsd-write to provide /usr/bin/write (write) in auto mode.
update-alternatives: using /usr/bin/bsd-from to provide /usr/bin/from (from) in auto mode.
Setting up groff-base (1.21-6) ...
Setting up man-db (2.6.0.2-2) ...
Building database of manual pages ...
Setting up libmagic1 (5.04-5+b1) ...
Setting up file (5.04-5+b1) ...
Setting up gettext-base (0.18.1.1-4) ...
Setting up libxml2 (2.7.8.dfsg-4) ...
Setting up html2text (1.3.2a-15) ...
Setting up libglib2.0-0 (2.28.6-1) ...
No schema files found: doing nothing.
Setting up libcroco3 (0.6.2-1) ...
Setting up libunistring0 (0.9.3-4) ...
Setting up gettext (0.18.1.1-4) ...
Setting up intltool-debian (0.35.0+20060710.1) ...
Setting up po-debconf (1.0.16+nmu1) ...
Setting up debhelper (8.9.6) ...
Setting up cdbs (0.4.96) ...
Setting up diffstat (1.54-1) ...
Setting up libncurses5-dev (5.9-1) ...
Setting up quilt (0.48-7) ...
Setting up zlib1g-dev (1:1.2.3.4.dfsg-3) ...
Removing negative dependencies: 
Reading package lists...
Building dependency tree...
Reading state information...
0 upgraded, 0 newly installed, 0 to remove and 9 not upgraded.
Checking correctness of dependencies...
Kernel: Linux 2.6.32-5-sparc64-smp sparc (sparc64)
Toolchain package versions: binutils_2.21.53.20110823-3 dpkg-dev_1.16.0.3 g++-4.6_4.6.1-8 gcc-4.6_4.6.1-8 libc6-dev_2.13-18 libstdc++6_4.6.1-8 libstdc++6-4.6-dev_4.6.1-8 linux-libc-dev_3.0.0-3
Package versions: apt_0.8.15.6 base-files_6.5 base-passwd_3.5.23 bash_4.1-3 binutils_2.21.53.20110823-3 bsdmainutils_8.2.3 bsdutils_1:2.19.1-5 build-essential_11.5 bzip2_1.0.5-7 cdbs_0.4.96 coreutils_8.5-1 cpp_4:4.6.1-2 cpp-4.6_4.6.1-8 dash_0.5.7-1 debconf_1.5.41 debfoster_2.7-1.1 debhelper_8.9.6 debian-archive-keyring_2010.08.28 debianutils_4.0.2 diffstat_1.54-1 diffutils_1:3.0-1 dpkg_1.16.0.3 dpkg-dev_1.16.0.3 e2fslibs_1.42~WIP-2011-07-02-1 e2fsprogs_1.42~WIP-2011-07-02-1 fakeroot_1.18-1 file_5.04-5+b1 findutils_4.4.2-1+b2 g++_4:4.6.1-2 g++-4.6_4.6.1-8 gcc_4:4.6.1-2 gcc-4.6_4.6.1-8 gcc-4.6-base_4.6.1-8 gettext_0.18.1.1-4 gettext-base_0.18.1.1-4 gnupg_1.4.11-3 gpgv_1.4.11-3 grep_2.9-2 groff-base_1.21-6 gzip_1.4-1 hostname_3.06 html2text_1.3.2a-15 initscripts_2.88dsf-13.11 insserv_1.14.0-2.1 intltool-debian_0.35.0+20060710.1 libacl1_2.2.51-3 libattr1_1:2.4.46-3 libblkid1_2.19.1-5 libbz2-1.0_1.0.5-7 libc-bin_2.13-18 libc-dev-bin_2.13-18 libc6_2.13-18 libc6-dev_2.13-18 libc6-dev-sparc64_2.13-18 libc6-sparc64_2.13-18 libcomerr2_1.42~WIP-2011-07-02-1 libcroco3_0.6.2-1 libdb5.1_5.1.25-11 libdpkg-perl_1.16.0.3 libgc1c2_1:7.1-8 libgcc1_1:4.6.1-8 libgdbm3_1.8.3-10 libglib2.0-0_2.28.6-1 libgmp10_2:5.0.2+dfsg-1 libgomp1_4.6.1-8 liblzma2_5.1.1alpha+20110809-2 libmagic1_5.04-5+b1 libmount1_2.19.1-5 libmpc2_0.9-3 libmpfr4_3.0.1-6 libncurses5_5.9-1 libncurses5-dev_5.9-1 libpam-modules_1.1.3-2 libpam-modules-bin_1.1.3-2 libpam-runtime_1.1.3-2 libpam0g_1.1.3-2 libpcre3_8.12-4 libpipeline1_1.2.0-3 libreadline6_6.2-4 libselinux1_2.1.0-1 libsepol1_2.1.0-1.1 libss2_1.42~WIP-2011-07-02-1 libstdc++6_4.6.1-8 libstdc++6-4.6-dev_4.6.1-8 libtimedate-perl_1.2000-1 libunistring0_0.9.3-4 libusb-0.1-4_2:0.1.12-19 libuuid1_2.19.1-5 libxml2_2.7.8.dfsg-4 linux-libc-dev_3.0.0-3 login_1:4.1.4.2+svn3283-3 lsb-base_3.2-28 make_3.81-8.1 man-db_2.6.0.2-2 mawk_1.3.3-15+b1 mount_2.19.1-5 multiarch-support_2.13-18 ncurses-base_5.9-1 ncurses-bin_5.9-1 passwd_1:4.1.4.2+svn3283-3 patch_2.6.1-2 perl_5.12.4-4 perl-base_5.12.4-4 perl-modules_5.12.4-4 po-debconf_1.0.16+nmu1 quilt_0.48-7 readline-common_6.2-4 sed_4.2.1-9 sensible-utils_0.0.6 sudo_1.8.2-1 sysv-rc_2.88dsf-13.11 sysvinit_2.88dsf-13.11 sysvinit-utils_2.88dsf-13.11 tar_1.26-2 tzdata_2011i-1 util-linux_2.19.1-5 xz-utils_5.1.1alpha+20110809-2 zlib1g_1:1.2.3.4.dfsg-3 zlib1g-dev_1:1.2.3.4.dfsg-3

┌──────────────────────────────────────────────────────────────────────────────┐
│ Build                                                                        │
└──────────────────────────────────────────────────────────────────────────────┘


Unpack source
─────────────

gpgv: keyblock resource `/home/buildd/.gnupg/trustedkeys.gpg': file open error
gpgv: Signature made Tue Sep  6 08:31:29 2011 UTC using RSA key ID 2295D502
gpgv: Can't check signature: public key not found
dpkg-source: warning: failed to verify signature on ./samtools_0.1.18-1.dsc
dpkg-source: info: extracting samtools in samtools-0.1.18
dpkg-source: info: unpacking samtools_0.1.18.orig.tar.bz2
dpkg-source: info: unpacking samtools_0.1.18-1.debian.tar.gz
dpkg-source: info: applying no-pileup-tests.patch

Check disc space
────────────────


dpkg-buildpackage
─────────────────

dpkg-buildpackage: export CFLAGS from dpkg-buildflags (origin: vendor): -g -O2
dpkg-buildpackage: export CPPFLAGS from dpkg-buildflags (origin: vendor): 
dpkg-buildpackage: export CXXFLAGS from dpkg-buildflags (origin: vendor): -g -O2
dpkg-buildpackage: export FFLAGS from dpkg-buildflags (origin: vendor): -g -O2
dpkg-buildpackage: export LDFLAGS from dpkg-buildflags (origin: vendor): 
dpkg-buildpackage: source package samtools
dpkg-buildpackage: source version 0.1.18-1
 dpkg-source --before-build samtools-0.1.18
dpkg-buildpackage: host architecture sparc
 fakeroot debian/rules clean
test -x debian/rules
dh_testroot
rm -f debian/stamp-makefile-build debian/stamp-makefile-install
/usr/bin/make  -C . CFLAGS="-g -O2 -g -O2 -Wall -fPIC" CXXFLAGS="-g -O2 -g -O2 -Wall" CPPFLAGS="" LDFLAGS=""  -k clean
make[1]: Entering directory `/build/buildd-samtools_0.1.18-1-sparc-NEkTE7/samtools-0.1.18'
make[2]: Entering directory `/build/buildd-samtools_0.1.18-1-sparc-NEkTE7/samtools-0.1.18'
rm -fr gmon.out *.o a.out *.exe *.dSYM razip bgzip samtools *~ *.a *.so.* *.so *.dylib
make[2]: Leaving directory `/build/buildd-samtools_0.1.18-1-sparc-NEkTE7/samtools-0.1.18'
make[2]: Entering directory `/build/buildd-samtools_0.1.18-1-sparc-NEkTE7/samtools-0.1.18/bcftools'
rm -fr gmon.out *.o a.out *.dSYM bcftools *~ *.a bcf.aux bcf.log bcf.pdf *.class libbcf.*.dylib libbcf.so*
make[2]: Leaving directory `/build/buildd-samtools_0.1.18-1-sparc-NEkTE7/samtools-0.1.18/bcftools'
make[2]: Entering directory `/build/buildd-samtools_0.1.18-1-sparc-NEkTE7/samtools-0.1.18/misc'
rm -fr gmon.out *.o a.out *.exe *.dSYM md5sum-lite md5fa maq2sam-short maq2sam-long wgsim seqtk *~ *.a
make[2]: Leaving directory `/build/buildd-samtools_0.1.18-1-sparc-NEkTE7/samtools-0.1.18/misc'
make[1]: Leaving directory `/build/buildd-samtools_0.1.18-1-sparc-NEkTE7/samtools-0.1.18'
rm -f debian/stamp-makefile-check
dh_clean 
/usr/bin/make -f debian/rules reverse-config
make[1]: Entering directory `/build/buildd-samtools_0.1.18-1-sparc-NEkTE7/samtools-0.1.18'
make[1]: Nothing to be done for `reverse-config'.
make[1]: Leaving directory `/build/buildd-samtools_0.1.18-1-sparc-NEkTE7/samtools-0.1.18'
if [ -d "." ]; then \
	  cd . && QUILT_PATCHES=/build/buildd-samtools_0.1.18-1-sparc-NEkTE7/samtools-0.1.18/debian/patches quilt --quiltrc /dev/null pop -a -R || test $? = 2 ; \
	fi
Removing patch no-pileup-tests.patch
Restoring examples/Makefile

No patches applied
rm -rf ./.pc
rm -f debian/stamp-patch*
rm -f examples/calDepth examples/ex1.bam examples/ex1.bam.bai examples/ex1.fa.fai examples/ex1.glf examples/ex1.glfview.gz examples/ex1.pileup.gz examples/ex1a.bam examples/ex1b.bam examples/ex1f-rmduppe.bam examples/ex1f-rmdupse.bam examples/ex1f.bam examples/ex1f.rg examples/ex1.bcf
 debian/rules build
test -x debian/rules
mkdir -p "."
/usr/share/cdbs/1/rules/buildcore.mk:109: WARNING:  DEB_DH_BUILDDEB_ARGS is a deprecated variable
/usr/bin/make -f debian/rules reverse-config
make[1]: Entering directory `/build/buildd-samtools_0.1.18-1-sparc-NEkTE7/samtools-0.1.18'
make[1]: Nothing to be done for `reverse-config'.
make[1]: Leaving directory `/build/buildd-samtools_0.1.18-1-sparc-NEkTE7/samtools-0.1.18'
cd . && QUILT_PATCHES=/build/buildd-samtools_0.1.18-1-sparc-NEkTE7/samtools-0.1.18/debian/patches quilt --quiltrc /dev/null push -a || test $? = 2
Applying patch no-pileup-tests.patch
patching file examples/Makefile

Now at patch no-pileup-tests.patch
touch debian/stamp-patched
/usr/bin/make -f debian/rules update-config
make[1]: Entering directory `/build/buildd-samtools_0.1.18-1-sparc-NEkTE7/samtools-0.1.18'
make[1]: Nothing to be done for `update-config'.
make[1]: Leaving directory `/build/buildd-samtools_0.1.18-1-sparc-NEkTE7/samtools-0.1.18'
/usr/bin/make  -C . CFLAGS="-g -O2 -g -O2 -Wall -fPIC" CXXFLAGS="-g -O2 -g -O2 -Wall" CPPFLAGS="" LDFLAGS=""  all all-recur razip lib
make[1]: Entering directory `/build/buildd-samtools_0.1.18-1-sparc-NEkTE7/samtools-0.1.18'
make[2]: Entering directory `/build/buildd-samtools_0.1.18-1-sparc-NEkTE7/samtools-0.1.18'
gcc -c -g -O2 -g -O2 -Wall -fPIC -D_FILE_OFFSET_BITS=64 -D_LARGEFILE64_SOURCE -D_USE_KNETFILE -D_CURSES_LIB=1 -I. bgzf.c -o bgzf.o
bgzf.c: In function 'bgzf_close':
bgzf.c:630:8: warning: variable 'count' set but not used [-Wunused-but-set-variable]
gcc -c -g -O2 -g -O2 -Wall -fPIC -D_FILE_OFFSET_BITS=64 -D_LARGEFILE64_SOURCE -D_USE_KNETFILE -D_CURSES_LIB=1 -I. kstring.c -o kstring.o
gcc -c -g -O2 -g -O2 -Wall -fPIC -D_FILE_OFFSET_BITS=64 -D_LARGEFILE64_SOURCE -D_USE_KNETFILE -D_CURSES_LIB=1 -I. bam_aux.c -o bam_aux.o
gcc -c -g -O2 -g -O2 -Wall -fPIC -D_FILE_OFFSET_BITS=64 -D_LARGEFILE64_SOURCE -D_USE_KNETFILE -D_CURSES_LIB=1 -I. bam.c -o bam.o
gcc -c -g -O2 -g -O2 -Wall -fPIC -D_FILE_OFFSET_BITS=64 -D_LARGEFILE64_SOURCE -D_USE_KNETFILE -D_CURSES_LIB=1 -I. bam_import.c -o bam_import.o
bam_import.c: In function 'append_text':
bam_import.c:179:13: warning: format '%ld' expects argument of type 'long int', but argument 3 has type 'size_t' [-Wformat]
bam_import.c:186:9: warning: format '%ld' expects argument of type 'long int', but argument 3 has type 'size_t' [-Wformat]
bam_import.c:186:9: warning: format '%ld' expects argument of type 'long int', but argument 4 has type 'size_t' [-Wformat]
bam_import.c:186:9: warning: format '%ld' expects argument of type 'long int', but argument 5 has type 'size_t' [-Wformat]
bam_import.c:186:9: warning: format '%ld' expects argument of type 'long int', but argument 6 has type 'size_t' [-Wformat]
gcc -c -g -O2 -g -O2 -Wall -fPIC -D_FILE_OFFSET_BITS=64 -D_LARGEFILE64_SOURCE -D_USE_KNETFILE -D_CURSES_LIB=1 -I. sam.c -o sam.o
gcc -c -g -O2 -g -O2 -Wall -fPIC -D_FILE_OFFSET_BITS=64 -D_LARGEFILE64_SOURCE -D_USE_KNETFILE -D_CURSES_LIB=1 -I. bam_index.c -o bam_index.o
gcc -c -g -O2 -g -O2 -Wall -fPIC -D_FILE_OFFSET_BITS=64 -D_LARGEFILE64_SOURCE -D_USE_KNETFILE -D_CURSES_LIB=1 -I. bam_pileup.c -o bam_pileup.o
bam_pileup.c: In function 'resolve_cigar2':
bam_pileup.c:75:9: warning: variable 'is_head' set but not used [-Wunused-but-set-variable]
gcc -c -g -O2 -g -O2 -Wall -fPIC -D_FILE_OFFSET_BITS=64 -D_LARGEFILE64_SOURCE -D_USE_KNETFILE -D_CURSES_LIB=1 -I. bam_lpileup.c -o bam_lpileup.o
gcc -c -g -O2 -g -O2 -Wall -fPIC -D_FILE_OFFSET_BITS=64 -D_LARGEFILE64_SOURCE -D_USE_KNETFILE -D_CURSES_LIB=1 -I. bam_md.c -o bam_md.o
gcc -c -g -O2 -g -O2 -Wall -fPIC -D_FILE_OFFSET_BITS=64 -D_LARGEFILE64_SOURCE -D_USE_KNETFILE -D_CURSES_LIB=1 -I. razf.c -o razf.o
gcc -c -g -O2 -g -O2 -Wall -fPIC -D_FILE_OFFSET_BITS=64 -D_LARGEFILE64_SOURCE -D_USE_KNETFILE -D_CURSES_LIB=1 -I. faidx.c -o faidx.o
gcc -c -g -O2 -g -O2 -Wall -fPIC -D_FILE_OFFSET_BITS=64 -D_LARGEFILE64_SOURCE -D_USE_KNETFILE -D_CURSES_LIB=1 -I. bedidx.c -o bedidx.o
gcc -c -g -O2 -g -O2 -Wall -fPIC -D_FILE_OFFSET_BITS=64 -D_LARGEFILE64_SOURCE -D_USE_KNETFILE -D_CURSES_LIB=1 -I. knetfile.c -o knetfile.o
gcc -c -g -O2 -g -O2 -Wall -fPIC -D_FILE_OFFSET_BITS=64 -D_LARGEFILE64_SOURCE -D_USE_KNETFILE -D_CURSES_LIB=1 -I. bam_sort.c -o bam_sort.o
gcc -c -g -O2 -g -O2 -Wall -fPIC -D_FILE_OFFSET_BITS=64 -D_LARGEFILE64_SOURCE -D_USE_KNETFILE -D_CURSES_LIB=1 -I. sam_header.c -o sam_header.o
gcc -c -g -O2 -g -O2 -Wall -fPIC -D_FILE_OFFSET_BITS=64 -D_LARGEFILE64_SOURCE -D_USE_KNETFILE -D_CURSES_LIB=1 -I. bam_reheader.c -o bam_reheader.o
bam_reheader.c: In function 'bam_reheader':
bam_reheader.c:11:16: warning: variable 'old' set but not used [-Wunused-but-set-variable]
gcc -c -g -O2 -g -O2 -Wall -fPIC -D_FILE_OFFSET_BITS=64 -D_LARGEFILE64_SOURCE -D_USE_KNETFILE -D_CURSES_LIB=1 -I. kprobaln.c -o kprobaln.o
kprobaln.c: In function 'kpa_glocal':
kprobaln.c:78:21: warning: variable 'is_diff' set but not used [-Wunused-but-set-variable]
gcc -c -g -O2 -g -O2 -Wall -fPIC -D_FILE_OFFSET_BITS=64 -D_LARGEFILE64_SOURCE -D_USE_KNETFILE -D_CURSES_LIB=1 -I. bam_cat.c -o bam_cat.o
ar -csru libbam.a bgzf.o kstring.o bam_aux.o bam.o bam_import.o sam.o bam_index.o bam_pileup.o bam_lpileup.o bam_md.o razf.o faidx.o bedidx.o knetfile.o bam_sort.o sam_header.o bam_reheader.o kprobaln.o bam_cat.o
make[2]: Leaving directory `/build/buildd-samtools_0.1.18-1-sparc-NEkTE7/samtools-0.1.18'
make[2]: Entering directory `/build/buildd-samtools_0.1.18-1-sparc-NEkTE7/samtools-0.1.18/bcftools'
gcc -c -g -O2 -g -O2 -Wall -fPIC -D_FILE_OFFSET_BITS=64 -D_LARGEFILE64_SOURCE -D_USE_KNETFILE -D_CURSES_LIB=1 -I.. -I. bcf.c -o bcf.o
gcc -c -g -O2 -g -O2 -Wall -fPIC -D_FILE_OFFSET_BITS=64 -D_LARGEFILE64_SOURCE -D_USE_KNETFILE -D_CURSES_LIB=1 -I.. -I. vcf.c -o vcf.o
gcc -c -g -O2 -g -O2 -Wall -fPIC -D_FILE_OFFSET_BITS=64 -D_LARGEFILE64_SOURCE -D_USE_KNETFILE -D_CURSES_LIB=1 -I.. -I. bcfutils.c -o bcfutils.o
gcc -c -g -O2 -g -O2 -Wall -fPIC -D_FILE_OFFSET_BITS=64 -D_LARGEFILE64_SOURCE -D_USE_KNETFILE -D_CURSES_LIB=1 -I.. -I. prob1.c -o prob1.o
gcc -c -g -O2 -g -O2 -Wall -fPIC -D_FILE_OFFSET_BITS=64 -D_LARGEFILE64_SOURCE -D_USE_KNETFILE -D_CURSES_LIB=1 -I.. -I. em.c -o em.o
em.c: In function 'bcf_em1':
em.c:174:12: warning: variable 'n2' set but not used [-Wunused-but-set-variable]
gcc -c -g -O2 -g -O2 -Wall -fPIC -D_FILE_OFFSET_BITS=64 -D_LARGEFILE64_SOURCE -D_USE_KNETFILE -D_CURSES_LIB=1 -I.. -I. kfunc.c -o kfunc.o
gcc -c -g -O2 -g -O2 -Wall -fPIC -D_FILE_OFFSET_BITS=64 -D_LARGEFILE64_SOURCE -D_USE_KNETFILE -D_CURSES_LIB=1 -I.. -I. kmin.c -o kmin.o
gcc -c -g -O2 -g -O2 -Wall -fPIC -D_FILE_OFFSET_BITS=64 -D_LARGEFILE64_SOURCE -D_USE_KNETFILE -D_CURSES_LIB=1 -I.. -I. index.c -o index.o
gcc -c -g -O2 -g -O2 -Wall -fPIC -D_FILE_OFFSET_BITS=64 -D_LARGEFILE64_SOURCE -D_USE_KNETFILE -D_CURSES_LIB=1 -I.. -I. fet.c -o fet.o
gcc -c -g -O2 -g -O2 -Wall -fPIC -D_FILE_OFFSET_BITS=64 -D_LARGEFILE64_SOURCE -D_USE_KNETFILE -D_CURSES_LIB=1 -I.. -I. mut.c -o mut.o
gcc -c -g -O2 -g -O2 -Wall -fPIC -D_FILE_OFFSET_BITS=64 -D_LARGEFILE64_SOURCE -D_USE_KNETFILE -D_CURSES_LIB=1 -I.. -I. bcf2qcall.c -o bcf2qcall.o
ar -csru libbcf.a bcf.o vcf.o bcfutils.o prob1.o em.o kfunc.o kmin.o index.o fet.o mut.o bcf2qcall.o
make[2]: Leaving directory `/build/buildd-samtools_0.1.18-1-sparc-NEkTE7/samtools-0.1.18/bcftools'
make[2]: Entering directory `/build/buildd-samtools_0.1.18-1-sparc-NEkTE7/samtools-0.1.18/misc'
make[2]: Nothing to be done for `lib'.
make[2]: Leaving directory `/build/buildd-samtools_0.1.18-1-sparc-NEkTE7/samtools-0.1.18/misc'
gcc -c -g -O2 -g -O2 -Wall -fPIC -D_FILE_OFFSET_BITS=64 -D_LARGEFILE64_SOURCE -D_USE_KNETFILE -D_CURSES_LIB=1 -I. bam_tview.c -o bam_tview.o
gcc -c -g -O2 -g -O2 -Wall -fPIC -D_FILE_OFFSET_BITS=64 -D_LARGEFILE64_SOURCE -D_USE_KNETFILE -D_CURSES_LIB=1 -I. bam_plcmd.c -o bam_plcmd.o
gcc -c -g -O2 -g -O2 -Wall -fPIC -D_FILE_OFFSET_BITS=64 -D_LARGEFILE64_SOURCE -D_USE_KNETFILE -D_CURSES_LIB=1 -I. sam_view.c -o sam_view.o
gcc -c -g -O2 -g -O2 -Wall -fPIC -D_FILE_OFFSET_BITS=64 -D_LARGEFILE64_SOURCE -D_USE_KNETFILE -D_CURSES_LIB=1 -I. bam_rmdup.c -o bam_rmdup.o
gcc -c -g -O2 -g -O2 -Wall -fPIC -D_FILE_OFFSET_BITS=64 -D_LARGEFILE64_SOURCE -D_USE_KNETFILE -D_CURSES_LIB=1 -I. bam_rmdupse.c -o bam_rmdupse.o
gcc -c -g -O2 -g -O2 -Wall -fPIC -D_FILE_OFFSET_BITS=64 -D_LARGEFILE64_SOURCE -D_USE_KNETFILE -D_CURSES_LIB=1 -I. bam_mate.c -o bam_mate.o
gcc -c -g -O2 -g -O2 -Wall -fPIC -D_FILE_OFFSET_BITS=64 -D_LARGEFILE64_SOURCE -D_USE_KNETFILE -D_CURSES_LIB=1 -I. bam_stat.c -o bam_stat.o
gcc -c -g -O2 -g -O2 -Wall -fPIC -D_FILE_OFFSET_BITS=64 -D_LARGEFILE64_SOURCE -D_USE_KNETFILE -D_CURSES_LIB=1 -I. bam_color.c -o bam_color.o
gcc -c -g -O2 -g -O2 -Wall -fPIC -D_FILE_OFFSET_BITS=64 -D_LARGEFILE64_SOURCE -D_USE_KNETFILE -D_CURSES_LIB=1 -I. bamtk.c -o bamtk.o
gcc -c -g -O2 -g -O2 -Wall -fPIC -D_FILE_OFFSET_BITS=64 -D_LARGEFILE64_SOURCE -D_USE_KNETFILE -D_CURSES_LIB=1 -I. kaln.c -o kaln.o
gcc -c -g -O2 -g -O2 -Wall -fPIC -D_FILE_OFFSET_BITS=64 -D_LARGEFILE64_SOURCE -D_USE_KNETFILE -D_CURSES_LIB=1 -I. bam2bcf.c -o bam2bcf.o
gcc -c -g -O2 -g -O2 -Wall -fPIC -D_FILE_OFFSET_BITS=64 -D_LARGEFILE64_SOURCE -D_USE_KNETFILE -D_CURSES_LIB=1 -I. bam2bcf_indel.c -o bam2bcf_indel.o
gcc -c -g -O2 -g -O2 -Wall -fPIC -D_FILE_OFFSET_BITS=64 -D_LARGEFILE64_SOURCE -D_USE_KNETFILE -D_CURSES_LIB=1 -I. errmod.c -o errmod.o
gcc -c -g -O2 -g -O2 -Wall -fPIC -D_FILE_OFFSET_BITS=64 -D_LARGEFILE64_SOURCE -D_USE_KNETFILE -D_CURSES_LIB=1 -I. sample.c -o sample.o
gcc -c -g -O2 -g -O2 -Wall -fPIC -D_FILE_OFFSET_BITS=64 -D_LARGEFILE64_SOURCE -D_USE_KNETFILE -D_CURSES_LIB=1 -I. cut_target.c -o cut_target.o
cut_target.c: In function 'main_cut_target':
cut_target.c:137:36: warning: variable 'lastpos' set but not used [-Wunused-but-set-variable]
gcc -c -g -O2 -g -O2 -Wall -fPIC -D_FILE_OFFSET_BITS=64 -D_LARGEFILE64_SOURCE -D_USE_KNETFILE -D_CURSES_LIB=1 -I. phase.c -o phase.o
gcc -c -g -O2 -g -O2 -Wall -fPIC -D_FILE_OFFSET_BITS=64 -D_LARGEFILE64_SOURCE -D_USE_KNETFILE -D_CURSES_LIB=1 -I. bam2depth.c -o bam2depth.o
gcc -g -O2 -g -O2 -Wall -fPIC -o samtools bam_tview.o bam_plcmd.o sam_view.o bam_rmdup.o bam_rmdupse.o bam_mate.o bam_stat.o bam_color.o bamtk.o kaln.o bam2bcf.o bam2bcf_indel.o errmod.o sample.o cut_target.o phase.o bam2depth.o -Lbcftools  libbam.a -lbcf -lcurses  -lm -lz
make[2]: Entering directory `/build/buildd-samtools_0.1.18-1-sparc-NEkTE7/samtools-0.1.18'
make[3]: Entering directory `/build/buildd-samtools_0.1.18-1-sparc-NEkTE7/samtools-0.1.18'
make[3]: Nothing to be done for `lib'.
make[3]: Leaving directory `/build/buildd-samtools_0.1.18-1-sparc-NEkTE7/samtools-0.1.18'
make[3]: Entering directory `/build/buildd-samtools_0.1.18-1-sparc-NEkTE7/samtools-0.1.18/bcftools'
make[3]: Nothing to be done for `lib'.
make[3]: Leaving directory `/build/buildd-samtools_0.1.18-1-sparc-NEkTE7/samtools-0.1.18/bcftools'
make[3]: Entering directory `/build/buildd-samtools_0.1.18-1-sparc-NEkTE7/samtools-0.1.18/misc'
make[3]: Nothing to be done for `lib'.
make[3]: Leaving directory `/build/buildd-samtools_0.1.18-1-sparc-NEkTE7/samtools-0.1.18/misc'
gcc -g -O2 -g -O2 -Wall -fPIC -o samtools bam_tview.o bam_plcmd.o sam_view.o bam_rmdup.o bam_rmdupse.o bam_mate.o bam_stat.o bam_color.o bamtk.o kaln.o bam2bcf.o bam2bcf_indel.o errmod.o sample.o cut_target.o phase.o bam2depth.o -Lbcftools  libbam.a -lbcf -lcurses  -lm -lz
make[2]: Leaving directory `/build/buildd-samtools_0.1.18-1-sparc-NEkTE7/samtools-0.1.18'
make[2]: Entering directory `/build/buildd-samtools_0.1.18-1-sparc-NEkTE7/samtools-0.1.18/bcftools'
gcc -c -g -O2 -g -O2 -Wall -fPIC -D_FILE_OFFSET_BITS=64 -D_LARGEFILE64_SOURCE -D_USE_KNETFILE -D_CURSES_LIB=1 -I.. -I. call1.c -o call1.o
gcc -c -g -O2 -g -O2 -Wall -fPIC -D_FILE_OFFSET_BITS=64 -D_LARGEFILE64_SOURCE -D_USE_KNETFILE -D_CURSES_LIB=1 -I.. -I. main.c -o main.o
gcc -g -O2 -g -O2 -Wall -fPIC -o bcftools call1.o main.o ../kstring.o ../bgzf.o ../knetfile.o ../bedidx.o -L.  -lbcf -lm -lz
make[2]: Leaving directory `/build/buildd-samtools_0.1.18-1-sparc-NEkTE7/samtools-0.1.18/bcftools'
make[2]: Entering directory `/build/buildd-samtools_0.1.18-1-sparc-NEkTE7/samtools-0.1.18/misc'
gcc -c -g -O2 -g -O2 -Wall -fPIC -DMD5SUM_MAIN -o md5sum-lite.o md5.c
gcc -g -O2 -g -O2 -Wall -fPIC -o md5sum-lite md5sum-lite.o
gcc -c -g -O2 -g -O2 -Wall -fPIC -D_FILE_OFFSET_BITS=64 -D_LARGEFILE64_SOURCE -D_USE_KNETFILE -D_CURSES_LIB=1 -I. md5.c -o md5.o
gcc -g -O2 -g -O2 -Wall -fPIC -c -I.. -o md5fa.o md5fa.c
gcc -g -O2 -g -O2 -Wall -fPIC -o md5fa md5.o md5fa.o -lz
gcc -g -O2 -g -O2 -Wall -fPIC -o maq2sam-short maq2sam.c -lz
gcc -g -O2 -g -O2 -Wall -fPIC -DMAQ_LONGREADS -o maq2sam-long maq2sam.c -lz
gcc -g -O2 -g -O2 -Wall -fPIC -c -I.. -o wgsim.o wgsim.c
gcc -g -O2 -g -O2 -Wall -fPIC -o wgsim wgsim.o -lm -lz
gcc -g -O2 -g -O2 -Wall -fPIC -c -I.. -o seqtk.o seqtk.c
seqtk.c: In function 'stk_comp':
seqtk.c:143:16: warning: variable 'lc' set but not used [-Wunused-but-set-variable]
seqtk.c: In function 'stk_subseq':
seqtk.c:427:5: warning: format '%ld' expects argument of type 'long int', but argument 5 has type 'size_t' [-Wformat]
seqtk.c: In function 'stk_mergefa':
seqtk.c:495:4: warning: format '%ld' expects argument of type 'long int', but argument 4 has type 'size_t' [-Wformat]
seqtk.c:495:4: warning: format '%ld' expects argument of type 'long int', but argument 5 has type 'size_t' [-Wformat]
seqtk.c: In function 'stk_famask':
seqtk.c:546:4: warning: format '%ld' expects argument of type 'long int', but argument 4 has type 'size_t' [-Wformat]
seqtk.c:546:4: warning: format '%ld' expects argument of type 'long int', but argument 5 has type 'size_t' [-Wformat]
gcc -g -O2 -g -O2 -Wall -fPIC -o seqtk seqtk.o -lm -lz
make[2]: Leaving directory `/build/buildd-samtools_0.1.18-1-sparc-NEkTE7/samtools-0.1.18/misc'
gcc -c -g -O2 -g -O2 -Wall -fPIC -D_FILE_OFFSET_BITS=64 -D_LARGEFILE64_SOURCE -D_USE_KNETFILE -D_CURSES_LIB=1 -I. razip.c -o razip.o
gcc -g -O2 -g -O2 -Wall -fPIC -o razip razf.o razip.o knetfile.o -lz
make[1]: Nothing to be done for `lib'.
make[1]: Leaving directory `/build/buildd-samtools_0.1.18-1-sparc-NEkTE7/samtools-0.1.18'
touch debian/stamp-makefile-build
/usr/bin/make  -C . CFLAGS="-g -O2 -g -O2 -Wall -fPIC" CXXFLAGS="-g -O2 -g -O2 -Wall" CPPFLAGS="" LDFLAGS=""  -C examples all
make[1]: Entering directory `/build/buildd-samtools_0.1.18-1-sparc-NEkTE7/samtools-0.1.18/examples'
../samtools faidx ex1.fa
../samtools import ex1.fa.fai ex1.sam.gz ex1.bam
[sam_header_read2] 2 sequences loaded.
make[1]: *** [ex1.bam] Bus error
make[1]: *** Deleting file `ex1.bam'
make[1]: Leaving directory `/build/buildd-samtools_0.1.18-1-sparc-NEkTE7/samtools-0.1.18/examples'
make: *** [debian/stamp-makefile-check] Error 2
dpkg-buildpackage: error: debian/rules build gave error exit status 2
────────────────────────────────────────────────────────────────────────────────
Build finished at 20110906-1825
FAILED [dpkg-buildpackage died]
────────────────────────────────────────────────────────────────────────────────
Purging /var/lib/schroot/mount/sid-sparc-sbuild-9fa16328-83bf-4bcd-9f01-67b63bcd622e/build/buildd-samtools_0.1.18-1-sparc-NEkTE7
Not cleaning session: cloned chroot in use

┌──────────────────────────────────────────────────────────────────────────────┐
│ Summary                                                                      │
└──────────────────────────────────────────────────────────────────────────────┘

Architecture: sparc
Build-Space: 6748
Build-Time: 334
Distribution: sid
Fail-Stage: build
Install-Time: 82
Job: samtools_0.1.18-1
Package: samtools
Package-Time: 519
Source-Version: 0.1.18-1
Space: 6748
Status: attempted
Version: 0.1.18-1
────────────────────────────────────────────────────────────────────────────────
Finished at 20110906-1825
Build needed 00:08:39, 6748k disc space
